1	0	1.070e-05	false	1,0,3,0,5,0,0,0,0,0,0,0,0,0,3,0,3,0,0,0,7,5,0,8,0,0,4,0,0,0,0,0,0,0,0,0,6,0,2,1,0,2,0,8,0,0,0,0,0,0,8,0,0,3,0,0,0,0,0,6,0,1,0,7
2	1	4.180e-05	false	1,0,3,0,5,0,0,0,0,0,0,0,0,0,3,0,3,0,0,0,7,5,1,8,0,0,4,0,0,0,0,0,0,0,0,0,6,0,2,1,0,2,0,8,0,0,0,0,0,0,8,0,0,3,0,0,0,0,0,6,0,1,0,7
3	2	4.950e-05	false	1,0,3,0,5,0,0,0,0,0,0,0,0,0,3,0,3,0,0,0,7,5,1,8,0,0,4,0,2,0,0,0,0,0,0,0,6,0,2,1,0,2,0,8,0,0,0,0,0,0,8,0,0,3,0,0,0,0,0,6,0,1,0,7
4	3	5.490e-05	false	1,0,3,0,5,0,0,0,0,0,0,0,0,0,3,0,3,0,0,0,7,5,1,8,0,0,4,0,2,6,0,0,0,0,0,0,6,0,2,1,0,2,0,8,0,0,0,0,0,0,8,0,0,3,0,0,0,0,0,6,0,1,0,7
5	2	6.130e-05	false	1,0,3,0,5,0,0,0,0,0,0,0,0,0,3,0,3,0,0,0,7,5,1,8,0,0,4,0,3,0,0,0,0,0,0,0,6,0,2,1,0,2,0,8,0,0,0,0,0,0,8,0,0,3,0,0,0,0,0,6,0,1,0,7
6	3	6.640e-05	false	1,0,3,0,5,0,0,0,0,0,0,0,0,0,3,0,3,0,0,0,7,5,1,8,0,0,4,0,3,2,0,0,0,0,0,0,6,0,2,1,0,2,0,8,0,0,0,0,0,0,8,0,0,3,0,0,0,0,0,6,0,1,0,7
7	4	7.360e-05	false	1,0,3,0,5,0,0,0,0,0,0,0,0,0,3,0,3,0,0,0,7,5,1,8,0,0,4,0,3,2,6,0,0,0,0,0,6,0,2,1,0,2,0,8,0,0,0,0,0,0,8,0,0,3,0,0,0,0,0,6,0,1,0,7
8	3	8.000e-05	false	1,0,3,0,5,0,0,0,0,0,0,0,0,0,3,0,3,0,0,0,7,5,1,8,0,0,4,0,3,6,0,0,0,0,0,0,6,0,2,1,0,2,0,8,0,0,0,0,0,0,8,0,0,3,0,0,0,0,0,6,0,1,0,7
9	1	8.810e-05	false	1,0,3,0,5,0,0,0,0,0,0,0,0,0,3,0,3,0,0,0,7,5,4,8,0,0,4,0,0,0,0,0,0,0,0,0,6,0,2,1,0,2,0,8,0,0,0,0,0,0,8,0,0,3,0,0,0,0,0,6,0,1,0,7
10	2	9.280e-05	false	1,0,3,0,5,0,0,0,0,0,0,0,0,0,3,0,3,0,0,0,7,5,4,8,0,0,4,0,1,0,0,0,0,0,0,0,6,0,2,1,0,2,0,8,0,0,0,0,0,0,8,0,0,3,0,0,0,0,0,6,0,1,0,7
11	3	9.750e-05	false	1,0,3,0,5,0,0,0,0,0,0,0,0,0,3,0,3,0,0,0,7,5,4,8,0,0,4,0,1,2,0,0,0,0,0,0,6,0,2,1,0,2,0,8,0,0,0,0,0,0,8,0,0,3,0,0,0,0,0,6,0,1,0,7
12	4	0.0001023	false	1,0,3,0,5,0,0,0,0,0,0,0,0,0,3,0,3,0,0,0,7,5,4,8,0,0,4,0,1,2,6,0,0,0,0,0,6,0,2,1,0,2,0,8,0,0,0,0,0,0,8,0,0,3,0,0,0,0,0,6,0,1,0,7
13	5	0.0001075	false	1,0,3,0,5,0,0,0,0,0,0,0,0,0,3,0,3,0,0,0,7,5,4,8,0,0,4,0,1,2,6,3,0,0,0,0,6,0,2,1,0,2,0,8,0,0,0,0,0,0,8,0,0,3,0,0,0,0,0,6,0,1,0,7
14	6	0.0001123	false	1,0,3,0,5,0,0,2,0,0,0,0,0,0,3,0,3,0,0,0,7,5,4,8,0,0,4,0,1,2,6,3,0,0,0,0,6,0,2,1,0,2,0,8,0,0,0,0,0,0,8,0,0,3,0,0,0,0,0,6,0,1,0,7
15	7	0.0001217	false	1,0,3,0,5,0,0,2,0,0,0,0,0,0,3,4,3,0,0,0,7,5,4,8,0,0,4,0,1,2,6,3,0,0,0,0,6,0,2,1,0,2,0,8,0,0,0,0,0,0,8,0,0,3,0,0,0,0,0,6,0,1,0,7
16	8	0.0001306	false	1,0,3,0,5,0,0,2,0,0,0,0,0,0,3,4,3,0,0,0,7,5,4,8,0,0,4,0,1,2,6,3,0,0,0,0,6,0,2,1,0,2,0,8,0,0,0,5,0,0,8,0,0,3,0,0,0,0,0,6,0,1,0,7
17	9	0.0001354	false	1,0,3,0,5,0,0,2,0,0,0,0,0,0,3,4,3,0,0,0,7,5,4,8,0,0,4,0,1,2,6,3,0,0,0,0,6,0,2,1,0,2,0,8,0,0,0,5,0,0,8,0,0,3,0,6,0,0,0,6,0,1,0,7
18	10	0.0001409	false	1,0,3,0,5,0,0,2,0,0,0,0,8,0,3,4,3,0,0,0,7,5,4,8,0,0,4,0,1,2,6,3,0,0,0,0,6,0,2,1,0,2,0,8,0,0,0,5,0,0,8,0,0,3,0,6,0,0,0,6,0,1,0,7
19	11	0.0001458	false	1,0,3,0,5,0,0,2,0,0,0,0,8,0,3,4,3,0,0,0,7,5,4,8,0,0,4,0,1,2,6,3,0,0,0,0,6,0,2,1,0,2,0,8,3,0,0,5,0,0,8,0,0,3,0,6,0,0,0,6,0,1,0,7
20	12	0.0001525	false	1,0,3,0,5,0,0,2,0,0,0,0,8,0,3,4,3,0,0,0,7,5,4,8,0,0,4,0,1,2,6,3,0,0,0,0,6,0,2,1,0,2,0,8,3,0,0,5,0,0,8,0,2,3,0,6,0,0,0,6,0,1,0,7
21	13	0.0001576	false	1,0,3,0,5,0,0,2,0,0,0,0,8,0,3,4,3,0,0,0,7,5,4,8,0,0,4,0,1,2,6,3,0,0,0,0,6,0,2,1,0,2,0,8,3,0,0,5,0,0,8,0,2,3,0,6,0,0,0,6,4,1,0,7
22	14	0.0001627	false	1,0,3,0,5,0,0,2,0,0,0,0,8,0,3,4,3,0,0,0,7,5,4,8,0,0,4,0,1,2,6,3,0,0,0,0,6,0,2,1,0,2,0,8,3,0,0,5,0,0,8,0,2,3,5,6,0,0,0,6,4,1,0,7
23	15	0.0001685	false	1,0,3,0,5,0,0,2,0,0,0,0,8,0,3,4,3,0,0,0,7,5,4,8,0,0,4,0,1,2,6,3,0,0,0,0,6,0,2,1,0,2,0,8,3,0,0,5,0,0,8,0,2,3,5,6,0,0,0,6,4,1,8,7
24	16	0.0001742	false	1,0,3,0,5,0,7,2,0,0,0,0,8,0,3,4,3,0,0,0,7,5,4,8,0,0,4,0,1,2,6,3,0,0,0,0,6,0,2,1,0,2,0,8,3,0,0,5,0,0,8,0,2,3,5,6,0,0,0,6,4,1,8,7
25	12	0.0001840	false	1,0,3,0,5,0,0,2,0,0,0,0,8,0,3,4,3,0,0,0,7,5,4,8,0,0,4,0,1,2,6,3,0,0,0,0,6,0,2,1,0,2,0,8,3,0,0,5,0,0,8,0,4,3,0,6,0,0,0,6,0,1,0,7
26	13	0.0001922	false	1,0,3,0,5,0,0,2,0,0,0,0,8,0,3,4,3,0,0,0,7,5,4,8,0,0,4,0,1,2,6,3,0,0,0,0,6,0,2,1,0,2,0,8,3,0,0,5,0,0,8,0,4,3,0,6,0,0,0,6,2,1,0,7
27	14	0.0002030	false	1,0,3,0,5,0,0,2,0,0,0,0,8,0,3,4,3,0,0,0,7,5,4,8,0,0,4,0,1,2,6,3,0,0,0,0,6,0,2,1,0,2,0,8,3,0,0,5,0,0,8,0,4,3,5,6,0,0,0,6,2,1,0,7
28	15	0.0002131	false	1,0,3,0,5,0,0,2,0,0,0,0,8,0,3,4,3,0,0,0,7,5,4,8,0,0,4,0,1,2,6,3,0,0,0,0,6,0,2,1,0,2,0,8,3,0,0,5,0,0,8,0,4,3,5,6,0,0,0,6,2,1,8,7
29	16	0.0003741	false	1,0,3,0,5,0,7,2,0,0,0,0,8,0,3,4,3,0,0,0,7,5,4,8,0,0,4,0,1,2,6,3,0,0,0,0,6,0,2,1,0,2,0,8,3,0,0,5,0,0,8,0,4,3,5,6,0,0,0,6,2,1,8,7
30	11	0.0003846	false	1,0,3,0,5,0,0,2,0,0,0,0,8,0,3,4,3,0,0,0,7,5,4,8,0,0,4,0,1,2,6,3,0,0,0,0,6,0,2,1,0,2,0,8,4,0,0,5,0,0,8,0,0,3,0,6,0,0,0,6,0,1,0,7
31	12	0.0003933	false	1,0,3,0,5,0,0,2,0,0,0,0,8,0,3,4,3,0,0,0,7,5,4,8,0,0,4,0,1,2,6,3,0,0,0,0,6,0,2,1,0,2,0,8,4,0,0,5,0,0,8,0,2,3,0,6,0,0,0,6,0,1,0,7
32	7	0.0004078	false	1,0,3,0,5,0,0,2,0,0,0,0,0,0,3,6,3,0,0,0,7,5,4,8,0,0,4,0,1,2,6,3,0,0,0,0,6,0,2,1,0,2,0,8,0,0,0,0,0,0,8,0,0,3,0,0,0,0,0,6,0,1,0,7
33	8	0.0004236	false	1,0,3,0,5,0,0,2,0,0,0,0,0,0,3,6,3,0,0,0,7,5,4,8,0,0,4,0,1,2,6,3,0,0,0,0,6,0,2,1,0,2,0,8,0,0,0,4,0,0,8,0,0,3,0,0,0,0,0,6,0,1,0,7
34	9	0.0004294	false	1,0,3,0,5,0,0,2,0,0,0,0,0,0,3,6,3,0,0,0,7,5,4,8,0,0,4,0,1,2,6,3,0,0,0,0,6,0,2,1,0,2,0,8,0,0,0,4,0,0,8,0,0,3,0,5,0,0,0,6,0,1,0,7
35	10	0.0004348	false	1,0,3,0,5,0,0,2,0,0,0,0,4,0,3,6,3,0,0,0,7,5,4,8,0,0,4,0,1,2,6,3,0,0,0,0,6,0,2,1,0,2,0,8,0,0,0,4,0,0,8,0,0,3,0,5,0,0,0,6,0,1,0,7
36	11	0.0004406	false	1,0,3,0,5,0,0,2,0,0,0,0,4,0,3,6,3,0,0,0,7,5,4,8,0,0,4,0,1,2,6,3,0,0,0,0,6,0,2,1,0,2,0,8,3,0,0,4,0,0,8,0,0,3,0,5,0,0,0,6,0,1,0,7
37	12	0.0004456	false	1,0,3,0,5,0,0,2,0,0,0,0,4,0,3,6,3,0,0,0,7,5,4,8,0,0,4,0,1,2,6,3,0,0,0,0,6,0,2,1,0,2,0,8,3,0,0,4,0,0,8,0,2,3,0,5,0,0,0,6,0,1,0,7
38	13	0.0004513	false	1,0,3,0,5,0,0,2,0,0,0,0,4,0,3,6,3,0,0,0,7,5,4,8,0,0,4,0,1,2,6,3,0,0,0,0,6,0,2,1,0,2,0,8,3,0,0,4,0,0,8,0,2,3,0,5,0,0,0,6,8,1,0,7
39	10	0.0004604	false	1,0,3,0,5,0,0,2,0,0,0,0,8,0,3,6,3,0,0,0,7,5,4,8,0,0,4,0,1,2,6,3,0,0,0,0,6,0,2,1,0,2,0,8,0,0,0,4,0,0,8,0,0,3,0,5,0,0,0,6,0,1,0,7
40	11	0.0004674	false	1,0,3,0,5,0,0,2,0,0,0,0,8,0,3,6,3,0,0,0,7,5,4,8,0,0,4,0,1,2,6,3,0,0,0,0,6,0,2,1,0,2,0,8,3,0,0,4,0,0,8,0,0,3,0,5,0,0,0,6,0,1,0,7
41	12	0.0004722	false	1,0,3,0,5,0,0,2,0,0,0,0,8,0,3,6,3,0,0,0,7,5,4,8,0,0,4,0,1,2,6,3,0,0,0,0,6,0,2,1,0,2,0,8,3,0,0,4,0,0,8,0,2,3,0,5,0,0,0,6,0,1,0,7
42	13	0.0004791	false	1,0,3,0,5,0,0,2,0,0,0,0,8,0,3,6,3,0,0,0,7,5,4,8,0,0,4,0,1,2,6,3,0,0,0,0,6,0,2,1,0,2,0,8,3,0,0,4,0,0,8,0,2,3,0,5,0,0,0,6,4,1,0,7
43	14	0.0004867	false	1,0,3,0,5,4,0,2,0,0,0,0,8,0,3,6,3,0,0,0,7,5,4,8,0,0,4,0,1,2,6,3,0,0,0,0,6,0,2,1,0,2,0,8,3,0,0,4,0,0,8,0,2,3,0,5,0,0,0,6,4,1,0,7
44	15	0.0004928	false	1,0,3,0,5,4,7,2,0,0,0,0,8,0,3,6,3,0,0,0,7,5,4,8,0,0,4,0,1,2,6,3,0,0,0,0,6,0,2,1,0,2,0,8,3,0,0,4,0,0,8,0,2,3,0,5,0,0,0,6,4,1,0,7
45	14	0.0004998	false	1,0,3,0,5,7,0,2,0,0,0,0,8,0,3,6,3,0,0,0,7,5,4,8,0,0,4,0,1,2,6,3,0,0,0,0,6,0,2,1,0,2,0,8,3,0,0,4,0,0,8,0,2,3,0,5,0,0,0,6,4,1,0,7
46	12	0.0005075	false	1,0,3,0,5,0,0,2,0,0,0,0,8,0,3,6,3,0,0,0,7,5,4,8,0,0,4,0,1,2,6,3,0,0,0,0,6,0,2,1,0,2,0,8,3,0,0,4,0,0,8,0,4,3,0,5,0,0,0,6,0,1,0,7
47	13	0.0005125	false	1,0,3,0,5,0,0,2,0,0,0,0,8,0,3,6,3,0,0,0,7,5,4,8,0,0,4,0,1,2,6,3,0,0,0,0,6,0,2,1,0,2,0,8,3,0,0,4,0,0,8,0,4,3,0,5,0,0,0,6,2,1,0,7
48	14	0.0005177	false	1,0,3,0,5,4,0,2,0,0,0,0,8,0,3,6,3,0,0,0,7,5,4,8,0,0,4,0,1,2,6,3,0,0,0,0,6,0,2,1,0,2,0,8,3,0,0,4,0,0,8,0,4,3,0,5,0,0,0,6,2,1,0,7
49	15	0.0005251	false	1,0,3,0,5,4,7,2,0,0,0,0,8,0,3,6,3,0,0,0,7,5,4,8,0,0,4,0,1,2,6,3,0,0,0,0,6,0,2,1,0,2,0,8,3,0,0,4,0,0,8,0,4,3,0,5,0,0,0,6,2,1,0,7
50	14	0.0005325	false	1,0,3,0,5,7,0,2,0,0,0,0,8,0,3,6,3,0,0,0,7,5,4,8,0,0,4,0,1,2,6,3,0,0,0,0,6,0,2,1,0,2,0,8,3,0,0,4,0,0,8,0,4,3,0,5,0,0,0,6,2,1,0,7
51	8	0.0005442	false	1,0,3,0,5,0,0,2,0,0,0,0,0,0,3,6,3,0,0,0,7,5,4,8,0,0,4,0,1,2,6,3,0,0,0,0,6,0,2,1,0,2,0,8,0,0,0,5,0,0,8,0,0,3,0,0,0,0,0,6,0,1,0,7
52	9	0.0005502	false	1,0,3,0,5,0,0,2,0,0,0,0,0,0,3,6,3,0,0,0,7,5,4,8,0,0,4,0,1,2,6,3,0,0,0,0,6,0,2,1,0,2,0,8,0,0,0,5,0,0,8,0,0,3,0,4,0,0,0,6,0,1,0,7
53	10	0.0005560	false	1,0,3,0,5,0,0,2,0,0,0,0,4,0,3,6,3,0,0,0,7,5,4,8,0,0,4,0,1,2,6,3,0,0,0,0,6,0,2,1,0,2,0,8,0,0,0,5,0,0,8,0,0,3,0,4,0,0,0,6,0,1,0,7
54	11	0.0005614	false	1,0,3,0,5,0,0,2,0,0,0,0,4,0,3,6,3,0,0,0,7,5,4,8,0,0,4,0,1,2,6,3,0,0,0,0,6,0,2,1,0,2,0,8,3,0,0,5,0,0,8,0,0,3,0,4,0,0,0,6,0,1,0,7
55	12	0.0005686	false	1,0,3,0,5,0,0,2,0,0,0,0,4,0,3,6,3,0,0,0,7,5,4,8,0,0,4,0,1,2,6,3,0,0,0,0,6,0,2,1,0,2,0,8,3,0,0,5,0,0,8,0,2,3,0,4,0,0,0,6,0,1,0,7
56	13	0.0006371	false	1,0,3,0,5,0,0,2,0,0,0,0,4,0,3,6,3,0,0,0,7,5,4,8,0,0,4,0,1,2,6,3,0,0,0,0,6,0,2,1,0,2,0,8,3,0,0,5,0,0,8,0,2,3,0,4,0,0,0,6,8,1,0,7
57	14	0.0006445	false	1,0,3,0,5,0,0,2,0,0,0,0,4,0,3,6,3,0,0,0,7,5,4,8,0,0,4,0,1,2,6,3,0,0,0,0,6,0,2,1,0,2,0,8,3,0,0,5,0,0,8,0,2,3,5,4,0,0,0,6,8,1,0,7
58	10	0.0006528	false	1,0,3,0,5,0,0,2,0,0,0,0,8,0,3,6,3,0,0,0,7,5,4,8,0,0,4,0,1,2,6,3,0,0,0,0,6,0,2,1,0,2,0,8,0,0,0,5,0,0,8,0,0,3,0,4,0,0,0,6,0,1,0,7
59	11	0.0006606	false	1,0,3,0,5,0,0,2,0,0,0,0,8,0,3,6,3,0,0,0,7,5,4,8,0,0,4,0,1,2,6,3,0,0,0,0,6,0,2,1,0,2,0,8,3,0,0,5,0,0,8,0,0,3,0,4,0,0,0,6,0,1,0,7
60	12	0.0006687	false	1,0,3,0,5,0,0,2,0,0,0,0,8,0,3,6,3,0,0,0,7,5,4,8,0,0,4,0,1,2,6,3,0,0,0,0,6,0,2,1,0,2,0,8,3,0,0,5,0,0,8,0,2,3,0,4,0,0,0,6,0,1,0,7
61	11	0.0006789	false	1,0,3,0,5,0,0,2,0,0,0,0,8,0,3,6,3,0,0,0,7,5,4,8,0,0,4,0,1,2,6,3,0,0,0,0,6,0,2,1,0,2,0,8,4,0,0,5,0,0,8,0,0,3,0,4,0,0,0,6,0,1,0,7
62	12	0.0006916	false	1,0,3,0,5,0,0,2,0,0,0,0,8,0,3,6,3,0,0,0,7,5,4,8,0,0,4,0,1,2,6,3,0,0,0,0,6,0,2,1,0,2,0,8,4,0,0,5,0,0,8,0,2,3,0,4,0,0,0,6,0,1,0,7
63	6	0.0007005	false	1,0,3,0,5,0,0,4,0,0,0,0,0,0,3,0,3,0,0,0,7,5,4,8,0,0,4,0,1,2,6,3,0,0,0,0,6,0,2,1,0,2,0,8,0,0,0,0,0,0,8,0,0,3,0,0,0,0,0,6,0,1,0,7
64	7	0.0007099	false	1,0,3,0,5,0,0,4,0,0,0,0,0,0,3,2,3,0,0,0,7,5,4,8,0,0,4,0,1,2,6,3,0,0,0,0,6,0,2,1,0,2,0,8,0,0,0,0,0,0,8,0,0,3,0,0,0,0,0,6,0,1,0,7
65	8	0.0007259	false	1,0,3,0,5,0,0,4,0,0,0,0,0,0,3,2,3,0,0,0,7,5,4,8,0,0,4,0,1,2,6,3,0,0,0,0,6,0,2,1,0,2,0,8,0,0,0,5,0,0,8,0,0,3,0,0,0,0,0,6,0,1,0,7
66	9	0.0007308	false	1,0,3,0,5,0,0,4,0,0,0,0,0,0,3,2,3,0,0,0,7,5,4,8,0,0,4,0,1,2,6,3,0,0,0,0,6,0,2,1,0,2,0,8,0,0,0,5,0,0,8,0,0,3,0,6,0,0,0,6,0,1,0,7
67	10	0.0007343	false	1,0,3,0,5,0,0,4,0,0,0,0,8,0,3,2,3,0,0,0,7,5,4,8,0,0,4,0,1,2,6,3,0,0,0,0,6,0,2,1,0,2,0,8,0,0,0,5,0,0,8,0,0,3,0,6,0,0,0,6,0,1,0,7
68	11	0.0007373	false	1,0,3,0,5,0,0,4,0,0,0,0,8,0,3,2,3,0,0,0,7,5,4,8,0,0,4,0,1,2,6,3,0,0,0,0,6,0,2,1,0,2,0,8,3,0,0,5,0,0,8,0,0,3,0,6,0,0,0,6,0,1,0,7
69	12	0.0007403	false	1,0,3,0,5,0,0,4,0,0,0,0,8,0,3,2,3,0,0,0,7,5,4,8,0,0,4,0,1,2,6,3,0,0,0,0,6,0,2,1,0,2,0,8,3,0,0,5,0,0,8,0,2,3,0,6,0,0,0,6,0,1,0,7
70	13	0.0007434	false	1,0,3,0,5,0,0,4,0,0,0,0,8,0,3,2,3,0,0,0,7,5,4,8,0,0,4,0,1,2,6,3,0,0,0,0,6,0,2,1,0,2,0,8,3,0,0,5,0,0,8,0,2,3,0,6,0,0,0,6,4,1,0,7
71	14	0.0007466	false	1,0,3,0,5,0,0,4,0,0,0,0,8,0,3,2,3,0,0,0,7,5,4,8,0,0,4,0,1,2,6,3,0,0,0,0,6,0,2,1,0,2,0,8,3,0,0,5,0,0,8,0,2,3,5,6,0,0,0,6,4,1,0,7
72	15	0.0007500	false	1,0,3,0,5,0,0,4,0,0,0,0,8,0,3,2,3,0,0,0,7,5,4,8,0,0,4,0,1,2,6,3,0,0,0,0,6,0,2,1,0,2,0,8,3,0,0,5,0,0,8,0,2,3,5,6,0,0,0,6,4,1,8,7
73	16	0.0007533	false	1,0,3,0,5,0,7,4,0,0,0,0,8,0,3,2,3,0,0,0,7,5,4,8,0,0,4,0,1,2,6,3,0,0,0,0,6,0,2,1,0,2,0,8,3,0,0,5,0,0,8,0,2,3,5,6,0,0,0,6,4,1,8,7
74	12	0.0007579	false	1,0,3,0,5,0,0,4,0,0,0,0,8,0,3,2,3,0,0,0,7,5,4,8,0,0,4,0,1,2,6,3,0,0,0,0,6,0,2,1,0,2,0,8,3,0,0,5,0,0,8,0,4,3,0,6,0,0,0,6,0,1,0,7
75	13	0.0007608	false	1,0,3,0,5,0,0,4,0,0,0,0,8,0,3,2,3,0,0,0,7,5,4,8,0,0,4,0,1,2,6,3,0,0,0,0,6,0,2,1,0,2,0,8,3,0,0,5,0,0,8,0,4,3,0,6,0,0,0,6,2,1,0,7
76	14	0.0007640	false	1,0,3,0,5,0,0,4,0,0,0,0,8,0,3,2,3,0,0,0,7,5,4,8,0,0,4,0,1,2,6,3,0,0,0,0,6,0,2,1,0,2,0,8,3,0,0,5,0,0,8,0,4,3,5,6,0,0,0,6,2,1,0,7
77	15	0.0007674	false	1,0,3,0,5,0,0,4,0,0,0,0,8,0,3,2,3,0,0,0,7,5,4,8,0,0,4,0,1,2,6,3,0,0,0,0,6,0,2,1,0,2,0,8,3,0,0,5,0,0,8,0,4,3,5,6,0,0,0,6,2,1,8,7
78	16	0.0007723	false	1,0,3,0,5,0,7,4,0,0,0,0,8,0,3,2,3,0,0,0,7,5,4,8,0,0,4,0,1,2,6,3,0,0,0,0,6,0,2,1,0,2,0,8,3,0,0,5,0,0,8,0,4,3,5,6,0,0,0,6,2,1,8,7
79	11	0.0007774	false	1,0,3,0,5,0,0,4,0,0,0,0,8,0,3,2,3,0,0,0,7,5,4,8,0,0,4,0,1,2,6,3,0,0,0,0,6,0,2,1,0,2,0,8,4,0,0,5,0,0,8,0,0,3,0,6,0,0,0,6,0,1,0,7
80	12	0.0007829	false	1,0,3,0,5,0,0,4,0,0,0,0,8,0,3,2,3,0,0,0,7,5,4,8,0,0,4,0,1,2,6,3,0,0,0,0,6,0,2,1,0,2,0,8,4,0,0,5,0,0,8,0,2,3,0,6,0,0,0,6,0,1,0,7
81	7	0.0007983	false	1,0,3,0,5,0,0,4,0,0,0,0,0,0,3,6,3,0,0,0,7,5,4,8,0,0,4,0,1,2,6,3,0,0,0,0,6,0,2,1,0,2,0,8,0,0,0,0,0,0,8,0,0,3,0,0,0,0,0,6,0,1,0,7
82	8	0.0008100	false	1,0,3,0,5,0,0,4,0,0,0,0,0,0,3,6,3,0,0,0,7,5,4,8,0,0,4,0,1,2,6,3,0,0,0,0,6,0,2,1,0,2,0,8,0,0,0,5,0,0,8,0,0,3,0,0,0,0,0,6,0,1,0,7
83	9	0.0008327	false	1,0,3,0,5,0,0,4,0,0,0,0,0,0,3,6,3,0,0,0,7,5,4,8,0,0,4,0,1,2,6,3,0,0,0,0,6,0,2,1,0,2,0,8,0,0,0,5,0,0,8,0,0,3,0,2,0,0,0,6,0,1,0,7
84	10	0.0008370	false	1,0,3,0,5,0,0,4,0,0,0,0,2,0,3,6,3,0,0,0,7,5,4,8,0,0,4,0,1,2,6,3,0,0,0,0,6,0,2,1,0,2,0,8,0,0,0,5,0,0,8,0,0,3,0,2,0,0,0,6,0,1,0,7
85	11	0.0008402	false	1,0,3,0,5,0,0,4,0,0,0,0,2,0,3,6,3,0,0,0,7,5,4,8,0,0,4,0,1,2,6,3,0,0,0,0,6,0,2,1,0,2,0,8,3,0,0,5,0,0,8,0,0,3,0,2,0,0,0,6,0,1,0,7
86	12	0.0008443	false	1,0,3,0,5,0,0,4,0,0,0,0,2,0,3,6,3,0,0,0,7,5,4,8,0,0,4,0,1,2,6,3,0,0,0,0,6,0,2,1,0,2,0,8,3,0,0,5,0,0,8,0,4,3,0,2,0,0,0,6,0,1,0,7
87	13	0.0008522	false	1,0,3,0,5,0,0,4,0,0,0,0,2,0,3,6,3,0,0,0,7,5,4,8,0,0,4,0,1,2,6,3,0,0,0,0,6,0,2,1,0,2,0,8,3,0,0,5,0,0,8,0,4,3,0,2,0,0,0,6,8,1,0,7
88	14	0.0008626	false	1,0,3,0,5,0,0,4,0,0,0,0,2,0,3,6,3,0,0,0,7,5,4,8,0,0,4,0,1,2,6,3,0,0,0,0,6,0,2,1,0,2,0,8,3,0,0,5,0,0,8,0,4,3,5,2,0,0,0,6,8,1,0,7
89	11	0.0008701	false	1,0,3,0,5,0,0,4,0,0,0,0,2,0,3,6,3,0,0,0,7,5,4,8,0,0,4,0,1,2,6,3,0,0,0,0,6,0,2,1,0,2,0,8,4,0,0,5,0,0,8,0,0,3,0,2,0,0,0,6,0,1,0,7
90	10	0.0008745	false	1,0,3,0,5,0,0,4,0,0,0,0,8,0,3,6,3,0,0,0,7,5,4,8,0,0,4,0,1,2,6,3,0,0,0,0,6,0,2,1,0,2,0,8,0,0,0,5,0,0,8,0,0,3,0,2,0,0,0,6,0,1,0,7
91	11	0.0008776	false	1,0,3,0,5,0,0,4,0,0,0,0,8,0,3,6,3,0,0,0,7,5,4,8,0,0,4,0,1,2,6,3,0,0,0,0,6,0,2,1,0,2,0,8,3,0,0,5,0,0,8,0,0,3,0,2,0,0,0,6,0,1,0,7
92	12	0.0008807	false	1,0,3,0,5,0,0,4,0,0,0,0,8,0,3,6,3,0,0,0,7,5,4,8,0,0,4,0,1,2,6,3,0,0,0,0,6,0,2,1,0,2,0,8,3,0,0,5,0,0,8,0,4,3,0,2,0,0,0,6,0,1,0,7
93	11	0.0008847	false	1,0,3,0,5,0,0,4,0,0,0,0,8,0,3,6,3,0,0,0,7,5,4,8,0,0,4,0,1,2,6,3,0,0,0,0,6,0,2,1,0,2,0,8,4,0,0,5,0,0,8,0,0,3,0,2,0,0,0,6,0,1,0,7
94	6	0.0008962	false	1,0,3,0,5,0,0,6,0,0,0,0,0,0,3,0,3,0,0,0,7,5,4,8,0,0,4,0,1,2,6,3,0,0,0,0,6,0,2,1,0,2,0,8,0,0,0,0,0,0,8,0,0,3,0,0,0,0,0,6,0,1,0,7
95	7	0.0009107	false	1,0,3,0,5,0,0,6,0,0,0,0,0,0,3,2,3,0,0,0,7,5,4,8,0,0,4,0,1,2,6,3,0,0,0,0,6,0,2,1,0,2,0,8,0,0,0,0,0,0,8,0,0,3,0,0,0,0,0,6,0,1,0,7
96	8	0.0009241	false	1,0,3,0,5,0,0,6,0,0,0,0,0,0,3,2,3,0,0,0,7,5,4,8,0,0,4,0,1,2,6,3,0,0,0,0,6,0,2,1,0,2,0,8,0,0,0,4,0,0,8,0,0,3,0,0,0,0,0,6,0,1,0,7
97	9	0.0009350	false	1,0,3,0,5,0,0,6,0,0,0,0,0,0,3,2,3,0,0,0,7,5,4,8,0,0,4,0,1,2,6,3,0,0,0,0,6,0,2,1,0,2,0,8,0,0,0,4,0,0,8,0,0,3,0,5,0,0,0,6,0,1,0,7
98	10	0.0009401	false	1,0,3,0,5,0,0,6,0,0,0,0,4,0,3,2,3,0,0,0,7,5,4,8,0,0,4,0,1,2,6,3,0,0,0,0,6,0,2,1,0,2,0,8,0,0,0,4,0,0,8,0,0,3,0,5,0,0,0,6,0,1,0,7
99	11	0.0009432	false	1,0,3,0,5,0,0,6,0,0,0,0,4,0,3,2,3,0,0,0,7,5,4,8,0,0,4,0,1,2,6,3,0,0,0,0,6,0,2,1,0,2,0,8,3,0,0,4,0,0,8,0,0,3,0,5,0,0,0,6,0,1,0,7
100	12	0.0009462	false	1,0,3,0,5,0,0,6,0,0,0,0,4,0,3,2,3,0,0,0,7,5,4,8,0,0,4,0,1,2,6,3,0,0,0,0,6,0,2,1,0,2,0,8,3,0,0,4,0,0,8,0,2,3,0,5,0,0,0,6,0,1,0,7
101	13	0.0009512	false	1,0,3,0,5,0,0,6,0,0,0,0,4,0,3,2,3,0,0,0,7,5,4,8,0,0,4,0,1,2,6,3,0,0,0,0,6,0,2,1,0,2,0,8,3,0,0,4,0,0,8,0,2,3,0,5,0,0,0,6,8,1,0,7
102	10	0.0009561	false	1,0,3,0,5,0,0,6,0,0,0,0,8,0,3,2,3,0,0,0,7,5,4,8,0,0,4,0,1,2,6,3,0,0,0,0,6,0,2,1,0,2,0,8,0,0,0,4,0,0,8,0,0,3,0,5,0,0,0,6,0,1,0,7
103	11	0.0009591	false	1,0,3,0,5,0,0,6,0,0,0,0,8,0,3,2,3,0,0,0,7,5,4,8,0,0,4,0,1,2,6,3,0,0,0,0,6,0,2,1,0,2,0,8,3,0,0,4,0,0,8,0,0,3,0,5,0,0,0,6,0,1,0,7
104	12	0.0009620	false	1,0,3,0,5,0,0,6,0,0,0,0,8,0,3,2,3,0,0,0,7,5,4,8,0,0,4,0,1,2,6,3,0,0,0,0,6,0,2,1,0,2,0,8,3,0,0,4,0,0,8,0,2,3,0,5,0,0,0,6,0,1,0,7
105	13	0.0009651	false	1,0,3,0,5,0,0,6,0,0,0,0,8,0,3,2,3,0,0,0,7,5,4,8,0,0,4,0,1,2,6,3,0,0,0,0,6,0,2,1,0,2,0,8,3,0,0,4,0,0,8,0,2,3,0,5,0,0,0,6,4,1,0,7
106	14	0.0009682	false	1,0,3,0,5,4,0,6,0,0,0,0,8,0,3,2,3,0,0,0,7,5,4,8,0,0,4,0,1,2,6,3,0,0,0,0,6,0,2,1,0,2,0,8,3,0,0,4,0,0,8,0,2,3,0,5,0,0,0,6,4,1,0,7
107	15	0.0009714	false	1,0,3,0,5,4,7,6,0,0,0,0,8,0,3,2,3,0,0,0,7,5,4,8,0,0,4,0,1,2,6,3,0,0,0,0,6,0,2,1,0,2,0,8,3,0,0,4,0,0,8,0,2,3,0,5,0,0,0,6,4,1,0,7
108	14	0.0009753	false	1,0,3,0,5,7,0,6,0,0,0,0,8,0,3,2,3,0,0,0,7,5,4,8,0,0,4,0,1,2,6,3,0,0,0,0,6,0,2,1,0,2,0,8,3,0,0,4,0,0,8,0,2,3,0,5,0,0,0,6,4,1,0,7
109	12	0.0009795	false	1,0,3,0,5,0,0,6,0,0,0,0,8,0,3,2,3,0,0,0,7,5,4,8,0,0,4,0,1,2,6,3,0,0,0,0,6,0,2,1,0,2,0,8,3,0,0,4,0,0,8,0,4,3,0,5,0,0,0,6,0,1,0,7
110	13	0.0009929	false	1,0,3,0,5,0,0,6,0,0,0,0,8,0,3,2,3,0,0,0,7,5,4,8,0,0,4,0,1,2,6,3,0,0,0,0,6,0,2,1,0,2,0,8,3,0,0,4,0,0,8,0,4,3,0,5,0,0,0,6,2,1,0,7
111	14	0.0009961	false	1,0,3,0,5,4,0,6,0,0,0,0,8,0,3,2,3,0,0,0,7,5,4,8,0,0,4,0,1,2,6,3,0,0,0,0,6,0,2,1,0,2,0,8,3,0,0,4,0,0,8,0,4,3,0,5,0,0,0,6,2,1,0,7
112	15	0.001001	false	1,0,3,0,5,4,7,6,0,0,0,0,8,0,3,2,3,0,0,0,7,5,4,8,0,0,4,0,1,2,6,3,0,0,0,0,6,0,2,1,0,2,0,8,3,0,0,4,0,0,8,0,4,3,0,5,0,0,0,6,2,1,0,7
113	14	0.001012	false	1,0,3,0,5,7,0,6,0,0,0,0,8,0,3,2,3,0,0,0,7,5,4,8,0,0,4,0,1,2,6,3,0,0,0,0,6,0,2,1,0,2,0,8,3,0,0,4,0,0,8,0,4,3,0,5,0,0,0,6,2,1,0,7
114	8	0.001025	false	1,0,3,0,5,0,0,6,0,0,0,0,0,0,3,2,3,0,0,0,7,5,4,8,0,0,4,0,1,2,6,3,0,0,0,0,6,0,2,1,0,2,0,8,0,0,0,5,0,0,8,0,0,3,0,0,0,0,0,6,0,1,0,7
115	9	0.001036	false	1,0,3,0,5,0,0,6,0,0,0,0,0,0,3,2,3,0,0,0,7,5,4,8,0,0,4,0,1,2,6,3,0,0,0,0,6,0,2,1,0,2,0,8,0,0,0,5,0,0,8,0,0,3,0,4,0,0,0,6,0,1,0,7
116	10	0.001047	false	1,0,3,0,5,0,0,6,0,0,0,0,4,0,3,2,3,0,0,0,7,5,4,8,0,0,4,0,1,2,6,3,0,0,0,0,6,0,2,1,0,2,0,8,0,0,0,5,0,0,8,0,0,3,0,4,0,0,0,6,0,1,0,7
117	11	0.001052	false	1,0,3,0,5,0,0,6,0,0,0,0,4,0,3,2,3,0,0,0,7,5,4,8,0,0,4,0,1,2,6,3,0,0,0,0,6,0,2,1,0,2,0,8,3,0,0,5,0,0,8,0,0,3,0,4,0,0,0,6,0,1,0,7
118	12	0.001055	false	1,0,3,0,5,0,0,6,0,0,0,0,4,0,3,2,3,0,0,0,7,5,4,8,0,0,4,0,1,2,6,3,0,0,0,0,6,0,2,1,0,2,0,8,3,0,0,5,0,0,8,0,2,3,0,4,0,0,0,6,0,1,0,7
119	13	0.001061	false	1,0,3,0,5,0,0,6,0,0,0,0,4,0,3,2,3,0,0,0,7,5,4,8,0,0,4,0,1,2,6,3,0,0,0,0,6,0,2,1,0,2,0,8,3,0,0,5,0,0,8,0,2,3,0,4,0,0,0,6,8,1,0,7
120	14	0.001072	false	1,0,3,0,5,0,0,6,0,0,0,0,4,0,3,2,3,0,0,0,7,5,4,8,0,0,4,0,1,2,6,3,0,0,0,0,6,0,2,1,0,2,0,8,3,0,0,5,0,0,8,0,2,3,5,4,0,0,0,6,8,1,0,7
121	10	0.001079	false	1,0,3,0,5,0,0,6,0,0,0,0,8,0,3,2,3,0,0,0,7,5,4,8,0,0,4,0,1,2,6,3,0,0,0,0,6,0,2,1,0,2,0,8,0,0,0,5,0,0,8,0,0,3,0,4,0,0,0,6,0,1,0,7
122	11	0.001082	false	1,0,3,0,5,0,0,6,0,0,0,0,8,0,3,2,3,0,0,0,7,5,4,8,0,0,4,0,1,2,6,3,0,0,0,0,6,0,2,1,0,2,0,8,3,0,0,5,0,0,8,0,0,3,0,4,0,0,0,6,0,1,0,7
123	12	0.001086	false	1,0,3,0,5,0,0,6,0,0,0,0,8,0,3,2,3,0,0,0,7,5,4,8,0,0,4,0,1,2,6,3,0,0,0,0,6,0,2,1,0,2,0,8,3,0,0,5,0,0,8,0,2,3,0,4,0,0,0,6,0,1,0,7
124	11	0.001097	false	1,0,3,0,5,0,0,6,0,0,0,0,8,0,3,2,3,0,0,0,7,5,4,8,0,0,4,0,1,2,6,3,0,0,0,0,6,0,2,1,0,2,0,8,4,0,0,5,0,0,8,0,0,3,0,4,0,0,0,6,0,1,0,7
125	12	0.001104	false	1,0,3,0,5,0,0,6,0,0,0,0,8,0,3,2,3,0,0,0,7,5,4,8,0,0,4,0,1,2,6,3,0,0,0,0,6,0,2,1,0,2,0,8,4,0,0,5,0,0,8,0,2,3,0,4,0,0,0,6,0,1,0,7
126	7	0.001121	false	1,0,3,0,5,0,0,6,0,0,0,0,0,0,3,4,3,0,0,0,7,5,4,8,0,0,4,0,1,2,6,3,0,0,0,0,6,0,2,1,0,2,0,8,0,0,0,0,0,0,8,0,0,3,0,0,0,0,0,6,0,1,0,7
127	8	0.001131	false	1,0,3,0,5,0,0,6,0,0,0,0,0,0,3,4,3,0,0,0,7,5,4,8,0,0,4,0,1,2,6,3,0,0,0,0,6,0,2,1,0,2,0,8,0,0,0,5,0,0,8,0,0,3,0,0,0,0,0,6,0,1,0,7
128	9	0.001134	false	1,0,3,0,5,0,0,6,0,0,0,0,0,0,3,4,3,0,0,0,7,5,4,8,0,0,4,0,1,2,6,3,0,0,0,0,6,0,2,1,0,2,0,8,0,0,0,5,0,0,8,0,0,3,0,2,0,0,0,6,0,1,0,7
129	10	0.001137	false	1,0,3,0,5,0,0,6,0,0,0,0,2,0,3,4,3,0,0,0,7,5,4,8,0,0,4,0,1,2,6,3,0,0,0,0,6,0,2,1,0,2,0,8,0,0,0,5,0,0,8,0,0,3,0,2,0,0,0,6,0,1,0,7
130	11	0.001140	false	1,0,3,0,5,0,0,6,0,0,0,0,2,0,3,4,3,0,0,0,7,5,4,8,0,0,4,0,1,2,6,3,0,0,0,0,6,0,2,1,0,2,0,8,3,0,0,5,0,0,8,0,0,3,0,2,0,0,0,6,0,1,0,7
131	12	0.001145	false	1,0,3,0,5,0,0,6,0,0,0,0,2,0,3,4,3,0,0,0,7,5,4,8,0,0,4,0,1,2,6,3,0,0,0,0,6,0,2,1,0,2,0,8,3,0,0,5,0,0,8,0,4,3,0,2,0,0,0,6,0,1,0,7
132	13	0.001148	false	1,0,3,0,5,0,0,6,0,0,0,0,2,0,3,4,3,0,0,0,7,5,4,8,0,0,4,0,1,2,6,3,0,0,0,0,6,0,2,1,0,2,0,8,3,0,0,5,0,0,8,0,4,3,0,2,0,0,0,6,8,1,0,7
133	14	0.001152	false	1,0,3,0,5,0,0,6,0,0,0,0,2,0,3,4,3,0,0,0,7,5,4,8,0,0,4,0,1,2,6,3,0,0,0,0,6,0,2,1,0,2,0,8,3,0,0,5,0,0,8,0,4,3,5,2,0,0,0,6,8,1,0,7
134	11	0.001156	false	1,0,3,0,5,0,0,6,0,0,0,0,2,0,3,4,3,0,0,0,7,5,4,8,0,0,4,0,1,2,6,3,0,0,0,0,6,0,2,1,0,2,0,8,4,0,0,5,0,0,8,0,0,3,0,2,0,0,0,6,0,1,0,7
135	10	0.001162	false	1,0,3,0,5,0,0,6,0,0,0,0,8,0,3,4,3,0,0,0,7,5,4,8,0,0,4,0,1,2,6,3,0,0,0,0,6,0,2,1,0,2,0,8,0,0,0,5,0,0,8,0,0,3,0,2,0,0,0,6,0,1,0,7
136	11	0.001165	false	1,0,3,0,5,0,0,6,0,0,0,0,8,0,3,4,3,0,0,0,7,5,4,8,0,0,4,0,1,2,6,3,0,0,0,0,6,0,2,1,0,2,0,8,3,0,0,5,0,0,8,0,0,3,0,2,0,0,0,6,0,1,0,7
137	12	0.001211	false	1,0,3,0,5,0,0,6,0,0,0,0,8,0,3,4,3,0,0,0,7,5,4,8,0,0,4,0,1,2,6,3,0,0,0,0,6,0,2,1,0,2,0,8,3,0,0,5,0,0,8,0,4,3,0,2,0,0,0,6,0,1,0,7
138	11	0.001215	false	1,0,3,0,5,0,0,6,0,0,0,0,8,0,3,4,3,0,0,0,7,5,4,8,0,0,4,0,1,2,6,3,0,0,0,0,6,0,2,1,0,2,0,8,4,0,0,5,0,0,8,0,0,3,0,2,0,0,0,6,0,1,0,7
139	3	0.001228	false	1,0,3,0,5,0,0,0,0,0,0,0,0,0,3,0,3,0,0,0,7,5,4,8,0,0,4,0,1,6,0,0,0,0,0,0,6,0,2,1,0,2,0,8,0,0,0,0,0,0,8,0,0,3,0,0,0,0,0,6,0,1,0,7
140	2	0.001238	false	1,0,3,0,5,0,0,0,0,0,0,0,0,0,3,0,3,0,0,0,7,5,4,8,0,0,4,0,2,0,0,0,0,0,0,0,6,0,2,1,0,2,0,8,0,0,0,0,0,0,8,0,0,3,0,0,0,0,0,6,0,1,0,7
141	3	0.001247	false	1,0,3,0,5,0,0,0,0,0,0,0,0,0,3,0,3,0,0,0,7,5,4,8,0,0,4,0,2,6,0,0,0,0,0,0,6,0,2,1,0,2,0,8,0,0,0,0,0,0,8,0,0,3,0,0,0,0,0,6,0,1,0,7
142	4	0.001257	false	1,0,3,0,5,0,0,0,0,0,0,0,0,0,3,0,3,0,0,0,7,5,4,8,0,0,4,0,2,6,1,0,0,0,0,0,6,0,2,1,0,2,0,8,0,0,0,0,0,0,8,0,0,3,0,0,0,0,0,6,0,1,0,7
143	5	0.001264	false	1,0,3,0,5,0,0,0,0,0,0,0,0,0,3,0,3,0,0,0,7,5,4,8,0,0,4,0,2,6,1,3,0,0,0,0,6,0,2,1,0,2,0,8,0,0,0,0,0,0,8,0,0,3,0,0,0,0,0,6,0,1,0,7
144	6	0.001274	false	1,0,3,0,5,0,0,0,0,0,0,0,1,0,3,0,3,0,0,0,7,5,4,8,0,0,4,0,2,6,1,3,0,0,0,0,6,0,2,1,0,2,0,8,0,0,0,0,0,0,8,0,0,3,0,0,0,0,0,6,0,1,0,7
145	7	0.001283	false	1,0,3,0,5,0,0,0,0,0,0,0,1,0,3,0,3,0,0,0,7,5,4,8,0,0,4,0,2,6,1,3,0,0,0,0,6,0,2,1,0,2,0,8,3,0,0,0,0,0,8,0,0,3,0,0,0,0,0,6,0,1,0,7
146	8	0.001291	false	1,0,3,0,5,0,0,0,0,0,0,0,1,0,3,0,3,0,0,0,7,5,4,8,0,0,4,0,2,6,1,3,0,0,0,0,6,0,2,1,0,2,0,8,3,0,0,0,0,0,8,0,4,3,0,0,0,0,0,6,0,1,0,7
147	9	0.001304	false	1,0,3,0,5,0,0,0,0,0,0,0,1,0,3,0,3,0,0,0,7,5,4,8,0,0,4,0,2,6,1,3,0,0,0,0,6,0,2,1,0,2,0,8,3,0,0,0,0,0,8,0,4,3,0,0,0,0,0,6,8,1,0,7
148	10	0.001309	false	1,0,3,0,5,0,0,0,0,0,0,0,1,0,3,0,3,0,0,0,7,5,4,8,0,0,4,0,2,6,1,3,0,0,0,0,6,0,2,1,0,2,0,8,3,0,0,0,0,0,8,0,4,3,5,0,0,0,0,6,8,1,0,7
149	11	0.001313	false	1,0,3,0,5,0,0,0,0,0,0,0,1,0,3,0,3,0,0,0,7,5,4,8,0,0,4,0,2,6,1,3,0,0,0,0,6,0,2,1,0,2,0,8,3,0,0,0,0,0,8,0,4,3,5,2,0,0,0,6,8,1,0,7
150	11	0.001316	false	1,0,3,0,5,0,0,0,0,0,0,0,1,0,3,0,3,0,0,0,7,5,4,8,0,0,4,0,2,6,1,3,0,0,0,0,6,0,2,1,0,2,0,8,3,0,0,0,0,0,8,0,4,3,5,6,0,0,0,6,8,1,0,7
151	10	0.001323	false	1,0,3,0,5,0,0,0,0,0,0,0,1,0,3,0,3,0,0,0,7,5,4,8,0,0,4,0,2,6,1,3,0,0,0,0,6,0,2,1,0,2,0,8,3,0,0,0,0,0,8,0,4,3,6,0,0,0,0,6,8,1,0,7
152	11	0.001332	false	1,0,3,0,5,0,0,0,0,0,0,0,1,0,3,0,3,0,0,0,7,5,4,8,0,0,4,0,2,6,1,3,0,0,0,0,6,0,2,1,0,2,0,8,3,0,0,0,0,0,8,0,4,3,6,2,0,0,0,6,8,1,0,7
153	12	0.001340	false	1,0,3,0,5,0,0,0,0,0,0,0,1,0,3,0,3,0,0,0,7,5,4,8,0,0,4,0,2,6,1,3,0,0,0,0,6,0,2,1,0,2,0,8,3,0,0,0,0,0,8,0,4,3,6,2,0,0,0,6,8,1,5,7
154	13	0.001348	false	1,0,3,0,5,0,7,0,0,0,0,0,1,0,3,0,3,0,0,0,7,5,4,8,0,0,4,0,2,6,1,3,0,0,0,0,6,0,2,1,0,2,0,8,3,0,0,0,0,0,8,0,4,3,6,2,0,0,0,6,8,1,5,7
155	13	0.001357	false	1,0,3,0,5,0,8,0,0,0,0,0,1,0,3,0,3,0,0,0,7,5,4,8,0,0,4,0,2,6,1,3,0,0,0,0,6,0,2,1,0,2,0,8,3,0,0,0,0,0,8,0,4,3,6,2,0,0,0,6,8,1,5,7
156	14	0.001367	false	1,0,3,0,5,0,8,0,0,0,0,0,1,0,3,0,3,0,0,0,7,5,4,8,0,0,4,0,2,6,1,3,0,0,0,0,6,0,2,1,0,2,0,8,3,0,7,0,0,0,8,0,4,3,6,2,0,0,0,6,8,1,5,7
157	15	0.001375	false	1,0,3,0,5,0,8,4,0,0,0,0,1,0,3,0,3,0,0,0,7,5,4,8,0,0,4,0,2,6,1,3,0,0,0,0,6,0,2,1,0,2,0,8,3,0,7,0,0,0,8,0,4,3,6,2,0,0,0,6,8,1,5,7
158	16	0.001385	false	1,0,3,0,5,0,8,4,0,0,0,0,1,0,3,6,3,0,0,0,7,5,4,8,0,0,4,0,2,6,1,3,0,0,0,0,6,0,2,1,0,2,0,8,3,0,7,0,0,0,8,0,4,3,6,2,0,0,0,6,8,1,5,7
159	17	0.001395	false	1,0,3,0,5,0,8,4,0,0,0,0,1,0,3,6,3,0,0,0,7,5,4,8,0,0,4,0,2,6,1,3,0,0,0,0,6,0,2,1,0,2,0,8,3,0,7,5,0,0,8,0,4,3,6,2,0,0,0,6,8,1,5,7
160	18	0.001404	false	1,0,3,0,5,2,8,4,0,0,0,0,1,0,3,6,3,0,0,0,7,5,4,8,0,0,4,0,2,6,1,3,0,0,0,0,6,0,2,1,0,2,0,8,3,0,7,5,0,0,8,0,4,3,6,2,0,0,0,6,8,1,5,7
161	19	0.001414	false	1,0,3,0,5,2,8,4,0,0,0,0,1,7,3,6,3,0,0,0,7,5,4,8,0,0,4,0,2,6,1,3,0,0,0,0,6,0,2,1,0,2,0,8,3,0,7,5,0,0,8,0,4,3,6,2,0,0,0,6,8,1,5,7
162	20	0.001423	false	1,0,3,0,5,2,8,4,0,0,0,0,1,7,3,6,3,0,0,0,7,5,4,8,0,0,4,0,2,6,1,3,0,0,0,0,6,4,2,1,0,2,0,8,3,0,7,5,0,0,8,0,4,3,6,2,0,0,0,6,8,1,5,7
163	20	0.001429	false	1,0,3,0,5,2,8,4,0,0,0,0,1,7,3,6,3,0,0,0,7,5,4,8,0,0,4,0,2,6,1,3,0,0,0,0,6,8,2,1,0,2,0,8,3,0,7,5,0,0,8,0,4,3,6,2,0,0,0,6,8,1,5,7
164	21	0.001433	false	1,0,3,0,5,2,8,4,0,0,0,0,1,7,3,6,3,0,0,0,7,5,4,8,0,0,4,0,2,6,1,3,0,0,0,0,6,8,2,1,0,2,0,8,3,4,7,5,0,0,8,0,4,3,6,2,0,0,0,6,8,1,5,7
165	22	0.001454	false	1,0,3,0,5,2,8,4,0,0,2,0,1,7,3,6,3,0,0,0,7,5,4,8,0,0,4,0,2,6,1,3,0,0,0,0,6,8,2,1,0,2,0,8,3,4,7,5,0,0,8,0,4,3,6,2,0,0,0,6,8,1,5,7
166	23	0.001461	false	1,0,3,0,5,2,8,4,0,0,2,0,1,7,3,6,3,0,1,0,7,5,4,8,0,0,4,0,2,6,1,3,0,0,0,0,6,8,2,1,0,2,0,8,3,4,7,5,0,0,8,0,4,3,6,2,0,0,0,6,8,1,5,7
167	24	0.001486	false	1,0,3,0,5,2,8,4,0,0,2,0,1,7,3,6,3,0,1,0,7,5,4,8,0,0,4,0,2,6,1,3,0,0,5,0,6,8,2,1,0,2,0,8,3,4,7,5,0,0,8,0,4,3,6,2,0,0,0,6,8,1,5,7
168	25	0.001533	false	1,0,3,0,5,2,8,4,0,0,2,0,1,7,3,6,3,0,1,0,7,5,4,8,0,0,4,0,2,6,1,3,0,0,5,0,6,8,2,1,0,2,6,8,3,4,7,5,0,0,8,0,4,3,6,2,0,0,0,6,8,1,5,7
169	24	0.001556	false	1,0,3,0,5,2,8,4,0,0,2,0,1,7,3,6,3,0,1,0,7,5,4,8,0,0,4,0,2,6,1,3,0,0,7,0,6,8,2,1,0,2,0,8,3,4,7,5,0,0,8,0,4,3,6,2,0,0,0,6,8,1,5,7
170	25	0.001592	false	1,0,3,0,5,2,8,4,0,0,2,0,1,7,3,6,3,0,1,0,7,5,4,8,0,0,4,0,2,6,1,3,0,0,7,0,6,8,2,1,0,2,6,8,3,4,7,5,0,0,8,0,4,3,6,2,0,0,0,6,8,1,5,7
171	23	0.001613	false	1,0,3,0,5,2,8,4,0,0,2,0,1,7,3,6,3,0,6,0,7,5,4,8,0,0,4,0,2,6,1,3,0,0,0,0,6,8,2,1,0,2,0,8,3,4,7,5,0,0,8,0,4,3,6,2,0,0,0,6,8,1,5,7
172	24	0.001654	false	1,0,3,0,5,2,8,4,0,0,2,0,1,7,3,6,3,0,6,0,7,5,4,8,0,0,4,0,2,6,1,3,0,0,5,0,6,8,2,1,0,2,0,8,3,4,7,5,0,0,8,0,4,3,6,2,0,0,0,6,8,1,5,7
173	25	0.001674	false	1,0,3,0,5,2,8,4,0,0,2,0,1,7,3,6,3,0,6,0,7,5,4,8,0,0,4,0,2,6,1,3,0,0,5,0,6,8,2,1,0,2,1,8,3,4,7,5,0,0,8,0,4,3,6,2,0,0,0,6,8,1,5,7
174	24	0.001716	false	1,0,3,0,5,2,8,4,0,0,2,0,1,7,3,6,3,0,6,0,7,5,4,8,0,0,4,0,2,6,1,3,0,0,7,0,6,8,2,1,0,2,0,8,3,4,7,5,0,0,8,0,4,3,6,2,0,0,0,6,8,1,5,7
175	25	0.001733	false	1,0,3,0,5,2,8,4,0,0,2,0,1,7,3,6,3,0,6,0,7,5,4,8,0,0,4,0,2,6,1,3,0,0,7,0,6,8,2,1,0,2,1,8,3,4,7,5,0,0,8,0,4,3,6,2,0,0,0,6,8,1,5,7
176	22	0.001774	false	1,0,3,0,5,2,8,4,0,0,5,0,1,7,3,6,3,0,0,0,7,5,4,8,0,0,4,0,2,6,1,3,0,0,0,0,6,8,2,1,0,2,0,8,3,4,7,5,0,0,8,0,4,3,6,2,0,0,0,6,8,1,5,7
177	23	0.001785	false	1,0,3,0,5,2,8,4,0,0,5,0,1,7,3,6,3,0,1,0,7,5,4,8,0,0,4,0,2,6,1,3,0,0,0,0,6,8,2,1,0,2,0,8,3,4,7,5,0,0,8,0,4,3,6,2,0,0,0,6,8,1,5,7
178	24	0.001802	false	1,0,3,0,5,2,8,4,0,0,5,0,1,7,3,6,3,0,1,0,7,5,4,8,0,0,4,0,2,6,1,3,0,0,7,0,6,8,2,1,0,2,0,8,3,4,7,5,0,0,8,0,4,3,6,2,0,0,0,6,8,1,5,7
179	25	0.001837	false	1,0,3,0,5,2,8,4,0,0,5,0,1,7,3,6,3,0,1,0,7,5,4,8,0,0,4,0,2,6,1,3,0,0,7,0,6,8,2,1,0,2,6,8,3,4,7,5,0,0,8,0,4,3,6,2,0,0,0,6,8,1,5,7
180	26	0.001855	false	1,0,3,0,5,2,8,4,0,0,5,0,1,7,3,6,3,0,1,0,7,5,4,8,0,0,4,0,2,6,1,3,0,0,7,0,6,8,2,1,0,2,6,8,3,4,7,5,0,0,8,0,4,3,6,2,0,0,2,6,8,1,5,7
181	27	0.001868	false	1,0,3,0,5,2,8,4,0,0,5,0,1,7,3,6,3,0,1,0,7,5,4,8,0,0,4,0,2,6,1,3,4,0,7,0,6,8,2,1,0,2,6,8,3,4,7,5,0,0,8,0,4,3,6,2,0,0,2,6,8,1,5,7
182	28	0.001873	false	1,0,3,0,5,2,8,4,0,0,5,0,1,7,3,6,3,0,1,0,7,5,4,8,0,0,4,0,2,6,1,3,4,3,7,0,6,8,2,1,0,2,6,8,3,4,7,5,0,0,8,0,4,3,6,2,0,0,2,6,8,1,5,7
183	29	0.001878	false	1,0,3,0,5,2,8,4,0,0,5,0,1,7,3,6,3,0,1,0,7,5,4,8,0,0,4,0,2,6,1,3,4,3,7,5,6,8,2,1,0,2,6,8,3,4,7,5,0,0,8,0,4,3,6,2,0,0,2,6,8,1,5,7
184	28	0.001885	false	1,0,3,0,5,2,8,4,0,0,5,0,1,7,3,6,3,0,1,0,7,5,4,8,0,0,4,0,2,6,1,3,4,5,7,0,6,8,2,1,0,2,6,8,3,4,7,5,0,0,8,0,4,3,6,2,0,0,2,6,8,1,5,7
185	29	0.001890	false	1,0,3,0,5,2,8,4,0,0,5,0,1,7,3,6,3,0,1,0,7,5,4,8,0,0,4,0,2,6,1,3,4,5,7,3,6,8,2,1,0,2,6,8,3,4,7,5,0,0,8,0,4,3,6,2,0,0,2,6,8,1,5,7
186	27	0.001899	false	1,0,3,0,5,2,8,4,0,0,5,0,1,7,3,6,3,0,1,0,7,5,4,8,0,0,4,0,2,6,1,3,5,0,7,0,6,8,2,1,0,2,6,8,3,4,7,5,0,0,8,0,4,3,6,2,0,0,2,6,8,1,5,7
187	28	0.001905	false	1,0,3,0,5,2,8,4,0,0,5,0,1,7,3,6,3,0,1,0,7,5,4,8,0,0,4,0,2,6,1,3,5,3,7,0,6,8,2,1,0,2,6,8,3,4,7,5,0,0,8,0,4,3,6,2,0,0,2,6,8,1,5,7
188	29	0.001910	false	1,0,3,0,5,2,8,4,0,0,5,0,1,7,3,6,3,0,1,0,7,5,4,8,0,0,4,0,2,6,1,3,5,3,7,4,6,8,2,1,0,2,6,8,3,4,7,5,0,0,8,0,4,3,6,2,0,0,2,6,8,1,5,7
189	28	0.001916	false	1,0,3,0,5,2,8,4,0,0,5,0,1,7,3,6,3,0,1,0,7,5,4,8,0,0,4,0,2,6,1,3,5,4,7,0,6,8,2,1,0,2,6,8,3,4,7,5,0,0,8,0,4,3,6,2,0,0,2,6,8,1,5,7
190	29	0.001921	false	1,0,3,0,5,2,8,4,0,0,5,0,1,7,3,6,3,0,1,0,7,5,4,8,0,0,4,0,2,6,1,3,5,4,7,3,6,8,2,1,0,2,6,8,3,4,7,5,0,0,8,0,4,3,6,2,0,0,2,6,8,1,5,7
191	23	0.001939	false	1,0,3,0,5,2,8,4,0,0,5,0,1,7,3,6,3,0,2,0,7,5,4,8,0,0,4,0,2,6,1,3,0,0,0,0,6,8,2,1,0,2,0,8,3,4,7,5,0,0,8,0,4,3,6,2,0,0,0,6,8,1,5,7
192	24	0.001983	false	1,0,3,0,5,2,8,4,0,0,5,0,1,7,3,6,3,0,2,0,7,5,4,8,0,0,4,0,2,6,1,3,0,0,7,0,6,8,2,1,0,2,0,8,3,4,7,5,0,0,8,0,4,3,6,2,0,0,0,6,8,1,5,7
193	25	0.002004	false	1,0,3,0,5,2,8,4,0,0,5,0,1,7,3,6,3,0,2,0,7,5,4,8,0,0,4,0,2,6,1,3,0,0,7,0,6,8,2,1,0,2,1,8,3,4,7,5,0,0,8,0,4,3,6,2,0,0,0,6,8,1,5,7
194	25	0.002030	false	1,0,3,0,5,2,8,4,0,0,5,0,1,7,3,6,3,0,2,0,7,5,4,8,0,0,4,0,2,6,1,3,0,0,7,0,6,8,2,1,0,2,6,8,3,4,7,5,0,0,8,0,4,3,6,2,0,0,0,6,8,1,5,7
195	23	0.002041	false	1,0,3,0,5,2,8,4,0,0,5,0,1,7,3,6,3,0,6,0,7,5,4,8,0,0,4,0,2,6,1,3,0,0,0,0,6,8,2,1,0,2,0,8,3,4,7,5,0,0,8,0,4,3,6,2,0,0,0,6,8,1,5,7
196	24	0.002059	false	1,0,3,0,5,2,8,4,0,0,5,0,1,7,3,6,3,0,6,0,7,5,4,8,0,0,4,0,2,6,1,3,0,0,7,0,6,8,2,1,0,2,0,8,3,4,7,5,0,0,8,0,4,3,6,2,0,0,0,6,8,1,5,7
197	25	0.002079	false	1,0,3,0,5,2,8,4,0,0,5,0,1,7,3,6,3,0,6,0,7,5,4,8,0,0,4,0,2,6,1,3,0,0,7,0,6,8,2,1,0,2,1,8,3,4,7,5,0,0,8,0,4,3,6,2,0,0,0,6,8,1,5,7
198	26	0.002095	false	1,0,3,0,5,2,8,4,0,0,5,0,1,7,3,6,3,0,6,0,7,5,4,8,0,0,4,0,2,6,1,3,0,0,7,0,6,8,2,1,0,2,1,8,3,4,7,5,0,0,8,0,4,3,6,2,0,0,2,6,8,1,5,7
199	27	0.002104	false	1,0,3,0,5,2,8,4,0,0,5,0,1,7,3,6,3,0,6,0,7,5,4,8,0,0,4,0,2,6,1,3,4,0,7,0,6,8,2,1,0,2,1,8,3,4,7,5,0,0,8,0,4,3,6,2,0,0,2,6,8,1,5,7
200	28	0.002109	false	1,0,3,0,5,2,8,4,0,0,5,0,1,7,3,6,3,0,6,0,7,5,4,8,0,0,4,0,2,6,1,3,4,3,7,0,6,8,2,1,0,2,1,8,3,4,7,5,0,0,8,0,4,3,6,2,0,0,2,6,8,1,5,7
201	29	0.002115	false	1,0,3,0,5,2,8,4,0,0,5,0,1,7,3,6,3,0,6,0,7,5,4,8,0,0,4,0,2,6,1,3,4,3,7,5,6,8,2,1,0,2,1,8,3,4,7,5,0,0,8,0,4,3,6,2,0,0,2,6,8,1,5,7
202	30	0.002120	false	1,0,3,0,5,2,8,4,0,0,5,0,1,7,3,6,3,0,6,0,7,5,4,8,0,0,4,0,2,6,1,3,4,3,7,5,6,8,2,1,6,2,1,8,3,4,7,5,0,0,8,0,4,3,6,2,0,0,2,6,8,1,5,7
203	31	0.002128	false	1,0,3,7,5,2,8,4,0,0,5,0,1,7,3,6,3,0,6,0,7,5,4,8,0,0,4,0,2,6,1,3,4,3,7,5,6,8,2,1,6,2,1,8,3,4,7,5,0,0,8,0,4,3,6,2,0,0,2,6,8,1,5,7
204	32	0.002135	false	1,0,3,7,5,2,8,4,0,0,5,2,1,7,3,6,3,0,6,0,7,5,4,8,0,0,4,0,2,6,1,3,4,3,7,5,6,8,2,1,6,2,1,8,3,4,7,5,0,0,8,0,4,3,6,2,0,0,2,6,8,1,5,7
205	33	0.002140	false	1,0,3,7,5,2,8,4,0,0,5,2,1,7,3,6,3,0,6,1,7,5,4,8,0,0,4,0,2,6,1,3,4,3,7,5,6,8,2,1,6,2,1,8,3,4,7,5,0,0,8,0,4,3,6,2,0,0,2,6,8,1,5,7
206	32	0.002148	false	1,0,3,7,5,2,8,4,0,0,5,4,1,7,3,6,3,0,6,0,7,5,4,8,0,0,4,0,2,6,1,3,4,3,7,5,6,8,2,1,6,2,1,8,3,4,7,5,0,0,8,0,4,3,6,2,0,0,2,6,8,1,5,7
207	33	0.002153	false	1,0,3,7,5,2,8,4,0,0,5,4,1,7,3,6,3,0,6,1,7,5,4,8,0,0,4,0,2,6,1,3,4,3,7,5,6,8,2,1,6,2,1,8,3,4,7,5,0,0,8,0,4,3,6,2,0,0,2,6,8,1,5,7
208	33	0.002160	false	1,0,3,7,5,2,8,4,0,0,5,4,1,7,3,6,3,0,6,2,7,5,4,8,0,0,4,0,2,6,1,3,4,3,7,5,6,8,2,1,6,2,1,8,3,4,7,5,0,0,8,0,4,3,6,2,0,0,2,6,8,1,5,7
209	28	0.002172	false	1,0,3,0,5,2,8,4,0,0,5,0,1,7,3,6,3,0,6,0,7,5,4,8,0,0,4,0,2,6,1,3,4,5,7,0,6,8,2,1,0,2,1,8,3,4,7,5,0,0,8,0,4,3,6,2,0,0,2,6,8,1,5,7
210	29	0.002178	false	1,0,3,0,5,2,8,4,0,0,5,0,1,7,3,6,3,0,6,0,7,5,4,8,0,0,4,0,2,6,1,3,4,5,7,3,6,8,2,1,0,2,1,8,3,4,7,5,0,0,8,0,4,3,6,2,0,0,2,6,8,1,5,7
211	30	0.002181	false	1,0,3,0,5,2,8,4,0,0,5,0,1,7,3,6,3,0,6,0,7,5,4,8,0,0,4,0,2,6,1,3,4,5,7,3,6,8,2,1,6,2,1,8,3,4,7,5,0,0,8,0,4,3,6,2,0,0,2,6,8,1,5,7
212	31	0.002185	false	1,0,3,7,5,2,8,4,0,0,5,0,1,7,3,6,3,0,6,0,7,5,4,8,0,0,4,0,2,6,1,3,4,5,7,3,6,8,2,1,6,2,1,8,3,4,7,5,0,0,8,0,4,3,6,2,0,0,2,6,8,1,5,7
213	32	0.002187	false	1,0,3,7,5,2,8,4,0,0,5,2,1,7,3,6,3,0,6,0,7,5,4,8,0,0,4,0,2,6,1,3,4,5,7,3,6,8,2,1,6,2,1,8,3,4,7,5,0,0,8,0,4,3,6,2,0,0,2,6,8,1,5,7
214	33	0.002190	false	1,0,3,7,5,2,8,4,0,0,5,2,1,7,3,6,3,0,6,1,7,5,4,8,0,0,4,0,2,6,1,3,4,5,7,3,6,8,2,1,6,2,1,8,3,4,7,5,0,0,8,0,4,3,6,2,0,0,2,6,8,1,5,7
215	34	0.002193	false	1,0,3,7,5,2,8,4,0,0,5,2,1,7,3,6,3,0,6,1,7,5,4,8,0,0,4,5,2,6,1,3,4,5,7,3,6,8,2,1,6,2,1,8,3,4,7,5,0,0,8,0,4,3,6,2,0,0,2,6,8,1,5,7
216	32	0.002199	false	1,0,3,7,5,2,8,4,0,0,5,4,1,7,3,6,3,0,6,0,7,5,4,8,0,0,4,0,2,6,1,3,4,5,7,3,6,8,2,1,6,2,1,8,3,4,7,5,0,0,8,0,4,3,6,2,0,0,2,6,8,1,5,7
217	33	0.002202	false	1,0,3,7,5,2,8,4,0,0,5,4,1,7,3,6,3,0,6,1,7,5,4,8,0,0,4,0,2,6,1,3,4,5,7,3,6,8,2,1,6,2,1,8,3,4,7,5,0,0,8,0,4,3,6,2,0,0,2,6,8,1,5,7
218	34	0.002205	false	1,0,3,7,5,2,8,4,0,0,5,4,1,7,3,6,3,0,6,1,7,5,4,8,0,0,4,5,2,6,1,3,4,5,7,3,6,8,2,1,6,2,1,8,3,4,7,5,0,0,8,0,4,3,6,2,0,0,2,6,8,1,5,7
219	33	0.002256	false	1,0,3,7,5,2,8,4,0,0,5,4,1,7,3,6,3,0,6,2,7,5,4,8,0,0,4,0,2,6,1,3,4,5,7,3,6,8,2,1,6,2,1,8,3,4,7,5,0,0,8,0,4,3,6,2,0,0,2,6,8,1,5,7
220	34	0.002266	false	1,0,3,7,5,2,8,4,0,0,5,4,1,7,3,6,3,0,6,2,7,5,4,8,0,0,4,5,2,6,1,3,4,5,7,3,6,8,2,1,6,2,1,8,3,4,7,5,0,0,8,0,4,3,6,2,0,0,2,6,8,1,5,7
221	35	0.002271	false	1,0,3,7,5,2,8,4,0,0,5,4,1,7,3,6,3,0,6,2,7,5,4,8,0,0,4,5,2,6,1,3,4,5,7,3,6,8,2,1,6,2,1,8,3,4,7,5,0,0,8,1,4,3,6,2,0,0,2,6,8,1,5,7
222	36	0.002274	false	1,6,3,7,5,2,8,4,0,0,5,4,1,7,3,6,3,0,6,2,7,5,4,8,0,0,4,5,2,6,1,3,4,5,7,3,6,8,2,1,6,2,1,8,3,4,7,5,0,0,8,1,4,3,6,2,0,0,2,6,8,1,5,7
223	37	0.002277	false	1,6,3,7,5,2,8,4,2,0,5,4,1,7,3,6,3,0,6,2,7,5,4,8,0,0,4,5,2,6,1,3,4,5,7,3,6,8,2,1,6,2,1,8,3,4,7,5,0,0,8,1,4,3,6,2,0,0,2,6,8,1,5,7
224	38	0.002280	false	1,6,3,7,5,2,8,4,2,8,5,4,1,7,3,6,3,0,6,2,7,5,4,8,0,0,4,5,2,6,1,3,4,5,7,3,6,8,2,1,6,2,1,8,3,4,7,5,0,0,8,1,4,3,6,2,0,0,2,6,8,1,5,7
225	39	0.002283	false	1,6,3,7,5,2,8,4,2,8,5,4,1,7,3,6,3,1,6,2,7,5,4,8,0,0,4,5,2,6,1,3,4,5,7,3,6,8,2,1,6,2,1,8,3,4,7,5,0,0,8,1,4,3,6,2,0,0,2,6,8,1,5,7
226	40	0.002287	false	1,6,3,7,5,2,8,4,2,8,5,4,1,7,3,6,3,1,6,2,7,5,4,8,0,7,4,5,2,6,1,3,4,5,7,3,6,8,2,1,6,2,1,8,3,4,7,5,0,0,8,1,4,3,6,2,0,0,2,6,8,1,5,7
227	37	0.002297	false	1,6,3,7,5,2,8,4,8,0,5,4,1,7,3,6,3,0,6,2,7,5,4,8,0,0,4,5,2,6,1,3,4,5,7,3,6,8,2,1,6,2,1,8,3,4,7,5,0,0,8,1,4,3,6,2,0,0,2,6,8,1,5,7
228	27	0.002314	false	1,0,3,0,5,2,8,4,0,0,5,0,1,7,3,6,3,0,6,0,7,5,4,8,0,0,4,0,2,6,1,3,5,0,7,0,6,8,2,1,0,2,1,8,3,4,7,5,0,0,8,0,4,3,6,2,0,0,2,6,8,1,5,7
229	28	0.002320	false	1,0,3,0,5,2,8,4,0,0,5,0,1,7,3,6,3,0,6,0,7,5,4,8,0,0,4,0,2,6,1,3,5,3,7,0,6,8,2,1,0,2,1,8,3,4,7,5,0,0,8,0,4,3,6,2,0,0,2,6,8,1,5,7
230	29	0.002325	false	1,0,3,0,5,2,8,4,0,0,5,0,1,7,3,6,3,0,6,0,7,5,4,8,0,0,4,0,2,6,1,3,5,3,7,4,6,8,2,1,0,2,1,8,3,4,7,5,0,0,8,0,4,3,6,2,0,0,2,6,8,1,5,7
231	30	0.002331	false	1,0,3,0,5,2,8,4,0,0,5,0,1,7,3,6,3,0,6,0,7,5,4,8,0,0,4,0,2,6,1,3,5,3,7,4,6,8,2,1,6,2,1,8,3,4,7,5,0,0,8,0,4,3,6,2,0,0,2,6,8,1,5,7
232	31	0.002336	false	1,0,3,7,5,2,8,4,0,0,5,0,1,7,3,6,3,0,6,0,7,5,4,8,0,0,4,0,2,6,1,3,5,3,7,4,6,8,2,1,6,2,1,8,3,4,7,5,0,0,8,0,4,3,6,2,0,0,2,6,8,1,5,7
233	32	0.002341	false	1,0,3,7,5,2,8,4,0,0,5,2,1,7,3,6,3,0,6,0,7,5,4,8,0,0,4,0,2,6,1,3,5,3,7,4,6,8,2,1,6,2,1,8,3,4,7,5,0,0,8,0,4,3,6,2,0,0,2,6,8,1,5,7
234	33	0.002347	false	1,0,3,7,5,2,8,4,0,0,5,2,1,7,3,6,3,0,6,1,7,5,4,8,0,0,4,0,2,6,1,3,5,3,7,4,6,8,2,1,6,2,1,8,3,4,7,5,0,0,8,0,4,3,6,2,0,0,2,6,8,1,5,7
235	34	0.002352	false	1,0,3,7,5,2,8,4,0,0,5,2,1,7,3,6,3,0,6,1,7,5,4,8,0,0,4,5,2,6,1,3,5,3,7,4,6,8,2,1,6,2,1,8,3,4,7,5,0,0,8,0,4,3,6,2,0,0,2,6,8,1,5,7
236	28	0.002362	false	1,0,3,0,5,2,8,4,0,0,5,0,1,7,3,6,3,0,6,0,7,5,4,8,0,0,4,0,2,6,1,3,5,4,7,0,6,8,2,1,0,2,1,8,3,4,7,5,0,0,8,0,4,3,6,2,0,0,2,6,8,1,5,7
237	29	0.002375	false	1,0,3,0,5,2,8,4,0,0,5,0,1,7,3,6,3,0,6,0,7,5,4,8,0,0,4,0,2,6,1,3,5,4,7,3,6,8,2,1,0,2,1,8,3,4,7,5,0,0,8,0,4,3,6,2,0,0,2,6,8,1,5,7
238	30	0.002381	false	1,0,3,0,5,2,8,4,0,0,5,0,1,7,3,6,3,0,6,0,7,5,4,8,0,0,4,0,2,6,1,3,5,4,7,3,6,8,2,1,6,2,1,8,3,4,7,5,0,0,8,0,4,3,6,2,0,0,2,6,8,1,5,7
239	31	0.002389	false	1,0,3,7,5,2,8,4,0,0,5,0,1,7,3,6,3,0,6,0,7,5,4,8,0,0,4,0,2,6,1,3,5,4,7,3,6,8,2,1,6,2,1,8,3,4,7,5,0,0,8,0,4,3,6,2,0,0,2,6,8,1,5,7
240	32	0.002394	false	1,0,3,7,5,2,8,4,0,0,5,2,1,7,3,6,3,0,6,0,7,5,4,8,0,0,4,0,2,6,1,3,5,4,7,3,6,8,2,1,6,2,1,8,3,4,7,5,0,0,8,0,4,3,6,2,0,0,2,6,8,1,5,7
241	33	0.002399	false	1,0,3,7,5,2,8,4,0,0,5,2,1,7,3,6,3,0,6,1,7,5,4,8,0,0,4,0,2,6,1,3,5,4,7,3,6,8,2,1,6,2,1,8,3,4,7,5,0,0,8,0,4,3,6,2,0,0,2,6,8,1,5,7
242	34	0.002405	false	1,0,3,7,5,2,8,4,0,0,5,2,1,7,3,6,3,0,6,1,7,5,4,8,0,0,4,5,2,6,1,3,5,4,7,3,6,8,2,1,6,2,1,8,3,4,7,5,0,0,8,0,4,3,6,2,0,0,2,6,8,1,5,7
243	32	0.002412	false	1,0,3,7,5,2,8,4,0,0,5,4,1,7,3,6,3,0,6,0,7,5,4,8,0,0,4,0,2,6,1,3,5,4,7,3,6,8,2,1,6,2,1,8,3,4,7,5,0,0,8,0,4,3,6,2,0,0,2,6,8,1,5,7
244	33	0.002418	false	1,0,3,7,5,2,8,4,0,0,5,4,1,7,3,6,3,0,6,1,7,5,4,8,0,0,4,0,2,6,1,3,5,4,7,3,6,8,2,1,6,2,1,8,3,4,7,5,0,0,8,0,4,3,6,2,0,0,2,6,8,1,5,7
245	34	0.002423	false	1,0,3,7,5,2,8,4,0,0,5,4,1,7,3,6,3,0,6,1,7,5,4,8,0,0,4,5,2,6,1,3,5,4,7,3,6,8,2,1,6,2,1,8,3,4,7,5,0,0,8,0,4,3,6,2,0,0,2,6,8,1,5,7
246	33	0.002503	false	1,0,3,7,5,2,8,4,0,0,5,4,1,7,3,6,3,0,6,2,7,5,4,8,0,0,4,0,2,6,1,3,5,4,7,3,6,8,2,1,6,2,1,8,3,4,7,5,0,0,8,0,4,3,6,2,0,0,2,6,8,1,5,7
247	34	0.002515	false	1,0,3,7,5,2,8,4,0,0,5,4,1,7,3,6,3,0,6,2,7,5,4,8,0,0,4,5,2,6,1,3,5,4,7,3,6,8,2,1,6,2,1,8,3,4,7,5,0,0,8,0,4,3,6,2,0,0,2,6,8,1,5,7
248	35	0.002524	false	1,0,3,7,5,2,8,4,0,0,5,4,1,7,3,6,3,0,6,2,7,5,4,8,0,0,4,5,2,6,1,3,5,4,7,3,6,8,2,1,6,2,1,8,3,4,7,5,0,0,8,1,4,3,6,2,0,0,2,6,8,1,5,7
249	36	0.002531	false	1,6,3,7,5,2,8,4,0,0,5,4,1,7,3,6,3,0,6,2,7,5,4,8,0,0,4,5,2,6,1,3,5,4,7,3,6,8,2,1,6,2,1,8,3,4,7,5,0,0,8,1,4,3,6,2,0,0,2,6,8,1,5,7
250	37	0.002537	false	1,6,3,7,5,2,8,4,2,0,5,4,1,7,3,6,3,0,6,2,7,5,4,8,0,0,4,5,2,6,1,3,5,4,7,3,6,8,2,1,6,2,1,8,3,4,7,5,0,0,8,1,4,3,6,2,0,0,2,6,8,1,5,7
251	38	0.002543	false	1,6,3,7,5,2,8,4,2,8,5,4,1,7,3,6,3,0,6,2,7,5,4,8,0,0,4,5,2,6,1,3,5,4,7,3,6,8,2,1,6,2,1,8,3,4,7,5,0,0,8,1,4,3,6,2,0,0,2,6,8,1,5,7
252	39	0.002550	false	1,6,3,7,5,2,8,4,2,8,5,4,1,7,3,6,3,1,6,2,7,5,4,8,0,0,4,5,2,6,1,3,5,4,7,3,6,8,2,1,6,2,1,8,3,4,7,5,0,0,8,1,4,3,6,2,0,0,2,6,8,1,5,7
253	40	0.002556	false	1,6,3,7,5,2,8,4,2,8,5,4,1,7,3,6,3,1,6,2,7,5,4,8,7,0,4,5,2,6,1,3,5,4,7,3,6,8,2,1,6,2,1,8,3,4,7,5,0,0,8,1,4,3,6,2,0,0,2,6,8,1,5,7
254	40	0.002562	false	1,6,3,7,5,2,8,4,2,8,5,4,1,7,3,6,3,1,6,2,7,5,4,8,8,0,4,5,2,6,1,3,5,4,7,3,6,8,2,1,6,2,1,8,3,4,7,5,0,0,8,1,4,3,6,2,0,0,2,6,8,1,5,7
255	41	0.002568	false	1,6,3,7,5,2,8,4,2,8,5,4,1,7,3,6,3,1,6,2,7,5,4,8,8,7,4,5,2,6,1,3,5,4,7,3,6,8,2,1,6,2,1,8,3,4,7,5,0,0,8,1,4,3,6,2,0,0,2,6,8,1,5,7
256	42	0.002574	false	1,6,3,7,5,2,8,4,2,8,5,4,1,7,3,6,3,1,6,2,7,5,4,8,8,7,4,5,2,6,1,3,5,4,7,3,6,8,2,1,6,2,1,8,3,4,7,5,0,5,8,1,4,3,6,2,0,0,2,6,8,1,5,7
257	43	0.002579	false	1,6,3,7,5,2,8,4,2,8,5,4,1,7,3,6,3,1,6,2,7,5,4,8,8,7,4,5,2,6,1,3,5,4,7,3,6,8,2,1,6,2,1,8,3,4,7,5,0,5,8,1,4,3,6,2,0,3,2,6,8,1,5,7
258	44	0.002585	false	1,6,3,7,5,2,8,4,2,8,5,4,1,7,3,6,3,1,6,2,7,5,4,8,8,7,4,5,2,6,1,3,5,4,7,3,6,8,2,1,6,2,1,8,3,4,7,5,7,5,8,1,4,3,6,2,0,3,2,6,8,1,5,7
259	45	0.002607	true	1,6,3,7,5,2,8,4,2,8,5,4,1,7,3,6,3,1,6,2,7,5,4,8,8,7,4,5,2,6,1,3,5,4,7,3,6,8,2,1,6,2,1,8,3,4,7,5,7,5,8,1,4,3,6,2,4,3,2,6,8,1,5,7
