1	0	0.001144	false	1,0,3,0,5,0,0,0,0,0,0,0,0,0,3,0,3,0,0,0,7,5,0,8,0,0,4,0,0,0,0,0,0,0,0,0,6,0,2,1,0,2,0,8,0,0,0,0,0,0,8,0,0,3,0,0,0,0,0,6,0,1,0,7
2	1	0.001196	false	1,0,3,0,5,0,0,0,0,0,0,0,0,0,3,0,3,0,0,0,7,5,1,8,0,0,4,0,0,0,0,0,0,0,0,0,6,0,2,1,0,2,0,8,0,0,0,0,0,0,8,0,0,3,0,0,0,0,0,6,0,1,0,7
3	2	0.001206	false	1,0,3,0,5,0,0,0,0,0,0,0,0,0,3,0,3,0,0,0,7,5,1,8,0,0,4,0,2,0,0,0,0,0,0,0,6,0,2,1,0,2,0,8,0,0,0,0,0,0,8,0,0,3,0,0,0,0,0,6,0,1,0,7
4	3	0.001218	false	1,0,3,0,5,0,0,0,0,0,0,0,0,0,3,0,3,0,0,0,7,5,1,8,0,0,4,0,2,6,0,0,0,0,0,0,6,0,2,1,0,2,0,8,0,0,0,0,0,0,8,0,0,3,0,0,0,0,0,6,0,1,0,7
5	2	0.001230	false	1,0,3,0,5,0,0,0,0,0,0,0,0,0,3,0,3,0,0,0,7,5,1,8,0,0,4,0,3,0,0,0,0,0,0,0,6,0,2,1,0,2,0,8,0,0,0,0,0,0,8,0,0,3,0,0,0,0,0,6,0,1,0,7
6	1	0.001543	false	1,0,3,0,5,0,0,0,0,0,0,0,0,0,3,0,3,0,0,0,7,5,4,8,0,0,4,0,0,0,0,0,0,0,0,0,6,0,2,1,0,2,0,8,0,0,0,0,0,0,8,0,0,3,0,0,0,0,0,6,0,1,0,7
7	2	0.001558	false	1,0,3,0,5,0,0,0,0,0,0,0,0,0,3,0,3,0,0,0,7,5,4,8,0,0,4,0,1,0,0,0,0,0,0,0,6,0,2,1,0,2,0,8,0,0,0,0,0,0,8,0,0,3,0,0,0,0,0,6,0,1,0,7
8	3	0.001570	false	1,0,3,0,5,0,0,0,0,0,0,0,0,0,3,0,3,0,0,0,7,5,4,8,0,0,4,0,1,2,0,0,0,0,0,0,6,0,2,1,0,2,0,8,0,0,0,0,0,0,8,0,0,3,0,0,0,0,0,6,0,1,0,7
9	4	0.001580	false	1,0,3,0,5,0,0,0,0,0,0,0,0,0,3,0,3,0,0,0,7,5,4,8,0,0,4,0,1,2,6,0,0,0,0,0,6,0,2,1,0,2,0,8,0,0,0,0,0,0,8,0,0,3,0,0,0,0,0,6,0,1,0,7
10	5	0.001590	false	1,0,3,0,5,0,0,0,0,0,0,0,0,0,3,0,3,0,0,0,7,5,4,8,0,0,4,0,1,2,6,3,0,0,0,0,6,0,2,1,0,2,0,8,0,0,0,0,0,0,8,0,0,3,0,0,0,0,0,6,0,1,0,7
11	6	0.001620	false	1,0,3,0,5,0,0,6,0,0,0,0,0,0,3,0,3,0,0,0,7,5,4,8,0,0,4,0,1,2,6,3,0,0,0,0,6,0,2,1,0,2,0,8,0,0,0,0,0,0,8,0,0,3,0,0,0,0,0,6,0,1,0,7
12	7	0.001631	false	1,0,3,0,5,0,0,6,0,0,0,0,0,0,3,2,3,0,0,0,7,5,4,8,0,0,4,0,1,2,6,3,0,0,0,0,6,0,2,1,0,2,0,8,0,0,0,0,0,0,8,0,0,3,0,0,0,0,0,6,0,1,0,7
13	8	0.001638	false	1,0,3,0,5,0,0,6,0,0,0,0,0,0,3,2,3,0,0,0,7,5,4,8,0,0,4,0,1,2,6,3,0,0,0,0,6,0,2,1,0,2,0,8,0,0,0,4,0,0,8,0,0,3,0,0,0,0,0,6,0,1,0,7
14	9	0.001654	false	1,0,3,0,5,0,0,6,0,0,0,0,0,0,3,2,3,0,0,0,7,5,4,8,0,0,4,0,1,2,6,3,0,0,0,0,6,0,2,1,0,2,0,8,0,0,0,4,0,0,8,0,0,3,0,5,0,0,0,6,0,1,0,7
15	10	0.001667	false	1,0,3,0,5,0,0,6,0,0,0,0,4,0,3,2,3,0,0,0,7,5,4,8,0,0,4,0,1,2,6,3,0,0,0,0,6,0,2,1,0,2,0,8,0,0,0,4,0,0,8,0,0,3,0,5,0,0,0,6,0,1,0,7
16	11	0.001681	false	1,0,3,0,5,0,0,6,0,0,0,0,4,0,3,2,3,0,0,0,7,5,4,8,0,0,4,0,1,2,6,3,0,0,0,0,6,0,2,1,0,2,0,8,3,0,0,4,0,0,8,0,0,3,0,5,0,0,0,6,0,1,0,7
17	12	0.001690	false	1,0,3,0,5,0,0,6,0,0,0,0,4,0,3,2,3,0,0,0,7,5,4,8,0,0,4,0,1,2,6,3,0,0,0,0,6,0,2,1,0,2,0,8,3,0,0,4,0,0,8,0,2,3,0,5,0,0,0,6,0,1,0,7
18	13	0.001698	false	1,0,3,0,5,0,0,6,0,0,0,0,4,0,3,2,3,0,0,0,7,5,4,8,0,0,4,0,1,2,6,3,0,0,0,0,6,0,2,1,0,2,0,8,3,0,0,4,0,0,8,0,2,3,0,5,0,0,0,6,8,1,0,7
19	10	0.001710	false	1,0,3,0,5,0,0,6,0,0,0,0,8,0,3,2,3,0,0,0,7,5,4,8,0,0,4,0,1,2,6,3,0,0,0,0,6,0,2,1,0,2,0,8,0,0,0,4,0,0,8,0,0,3,0,5,0,0,0,6,0,1,0,7
20	11	0.001718	false	1,0,3,0,5,0,0,6,0,0,0,0,8,0,3,2,3,0,0,0,7,5,4,8,0,0,4,0,1,2,6,3,0,0,0,0,6,0,2,1,0,2,0,8,3,0,0,4,0,0,8,0,0,3,0,5,0,0,0,6,0,1,0,7
21	12	0.001821	false	1,0,3,0,5,0,0,6,0,0,0,0,8,0,3,2,3,0,0,0,7,5,4,8,0,0,4,0,1,2,6,3,0,0,0,0,6,0,2,1,0,2,0,8,3,0,0,4,0,0,8,0,2,3,0,5,0,0,0,6,0,1,0,7
22	13	0.001834	false	1,0,3,0,5,0,0,6,0,0,0,0,8,0,3,2,3,0,0,0,7,5,4,8,0,0,4,0,1,2,6,3,0,0,0,0,6,0,2,1,0,2,0,8,3,0,0,4,0,0,8,0,2,3,0,5,0,0,0,6,4,1,0,7
23	14	0.001845	false	1,0,3,0,5,4,0,6,0,0,0,0,8,0,3,2,3,0,0,0,7,5,4,8,0,0,4,0,1,2,6,3,0,0,0,0,6,0,2,1,0,2,0,8,3,0,0,4,0,0,8,0,2,3,0,5,0,0,0,6,4,1,0,7
24	15	0.001870	false	1,0,3,0,5,4,7,6,0,0,0,0,8,0,3,2,3,0,0,0,7,5,4,8,0,0,4,0,1,2,6,3,0,0,0,0,6,0,2,1,0,2,0,8,3,0,0,4,0,0,8,0,2,3,0,5,0,0,0,6,4,1,0,7
25	14	0.001912	false	1,0,3,0,5,7,0,6,0,0,0,0,8,0,3,2,3,0,0,0,7,5,4,8,0,0,4,0,1,2,6,3,0,0,0,0,6,0,2,1,0,2,0,8,3,0,0,4,0,0,8,0,2,3,0,5,0,0,0,6,4,1,0,7
26	12	0.001930	false	1,0,3,0,5,0,0,6,0,0,0,0,8,0,3,2,3,0,0,0,7,5,4,8,0,0,4,0,1,2,6,3,0,0,0,0,6,0,2,1,0,2,0,8,3,0,0,4,0,0,8,0,4,3,0,5,0,0,0,6,0,1,0,7
27	13	0.001935	false	1,0,3,0,5,0,0,6,0,0,0,0,8,0,3,2,3,0,0,0,7,5,4,8,0,0,4,0,1,2,6,3,0,0,0,0,6,0,2,1,0,2,0,8,3,0,0,4,0,0,8,0,4,3,0,5,0,0,0,6,2,1,0,7
28	14	0.001941	false	1,0,3,0,5,4,0,6,0,0,0,0,8,0,3,2,3,0,0,0,7,5,4,8,0,0,4,0,1,2,6,3,0,0,0,0,6,0,2,1,0,2,0,8,3,0,0,4,0,0,8,0,4,3,0,5,0,0,0,6,2,1,0,7
29	15	0.002082	false	1,0,3,0,5,4,7,6,0,0,0,0,8,0,3,2,3,0,0,0,7,5,4,8,0,0,4,0,1,2,6,3,0,0,0,0,6,0,2,1,0,2,0,8,3,0,0,4,0,0,8,0,4,3,0,5,0,0,0,6,2,1,0,7
30	14	0.002128	false	1,0,3,0,5,7,0,6,0,0,0,0,8,0,3,2,3,0,0,0,7,5,4,8,0,0,4,0,1,2,6,3,0,0,0,0,6,0,2,1,0,2,0,8,3,0,0,4,0,0,8,0,4,3,0,5,0,0,0,6,2,1,0,7
31	8	0.002152	false	1,0,3,0,5,0,0,6,0,0,0,0,0,0,3,2,3,0,0,0,7,5,4,8,0,0,4,0,1,2,6,3,0,0,0,0,6,0,2,1,0,2,0,8,0,0,0,5,0,0,8,0,0,3,0,0,0,0,0,6,0,1,0,7
32	9	0.002165	false	1,0,3,0,5,0,0,6,0,0,0,0,0,0,3,2,3,0,0,0,7,5,4,8,0,0,4,0,1,2,6,3,0,0,0,0,6,0,2,1,0,2,0,8,0,0,0,5,0,0,8,0,0,3,0,4,0,0,0,6,0,1,0,7
33	10	0.002176	false	1,0,3,0,5,0,0,6,0,0,0,0,4,0,3,2,3,0,0,0,7,5,4,8,0,0,4,0,1,2,6,3,0,0,0,0,6,0,2,1,0,2,0,8,0,0,0,5,0,0,8,0,0,3,0,4,0,0,0,6,0,1,0,7
34	11	0.002239	false	1,0,3,0,5,0,0,6,0,0,0,0,4,0,3,2,3,0,0,0,7,5,4,8,0,0,4,0,1,2,6,3,0,0,0,0,6,0,2,1,0,2,0,8,3,0,0,5,0,0,8,0,0,3,0,4,0,0,0,6,0,1,0,7
35	12	0.002248	false	1,0,3,0,5,0,0,6,0,0,0,0,4,0,3,2,3,0,0,0,7,5,4,8,0,0,4,0,1,2,6,3,0,0,0,0,6,0,2,1,0,2,0,8,3,0,0,5,0,0,8,0,2,3,0,4,0,0,0,6,0,1,0,7
36	13	0.002257	false	1,0,3,0,5,0,0,6,0,0,0,0,4,0,3,2,3,0,0,0,7,5,4,8,0,0,4,0,1,2,6,3,0,0,0,0,6,0,2,1,0,2,0,8,3,0,0,5,0,0,8,0,2,3,0,4,0,0,0,6,8,1,0,7
37	14	0.002273	false	1,0,3,0,5,0,0,6,0,0,0,0,4,0,3,2,3,0,0,0,7,5,4,8,0,0,4,0,1,2,6,3,0,0,0,0,6,0,2,1,0,2,0,8,3,0,0,5,0,0,8,0,2,3,5,4,0,0,0,6,8,1,0,7
38	10	0.002290	false	1,0,3,0,5,0,0,6,0,0,0,0,8,0,3,2,3,0,0,0,7,5,4,8,0,0,4,0,1,2,6,3,0,0,0,0,6,0,2,1,0,2,0,8,0,0,0,5,0,0,8,0,0,3,0,4,0,0,0,6,0,1,0,7
39	11	0.002301	false	1,0,3,0,5,0,0,6,0,0,0,0,8,0,3,2,3,0,0,0,7,5,4,8,0,0,4,0,1,2,6,3,0,0,0,0,6,0,2,1,0,2,0,8,3,0,0,5,0,0,8,0,0,3,0,4,0,0,0,6,0,1,0,7
40	12	0.002330	false	1,0,3,0,5,0,0,6,0,0,0,0,8,0,3,2,3,0,0,0,7,5,4,8,0,0,4,0,1,2,6,3,0,0,0,0,6,0,2,1,0,2,0,8,3,0,0,5,0,0,8,0,2,3,0,4,0,0,0,6,0,1,0,7
41	3	0.002364	false	1,0,3,0,5,0,0,0,0,0,0,0,0,0,3,0,3,0,0,0,7,5,4,8,0,0,4,0,1,6,0,0,0,0,0,0,6,0,2,1,0,2,0,8,0,0,0,0,0,0,8,0,0,3,0,0,0,0,0,6,0,1,0,7
42	2	0.002377	false	1,0,3,0,5,0,0,0,0,0,0,0,0,0,3,0,3,0,0,0,7,5,4,8,0,0,4,0,2,0,0,0,0,0,0,0,6,0,2,1,0,2,0,8,0,0,0,0,0,0,8,0,0,3,0,0,0,0,0,6,0,1,0,7
43	3	0.002387	false	1,0,3,0,5,0,0,0,0,0,0,0,0,0,3,0,3,0,0,0,7,5,4,8,0,0,4,0,2,6,0,0,0,0,0,0,6,0,2,1,0,2,0,8,0,0,0,0,0,0,8,0,0,3,0,0,0,0,0,6,0,1,0,7
44	4	0.002394	false	1,0,3,0,5,0,0,0,0,0,0,0,0,0,3,0,3,0,0,0,7,5,4,8,0,0,4,0,2,6,1,0,0,0,0,0,6,0,2,1,0,2,0,8,0,0,0,0,0,0,8,0,0,3,0,0,0,0,0,6,0,1,0,7
45	5	0.002402	false	1,0,3,0,5,0,0,0,0,0,0,0,0,0,3,0,3,0,0,0,7,5,4,8,0,0,4,0,2,6,1,3,0,0,0,0,6,0,2,1,0,2,0,8,0,0,0,0,0,0,8,0,0,3,0,0,0,0,0,6,0,1,0,7
46	6	0.002414	false	1,0,3,0,5,0,0,0,0,0,0,0,1,0,3,0,3,0,0,0,7,5,4,8,0,0,4,0,2,6,1,3,0,0,0,0,6,0,2,1,0,2,0,8,0,0,0,0,0,0,8,0,0,3,0,0,0,0,0,6,0,1,0,7
47	7	0.002422	false	1,0,3,0,5,0,0,0,0,0,0,0,1,0,3,0,3,0,0,0,7,5,4,8,0,0,4,0,2,6,1,3,0,0,0,0,6,0,2,1,0,2,0,8,3,0,0,0,0,0,8,0,0,3,0,0,0,0,0,6,0,1,0,7
48	8	0.002429	false	1,0,3,0,5,0,0,0,0,0,0,0,1,0,3,0,3,0,0,0,7,5,4,8,0,0,4,0,2,6,1,3,0,0,0,0,6,0,2,1,0,2,0,8,3,0,0,0,0,0,8,0,4,3,0,0,0,0,0,6,0,1,0,7
49	9	0.002440	false	1,0,3,0,5,0,0,0,0,0,0,0,1,0,3,0,3,0,0,0,7,5,4,8,0,0,4,0,2,6,1,3,0,0,0,0,6,0,2,1,0,2,0,8,3,0,0,0,0,0,8,0,4,3,0,0,0,0,0,6,8,1,0,7
50	10	0.002451	false	1,0,3,0,5,0,0,0,0,0,0,0,1,0,3,0,3,0,0,0,7,5,4,8,0,0,4,0,2,6,1,3,0,0,0,0,6,0,2,1,0,2,0,8,3,0,0,0,0,0,8,0,4,3,5,0,0,0,0,6,8,1,0,7
51	11	0.002464	false	1,0,3,0,5,0,0,0,0,0,0,0,1,0,3,0,3,0,0,0,7,5,4,8,0,0,4,0,2,6,1,3,0,0,0,0,6,0,2,1,0,2,0,8,3,0,0,0,0,0,8,0,4,3,5,2,0,0,0,6,8,1,0,7
52	11	0.002474	false	1,0,3,0,5,0,0,0,0,0,0,0,1,0,3,0,3,0,0,0,7,5,4,8,0,0,4,0,2,6,1,3,0,0,0,0,6,0,2,1,0,2,0,8,3,0,0,0,0,0,8,0,4,3,5,6,0,0,0,6,8,1,0,7
53	10	0.002482	false	1,0,3,0,5,0,0,0,0,0,0,0,1,0,3,0,3,0,0,0,7,5,4,8,0,0,4,0,2,6,1,3,0,0,0,0,6,0,2,1,0,2,0,8,3,0,0,0,0,0,8,0,4,3,6,0,0,0,0,6,8,1,0,7
54	11	0.002530	false	1,0,3,0,5,0,0,0,0,0,0,0,1,0,3,0,3,0,0,0,7,5,4,8,0,0,4,0,2,6,1,3,0,0,0,0,6,0,2,1,0,2,0,8,3,0,0,0,0,0,8,0,4,3,6,2,0,0,0,6,8,1,0,7
55	12	0.002538	false	1,0,3,0,5,0,0,0,0,0,0,0,1,0,3,0,3,0,0,0,7,5,4,8,0,0,4,0,2,6,1,3,0,0,0,0,6,0,2,1,0,2,0,8,3,0,0,0,0,0,8,0,4,3,6,2,0,0,0,6,8,1,5,7
56	11	0.002612	false	1,0,3,0,5,0,0,0,0,0,0,0,1,0,3,0,3,0,0,0,7,5,4,8,0,0,4,0,2,6,1,3,0,0,0,0,6,0,2,1,0,2,0,8,3,0,0,0,0,0,8,0,4,3,6,5,0,0,0,6,8,1,0,7
57	7	0.002623	false	1,0,3,0,5,0,0,0,0,0,0,0,1,0,3,0,3,0,0,0,7,5,4,8,0,0,4,0,2,6,1,3,0,0,0,0,6,0,2,1,0,2,0,8,4,0,0,0,0,0,8,0,0,3,0,0,0,0,0,6,0,1,0,7
58	6	0.002631	false	1,0,3,0,5,0,0,0,0,0,0,0,4,0,3,0,3,0,0,0,7,5,4,8,0,0,4,0,2,6,1,3,0,0,0,0,6,0,2,1,0,2,0,8,0,0,0,0,0,0,8,0,0,3,0,0,0,0,0,6,0,1,0,7
59	7	0.002637	false	1,0,3,0,5,0,0,0,0,0,0,0,4,0,3,0,3,0,0,0,7,5,4,8,0,0,4,0,2,6,1,3,0,0,0,0,6,0,2,1,0,2,0,8,3,0,0,0,0,0,8,0,0,3,0,0,0,0,0,6,0,1,0,7
60	6	0.002644	false	1,0,3,0,5,0,0,0,0,0,0,0,8,0,3,0,3,0,0,0,7,5,4,8,0,0,4,0,2,6,1,3,0,0,0,0,6,0,2,1,0,2,0,8,0,0,0,0,0,0,8,0,0,3,0,0,0,0,0,6,0,1,0,7
61	7	0.002660	false	1,0,3,0,5,0,0,0,0,0,0,0,8,0,3,0,3,0,0,0,7,5,4,8,0,0,4,0,2,6,1,3,0,0,0,0,6,0,2,1,0,2,0,8,4,0,0,0,0,0,8,0,0,3,0,0,0,0,0,6,0,1,0,7
62	2	0.002669	false	1,0,3,0,5,0,0,0,0,0,0,0,0,0,3,0,3,0,0,0,7,5,4,8,0,0,4,0,3,0,0,0,0,0,0,0,6,0,2,1,0,2,0,8,0,0,0,0,0,0,8,0,0,3,0,0,0,0,0,6,0,1,0,7
63	3	0.002675	false	1,0,3,0,5,0,0,0,0,0,0,0,0,0,3,0,3,0,0,0,7,5,4,8,0,0,4,0,3,2,0,0,0,0,0,0,6,0,2,1,0,2,0,8,0,0,0,0,0,0,8,0,0,3,0,0,0,0,0,6,0,1,0,7
64	4	0.002682	false	1,0,3,0,5,0,0,0,0,0,0,0,0,0,3,0,3,0,0,0,7,5,4,8,0,0,4,0,3,2,1,0,0,0,0,0,6,0,2,1,0,2,0,8,0,0,0,0,0,0,8,0,0,3,0,0,0,0,0,6,0,1,0,7
65	5	0.002687	false	1,0,3,0,5,0,0,0,0,0,0,0,0,0,3,0,3,0,0,0,7,5,4,8,0,0,4,0,3,2,1,6,0,0,0,0,6,0,2,1,0,2,0,8,0,0,0,0,0,0,8,0,0,3,0,0,0,0,0,6,0,1,0,7
66	6	0.002695	false	1,0,3,0,5,0,0,2,0,0,0,0,0,0,3,0,3,0,0,0,7,5,4,8,0,0,4,0,3,2,1,6,0,0,0,0,6,0,2,1,0,2,0,8,0,0,0,0,0,0,8,0,0,3,0,0,0,0,0,6,0,1,0,7
67	7	0.002700	false	1,0,3,0,5,0,0,2,0,0,0,0,0,0,3,4,3,0,0,0,7,5,4,8,0,0,4,0,3,2,1,6,0,0,0,0,6,0,2,1,0,2,0,8,0,0,0,0,0,0,8,0,0,3,0,0,0,0,0,6,0,1,0,7
68	8	0.002705	false	1,0,3,0,5,0,0,2,0,0,0,0,0,0,3,4,3,0,0,0,7,5,4,8,0,0,4,0,3,2,1,6,0,0,0,0,6,0,2,1,0,2,0,8,0,0,0,3,0,0,8,0,0,3,0,0,0,0,0,6,0,1,0,7
69	9	0.002715	false	1,0,3,0,5,0,0,2,0,0,0,0,0,0,3,4,3,0,0,0,7,5,4,8,0,0,4,0,3,2,1,6,0,0,0,0,6,0,2,1,0,2,0,8,0,0,0,3,0,0,8,0,0,3,0,5,0,0,0,6,0,1,0,7
70	10	0.002724	false	1,0,3,0,5,0,0,2,0,0,0,0,1,0,3,4,3,0,0,0,7,5,4,8,0,0,4,0,3,2,1,6,0,0,0,0,6,0,2,1,0,2,0,8,0,0,0,3,0,0,8,0,0,3,0,5,0,0,0,6,0,1,0,7
71	11	0.002731	false	1,0,3,0,5,0,0,2,0,0,0,0,1,0,3,4,3,0,0,0,7,5,4,8,0,0,4,0,3,2,1,6,0,0,0,0,6,0,2,1,0,2,0,8,4,0,0,3,0,0,8,0,0,3,0,5,0,0,0,6,0,1,0,7
72	12	0.002736	false	1,0,3,0,5,0,0,2,0,0,0,0,1,0,3,4,3,0,0,0,7,5,4,8,0,0,4,0,3,2,1,6,0,0,0,0,6,0,2,1,0,2,0,8,4,0,0,3,0,0,8,0,2,3,0,5,0,0,0,6,0,1,0,7
73	13	0.002742	false	1,0,3,0,5,0,0,2,0,0,0,0,1,0,3,4,3,0,0,0,7,5,4,8,0,0,4,0,3,2,1,6,0,0,0,0,6,0,2,1,0,2,0,8,4,0,0,3,0,0,8,0,2,3,0,5,0,0,0,6,8,1,0,7
74	14	0.002747	false	1,0,3,0,5,0,0,2,0,0,0,0,1,0,3,4,3,0,0,0,7,5,4,8,0,0,4,0,3,2,1,6,0,0,0,0,6,0,2,1,0,2,0,8,4,0,0,3,0,0,8,0,2,3,6,5,0,0,0,6,8,1,0,7
75	10	0.002763	false	1,0,3,0,5,0,0,2,0,0,0,0,8,0,3,4,3,0,0,0,7,5,4,8,0,0,4,0,3,2,1,6,0,0,0,0,6,0,2,1,0,2,0,8,0,0,0,3,0,0,8,0,0,3,0,5,0,0,0,6,0,1,0,7
76	11	0.002772	false	1,0,3,0,5,0,0,2,0,0,0,0,8,0,3,4,3,0,0,0,7,5,4,8,0,0,4,0,3,2,1,6,0,0,0,0,6,0,2,1,0,2,0,8,4,0,0,3,0,0,8,0,0,3,0,5,0,0,0,6,0,1,0,7
77	12	0.002780	false	1,0,3,0,5,0,0,2,0,0,0,0,8,0,3,4,3,0,0,0,7,5,4,8,0,0,4,0,3,2,1,6,0,0,0,0,6,0,2,1,0,2,0,8,4,0,0,3,0,0,8,0,2,3,0,5,0,0,0,6,0,1,0,7
78	8	0.002790	false	1,0,3,0,5,0,0,2,0,0,0,0,0,0,3,4,3,0,0,0,7,5,4,8,0,0,4,0,3,2,1,6,0,0,0,0,6,0,2,1,0,2,0,8,0,0,0,5,0,0,8,0,0,3,0,0,0,0,0,6,0,1,0,7
79	6	0.002798	false	1,0,3,0,5,0,0,4,0,0,0,0,0,0,3,0,3,0,0,0,7,5,4,8,0,0,4,0,3,2,1,6,0,0,0,0,6,0,2,1,0,2,0,8,0,0,0,0,0,0,8,0,0,3,0,0,0,0,0,6,0,1,0,7
80	7	0.002804	false	1,0,3,0,5,0,0,4,0,0,0,0,0,0,3,2,3,0,0,0,7,5,4,8,0,0,4,0,3,2,1,6,0,0,0,0,6,0,2,1,0,2,0,8,0,0,0,0,0,0,8,0,0,3,0,0,0,0,0,6,0,1,0,7
81	8	0.002813	false	1,0,3,0,5,0,0,4,0,0,0,0,0,0,3,2,3,0,0,0,7,5,4,8,0,0,4,0,3,2,1,6,0,0,0,0,6,0,2,1,0,2,0,8,0,0,0,3,0,0,8,0,0,3,0,0,0,0,0,6,0,1,0,7
82	9	0.002823	false	1,0,3,0,5,0,0,4,0,0,0,0,0,0,3,2,3,0,0,0,7,5,4,8,0,0,4,0,3,2,1,6,0,0,0,0,6,0,2,1,0,2,0,8,0,0,0,3,0,0,8,0,0,3,0,5,0,0,0,6,0,1,0,7
83	10	0.002834	false	1,0,3,0,5,0,0,4,0,0,0,0,1,0,3,2,3,0,0,0,7,5,4,8,0,0,4,0,3,2,1,6,0,0,0,0,6,0,2,1,0,2,0,8,0,0,0,3,0,0,8,0,0,3,0,5,0,0,0,6,0,1,0,7
84	11	0.002860	false	1,0,3,0,5,0,0,4,0,0,0,0,1,0,3,2,3,0,0,0,7,5,4,8,0,0,4,0,3,2,1,6,0,0,0,0,6,0,2,1,0,2,0,8,4,0,0,3,0,0,8,0,0,3,0,5,0,0,0,6,0,1,0,7
85	12	0.002866	false	1,0,3,0,5,0,0,4,0,0,0,0,1,0,3,2,3,0,0,0,7,5,4,8,0,0,4,0,3,2,1,6,0,0,0,0,6,0,2,1,0,2,0,8,4,0,0,3,0,0,8,0,2,3,0,5,0,0,0,6,0,1,0,7
86	13	0.002875	false	1,0,3,0,5,0,0,4,0,0,0,0,1,0,3,2,3,0,0,0,7,5,4,8,0,0,4,0,3,2,1,6,0,0,0,0,6,0,2,1,0,2,0,8,4,0,0,3,0,0,8,0,2,3,0,5,0,0,0,6,8,1,0,7
87	14	0.002882	false	1,0,3,0,5,0,0,4,0,0,0,0,1,0,3,2,3,0,0,0,7,5,4,8,0,0,4,0,3,2,1,6,0,0,0,0,6,0,2,1,0,2,0,8,4,0,0,3,0,0,8,0,2,3,6,5,0,0,0,6,8,1,0,7
88	10	0.002898	false	1,0,3,0,5,0,0,4,0,0,0,0,8,0,3,2,3,0,0,0,7,5,4,8,0,0,4,0,3,2,1,6,0,0,0,0,6,0,2,1,0,2,0,8,0,0,0,3,0,0,8,0,0,3,0,5,0,0,0,6,0,1,0,7
89	11	0.002904	false	1,0,3,0,5,0,0,4,0,0,0,0,8,0,3,2,3,0,0,0,7,5,4,8,0,0,4,0,3,2,1,6,0,0,0,0,6,0,2,1,0,2,0,8,4,0,0,3,0,0,8,0,0,3,0,5,0,0,0,6,0,1,0,7
90	12	0.002910	false	1,0,3,0,5,0,0,4,0,0,0,0,8,0,3,2,3,0,0,0,7,5,4,8,0,0,4,0,3,2,1,6,0,0,0,0,6,0,2,1,0,2,0,8,4,0,0,3,0,0,8,0,2,3,0,5,0,0,0,6,0,1,0,7
91	8	0.002923	false	1,0,3,0,5,0,0,4,0,0,0,0,0,0,3,2,3,0,0,0,7,5,4,8,0,0,4,0,3,2,1,6,0,0,0,0,6,0,2,1,0,2,0,8,0,0,0,5,0,0,8,0,0,3,0,0,0,0,0,6,0,1,0,7
92	4	0.002934	false	1,0,3,0,5,0,0,0,0,0,0,0,0,0,3,0,3,0,0,0,7,5,4,8,0,0,4,0,3,2,6,0,0,0,0,0,6,0,2,1,0,2,0,8,0,0,0,0,0,0,8,0,0,3,0,0,0,0,0,6,0,1,0,7
93	3	0.002942	false	1,0,3,0,5,0,0,0,0,0,0,0,0,0,3,0,3,0,0,0,7,5,4,8,0,0,4,0,3,6,0,0,0,0,0,0,6,0,2,1,0,2,0,8,0,0,0,0,0,0,8,0,0,3,0,0,0,0,0,6,0,1,0,7
94	4	0.002949	false	1,0,3,0,5,0,0,0,0,0,0,0,0,0,3,0,3,0,0,0,7,5,4,8,0,0,4,0,3,6,1,0,0,0,0,0,6,0,2,1,0,2,0,8,0,0,0,0,0,0,8,0,0,3,0,0,0,0,0,6,0,1,0,7
95	5	0.002955	false	1,0,3,0,5,0,0,0,0,0,0,0,0,0,3,0,3,0,0,0,7,5,4,8,0,0,4,0,3,6,1,2,0,0,0,0,6,0,2,1,0,2,0,8,0,0,0,0,0,0,8,0,0,3,0,0,0,0,0,6,0,1,0,7
96	6	0.002978	false	1,0,3,0,5,0,0,0,0,0,0,0,1,0,3,0,3,0,0,0,7,5,4,8,0,0,4,0,3,6,1,2,0,0,0,0,6,0,2,1,0,2,0,8,0,0,0,0,0,0,8,0,0,3,0,0,0,0,0,6,0,1,0,7
97	7	0.002984	false	1,0,3,0,5,0,0,0,0,0,0,0,1,0,3,0,3,0,0,0,7,5,4,8,0,0,4,0,3,6,1,2,0,0,0,0,6,0,2,1,0,2,0,8,4,0,0,0,0,0,8,0,0,3,0,0,0,0,0,6,0,1,0,7
98	8	0.002990	false	1,0,3,0,5,0,0,0,0,0,0,0,1,0,3,0,3,0,0,0,7,5,4,8,0,0,4,0,3,6,1,2,0,0,0,0,6,0,2,1,0,2,0,8,4,0,0,0,0,0,8,0,2,3,0,0,0,0,0,6,0,1,0,7
99	9	0.003002	false	1,0,3,0,5,0,0,0,0,0,0,0,1,0,3,0,3,0,0,0,7,5,4,8,0,0,4,0,3,6,1,2,0,0,0,0,6,0,2,1,0,2,0,8,4,0,0,0,0,0,8,0,2,3,0,0,0,0,0,6,8,1,0,7
100	10	0.003010	false	1,0,3,0,5,0,0,0,0,0,0,0,1,0,3,0,3,0,0,0,7,5,4,8,0,0,4,0,3,6,1,2,0,0,0,0,6,0,2,1,0,2,0,8,4,0,0,0,0,0,8,0,2,3,5,0,0,0,0,6,8,1,0,7
101	11	0.003020	false	1,0,3,0,5,0,0,0,0,0,0,0,1,0,3,0,3,0,0,0,7,5,4,8,0,0,4,0,3,6,1,2,0,0,0,0,6,0,2,1,0,2,0,8,4,0,0,0,0,0,8,0,2,3,5,4,0,0,0,6,8,1,0,7
102	11	0.003027	false	1,0,3,0,5,0,0,0,0,0,0,0,1,0,3,0,3,0,0,0,7,5,4,8,0,0,4,0,3,6,1,2,0,0,0,0,6,0,2,1,0,2,0,8,4,0,0,0,0,0,8,0,2,3,5,6,0,0,0,6,8,1,0,7
103	10	0.003033	false	1,0,3,0,5,0,0,0,0,0,0,0,1,0,3,0,3,0,0,0,7,5,4,8,0,0,4,0,3,6,1,2,0,0,0,0,6,0,2,1,0,2,0,8,4,0,0,0,0,0,8,0,2,3,6,0,0,0,0,6,8,1,0,7
104	11	0.003039	false	1,0,3,0,5,0,0,0,0,0,0,0,1,0,3,0,3,0,0,0,7,5,4,8,0,0,4,0,3,6,1,2,0,0,0,0,6,0,2,1,0,2,0,8,4,0,0,0,0,0,8,0,2,3,6,4,0,0,0,6,8,1,0,7
105	12	0.003044	false	1,0,3,0,5,0,0,0,0,0,0,0,1,0,3,0,3,0,0,0,7,5,4,8,0,0,4,0,3,6,1,2,0,0,0,0,6,0,2,1,0,2,0,8,4,0,0,0,0,0,8,0,2,3,6,4,0,0,0,6,8,1,5,7
106	11	0.003068	false	1,0,3,0,5,0,0,0,0,0,0,0,1,0,3,0,3,0,0,0,7,5,4,8,0,0,4,0,3,6,1,2,0,0,0,0,6,0,2,1,0,2,0,8,4,0,0,0,0,0,8,0,2,3,6,5,0,0,0,6,8,1,0,7
107	6	0.003077	false	1,0,3,0,5,0,0,0,0,0,0,0,2,0,3,0,3,0,0,0,7,5,4,8,0,0,4,0,3,6,1,2,0,0,0,0,6,0,2,1,0,2,0,8,0,0,0,0,0,0,8,0,0,3,0,0,0,0,0,6,0,1,0,7
108	7	0.003082	false	1,0,3,0,5,0,0,0,0,0,0,0,2,0,3,0,3,0,0,0,7,5,4,8,0,0,4,0,3,6,1,2,0,0,0,0,6,0,2,1,0,2,0,8,4,0,0,0,0,0,8,0,0,3,0,0,0,0,0,6,0,1,0,7
109	6	0.003088	false	1,0,3,0,5,0,0,0,0,0,0,0,4,0,3,0,3,0,0,0,7,5,4,8,0,0,4,0,3,6,1,2,0,0,0,0,6,0,2,1,0,2,0,8,0,0,0,0,0,0,8,0,0,3,0,0,0,0,0,6,0,1,0,7
110	6	0.003097	false	1,0,3,0,5,0,0,0,0,0,0,0,8,0,3,0,3,0,0,0,7,5,4,8,0,0,4,0,3,6,1,2,0,0,0,0,6,0,2,1,0,2,0,8,0,0,0,0,0,0,8,0,0,3,0,0,0,0,0,6,0,1,0,7
111	7	0.003122	false	1,0,3,0,5,0,0,0,0,0,0,0,8,0,3,0,3,0,0,0,7,5,4,8,0,0,4,0,3,6,1,2,0,0,0,0,6,0,2,1,0,2,0,8,4,0,0,0,0,0,8,0,0,3,0,0,0,0,0,6,0,1,0,7
112	8	0.003128	false	1,0,3,0,5,0,0,0,0,0,0,0,8,0,3,0,3,0,0,0,7,5,4,8,0,0,4,0,3,6,1,2,0,0,0,0,6,0,2,1,0,2,0,8,4,0,0,0,0,0,8,0,2,3,0,0,0,0,0,6,0,1,0,7
113	1	0.003141	false	1,0,3,0,5,0,0,0,0,0,0,0,0,0,3,0,3,0,0,0,7,5,6,8,0,0,4,0,0,0,0,0,0,0,0,0,6,0,2,1,0,2,0,8,0,0,0,0,0,0,8,0,0,3,0,0,0,0,0,6,0,1,0,7
114	2	0.003146	false	1,0,3,0,5,0,0,0,0,0,0,0,0,0,3,0,3,0,0,0,7,5,6,8,0,0,4,0,1,0,0,0,0,0,0,0,6,0,2,1,0,2,0,8,0,0,0,0,0,0,8,0,0,3,0,0,0,0,0,6,0,1,0,7
115	3	0.003151	false	1,0,3,0,5,0,0,0,0,0,0,0,0,0,3,0,3,0,0,0,7,5,6,8,0,0,4,0,1,2,0,0,0,0,0,0,6,0,2,1,0,2,0,8,0,0,0,0,0,0,8,0,0,3,0,0,0,0,0,6,0,1,0,7
116	2	0.003162	false	1,0,3,0,5,0,0,0,0,0,0,0,0,0,3,0,3,0,0,0,7,5,6,8,0,0,4,0,2,0,0,0,0,0,0,0,6,0,2,1,0,2,0,8,0,0,0,0,0,0,8,0,0,3,0,0,0,0,0,6,0,1,0,7
117	2	0.003169	false	1,0,3,0,5,0,0,0,0,0,0,0,0,0,3,0,3,0,0,0,7,5,6,8,0,0,4,0,3,0,0,0,0,0,0,0,6,0,2,1,0,2,0,8,0,0,0,0,0,0,8,0,0,3,0,0,0,0,0,6,0,1,0,7
118	3	0.003175	false	1,0,3,0,5,0,0,0,0,0,0,0,0,0,3,0,3,0,0,0,7,5,6,8,0,0,4,0,3,2,0,0,0,0,0,0,6,0,2,1,0,2,0,8,0,0,0,0,0,0,8,0,0,3,0,0,0,0,0,6,0,1,0,7
119	4	0.003180	false	1,0,3,0,5,0,0,0,0,0,0,0,0,0,3,0,3,0,0,0,7,5,6,8,0,0,4,0,3,2,1,0,0,0,0,0,6,0,2,1,0,2,0,8,0,0,0,0,0,0,8,0,0,3,0,0,0,0,0,6,0,1,0,7
1	0	0.003292	false	1,0,3,0,5,7,8,4,0,0,5,0,1,2,3,6,3,0,1,0,7,5,4,8,0,0,4,0,2,6,1,3,4,0,7,0,6,8,2,1,0,2,6,8,3,4,7,5,0,0,8,0,4,3,6,2,0,0,2,6,8,1,5,7
2	1	0.003303	false	1,0,3,0,5,7,8,4,0,0,5,0,1,2,3,6,3,0,1,0,7,5,4,8,0,0,4,0,2,6,1,3,4,3,7,0,6,8,2,1,0,2,6,8,3,4,7,5,0,0,8,0,4,3,6,2,0,0,2,6,8,1,5,7
3	2	0.003310	false	1,0,3,0,5,7,8,4,0,0,5,0,1,2,3,6,3,0,1,0,7,5,4,8,0,0,4,0,2,6,1,3,4,3,7,5,6,8,2,1,0,2,6,8,3,4,7,5,0,0,8,0,4,3,6,2,0,0,2,6,8,1,5,7
4	1	0.003318	false	1,0,3,0,5,7,8,4,0,0,5,0,1,2,3,6,3,0,1,0,7,5,4,8,0,0,4,0,2,6,1,3,4,5,7,0,6,8,2,1,0,2,6,8,3,4,7,5,0,0,8,0,4,3,6,2,0,0,2,6,8,1,5,7
5	2	0.003325	false	1,0,3,0,5,7,8,4,0,0,5,0,1,2,3,6,3,0,1,0,7,5,4,8,0,0,4,0,2,6,1,3,4,5,7,3,6,8,2,1,0,2,6,8,3,4,7,5,0,0,8,0,4,3,6,2,0,0,2,6,8,1,5,7
1	0	0.003641	false	1,0,3,7,5,2,8,4,0,0,5,4,1,7,3,6,3,0,6,0,7,5,4,8,0,0,4,0,2,6,1,3,4,5,7,3,6,8,2,1,6,2,1,8,3,4,7,5,0,0,8,0,4,3,6,2,0,0,2,6,8,1,5,7
2	1	0.003650	false	1,0,3,7,5,2,8,4,0,0,5,4,1,7,3,6,3,0,6,1,7,5,4,8,0,0,4,0,2,6,1,3,4,5,7,3,6,8,2,1,6,2,1,8,3,4,7,5,0,0,8,0,4,3,6,2,0,0,2,6,8,1,5,7
3	2	0.003658	false	1,0,3,7,5,2,8,4,0,0,5,4,1,7,3,6,3,0,6,1,7,5,4,8,0,0,4,5,2,6,1,3,4,5,7,3,6,8,2,1,6,2,1,8,3,4,7,5,0,0,8,0,4,3,6,2,0,0,2,6,8,1,5,7
4	1	0.003666	false	1,0,3,7,5,2,8,4,0,0,5,4,1,7,3,6,3,0,6,2,7,5,4,8,0,0,4,0,2,6,1,3,4,5,7,3,6,8,2,1,6,2,1,8,3,4,7,5,0,0,8,0,4,3,6,2,0,0,2,6,8,1,5,7
5	2	0.003677	false	1,0,3,7,5,2,8,4,0,0,5,4,1,7,3,6,3,0,6,2,7,5,4,8,0,0,4,5,2,6,1,3,4,5,7,3,6,8,2,1,6,2,1,8,3,4,7,5,0,0,8,0,4,3,6,2,0,0,2,6,8,1,5,7
6	3	0.003702	false	1,0,3,7,5,2,8,4,0,0,5,4,1,7,3,6,3,0,6,2,7,5,4,8,0,0,4,5,2,6,1,3,4,5,7,3,6,8,2,1,6,2,1,8,3,4,7,5,0,0,8,1,4,3,6,2,0,0,2,6,8,1,5,7
7	4	0.003710	false	1,6,3,7,5,2,8,4,0,0,5,4,1,7,3,6,3,0,6,2,7,5,4,8,0,0,4,5,2,6,1,3,4,5,7,3,6,8,2,1,6,2,1,8,3,4,7,5,0,0,8,1,4,3,6,2,0,0,2,6,8,1,5,7
8	5	0.003717	false	1,6,3,7,5,2,8,4,2,0,5,4,1,7,3,6,3,0,6,2,7,5,4,8,0,0,4,5,2,6,1,3,4,5,7,3,6,8,2,1,6,2,1,8,3,4,7,5,0,0,8,1,4,3,6,2,0,0,2,6,8,1,5,7
9	6	0.003727	false	1,6,3,7,5,2,8,4,2,8,5,4,1,7,3,6,3,0,6,2,7,5,4,8,0,0,4,5,2,6,1,3,4,5,7,3,6,8,2,1,6,2,1,8,3,4,7,5,0,0,8,1,4,3,6,2,0,0,2,6,8,1,5,7
10	7	0.003734	false	1,6,3,7,5,2,8,4,2,8,5,4,1,7,3,6,3,1,6,2,7,5,4,8,0,0,4,5,2,6,1,3,4,5,7,3,6,8,2,1,6,2,1,8,3,4,7,5,0,0,8,1,4,3,6,2,0,0,2,6,8,1,5,7
11	8	0.003745	false	1,6,3,7,5,2,8,4,2,8,5,4,1,7,3,6,3,1,6,2,7,5,4,8,0,7,4,5,2,6,1,3,4,5,7,3,6,8,2,1,6,2,1,8,3,4,7,5,0,0,8,1,4,3,6,2,0,0,2,6,8,1,5,7
12	5	0.003755	false	1,6,3,7,5,2,8,4,8,0,5,4,1,7,3,6,3,0,6,2,7,5,4,8,0,0,4,5,2,6,1,3,4,5,7,3,6,8,2,1,6,2,1,8,3,4,7,5,0,0,8,1,4,3,6,2,0,0,2,6,8,1,5,7
1	0	0.003834	false	1,0,3,2,5,7,8,4,0,0,5,7,1,2,3,6,3,0,6,0,7,5,4,8,0,0,4,0,2,6,1,3,4,5,7,3,6,8,2,1,6,2,1,8,3,4,7,5,0,0,8,0,4,3,6,2,0,0,2,6,8,1,5,7
2	1	0.003847	false	1,0,3,2,5,7,8,4,0,0,5,7,1,2,3,6,3,0,6,1,7,5,4,8,0,0,4,0,2,6,1,3,4,5,7,3,6,8,2,1,6,2,1,8,3,4,7,5,0,0,8,0,4,3,6,2,0,0,2,6,8,1,5,7
3	2	0.003952	false	1,0,3,2,5,7,8,4,0,0,5,7,1,2,3,6,3,0,6,1,7,5,4,8,0,0,4,5,2,6,1,3,4,5,7,3,6,8,2,1,6,2,1,8,3,4,7,5,0,0,8,0,4,3,6,2,0,0,2,6,8,1,5,7
