1	0	3.840e-05	false	1,0,3,0,5,0,0,0,0,0,0,0,0,0,3,0,3,0,0,0,7,5,0,8,0,0,4,0,0,0,0,0,0,0,0,0,6,0,2,1,0,2,0,8,0,0,0,0,0,0,8,0,0,3,0,0,0,0,0,6,0,1,0,7
2	1	7.650e-05	false	1,4,3,0,5,0,0,0,0,0,0,0,0,0,3,0,3,0,0,0,7,5,0,8,0,0,4,0,0,0,0,0,0,0,0,0,6,0,2,1,0,2,0,8,0,0,0,0,0,0,8,0,0,3,0,0,0,0,0,6,0,1,0,7
3	2	8.500e-05	false	1,4,3,2,5,0,0,0,0,0,0,0,0,0,3,0,3,0,0,0,7,5,0,8,0,0,4,0,0,0,0,0,0,0,0,0,6,0,2,1,0,2,0,8,0,0,0,0,0,0,8,0,0,3,0,0,0,0,0,6,0,1,0,7
4	3	9.720e-05	false	1,4,3,2,5,6,0,0,0,0,0,0,0,0,3,0,3,0,0,0,7,5,0,8,0,0,4,0,0,0,0,0,0,0,0,0,6,0,2,1,0,2,0,8,0,0,0,0,0,0,8,0,0,3,0,0,0,0,0,6,0,1,0,7
5	4	0.0001028	false	1,4,3,2,5,6,7,0,0,0,0,0,0,0,3,0,3,0,0,0,7,5,0,8,0,0,4,0,0,0,0,0,0,0,0,0,6,0,2,1,0,2,0,8,0,0,0,0,0,0,8,0,0,3,0,0,0,0,0,6,0,1,0,7
6	4	0.0001099	false	1,4,3,2,5,6,8,0,0,0,0,0,0,0,3,0,3,0,0,0,7,5,0,8,0,0,4,0,0,0,0,0,0,0,0,0,6,0,2,1,0,2,0,8,0,0,0,0,0,0,8,0,0,3,0,0,0,0,0,6,0,1,0,7
7	3	0.0001168	false	1,4,3,2,5,7,0,0,0,0,0,0,0,0,3,0,3,0,0,0,7,5,0,8,0,0,4,0,0,0,0,0,0,0,0,0,6,0,2,1,0,2,0,8,0,0,0,0,0,0,8,0,0,3,0,0,0,0,0,6,0,1,0,7
8	4	0.0001210	false	1,4,3,2,5,7,6,0,0,0,0,0,0,0,3,0,3,0,0,0,7,5,0,8,0,0,4,0,0,0,0,0,0,0,0,0,6,0,2,1,0,2,0,8,0,0,0,0,0,0,8,0,0,3,0,0,0,0,0,6,0,1,0,7
9	4	0.0001264	false	1,4,3,2,5,7,8,0,0,0,0,0,0,0,3,0,3,0,0,0,7,5,0,8,0,0,4,0,0,0,0,0,0,0,0,0,6,0,2,1,0,2,0,8,0,0,0,0,0,0,8,0,0,3,0,0,0,0,0,6,0,1,0,7
10	5	0.0001353	false	1,4,3,2,5,7,8,6,0,0,0,0,0,0,3,0,3,0,0,0,7,5,0,8,0,0,4,0,0,0,0,0,0,0,0,0,6,0,2,1,0,2,0,8,0,0,0,0,0,0,8,0,0,3,0,0,0,0,0,6,0,1,0,7
11	3	0.0001439	false	1,4,3,2,5,8,0,0,0,0,0,0,0,0,3,0,3,0,0,0,7,5,0,8,0,0,4,0,0,0,0,0,0,0,0,0,6,0,2,1,0,2,0,8,0,0,0,0,0,0,8,0,0,3,0,0,0,0,0,6,0,1,0,7
12	4	0.0001529	false	1,4,3,2,5,8,6,0,0,0,0,0,0,0,3,0,3,0,0,0,7,5,0,8,0,0,4,0,0,0,0,0,0,0,0,0,6,0,2,1,0,2,0,8,0,0,0,0,0,0,8,0,0,3,0,0,0,0,0,6,0,1,0,7
13	4	0.0001624	false	1,4,3,2,5,8,7,0,0,0,0,0,0,0,3,0,3,0,0,0,7,5,0,8,0,0,4,0,0,0,0,0,0,0,0,0,6,0,2,1,0,2,0,8,0,0,0,0,0,0,8,0,0,3,0,0,0,0,0,6,0,1,0,7
14	5	0.0001720	false	1,4,3,2,5,8,7,6,0,0,0,0,0,0,3,0,3,0,0,0,7,5,0,8,0,0,4,0,0,0,0,0,0,0,0,0,6,0,2,1,0,2,0,8,0,0,0,0,0,0,8,0,0,3,0,0,0,0,0,6,0,1,0,7
15	2	0.0001831	false	1,4,3,7,5,0,0,0,0,0,0,0,0,0,3,0,3,0,0,0,7,5,0,8,0,0,4,0,0,0,0,0,0,0,0,0,6,0,2,1,0,2,0,8,0,0,0,0,0,0,8,0,0,3,0,0,0,0,0,6,0,1,0,7
16	3	0.0001903	false	1,4,3,7,5,2,0,0,0,0,0,0,0,0,3,0,3,0,0,0,7,5,0,8,0,0,4,0,0,0,0,0,0,0,0,0,6,0,2,1,0,2,0,8,0,0,0,0,0,0,8,0,0,3,0,0,0,0,0,6,0,1,0,7
17	4	0.0001970	false	1,4,3,7,5,2,6,0,0,0,0,0,0,0,3,0,3,0,0,0,7,5,0,8,0,0,4,0,0,0,0,0,0,0,0,0,6,0,2,1,0,2,0,8,0,0,0,0,0,0,8,0,0,3,0,0,0,0,0,6,0,1,0,7
18	4	0.0002026	false	1,4,3,7,5,2,8,0,0,0,0,0,0,0,3,0,3,0,0,0,7,5,0,8,0,0,4,0,0,0,0,0,0,0,0,0,6,0,2,1,0,2,0,8,0,0,0,0,0,0,8,0,0,3,0,0,0,0,0,6,0,1,0,7
19	5	0.0002076	false	1,4,3,7,5,2,8,6,0,0,0,0,0,0,3,0,3,0,0,0,7,5,0,8,0,0,4,0,0,0,0,0,0,0,0,0,6,0,2,1,0,2,0,8,0,0,0,0,0,0,8,0,0,3,0,0,0,0,0,6,0,1,0,7
20	3	0.0002146	false	1,4,3,7,5,6,0,0,0,0,0,0,0,0,3,0,3,0,0,0,7,5,0,8,0,0,4,0,0,0,0,0,0,0,0,0,6,0,2,1,0,2,0,8,0,0,0,0,0,0,8,0,0,3,0,0,0,0,0,6,0,1,0,7
21	4	0.0002250	false	1,4,3,7,5,6,8,0,0,0,0,0,0,0,3,0,3,0,0,0,7,5,0,8,0,0,4,0,0,0,0,0,0,0,0,0,6,0,2,1,0,2,0,8,0,0,0,0,0,0,8,0,0,3,0,0,0,0,0,6,0,1,0,7
22	5	0.0002336	false	1,4,3,7,5,6,8,2,0,0,0,0,0,0,3,0,3,0,0,0,7,5,0,8,0,0,4,0,0,0,0,0,0,0,0,0,6,0,2,1,0,2,0,8,0,0,0,0,0,0,8,0,0,3,0,0,0,0,0,6,0,1,0,7
23	3	0.0002428	false	1,4,3,7,5,8,0,0,0,0,0,0,0,0,3,0,3,0,0,0,7,5,0,8,0,0,4,0,0,0,0,0,0,0,0,0,6,0,2,1,0,2,0,8,0,0,0,0,0,0,8,0,0,3,0,0,0,0,0,6,0,1,0,7
24	4	0.0002519	false	1,4,3,7,5,8,6,0,0,0,0,0,0,0,3,0,3,0,0,0,7,5,0,8,0,0,4,0,0,0,0,0,0,0,0,0,6,0,2,1,0,2,0,8,0,0,0,0,0,0,8,0,0,3,0,0,0,0,0,6,0,1,0,7
25	5	0.0002588	false	1,4,3,7,5,8,6,2,0,0,0,0,0,0,3,0,3,0,0,0,7,5,0,8,0,0,4,0,0,0,0,0,0,0,0,0,6,0,2,1,0,2,0,8,0,0,0,0,0,0,8,0,0,3,0,0,0,0,0,6,0,1,0,7
26	1	0.0002690	false	1,6,3,0,5,0,0,0,0,0,0,0,0,0,3,0,3,0,0,0,7,5,0,8,0,0,4,0,0,0,0,0,0,0,0,0,6,0,2,1,0,2,0,8,0,0,0,0,0,0,8,0,0,3,0,0,0,0,0,6,0,1,0,7
27	2	0.0002777	false	1,6,3,2,5,0,0,0,0,0,0,0,0,0,3,0,3,0,0,0,7,5,0,8,0,0,4,0,0,0,0,0,0,0,0,0,6,0,2,1,0,2,0,8,0,0,0,0,0,0,8,0,0,3,0,0,0,0,0,6,0,1,0,7
28	3	0.0002864	false	1,6,3,2,5,4,0,0,0,0,0,0,0,0,3,0,3,0,0,0,7,5,0,8,0,0,4,0,0,0,0,0,0,0,0,0,6,0,2,1,0,2,0,8,0,0,0,0,0,0,8,0,0,3,0,0,0,0,0,6,0,1,0,7
29	4	0.0003946	false	1,6,3,2,5,4,7,0,0,0,0,0,0,0,3,0,3,0,0,0,7,5,0,8,0,0,4,0,0,0,0,0,0,0,0,0,6,0,2,1,0,2,0,8,0,0,0,0,0,0,8,0,0,3,0,0,0,0,0,6,0,1,0,7
30	4	0.0004076	false	1,6,3,2,5,4,8,0,0,0,0,0,0,0,3,0,3,0,0,0,7,5,0,8,0,0,4,0,0,0,0,0,0,0,0,0,6,0,2,1,0,2,0,8,0,0,0,0,0,0,8,0,0,3,0,0,0,0,0,6,0,1,0,7
31	3	0.0004183	false	1,6,3,2,5,7,0,0,0,0,0,0,0,0,3,0,3,0,0,0,7,5,0,8,0,0,4,0,0,0,0,0,0,0,0,0,6,0,2,1,0,2,0,8,0,0,0,0,0,0,8,0,0,3,0,0,0,0,0,6,0,1,0,7
32	4	0.0004262	false	1,6,3,2,5,7,4,0,0,0,0,0,0,0,3,0,3,0,0,0,7,5,0,8,0,0,4,0,0,0,0,0,0,0,0,0,6,0,2,1,0,2,0,8,0,0,0,0,0,0,8,0,0,3,0,0,0,0,0,6,0,1,0,7
33	4	0.0004362	false	1,6,3,2,5,7,8,0,0,0,0,0,0,0,3,0,3,0,0,0,7,5,0,8,0,0,4,0,0,0,0,0,0,0,0,0,6,0,2,1,0,2,0,8,0,0,0,0,0,0,8,0,0,3,0,0,0,0,0,6,0,1,0,7
34	5	0.0004437	false	1,6,3,2,5,7,8,4,0,0,0,0,0,0,3,0,3,0,0,0,7,5,0,8,0,0,4,0,0,0,0,0,0,0,0,0,6,0,2,1,0,2,0,8,0,0,0,0,0,0,8,0,0,3,0,0,0,0,0,6,0,1,0,7
35	3	0.0004494	false	1,6,3,2,5,8,0,0,0,0,0,0,0,0,3,0,3,0,0,0,7,5,0,8,0,0,4,0,0,0,0,0,0,0,0,0,6,0,2,1,0,2,0,8,0,0,0,0,0,0,8,0,0,3,0,0,0,0,0,6,0,1,0,7
36	4	0.0004552	false	1,6,3,2,5,8,4,0,0,0,0,0,0,0,3,0,3,0,0,0,7,5,0,8,0,0,4,0,0,0,0,0,0,0,0,0,6,0,2,1,0,2,0,8,0,0,0,0,0,0,8,0,0,3,0,0,0,0,0,6,0,1,0,7
37	4	0.0004643	false	1,6,3,2,5,8,7,0,0,0,0,0,0,0,3,0,3,0,0,0,7,5,0,8,0,0,4,0,0,0,0,0,0,0,0,0,6,0,2,1,0,2,0,8,0,0,0,0,0,0,8,0,0,3,0,0,0,0,0,6,0,1,0,7
38	5	0.0004732	false	1,6,3,2,5,8,7,4,0,0,0,0,0,0,3,0,3,0,0,0,7,5,0,8,0,0,4,0,0,0,0,0,0,0,0,0,6,0,2,1,0,2,0,8,0,0,0,0,0,0,8,0,0,3,0,0,0,0,0,6,0,1,0,7
39	2	0.0004803	false	1,6,3,4,5,0,0,0,0,0,0,0,0,0,3,0,3,0,0,0,7,5,0,8,0,0,4,0,0,0,0,0,0,0,0,0,6,0,2,1,0,2,0,8,0,0,0,0,0,0,8,0,0,3,0,0,0,0,0,6,0,1,0,7
40	3	0.0004856	false	1,6,3,4,5,2,0,0,0,0,0,0,0,0,3,0,3,0,0,0,7,5,0,8,0,0,4,0,0,0,0,0,0,0,0,0,6,0,2,1,0,2,0,8,0,0,0,0,0,0,8,0,0,3,0,0,0,0,0,6,0,1,0,7
41	4	0.0004950	false	1,6,3,4,5,2,7,0,0,0,0,0,0,0,3,0,3,0,0,0,7,5,0,8,0,0,4,0,0,0,0,0,0,0,0,0,6,0,2,1,0,2,0,8,0,0,0,0,0,0,8,0,0,3,0,0,0,0,0,6,0,1,0,7
42	4	0.0005046	false	1,6,3,4,5,2,8,0,0,0,0,0,0,0,3,0,3,0,0,0,7,5,0,8,0,0,4,0,0,0,0,0,0,0,0,0,6,0,2,1,0,2,0,8,0,0,0,0,0,0,8,0,0,3,0,0,0,0,0,6,0,1,0,7
43	3	0.0005173	false	1,6,3,4,5,7,0,0,0,0,0,0,0,0,3,0,3,0,0,0,7,5,0,8,0,0,4,0,0,0,0,0,0,0,0,0,6,0,2,1,0,2,0,8,0,0,0,0,0,0,8,0,0,3,0,0,0,0,0,6,0,1,0,7
44	4	0.0005241	false	1,6,3,4,5,7,8,0,0,0,0,0,0,0,3,0,3,0,0,0,7,5,0,8,0,0,4,0,0,0,0,0,0,0,0,0,6,0,2,1,0,2,0,8,0,0,0,0,0,0,8,0,0,3,0,0,0,0,0,6,0,1,0,7
45	5	0.0005290	false	1,6,3,4,5,7,8,2,0,0,0,0,0,0,3,0,3,0,0,0,7,5,0,8,0,0,4,0,0,0,0,0,0,0,0,0,6,0,2,1,0,2,0,8,0,0,0,0,0,0,8,0,0,3,0,0,0,0,0,6,0,1,0,7
46	3	0.0005376	false	1,6,3,4,5,8,0,0,0,0,0,0,0,0,3,0,3,0,0,0,7,5,0,8,0,0,4,0,0,0,0,0,0,0,0,0,6,0,2,1,0,2,0,8,0,0,0,0,0,0,8,0,0,3,0,0,0,0,0,6,0,1,0,7
47	4	0.0005470	false	1,6,3,4,5,8,7,0,0,0,0,0,0,0,3,0,3,0,0,0,7,5,0,8,0,0,4,0,0,0,0,0,0,0,0,0,6,0,2,1,0,2,0,8,0,0,0,0,0,0,8,0,0,3,0,0,0,0,0,6,0,1,0,7
48	5	0.0005560	false	1,6,3,4,5,8,7,2,0,0,0,0,0,0,3,0,3,0,0,0,7,5,0,8,0,0,4,0,0,0,0,0,0,0,0,0,6,0,2,1,0,2,0,8,0,0,0,0,0,0,8,0,0,3,0,0,0,0,0,6,0,1,0,7
49	2	0.0005611	false	1,6,3,7,5,0,0,0,0,0,0,0,0,0,3,0,3,0,0,0,7,5,0,8,0,0,4,0,0,0,0,0,0,0,0,0,6,0,2,1,0,2,0,8,0,0,0,0,0,0,8,0,0,3,0,0,0,0,0,6,0,1,0,7
50	3	0.0005639	false	1,6,3,7,5,2,0,0,0,0,0,0,0,0,3,0,3,0,0,0,7,5,0,8,0,0,4,0,0,0,0,0,0,0,0,0,6,0,2,1,0,2,0,8,0,0,0,0,0,0,8,0,0,3,0,0,0,0,0,6,0,1,0,7
51	4	0.0005666	false	1,6,3,7,5,2,4,0,0,0,0,0,0,0,3,0,3,0,0,0,7,5,0,8,0,0,4,0,0,0,0,0,0,0,0,0,6,0,2,1,0,2,0,8,0,0,0,0,0,0,8,0,0,3,0,0,0,0,0,6,0,1,0,7
52	4	0.0005698	false	1,6,3,7,5,2,8,0,0,0,0,0,0,0,3,0,3,0,0,0,7,5,0,8,0,0,4,0,0,0,0,0,0,0,0,0,6,0,2,1,0,2,0,8,0,0,0,0,0,0,8,0,0,3,0,0,0,0,0,6,0,1,0,7
53	5	0.0005724	false	1,6,3,7,5,2,8,4,0,0,0,0,0,0,3,0,3,0,0,0,7,5,0,8,0,0,4,0,0,0,0,0,0,0,0,0,6,0,2,1,0,2,0,8,0,0,0,0,0,0,8,0,0,3,0,0,0,0,0,6,0,1,0,7
54	3	0.0005749	false	1,6,3,7,5,4,0,0,0,0,0,0,0,0,3,0,3,0,0,0,7,5,0,8,0,0,4,0,0,0,0,0,0,0,0,0,6,0,2,1,0,2,0,8,0,0,0,0,0,0,8,0,0,3,0,0,0,0,0,6,0,1,0,7
55	4	0.0005778	false	1,6,3,7,5,4,8,0,0,0,0,0,0,0,3,0,3,0,0,0,7,5,0,8,0,0,4,0,0,0,0,0,0,0,0,0,6,0,2,1,0,2,0,8,0,0,0,0,0,0,8,0,0,3,0,0,0,0,0,6,0,1,0,7
56	5	0.0006423	false	1,6,3,7,5,4,8,2,0,0,0,0,0,0,3,0,3,0,0,0,7,5,0,8,0,0,4,0,0,0,0,0,0,0,0,0,6,0,2,1,0,2,0,8,0,0,0,0,0,0,8,0,0,3,0,0,0,0,0,6,0,1,0,7
57	3	0.0006490	false	1,6,3,7,5,8,0,0,0,0,0,0,0,0,3,0,3,0,0,0,7,5,0,8,0,0,4,0,0,0,0,0,0,0,0,0,6,0,2,1,0,2,0,8,0,0,0,0,0,0,8,0,0,3,0,0,0,0,0,6,0,1,0,7
58	4	0.0006604	false	1,6,3,7,5,8,4,0,0,0,0,0,0,0,3,0,3,0,0,0,7,5,0,8,0,0,4,0,0,0,0,0,0,0,0,0,6,0,2,1,0,2,0,8,0,0,0,0,0,0,8,0,0,3,0,0,0,0,0,6,0,1,0,7
59	5	0.0006695	false	1,6,3,7,5,8,4,2,0,0,0,0,0,0,3,0,3,0,0,0,7,5,0,8,0,0,4,0,0,0,0,0,0,0,0,0,6,0,2,1,0,2,0,8,0,0,0,0,0,0,8,0,0,3,0,0,0,0,0,6,0,1,0,7
60	1	0.0006750	false	1,7,3,0,5,0,0,0,0,0,0,0,0,0,3,0,3,0,0,0,7,5,0,8,0,0,4,0,0,0,0,0,0,0,0,0,6,0,2,1,0,2,0,8,0,0,0,0,0,0,8,0,0,3,0,0,0,0,0,6,0,1,0,7
61	2	0.0006838	false	1,7,3,2,5,0,0,0,0,0,0,0,0,0,3,0,3,0,0,0,7,5,0,8,0,0,4,0,0,0,0,0,0,0,0,0,6,0,2,1,0,2,0,8,0,0,0,0,0,0,8,0,0,3,0,0,0,0,0,6,0,1,0,7
62	3	0.0006975	false	1,7,3,2,5,4,0,0,0,0,0,0,0,0,3,0,3,0,0,0,7,5,0,8,0,0,4,0,0,0,0,0,0,0,0,0,6,0,2,1,0,2,0,8,0,0,0,0,0,0,8,0,0,3,0,0,0,0,0,6,0,1,0,7
63	4	0.0007061	false	1,7,3,2,5,4,6,0,0,0,0,0,0,0,3,0,3,0,0,0,7,5,0,8,0,0,4,0,0,0,0,0,0,0,0,0,6,0,2,1,0,2,0,8,0,0,0,0,0,0,8,0,0,3,0,0,0,0,0,6,0,1,0,7
64	4	0.0007155	false	1,7,3,2,5,4,8,0,0,0,0,0,0,0,3,0,3,0,0,0,7,5,0,8,0,0,4,0,0,0,0,0,0,0,0,0,6,0,2,1,0,2,0,8,0,0,0,0,0,0,8,0,0,3,0,0,0,0,0,6,0,1,0,7
65	5	0.0007367	false	1,7,3,2,5,4,8,6,0,0,0,0,0,0,3,0,3,0,0,0,7,5,0,8,0,0,4,0,0,0,0,0,0,0,0,0,6,0,2,1,0,2,0,8,0,0,0,0,0,0,8,0,0,3,0,0,0,0,0,6,0,1,0,7
66	3	0.0007417	false	1,7,3,2,5,6,0,0,0,0,0,0,0,0,3,0,3,0,0,0,7,5,0,8,0,0,4,0,0,0,0,0,0,0,0,0,6,0,2,1,0,2,0,8,0,0,0,0,0,0,8,0,0,3,0,0,0,0,0,6,0,1,0,7
67	4	0.0007498	false	1,7,3,2,5,6,4,0,0,0,0,0,0,0,3,0,3,0,0,0,7,5,0,8,0,0,4,0,0,0,0,0,0,0,0,0,6,0,2,1,0,2,0,8,0,0,0,0,0,0,8,0,0,3,0,0,0,0,0,6,0,1,0,7
68	4	0.0007651	false	1,7,3,2,5,6,8,0,0,0,0,0,0,0,3,0,3,0,0,0,7,5,0,8,0,0,4,0,0,0,0,0,0,0,0,0,6,0,2,1,0,2,0,8,0,0,0,0,0,0,8,0,0,3,0,0,0,0,0,6,0,1,0,7
69	5	0.0007728	false	1,7,3,2,5,6,8,4,0,0,0,0,0,0,3,0,3,0,0,0,7,5,0,8,0,0,4,0,0,0,0,0,0,0,0,0,6,0,2,1,0,2,0,8,0,0,0,0,0,0,8,0,0,3,0,0,0,0,0,6,0,1,0,7
70	3	0.0007770	false	1,7,3,2,5,8,0,0,0,0,0,0,0,0,3,0,3,0,0,0,7,5,0,8,0,0,4,0,0,0,0,0,0,0,0,0,6,0,2,1,0,2,0,8,0,0,0,0,0,0,8,0,0,3,0,0,0,0,0,6,0,1,0,7
71	4	0.0007861	false	1,7,3,2,5,8,4,0,0,0,0,0,0,0,3,0,3,0,0,0,7,5,0,8,0,0,4,0,0,0,0,0,0,0,0,0,6,0,2,1,0,2,0,8,0,0,0,0,0,0,8,0,0,3,0,0,0,0,0,6,0,1,0,7
72	5	0.0007977	false	1,7,3,2,5,8,4,6,0,0,0,0,0,0,3,0,3,0,0,0,7,5,0,8,0,0,4,0,0,0,0,0,0,0,0,0,6,0,2,1,0,2,0,8,0,0,0,0,0,0,8,0,0,3,0,0,0,0,0,6,0,1,0,7
73	4	0.0008063	false	1,7,3,2,5,8,6,0,0,0,0,0,0,0,3,0,3,0,0,0,7,5,0,8,0,0,4,0,0,0,0,0,0,0,0,0,6,0,2,1,0,2,0,8,0,0,0,0,0,0,8,0,0,3,0,0,0,0,0,6,0,1,0,7
74	5	0.0008107	false	1,7,3,2,5,8,6,4,0,0,0,0,0,0,3,0,3,0,0,0,7,5,0,8,0,0,4,0,0,0,0,0,0,0,0,0,6,0,2,1,0,2,0,8,0,0,0,0,0,0,8,0,0,3,0,0,0,0,0,6,0,1,0,7
75	2	0.0008153	false	1,7,3,4,5,0,0,0,0,0,0,0,0,0,3,0,3,0,0,0,7,5,0,8,0,0,4,0,0,0,0,0,0,0,0,0,6,0,2,1,0,2,0,8,0,0,0,0,0,0,8,0,0,3,0,0,0,0,0,6,0,1,0,7
76	3	0.0008194	false	1,7,3,4,5,2,0,0,0,0,0,0,0,0,3,0,3,0,0,0,7,5,0,8,0,0,4,0,0,0,0,0,0,0,0,0,6,0,2,1,0,2,0,8,0,0,0,0,0,0,8,0,0,3,0,0,0,0,0,6,0,1,0,7
77	4	0.0008241	false	1,7,3,4,5,2,6,0,0,0,0,0,0,0,3,0,3,0,0,0,7,5,0,8,0,0,4,0,0,0,0,0,0,0,0,0,6,0,2,1,0,2,0,8,0,0,0,0,0,0,8,0,0,3,0,0,0,0,0,6,0,1,0,7
78	4	0.0008295	false	1,7,3,4,5,2,8,0,0,0,0,0,0,0,3,0,3,0,0,0,7,5,0,8,0,0,4,0,0,0,0,0,0,0,0,0,6,0,2,1,0,2,0,8,0,0,0,0,0,0,8,0,0,3,0,0,0,0,0,6,0,1,0,7
79	5	0.0008348	false	1,7,3,4,5,2,8,6,0,0,0,0,0,0,3,0,3,0,0,0,7,5,0,8,0,0,4,0,0,0,0,0,0,0,0,0,6,0,2,1,0,2,0,8,0,0,0,0,0,0,8,0,0,3,0,0,0,0,0,6,0,1,0,7
80	3	0.0008392	false	1,7,3,4,5,6,0,0,0,0,0,0,0,0,3,0,3,0,0,0,7,5,0,8,0,0,4,0,0,0,0,0,0,0,0,0,6,0,2,1,0,2,0,8,0,0,0,0,0,0,8,0,0,3,0,0,0,0,0,6,0,1,0,7
81	4	0.0008442	false	1,7,3,4,5,6,8,0,0,0,0,0,0,0,3,0,3,0,0,0,7,5,0,8,0,0,4,0,0,0,0,0,0,0,0,0,6,0,2,1,0,2,0,8,0,0,0,0,0,0,8,0,0,3,0,0,0,0,0,6,0,1,0,7
82	5	0.0008493	false	1,7,3,4,5,6,8,2,0,0,0,0,0,0,3,0,3,0,0,0,7,5,0,8,0,0,4,0,0,0,0,0,0,0,0,0,6,0,2,1,0,2,0,8,0,0,0,0,0,0,8,0,0,3,0,0,0,0,0,6,0,1,0,7
83	3	0.0008703	false	1,7,3,4,5,8,0,0,0,0,0,0,0,0,3,0,3,0,0,0,7,5,0,8,0,0,4,0,0,0,0,0,0,0,0,0,6,0,2,1,0,2,0,8,0,0,0,0,0,0,8,0,0,3,0,0,0,0,0,6,0,1,0,7
84	4	0.0008750	false	1,7,3,4,5,8,6,0,0,0,0,0,0,0,3,0,3,0,0,0,7,5,0,8,0,0,4,0,0,0,0,0,0,0,0,0,6,0,2,1,0,2,0,8,0,0,0,0,0,0,8,0,0,3,0,0,0,0,0,6,0,1,0,7
85	5	0.0008790	false	1,7,3,4,5,8,6,2,0,0,0,0,0,0,3,0,3,0,0,0,7,5,0,8,0,0,4,0,0,0,0,0,0,0,0,0,6,0,2,1,0,2,0,8,0,0,0,0,0,0,8,0,0,3,0,0,0,0,0,6,0,1,0,7
86	1	0.0008855	false	1,8,3,0,5,0,0,0,0,0,0,0,0,0,3,0,3,0,0,0,7,5,0,8,0,0,4,0,0,0,0,0,0,0,0,0,6,0,2,1,0,2,0,8,0,0,0,0,0,0,8,0,0,3,0,0,0,0,0,6,0,1,0,7
87	2	0.0008892	false	1,8,3,2,5,0,0,0,0,0,0,0,0,0,3,0,3,0,0,0,7,5,0,8,0,0,4,0,0,0,0,0,0,0,0,0,6,0,2,1,0,2,0,8,0,0,0,0,0,0,8,0,0,3,0,0,0,0,0,6,0,1,0,7
88	3	0.0008929	false	1,8,3,2,5,4,0,0,0,0,0,0,0,0,3,0,3,0,0,0,7,5,0,8,0,0,4,0,0,0,0,0,0,0,0,0,6,0,2,1,0,2,0,8,0,0,0,0,0,0,8,0,0,3,0,0,0,0,0,6,0,1,0,7
89	4	0.0008970	false	1,8,3,2,5,4,6,0,0,0,0,0,0,0,3,0,3,0,0,0,7,5,0,8,0,0,4,0,0,0,0,0,0,0,0,0,6,0,2,1,0,2,0,8,0,0,0,0,0,0,8,0,0,3,0,0,0,0,0,6,0,1,0,7
90	4	0.0009019	false	1,8,3,2,5,4,7,0,0,0,0,0,0,0,3,0,3,0,0,0,7,5,0,8,0,0,4,0,0,0,0,0,0,0,0,0,6,0,2,1,0,2,0,8,0,0,0,0,0,0,8,0,0,3,0,0,0,0,0,6,0,1,0,7
91	5	0.0009059	false	1,8,3,2,5,4,7,6,0,0,0,0,0,0,3,0,3,0,0,0,7,5,0,8,0,0,4,0,0,0,0,0,0,0,0,0,6,0,2,1,0,2,0,8,0,0,0,0,0,0,8,0,0,3,0,0,0,0,0,6,0,1,0,7
92	3	0.0009099	false	1,8,3,2,5,6,0,0,0,0,0,0,0,0,3,0,3,0,0,0,7,5,0,8,0,0,4,0,0,0,0,0,0,0,0,0,6,0,2,1,0,2,0,8,0,0,0,0,0,0,8,0,0,3,0,0,0,0,0,6,0,1,0,7
93	4	0.0009140	false	1,8,3,2,5,6,4,0,0,0,0,0,0,0,3,0,3,0,0,0,7,5,0,8,0,0,4,0,0,0,0,0,0,0,0,0,6,0,2,1,0,2,0,8,0,0,0,0,0,0,8,0,0,3,0,0,0,0,0,6,0,1,0,7
94	4	0.0009189	false	1,8,3,2,5,6,7,0,0,0,0,0,0,0,3,0,3,0,0,0,7,5,0,8,0,0,4,0,0,0,0,0,0,0,0,0,6,0,2,1,0,2,0,8,0,0,0,0,0,0,8,0,0,3,0,0,0,0,0,6,0,1,0,7
95	5	0.0009226	false	1,8,3,2,5,6,7,4,0,0,0,0,0,0,3,0,3,0,0,0,7,5,0,8,0,0,4,0,0,0,0,0,0,0,0,0,6,0,2,1,0,2,0,8,0,0,0,0,0,0,8,0,0,3,0,0,0,0,0,6,0,1,0,7
96	3	0.0009386	false	1,8,3,2,5,7,0,0,0,0,0,0,0,0,3,0,3,0,0,0,7,5,0,8,0,0,4,0,0,0,0,0,0,0,0,0,6,0,2,1,0,2,0,8,0,0,0,0,0,0,8,0,0,3,0,0,0,0,0,6,0,1,0,7
97	4	0.0009434	false	1,8,3,2,5,7,4,0,0,0,0,0,0,0,3,0,3,0,0,0,7,5,0,8,0,0,4,0,0,0,0,0,0,0,0,0,6,0,2,1,0,2,0,8,0,0,0,0,0,0,8,0,0,3,0,0,0,0,0,6,0,1,0,7
98	5	0.0009481	false	1,8,3,2,5,7,4,6,0,0,0,0,0,0,3,0,3,0,0,0,7,5,0,8,0,0,4,0,0,0,0,0,0,0,0,0,6,0,2,1,0,2,0,8,0,0,0,0,0,0,8,0,0,3,0,0,0,0,0,6,0,1,0,7
99	4	0.0009515	false	1,8,3,2,5,7,6,0,0,0,0,0,0,0,3,0,3,0,0,0,7,5,0,8,0,0,4,0,0,0,0,0,0,0,0,0,6,0,2,1,0,2,0,8,0,0,0,0,0,0,8,0,0,3,0,0,0,0,0,6,0,1,0,7
100	5	0.0009556	false	1,8,3,2,5,7,6,4,0,0,0,0,0,0,3,0,3,0,0,0,7,5,0,8,0,0,4,0,0,0,0,0,0,0,0,0,6,0,2,1,0,2,0,8,0,0,0,0,0,0,8,0,0,3,0,0,0,0,0,6,0,1,0,7
101	2	0.0009616	false	1,8,3,4,5,0,0,0,0,0,0,0,0,0,3,0,3,0,0,0,7,5,0,8,0,0,4,0,0,0,0,0,0,0,0,0,6,0,2,1,0,2,0,8,0,0,0,0,0,0,8,0,0,3,0,0,0,0,0,6,0,1,0,7
102	3	0.0009652	false	1,8,3,4,5,2,0,0,0,0,0,0,0,0,3,0,3,0,0,0,7,5,0,8,0,0,4,0,0,0,0,0,0,0,0,0,6,0,2,1,0,2,0,8,0,0,0,0,0,0,8,0,0,3,0,0,0,0,0,6,0,1,0,7
103	4	0.0009693	false	1,8,3,4,5,2,6,0,0,0,0,0,0,0,3,0,3,0,0,0,7,5,0,8,0,0,4,0,0,0,0,0,0,0,0,0,6,0,2,1,0,2,0,8,0,0,0,0,0,0,8,0,0,3,0,0,0,0,0,6,0,1,0,7
104	4	0.0009737	false	1,8,3,4,5,2,7,0,0,0,0,0,0,0,3,0,3,0,0,0,7,5,0,8,0,0,4,0,0,0,0,0,0,0,0,0,6,0,2,1,0,2,0,8,0,0,0,0,0,0,8,0,0,3,0,0,0,0,0,6,0,1,0,7
105	5	0.0009780	false	1,8,3,4,5,2,7,6,0,0,0,0,0,0,3,0,3,0,0,0,7,5,0,8,0,0,4,0,0,0,0,0,0,0,0,0,6,0,2,1,0,2,0,8,0,0,0,0,0,0,8,0,0,3,0,0,0,0,0,6,0,1,0,7
106	3	0.0009825	false	1,8,3,4,5,6,0,0,0,0,0,0,0,0,3,0,3,0,0,0,7,5,0,8,0,0,4,0,0,0,0,0,0,0,0,0,6,0,2,1,0,2,0,8,0,0,0,0,0,0,8,0,0,3,0,0,0,0,0,6,0,1,0,7
107	4	0.0009881	false	1,8,3,4,5,6,7,0,0,0,0,0,0,0,3,0,3,0,0,0,7,5,0,8,0,0,4,0,0,0,0,0,0,0,0,0,6,0,2,1,0,2,0,8,0,0,0,0,0,0,8,0,0,3,0,0,0,0,0,6,0,1,0,7
108	5	0.0009924	false	1,8,3,4,5,6,7,2,0,0,0,0,0,0,3,0,3,0,0,0,7,5,0,8,0,0,4,0,0,0,0,0,0,0,0,0,6,0,2,1,0,2,0,8,0,0,0,0,0,0,8,0,0,3,0,0,0,0,0,6,0,1,0,7
109	3	0.0009971	false	1,8,3,4,5,7,0,0,0,0,0,0,0,0,3,0,3,0,0,0,7,5,0,8,0,0,4,0,0,0,0,0,0,0,0,0,6,0,2,1,0,2,0,8,0,0,0,0,0,0,8,0,0,3,0,0,0,0,0,6,0,1,0,7
110	4	0.001003	false	1,8,3,4,5,7,6,0,0,0,0,0,0,0,3,0,3,0,0,0,7,5,0,8,0,0,4,0,0,0,0,0,0,0,0,0,6,0,2,1,0,2,0,8,0,0,0,0,0,0,8,0,0,3,0,0,0,0,0,6,0,1,0,7
111	5	0.001038	false	1,8,3,4,5,7,6,2,0,0,0,0,0,0,3,0,3,0,0,0,7,5,0,8,0,0,4,0,0,0,0,0,0,0,0,0,6,0,2,1,0,2,0,8,0,0,0,0,0,0,8,0,0,3,0,0,0,0,0,6,0,1,0,7
112	2	0.001047	false	1,8,3,7,5,0,0,0,0,0,0,0,0,0,3,0,3,0,0,0,7,5,0,8,0,0,4,0,0,0,0,0,0,0,0,0,6,0,2,1,0,2,0,8,0,0,0,0,0,0,8,0,0,3,0,0,0,0,0,6,0,1,0,7
113	3	0.001054	false	1,8,3,7,5,2,0,0,0,0,0,0,0,0,3,0,3,0,0,0,7,5,0,8,0,0,4,0,0,0,0,0,0,0,0,0,6,0,2,1,0,2,0,8,0,0,0,0,0,0,8,0,0,3,0,0,0,0,0,6,0,1,0,7
114	4	0.001063	false	1,8,3,7,5,2,4,0,0,0,0,0,0,0,3,0,3,0,0,0,7,5,0,8,0,0,4,0,0,0,0,0,0,0,0,0,6,0,2,1,0,2,0,8,0,0,0,0,0,0,8,0,0,3,0,0,0,0,0,6,0,1,0,7
115	5	0.001071	false	1,8,3,7,5,2,4,6,0,0,0,0,0,0,3,0,3,0,0,0,7,5,0,8,0,0,4,0,0,0,0,0,0,0,0,0,6,0,2,1,0,2,0,8,0,0,0,0,0,0,8,0,0,3,0,0,0,0,0,6,0,1,0,7
116	4	0.001080	false	1,8,3,7,5,2,6,0,0,0,0,0,0,0,3,0,3,0,0,0,7,5,0,8,0,0,4,0,0,0,0,0,0,0,0,0,6,0,2,1,0,2,0,8,0,0,0,0,0,0,8,0,0,3,0,0,0,0,0,6,0,1,0,7
117	5	0.001084	false	1,8,3,7,5,2,6,4,0,0,0,0,0,0,3,0,3,0,0,0,7,5,0,8,0,0,4,0,0,0,0,0,0,0,0,0,6,0,2,1,0,2,0,8,0,0,0,0,0,0,8,0,0,3,0,0,0,0,0,6,0,1,0,7
118	3	0.001089	false	1,8,3,7,5,4,0,0,0,0,0,0,0,0,3,0,3,0,0,0,7,5,0,8,0,0,4,0,0,0,0,0,0,0,0,0,6,0,2,1,0,2,0,8,0,0,0,0,0,0,8,0,0,3,0,0,0,0,0,6,0,1,0,7
119	4	0.001096	false	1,8,3,7,5,4,6,0,0,0,0,0,0,0,3,0,3,0,0,0,7,5,0,8,0,0,4,0,0,0,0,0,0,0,0,0,6,0,2,1,0,2,0,8,0,0,0,0,0,0,8,0,0,3,0,0,0,0,0,6,0,1,0,7
120	5	0.001103	false	1,8,3,7,5,4,6,2,0,0,0,0,0,0,3,0,3,0,0,0,7,5,0,8,0,0,4,0,0,0,0,0,0,0,0,0,6,0,2,1,0,2,0,8,0,0,0,0,0,0,8,0,0,3,0,0,0,0,0,6,0,1,0,7
121	3	0.001108	false	1,8,3,7,5,6,0,0,0,0,0,0,0,0,3,0,3,0,0,0,7,5,0,8,0,0,4,0,0,0,0,0,0,0,0,0,6,0,2,1,0,2,0,8,0,0,0,0,0,0,8,0,0,3,0,0,0,0,0,6,0,1,0,7
122	4	0.001112	false	1,8,3,7,5,6,4,0,0,0,0,0,0,0,3,0,3,0,0,0,7,5,0,8,0,0,4,0,0,0,0,0,0,0,0,0,6,0,2,1,0,2,0,8,0,0,0,0,0,0,8,0,0,3,0,0,0,0,0,6,0,1,0,7
123	5	0.001118	false	1,8,3,7,5,6,4,2,0,0,0,0,0,0,3,0,3,0,0,0,7,5,0,8,0,0,4,0,0,0,0,0,0,0,0,0,6,0,2,1,0,2,0,8,0,0,0,0,0,0,8,0,0,3,0,0,0,0,0,6,0,1,0,7
