1	0	4.140e-05	false	0,8,2,0,0,3,0,5,0,0,3,0,0,0,7,0,2,0,7,0,0,9,0,0,0,0,0,0,0,0,0,6,0,0,3,0,0,5,0,0,3,0,0,0,0,2,0,0,0,0,8,4,0,0,0,0,0,0,4,0,0,0,0,0,0,7,5,0,0,0,0,3,0,0,0,0,0,2,7,9,0
2	1	8.620e-05	false	1,8,2,0,0,3,0,5,0,0,3,0,0,0,7,0,2,0,7,0,0,9,0,0,0,0,0,0,0,0,0,6,0,0,3,0,0,5,0,0,3,0,0,0,0,2,0,0,0,0,8,4,0,0,0,0,0,0,4,0,0,0,0,0,0,7,5,0,0,0,0,3,0,0,0,0,0,2,7,9,0
3	2	0.0001001	false	1,8,2,0,0,3,0,5,0,4,3,0,0,0,7,0,2,0,7,0,0,9,0,0,0,0,0,0,0,0,0,6,0,0,3,0,0,5,0,0,3,0,0,0,0,2,0,0,0,0,8,4,0,0,0,0,0,0,4,0,0,0,0,0,0,7,5,0,0,0,0,3,0,0,0,0,0,2,7,9,0
4	3	0.0001124	false	1,8,2,0,0,3,0,5,0,4,3,5,0,0,7,0,2,0,7,0,0,9,0,0,0,0,0,0,0,0,0,6,0,0,3,0,0,5,0,0,3,0,0,0,0,2,0,0,0,0,8,4,0,0,0,0,0,0,4,0,0,0,0,0,0,7,5,0,0,0,0,3,0,0,0,0,0,2,7,9,0
5	4	0.0001233	false	1,8,2,0,0,3,0,5,0,4,3,5,0,0,7,0,2,0,7,6,0,9,0,0,0,0,0,0,0,0,0,6,0,0,3,0,0,5,0,0,3,0,0,0,0,2,0,0,0,0,8,4,0,0,0,0,0,0,4,0,0,0,0,0,0,7,5,0,0,0,0,3,0,0,0,0,0,2,7,9,0
6	3	0.0001351	false	1,8,2,0,0,3,0,5,0,4,3,6,0,0,7,0,2,0,7,0,0,9,0,0,0,0,0,0,0,0,0,6,0,0,3,0,0,5,0,0,3,0,0,0,0,2,0,0,0,0,8,4,0,0,0,0,0,0,4,0,0,0,0,0,0,7,5,0,0,0,0,3,0,0,0,0,0,2,7,9,0
7	3	0.0001458	false	1,8,2,0,0,3,0,5,0,4,3,9,0,0,7,0,2,0,7,0,0,9,0,0,0,0,0,0,0,0,0,6,0,0,3,0,0,5,0,0,3,0,0,0,0,2,0,0,0,0,8,4,0,0,0,0,0,0,4,0,0,0,0,0,0,7,5,0,0,0,0,3,0,0,0,0,0,2,7,9,0
8	4	0.0001584	false	1,8,2,0,0,3,0,5,0,4,3,9,0,0,7,0,2,0,7,6,0,9,0,0,0,0,0,0,0,0,0,6,0,0,3,0,0,5,0,0,3,0,0,0,0,2,0,0,0,0,8,4,0,0,0,0,0,0,4,0,0,0,0,0,0,7,5,0,0,0,0,3,0,0,0,0,0,2,7,9,0
9	5	0.0001680	false	1,8,2,0,0,3,0,5,0,4,3,9,0,0,7,0,2,0,7,6,5,9,0,0,0,0,0,0,0,0,0,6,0,0,3,0,0,5,0,0,3,0,0,0,0,2,0,0,0,0,8,4,0,0,0,0,0,0,4,0,0,0,0,0,0,7,5,0,0,0,0,3,0,0,0,0,0,2,7,9,0
10	2	0.0001770	false	1,8,2,0,0,3,0,5,0,5,3,0,0,0,7,0,2,0,7,0,0,9,0,0,0,0,0,0,0,0,0,6,0,0,3,0,0,5,0,0,3,0,0,0,0,2,0,0,0,0,8,4,0,0,0,0,0,0,4,0,0,0,0,0,0,7,5,0,0,0,0,3,0,0,0,0,0,2,7,9,0
11	3	0.0001876	false	1,8,2,0,0,3,0,5,0,5,3,4,0,0,7,0,2,0,7,0,0,9,0,0,0,0,0,0,0,0,0,6,0,0,3,0,0,5,0,0,3,0,0,0,0,2,0,0,0,0,8,4,0,0,0,0,0,0,4,0,0,0,0,0,0,7,5,0,0,0,0,3,0,0,0,0,0,2,7,9,0
12	4	0.0001977	false	1,8,2,0,0,3,0,5,0,5,3,4,0,0,7,0,2,0,7,6,0,9,0,0,0,0,0,0,0,0,0,6,0,0,3,0,0,5,0,0,3,0,0,0,0,2,0,0,0,0,8,4,0,0,0,0,0,0,4,0,0,0,0,0,0,7,5,0,0,0,0,3,0,0,0,0,0,2,7,9,0
13	3	0.0002101	false	1,8,2,0,0,3,0,5,0,5,3,6,0,0,7,0,2,0,7,0,0,9,0,0,0,0,0,0,0,0,0,6,0,0,3,0,0,5,0,0,3,0,0,0,0,2,0,0,0,0,8,4,0,0,0,0,0,0,4,0,0,0,0,0,0,7,5,0,0,0,0,3,0,0,0,0,0,2,7,9,0
14	4	0.0002199	false	1,8,2,0,0,3,0,5,0,5,3,6,0,0,7,0,2,0,7,4,0,9,0,0,0,0,0,0,0,0,0,6,0,0,3,0,0,5,0,0,3,0,0,0,0,2,0,0,0,0,8,4,0,0,0,0,0,0,4,0,0,0,0,0,0,7,5,0,0,0,0,3,0,0,0,0,0,2,7,9,0
15	3	0.0002321	false	1,8,2,0,0,3,0,5,0,5,3,9,0,0,7,0,2,0,7,0,0,9,0,0,0,0,0,0,0,0,0,6,0,0,3,0,0,5,0,0,3,0,0,0,0,2,0,0,0,0,8,4,0,0,0,0,0,0,4,0,0,0,0,0,0,7,5,0,0,0,0,3,0,0,0,0,0,2,7,9,0
16	4	0.0002417	false	1,8,2,0,0,3,0,5,0,5,3,9,0,0,7,0,2,0,7,4,0,9,0,0,0,0,0,0,0,0,0,6,0,0,3,0,0,5,0,0,3,0,0,0,0,2,0,0,0,0,8,4,0,0,0,0,0,0,4,0,0,0,0,0,0,7,5,0,0,0,0,3,0,0,0,0,0,2,7,9,0
17	5	0.0002516	false	1,8,2,0,0,3,0,5,0,5,3,9,0,0,7,0,2,0,7,4,6,9,0,0,0,0,0,0,0,0,0,6,0,0,3,0,0,5,0,0,3,0,0,0,0,2,0,0,0,0,8,4,0,0,0,0,0,0,4,0,0,0,0,0,0,7,5,0,0,0,0,3,0,0,0,0,0,2,7,9,0
18	4	0.0002602	false	1,8,2,0,0,3,0,5,0,5,3,9,0,0,7,0,2,0,7,6,0,9,0,0,0,0,0,0,0,0,0,6,0,0,3,0,0,5,0,0,3,0,0,0,0,2,0,0,0,0,8,4,0,0,0,0,0,0,4,0,0,0,0,0,0,7,5,0,0,0,0,3,0,0,0,0,0,2,7,9,0
19	5	0.0002700	false	1,8,2,0,0,3,0,5,0,5,3,9,0,0,7,0,2,0,7,6,4,9,0,0,0,0,0,0,0,0,0,6,0,0,3,0,0,5,0,0,3,0,0,0,0,2,0,0,0,0,8,4,0,0,0,0,0,0,4,0,0,0,0,0,0,7,5,0,0,0,0,3,0,0,0,0,0,2,7,9,0
20	2	0.0002784	false	1,8,2,0,0,3,0,5,0,6,3,0,0,0,7,0,2,0,7,0,0,9,0,0,0,0,0,0,0,0,0,6,0,0,3,0,0,5,0,0,3,0,0,0,0,2,0,0,0,0,8,4,0,0,0,0,0,0,4,0,0,0,0,0,0,7,5,0,0,0,0,3,0,0,0,0,0,2,7,9,0
21	3	0.0002898	false	1,8,2,0,0,3,0,5,0,6,3,4,0,0,7,0,2,0,7,0,0,9,0,0,0,0,0,0,0,0,0,6,0,0,3,0,0,5,0,0,3,0,0,0,0,2,0,0,0,0,8,4,0,0,0,0,0,0,4,0,0,0,0,0,0,7,5,0,0,0,0,3,0,0,0,0,0,2,7,9,0
22	3	0.0003007	false	1,8,2,0,0,3,0,5,0,6,3,5,0,0,7,0,2,0,7,0,0,9,0,0,0,0,0,0,0,0,0,6,0,0,3,0,0,5,0,0,3,0,0,0,0,2,0,0,0,0,8,4,0,0,0,0,0,0,4,0,0,0,0,0,0,7,5,0,0,0,0,3,0,0,0,0,0,2,7,9,0
23	4	0.0003110	false	1,8,2,0,0,3,0,5,0,6,3,5,0,0,7,0,2,0,7,4,0,9,0,0,0,0,0,0,0,0,0,6,0,0,3,0,0,5,0,0,3,0,0,0,0,2,0,0,0,0,8,4,0,0,0,0,0,0,4,0,0,0,0,0,0,7,5,0,0,0,0,3,0,0,0,0,0,2,7,9,0
24	3	0.0004904	false	1,8,2,0,0,3,0,5,0,6,3,9,0,0,7,0,2,0,7,0,0,9,0,0,0,0,0,0,0,0,0,6,0,0,3,0,0,5,0,0,3,0,0,0,0,2,0,0,0,0,8,4,0,0,0,0,0,0,4,0,0,0,0,0,0,7,5,0,0,0,0,3,0,0,0,0,0,2,7,9,0
25	4	0.0005049	false	1,8,2,0,0,3,0,5,0,6,3,9,0,0,7,0,2,0,7,4,0,9,0,0,0,0,0,0,0,0,0,6,0,0,3,0,0,5,0,0,3,0,0,0,0,2,0,0,0,0,8,4,0,0,0,0,0,0,4,0,0,0,0,0,0,7,5,0,0,0,0,3,0,0,0,0,0,2,7,9,0
26	5	0.0005150	false	1,8,2,0,0,3,0,5,0,6,3,9,0,0,7,0,2,0,7,4,5,9,0,0,0,0,0,0,0,0,0,6,0,0,3,0,0,5,0,0,3,0,0,0,0,2,0,0,0,0,8,4,0,0,0,0,0,0,4,0,0,0,0,0,0,7,5,0,0,0,0,3,0,0,0,0,0,2,7,9,0
27	2	0.0005240	false	1,8,2,0,0,3,0,5,0,9,3,0,0,0,7,0,2,0,7,0,0,9,0,0,0,0,0,0,0,0,0,6,0,0,3,0,0,5,0,0,3,0,0,0,0,2,0,0,0,0,8,4,0,0,0,0,0,0,4,0,0,0,0,0,0,7,5,0,0,0,0,3,0,0,0,0,0,2,7,9,0
28	3	0.0005332	false	1,8,2,0,0,3,0,5,0,9,3,4,0,0,7,0,2,0,7,0,0,9,0,0,0,0,0,0,0,0,0,6,0,0,3,0,0,5,0,0,3,0,0,0,0,2,0,0,0,0,8,4,0,0,0,0,0,0,4,0,0,0,0,0,0,7,5,0,0,0,0,3,0,0,0,0,0,2,7,9,0
29	4	0.0005429	false	1,8,2,0,0,3,0,5,0,9,3,4,0,0,7,0,2,0,7,6,0,9,0,0,0,0,0,0,0,0,0,6,0,0,3,0,0,5,0,0,3,0,0,0,0,2,0,0,0,0,8,4,0,0,0,0,0,0,4,0,0,0,0,0,0,7,5,0,0,0,0,3,0,0,0,0,0,2,7,9,0
30	5	0.0005521	false	1,8,2,0,0,3,0,5,0,9,3,4,0,0,7,0,2,0,7,6,5,9,0,0,0,0,0,0,0,0,0,6,0,0,3,0,0,5,0,0,3,0,0,0,0,2,0,0,0,0,8,4,0,0,0,0,0,0,4,0,0,0,0,0,0,7,5,0,0,0,0,3,0,0,0,0,0,2,7,9,0
31	3	0.0005658	false	1,8,2,0,0,3,0,5,0,9,3,5,0,0,7,0,2,0,7,0,0,9,0,0,0,0,0,0,0,0,0,6,0,0,3,0,0,5,0,0,3,0,0,0,0,2,0,0,0,0,8,4,0,0,0,0,0,0,4,0,0,0,0,0,0,7,5,0,0,0,0,3,0,0,0,0,0,2,7,9,0
32	4	0.0005755	false	1,8,2,0,0,3,0,5,0,9,3,5,0,0,7,0,2,0,7,4,0,9,0,0,0,0,0,0,0,0,0,6,0,0,3,0,0,5,0,0,3,0,0,0,0,2,0,0,0,0,8,4,0,0,0,0,0,0,4,0,0,0,0,0,0,7,5,0,0,0,0,3,0,0,0,0,0,2,7,9,0
33	5	0.0005852	false	1,8,2,0,0,3,0,5,0,9,3,5,0,0,7,0,2,0,7,4,6,9,0,0,0,0,0,0,0,0,0,6,0,0,3,0,0,5,0,0,3,0,0,0,0,2,0,0,0,0,8,4,0,0,0,0,0,0,4,0,0,0,0,0,0,7,5,0,0,0,0,3,0,0,0,0,0,2,7,9,0
34	4	0.0005920	false	1,8,2,0,0,3,0,5,0,9,3,5,0,0,7,0,2,0,7,6,0,9,0,0,0,0,0,0,0,0,0,6,0,0,3,0,0,5,0,0,3,0,0,0,0,2,0,0,0,0,8,4,0,0,0,0,0,0,4,0,0,0,0,0,0,7,5,0,0,0,0,3,0,0,0,0,0,2,7,9,0
35	5	0.0006026	false	1,8,2,0,0,3,0,5,0,9,3,5,0,0,7,0,2,0,7,6,4,9,0,0,0,0,0,0,0,0,0,6,0,0,3,0,0,5,0,0,3,0,0,0,0,2,0,0,0,0,8,4,0,0,0,0,0,0,4,0,0,0,0,0,0,7,5,0,0,0,0,3,0,0,0,0,0,2,7,9,0
36	3	0.0006106	false	1,8,2,0,0,3,0,5,0,9,3,6,0,0,7,0,2,0,7,0,0,9,0,0,0,0,0,0,0,0,0,6,0,0,3,0,0,5,0,0,3,0,0,0,0,2,0,0,0,0,8,4,0,0,0,0,0,0,4,0,0,0,0,0,0,7,5,0,0,0,0,3,0,0,0,0,0,2,7,9,0
37	4	0.0006199	false	1,8,2,0,0,3,0,5,0,9,3,6,0,0,7,0,2,0,7,4,0,9,0,0,0,0,0,0,0,0,0,6,0,0,3,0,0,5,0,0,3,0,0,0,0,2,0,0,0,0,8,4,0,0,0,0,0,0,4,0,0,0,0,0,0,7,5,0,0,0,0,3,0,0,0,0,0,2,7,9,0
38	5	0.0006296	false	1,8,2,0,0,3,0,5,0,9,3,6,0,0,7,0,2,0,7,4,5,9,0,0,0,0,0,0,0,0,0,6,0,0,3,0,0,5,0,0,3,0,0,0,0,2,0,0,0,0,8,4,0,0,0,0,0,0,4,0,0,0,0,0,0,7,5,0,0,0,0,3,0,0,0,0,0,2,7,9,0
39	1	0.0006387	false	4,8,2,0,0,3,0,5,0,0,3,0,0,0,7,0,2,0,7,0,0,9,0,0,0,0,0,0,0,0,0,6,0,0,3,0,0,5,0,0,3,0,0,0,0,2,0,0,0,0,8,4,0,0,0,0,0,0,4,0,0,0,0,0,0,7,5,0,0,0,0,3,0,0,0,0,0,2,7,9,0
40	2	0.0006476	false	4,8,2,0,0,3,0,5,0,1,3,0,0,0,7,0,2,0,7,0,0,9,0,0,0,0,0,0,0,0,0,6,0,0,3,0,0,5,0,0,3,0,0,0,0,2,0,0,0,0,8,4,0,0,0,0,0,0,4,0,0,0,0,0,0,7,5,0,0,0,0,3,0,0,0,0,0,2,7,9,0
41	3	0.0006569	false	4,8,2,0,0,3,0,5,0,1,3,5,0,0,7,0,2,0,7,0,0,9,0,0,0,0,0,0,0,0,0,6,0,0,3,0,0,5,0,0,3,0,0,0,0,2,0,0,0,0,8,4,0,0,0,0,0,0,4,0,0,0,0,0,0,7,5,0,0,0,0,3,0,0,0,0,0,2,7,9,0
42	4	0.0006661	false	4,8,2,0,0,3,0,5,0,1,3,5,0,0,7,0,2,0,7,6,0,9,0,0,0,0,0,0,0,0,0,6,0,0,3,0,0,5,0,0,3,0,0,0,0,2,0,0,0,0,8,4,0,0,0,0,0,0,4,0,0,0,0,0,0,7,5,0,0,0,0,3,0,0,0,0,0,2,7,9,0
43	3	0.0006764	false	4,8,2,0,0,3,0,5,0,1,3,6,0,0,7,0,2,0,7,0,0,9,0,0,0,0,0,0,0,0,0,6,0,0,3,0,0,5,0,0,3,0,0,0,0,2,0,0,0,0,8,4,0,0,0,0,0,0,4,0,0,0,0,0,0,7,5,0,0,0,0,3,0,0,0,0,0,2,7,9,0
44	3	0.0006869	false	4,8,2,0,0,3,0,5,0,1,3,9,0,0,7,0,2,0,7,0,0,9,0,0,0,0,0,0,0,0,0,6,0,0,3,0,0,5,0,0,3,0,0,0,0,2,0,0,0,0,8,4,0,0,0,0,0,0,4,0,0,0,0,0,0,7,5,0,0,0,0,3,0,0,0,0,0,2,7,9,0
45	4	0.0007029	false	4,8,2,0,0,3,0,5,0,1,3,9,0,0,7,0,2,0,7,6,0,9,0,0,0,0,0,0,0,0,0,6,0,0,3,0,0,5,0,0,3,0,0,0,0,2,0,0,0,0,8,4,0,0,0,0,0,0,4,0,0,0,0,0,0,7,5,0,0,0,0,3,0,0,0,0,0,2,7,9,0
46	5	0.0007821	false	4,8,2,0,0,3,0,5,0,1,3,9,0,0,7,0,2,0,7,6,5,9,0,0,0,0,0,0,0,0,0,6,0,0,3,0,0,5,0,0,3,0,0,0,0,2,0,0,0,0,8,4,0,0,0,0,0,0,4,0,0,0,0,0,0,7,5,0,0,0,0,3,0,0,0,0,0,2,7,9,0
47	2	0.0007921	false	4,8,2,0,0,3,0,5,0,5,3,0,0,0,7,0,2,0,7,0,0,9,0,0,0,0,0,0,0,0,0,6,0,0,3,0,0,5,0,0,3,0,0,0,0,2,0,0,0,0,8,4,0,0,0,0,0,0,4,0,0,0,0,0,0,7,5,0,0,0,0,3,0,0,0,0,0,2,7,9,0
48	3	0.0008028	false	4,8,2,0,0,3,0,5,0,5,3,1,0,0,7,0,2,0,7,0,0,9,0,0,0,0,0,0,0,0,0,6,0,0,3,0,0,5,0,0,3,0,0,0,0,2,0,0,0,0,8,4,0,0,0,0,0,0,4,0,0,0,0,0,0,7,5,0,0,0,0,3,0,0,0,0,0,2,7,9,0
49	4	0.0008119	false	4,8,2,0,0,3,0,5,0,5,3,1,0,0,7,0,2,0,7,6,0,9,0,0,0,0,0,0,0,0,0,6,0,0,3,0,0,5,0,0,3,0,0,0,0,2,0,0,0,0,8,4,0,0,0,0,0,0,4,0,0,0,0,0,0,7,5,0,0,0,0,3,0,0,0,0,0,2,7,9,0
50	3	0.0008235	false	4,8,2,0,0,3,0,5,0,5,3,6,0,0,7,0,2,0,7,0,0,9,0,0,0,0,0,0,0,0,0,6,0,0,3,0,0,5,0,0,3,0,0,0,0,2,0,0,0,0,8,4,0,0,0,0,0,0,4,0,0,0,0,0,0,7,5,0,0,0,0,3,0,0,0,0,0,2,7,9,0
51	4	0.0008321	false	4,8,2,0,0,3,0,5,0,5,3,6,0,0,7,0,2,0,7,1,0,9,0,0,0,0,0,0,0,0,0,6,0,0,3,0,0,5,0,0,3,0,0,0,0,2,0,0,0,0,8,4,0,0,0,0,0,0,4,0,0,0,0,0,0,7,5,0,0,0,0,3,0,0,0,0,0,2,7,9,0
52	3	0.0008438	false	4,8,2,0,0,3,0,5,0,5,3,9,0,0,7,0,2,0,7,0,0,9,0,0,0,0,0,0,0,0,0,6,0,0,3,0,0,5,0,0,3,0,0,0,0,2,0,0,0,0,8,4,0,0,0,0,0,0,4,0,0,0,0,0,0,7,5,0,0,0,0,3,0,0,0,0,0,2,7,9,0
53	4	0.0008527	false	4,8,2,0,0,3,0,5,0,5,3,9,0,0,7,0,2,0,7,1,0,9,0,0,0,0,0,0,0,0,0,6,0,0,3,0,0,5,0,0,3,0,0,0,0,2,0,0,0,0,8,4,0,0,0,0,0,0,4,0,0,0,0,0,0,7,5,0,0,0,0,3,0,0,0,0,0,2,7,9,0
54	5	0.0008632	false	4,8,2,0,0,3,0,5,0,5,3,9,0,0,7,0,2,0,7,1,6,9,0,0,0,0,0,0,0,0,0,6,0,0,3,0,0,5,0,0,3,0,0,0,0,2,0,0,0,0,8,4,0,0,0,0,0,0,4,0,0,0,0,0,0,7,5,0,0,0,0,3,0,0,0,0,0,2,7,9,0
55	4	0.0008740	false	4,8,2,0,0,3,0,5,0,5,3,9,0,0,7,0,2,0,7,6,0,9,0,0,0,0,0,0,0,0,0,6,0,0,3,0,0,5,0,0,3,0,0,0,0,2,0,0,0,0,8,4,0,0,0,0,0,0,4,0,0,0,0,0,0,7,5,0,0,0,0,3,0,0,0,0,0,2,7,9,0
56	5	0.0008837	false	4,8,2,0,0,3,0,5,0,5,3,9,0,0,7,0,2,0,7,6,1,9,0,0,0,0,0,0,0,0,0,6,0,0,3,0,0,5,0,0,3,0,0,0,0,2,0,0,0,0,8,4,0,0,0,0,0,0,4,0,0,0,0,0,0,7,5,0,0,0,0,3,0,0,0,0,0,2,7,9,0
57	2	0.0008945	false	4,8,2,0,0,3,0,5,0,6,3,0,0,0,7,0,2,0,7,0,0,9,0,0,0,0,0,0,0,0,0,6,0,0,3,0,0,5,0,0,3,0,0,0,0,2,0,0,0,0,8,4,0,0,0,0,0,0,4,0,0,0,0,0,0,7,5,0,0,0,0,3,0,0,0,0,0,2,7,9,0
58	3	0.0009135	false	4,8,2,0,0,3,0,5,0,6,3,1,0,0,7,0,2,0,7,0,0,9,0,0,0,0,0,0,0,0,0,6,0,0,3,0,0,5,0,0,3,0,0,0,0,2,0,0,0,0,8,4,0,0,0,0,0,0,4,0,0,0,0,0,0,7,5,0,0,0,0,3,0,0,0,0,0,2,7,9,0
59	3	0.0009273	false	4,8,2,0,0,3,0,5,0,6,3,5,0,0,7,0,2,0,7,0,0,9,0,0,0,0,0,0,0,0,0,6,0,0,3,0,0,5,0,0,3,0,0,0,0,2,0,0,0,0,8,4,0,0,0,0,0,0,4,0,0,0,0,0,0,7,5,0,0,0,0,3,0,0,0,0,0,2,7,9,0
60	4	0.0009396	false	4,8,2,0,0,3,0,5,0,6,3,5,0,0,7,0,2,0,7,1,0,9,0,0,0,0,0,0,0,0,0,6,0,0,3,0,0,5,0,0,3,0,0,0,0,2,0,0,0,0,8,4,0,0,0,0,0,0,4,0,0,0,0,0,0,7,5,0,0,0,0,3,0,0,0,0,0,2,7,9,0
61	3	0.0009551	false	4,8,2,0,0,3,0,5,0,6,3,9,0,0,7,0,2,0,7,0,0,9,0,0,0,0,0,0,0,0,0,6,0,0,3,0,0,5,0,0,3,0,0,0,0,2,0,0,0,0,8,4,0,0,0,0,0,0,4,0,0,0,0,0,0,7,5,0,0,0,0,3,0,0,0,0,0,2,7,9,0
62	4	0.0009653	false	4,8,2,0,0,3,0,5,0,6,3,9,0,0,7,0,2,0,7,1,0,9,0,0,0,0,0,0,0,0,0,6,0,0,3,0,0,5,0,0,3,0,0,0,0,2,0,0,0,0,8,4,0,0,0,0,0,0,4,0,0,0,0,0,0,7,5,0,0,0,0,3,0,0,0,0,0,2,7,9,0
63	5	0.0009778	false	4,8,2,0,0,3,0,5,0,6,3,9,0,0,7,0,2,0,7,1,5,9,0,0,0,0,0,0,0,0,0,6,0,0,3,0,0,5,0,0,3,0,0,0,0,2,0,0,0,0,8,4,0,0,0,0,0,0,4,0,0,0,0,0,0,7,5,0,0,0,0,3,0,0,0,0,0,2,7,9,0
64	2	0.0009854	false	4,8,2,0,0,3,0,5,0,9,3,0,0,0,7,0,2,0,7,0,0,9,0,0,0,0,0,0,0,0,0,6,0,0,3,0,0,5,0,0,3,0,0,0,0,2,0,0,0,0,8,4,0,0,0,0,0,0,4,0,0,0,0,0,0,7,5,0,0,0,0,3,0,0,0,0,0,2,7,9,0
65	3	0.0009957	false	4,8,2,0,0,3,0,5,0,9,3,1,0,0,7,0,2,0,7,0,0,9,0,0,0,0,0,0,0,0,0,6,0,0,3,0,0,5,0,0,3,0,0,0,0,2,0,0,0,0,8,4,0,0,0,0,0,0,4,0,0,0,0,0,0,7,5,0,0,0,0,3,0,0,0,0,0,2,7,9,0
66	4	0.001007	false	4,8,2,0,0,3,0,5,0,9,3,1,0,0,7,0,2,0,7,6,0,9,0,0,0,0,0,0,0,0,0,6,0,0,3,0,0,5,0,0,3,0,0,0,0,2,0,0,0,0,8,4,0,0,0,0,0,0,4,0,0,0,0,0,0,7,5,0,0,0,0,3,0,0,0,0,0,2,7,9,0
67	5	0.001020	false	4,8,2,0,0,3,0,5,0,9,3,1,0,0,7,0,2,0,7,6,5,9,0,0,0,0,0,0,0,0,0,6,0,0,3,0,0,5,0,0,3,0,0,0,0,2,0,0,0,0,8,4,0,0,0,0,0,0,4,0,0,0,0,0,0,7,5,0,0,0,0,3,0,0,0,0,0,2,7,9,0
68	3	0.001051	false	4,8,2,0,0,3,0,5,0,9,3,5,0,0,7,0,2,0,7,0,0,9,0,0,0,0,0,0,0,0,0,6,0,0,3,0,0,5,0,0,3,0,0,0,0,2,0,0,0,0,8,4,0,0,0,0,0,0,4,0,0,0,0,0,0,7,5,0,0,0,0,3,0,0,0,0,0,2,7,9,0
69	4	0.001065	false	4,8,2,0,0,3,0,5,0,9,3,5,0,0,7,0,2,0,7,1,0,9,0,0,0,0,0,0,0,0,0,6,0,0,3,0,0,5,0,0,3,0,0,0,0,2,0,0,0,0,8,4,0,0,0,0,0,0,4,0,0,0,0,0,0,7,5,0,0,0,0,3,0,0,0,0,0,2,7,9,0
70	5	0.001078	false	4,8,2,0,0,3,0,5,0,9,3,5,0,0,7,0,2,0,7,1,6,9,0,0,0,0,0,0,0,0,0,6,0,0,3,0,0,5,0,0,3,0,0,0,0,2,0,0,0,0,8,4,0,0,0,0,0,0,4,0,0,0,0,0,0,7,5,0,0,0,0,3,0,0,0,0,0,2,7,9,0
71	4	0.001089	false	4,8,2,0,0,3,0,5,0,9,3,5,0,0,7,0,2,0,7,6,0,9,0,0,0,0,0,0,0,0,0,6,0,0,3,0,0,5,0,0,3,0,0,0,0,2,0,0,0,0,8,4,0,0,0,0,0,0,4,0,0,0,0,0,0,7,5,0,0,0,0,3,0,0,0,0,0,2,7,9,0
72	5	0.001104	false	4,8,2,0,0,3,0,5,0,9,3,5,0,0,7,0,2,0,7,6,1,9,0,0,0,0,0,0,0,0,0,6,0,0,3,0,0,5,0,0,3,0,0,0,0,2,0,0,0,0,8,4,0,0,0,0,0,0,4,0,0,0,0,0,0,7,5,0,0,0,0,3,0,0,0,0,0,2,7,9,0
73	3	0.001130	false	4,8,2,0,0,3,0,5,0,9,3,6,0,0,7,0,2,0,7,0,0,9,0,0,0,0,0,0,0,0,0,6,0,0,3,0,0,5,0,0,3,0,0,0,0,2,0,0,0,0,8,4,0,0,0,0,0,0,4,0,0,0,0,0,0,7,5,0,0,0,0,3,0,0,0,0,0,2,7,9,0
74	4	0.001140	false	4,8,2,0,0,3,0,5,0,9,3,6,0,0,7,0,2,0,7,1,0,9,0,0,0,0,0,0,0,0,0,6,0,0,3,0,0,5,0,0,3,0,0,0,0,2,0,0,0,0,8,4,0,0,0,0,0,0,4,0,0,0,0,0,0,7,5,0,0,0,0,3,0,0,0,0,0,2,7,9,0
75	5	0.001153	false	4,8,2,0,0,3,0,5,0,9,3,6,0,0,7,0,2,0,7,1,5,9,0,0,0,0,0,0,0,0,0,6,0,0,3,0,0,5,0,0,3,0,0,0,0,2,0,0,0,0,8,4,0,0,0,0,0,0,4,0,0,0,0,0,0,7,5,0,0,0,0,3,0,0,0,0,0,2,7,9,0
76	1	0.001165	false	6,8,2,0,0,3,0,5,0,0,3,0,0,0,7,0,2,0,7,0,0,9,0,0,0,0,0,0,0,0,0,6,0,0,3,0,0,5,0,0,3,0,0,0,0,2,0,0,0,0,8,4,0,0,0,0,0,0,4,0,0,0,0,0,0,7,5,0,0,0,0,3,0,0,0,0,0,2,7,9,0
77	2	0.001175	false	6,8,2,0,0,3,0,5,0,1,3,0,0,0,7,0,2,0,7,0,0,9,0,0,0,0,0,0,0,0,0,6,0,0,3,0,0,5,0,0,3,0,0,0,0,2,0,0,0,0,8,4,0,0,0,0,0,0,4,0,0,0,0,0,0,7,5,0,0,0,0,3,0,0,0,0,0,2,7,9,0
78	3	0.001187	false	6,8,2,0,0,3,0,5,0,1,3,4,0,0,7,0,2,0,7,0,0,9,0,0,0,0,0,0,0,0,0,6,0,0,3,0,0,5,0,0,3,0,0,0,0,2,0,0,0,0,8,4,0,0,0,0,0,0,4,0,0,0,0,0,0,7,5,0,0,0,0,3,0,0,0,0,0,2,7,9,0
79	3	0.001200	false	6,8,2,0,0,3,0,5,0,1,3,5,0,0,7,0,2,0,7,0,0,9,0,0,0,0,0,0,0,0,0,6,0,0,3,0,0,5,0,0,3,0,0,0,0,2,0,0,0,0,8,4,0,0,0,0,0,0,4,0,0,0,0,0,0,7,5,0,0,0,0,3,0,0,0,0,0,2,7,9,0
80	4	0.001210	false	6,8,2,0,0,3,0,5,0,1,3,5,0,0,7,0,2,0,7,4,0,9,0,0,0,0,0,0,0,0,0,6,0,0,3,0,0,5,0,0,3,0,0,0,0,2,0,0,0,0,8,4,0,0,0,0,0,0,4,0,0,0,0,0,0,7,5,0,0,0,0,3,0,0,0,0,0,2,7,9,0
81	3	0.001221	false	6,8,2,0,0,3,0,5,0,1,3,9,0,0,7,0,2,0,7,0,0,9,0,0,0,0,0,0,0,0,0,6,0,0,3,0,0,5,0,0,3,0,0,0,0,2,0,0,0,0,8,4,0,0,0,0,0,0,4,0,0,0,0,0,0,7,5,0,0,0,0,3,0,0,0,0,0,2,7,9,0
82	4	0.001231	false	6,8,2,0,0,3,0,5,0,1,3,9,0,0,7,0,2,0,7,4,0,9,0,0,0,0,0,0,0,0,0,6,0,0,3,0,0,5,0,0,3,0,0,0,0,2,0,0,0,0,8,4,0,0,0,0,0,0,4,0,0,0,0,0,0,7,5,0,0,0,0,3,0,0,0,0,0,2,7,9,0
83	5	0.001241	false	6,8,2,0,0,3,0,5,0,1,3,9,0,0,7,0,2,0,7,4,5,9,0,0,0,0,0,0,0,0,0,6,0,0,3,0,0,5,0,0,3,0,0,0,0,2,0,0,0,0,8,4,0,0,0,0,0,0,4,0,0,0,0,0,0,7,5,0,0,0,0,3,0,0,0,0,0,2,7,9,0
84	2	0.001249	false	6,8,2,0,0,3,0,5,0,4,3,0,0,0,7,0,2,0,7,0,0,9,0,0,0,0,0,0,0,0,0,6,0,0,3,0,0,5,0,0,3,0,0,0,0,2,0,0,0,0,8,4,0,0,0,0,0,0,4,0,0,0,0,0,0,7,5,0,0,0,0,3,0,0,0,0,0,2,7,9,0
85	3	0.001258	false	6,8,2,0,0,3,0,5,0,4,3,1,0,0,7,0,2,0,7,0,0,9,0,0,0,0,0,0,0,0,0,6,0,0,3,0,0,5,0,0,3,0,0,0,0,2,0,0,0,0,8,4,0,0,0,0,0,0,4,0,0,0,0,0,0,7,5,0,0,0,0,3,0,0,0,0,0,2,7,9,0
86	3	0.001270	false	6,8,2,0,0,3,0,5,0,4,3,5,0,0,7,0,2,0,7,0,0,9,0,0,0,0,0,0,0,0,0,6,0,0,3,0,0,5,0,0,3,0,0,0,0,2,0,0,0,0,8,4,0,0,0,0,0,0,4,0,0,0,0,0,0,7,5,0,0,0,0,3,0,0,0,0,0,2,7,9,0
87	4	0.001278	false	6,8,2,0,0,3,0,5,0,4,3,5,0,0,7,0,2,0,7,1,0,9,0,0,0,0,0,0,0,0,0,6,0,0,3,0,0,5,0,0,3,0,0,0,0,2,0,0,0,0,8,4,0,0,0,0,0,0,4,0,0,0,0,0,0,7,5,0,0,0,0,3,0,0,0,0,0,2,7,9,0
88	3	0.001290	false	6,8,2,0,0,3,0,5,0,4,3,9,0,0,7,0,2,0,7,0,0,9,0,0,0,0,0,0,0,0,0,6,0,0,3,0,0,5,0,0,3,0,0,0,0,2,0,0,0,0,8,4,0,0,0,0,0,0,4,0,0,0,0,0,0,7,5,0,0,0,0,3,0,0,0,0,0,2,7,9,0
89	4	0.001299	false	6,8,2,0,0,3,0,5,0,4,3,9,0,0,7,0,2,0,7,1,0,9,0,0,0,0,0,0,0,0,0,6,0,0,3,0,0,5,0,0,3,0,0,0,0,2,0,0,0,0,8,4,0,0,0,0,0,0,4,0,0,0,0,0,0,7,5,0,0,0,0,3,0,0,0,0,0,2,7,9,0
90	5	0.001308	false	6,8,2,0,0,3,0,5,0,4,3,9,0,0,7,0,2,0,7,1,5,9,0,0,0,0,0,0,0,0,0,6,0,0,3,0,0,5,0,0,3,0,0,0,0,2,0,0,0,0,8,4,0,0,0,0,0,0,4,0,0,0,0,0,0,7,5,0,0,0,0,3,0,0,0,0,0,2,7,9,0
91	2	0.001334	false	6,8,2,0,0,3,0,5,0,5,3,0,0,0,7,0,2,0,7,0,0,9,0,0,0,0,0,0,0,0,0,6,0,0,3,0,0,5,0,0,3,0,0,0,0,2,0,0,0,0,8,4,0,0,0,0,0,0,4,0,0,0,0,0,0,7,5,0,0,0,0,3,0,0,0,0,0,2,7,9,0
92	3	0.001345	false	6,8,2,0,0,3,0,5,0,5,3,1,0,0,7,0,2,0,7,0,0,9,0,0,0,0,0,0,0,0,0,6,0,0,3,0,0,5,0,0,3,0,0,0,0,2,0,0,0,0,8,4,0,0,0,0,0,0,4,0,0,0,0,0,0,7,5,0,0,0,0,3,0,0,0,0,0,2,7,9,0
93	4	0.001354	false	6,8,2,0,0,3,0,5,0,5,3,1,0,0,7,0,2,0,7,4,0,9,0,0,0,0,0,0,0,0,0,6,0,0,3,0,0,5,0,0,3,0,0,0,0,2,0,0,0,0,8,4,0,0,0,0,0,0,4,0,0,0,0,0,0,7,5,0,0,0,0,3,0,0,0,0,0,2,7,9,0
94	3	0.001366	false	6,8,2,0,0,3,0,5,0,5,3,4,0,0,7,0,2,0,7,0,0,9,0,0,0,0,0,0,0,0,0,6,0,0,3,0,0,5,0,0,3,0,0,0,0,2,0,0,0,0,8,4,0,0,0,0,0,0,4,0,0,0,0,0,0,7,5,0,0,0,0,3,0,0,0,0,0,2,7,9,0
95	4	0.001376	false	6,8,2,0,0,3,0,5,0,5,3,4,0,0,7,0,2,0,7,1,0,9,0,0,0,0,0,0,0,0,0,6,0,0,3,0,0,5,0,0,3,0,0,0,0,2,0,0,0,0,8,4,0,0,0,0,0,0,4,0,0,0,0,0,0,7,5,0,0,0,0,3,0,0,0,0,0,2,7,9,0
96	3	0.001388	false	6,8,2,0,0,3,0,5,0,5,3,9,0,0,7,0,2,0,7,0,0,9,0,0,0,0,0,0,0,0,0,6,0,0,3,0,0,5,0,0,3,0,0,0,0,2,0,0,0,0,8,4,0,0,0,0,0,0,4,0,0,0,0,0,0,7,5,0,0,0,0,3,0,0,0,0,0,2,7,9,0
97	4	0.001396	false	6,8,2,0,0,3,0,5,0,5,3,9,0,0,7,0,2,0,7,1,0,9,0,0,0,0,0,0,0,0,0,6,0,0,3,0,0,5,0,0,3,0,0,0,0,2,0,0,0,0,8,4,0,0,0,0,0,0,4,0,0,0,0,0,0,7,5,0,0,0,0,3,0,0,0,0,0,2,7,9,0
98	5	0.001407	false	6,8,2,0,0,3,0,5,0,5,3,9,0,0,7,0,2,0,7,1,4,9,0,0,0,0,0,0,0,0,0,6,0,0,3,0,0,5,0,0,3,0,0,0,0,2,0,0,0,0,8,4,0,0,0,0,0,0,4,0,0,0,0,0,0,7,5,0,0,0,0,3,0,0,0,0,0,2,7,9,0
99	4	0.001414	false	6,8,2,0,0,3,0,5,0,5,3,9,0,0,7,0,2,0,7,4,0,9,0,0,0,0,0,0,0,0,0,6,0,0,3,0,0,5,0,0,3,0,0,0,0,2,0,0,0,0,8,4,0,0,0,0,0,0,4,0,0,0,0,0,0,7,5,0,0,0,0,3,0,0,0,0,0,2,7,9,0
100	5	0.001423	false	6,8,2,0,0,3,0,5,0,5,3,9,0,0,7,0,2,0,7,4,1,9,0,0,0,0,0,0,0,0,0,6,0,0,3,0,0,5,0,0,3,0,0,0,0,2,0,0,0,0,8,4,0,0,0,0,0,0,4,0,0,0,0,0,0,7,5,0,0,0,0,3,0,0,0,0,0,2,7,9,0
101	2	0.001443	false	6,8,2,0,0,3,0,5,0,9,3,0,0,0,7,0,2,0,7,0,0,9,0,0,0,0,0,0,0,0,0,6,0,0,3,0,0,5,0,0,3,0,0,0,0,2,0,0,0,0,8,4,0,0,0,0,0,0,4,0,0,0,0,0,0,7,5,0,0,0,0,3,0,0,0,0,0,2,7,9,0
102	3	0.001453	false	6,8,2,0,0,3,0,5,0,9,3,1,0,0,7,0,2,0,7,0,0,9,0,0,0,0,0,0,0,0,0,6,0,0,3,0,0,5,0,0,3,0,0,0,0,2,0,0,0,0,8,4,0,0,0,0,0,0,4,0,0,0,0,0,0,7,5,0,0,0,0,3,0,0,0,0,0,2,7,9,0
103	4	0.001462	false	6,8,2,0,0,3,0,5,0,9,3,1,0,0,7,0,2,0,7,4,0,9,0,0,0,0,0,0,0,0,0,6,0,0,3,0,0,5,0,0,3,0,0,0,0,2,0,0,0,0,8,4,0,0,0,0,0,0,4,0,0,0,0,0,0,7,5,0,0,0,0,3,0,0,0,0,0,2,7,9,0
104	5	0.001471	false	6,8,2,0,0,3,0,5,0,9,3,1,0,0,7,0,2,0,7,4,5,9,0,0,0,0,0,0,0,0,0,6,0,0,3,0,0,5,0,0,3,0,0,0,0,2,0,0,0,0,8,4,0,0,0,0,0,0,4,0,0,0,0,0,0,7,5,0,0,0,0,3,0,0,0,0,0,2,7,9,0
105	3	0.001479	false	6,8,2,0,0,3,0,5,0,9,3,4,0,0,7,0,2,0,7,0,0,9,0,0,0,0,0,0,0,0,0,6,0,0,3,0,0,5,0,0,3,0,0,0,0,2,0,0,0,0,8,4,0,0,0,0,0,0,4,0,0,0,0,0,0,7,5,0,0,0,0,3,0,0,0,0,0,2,7,9,0
106	4	0.001488	false	6,8,2,0,0,3,0,5,0,9,3,4,0,0,7,0,2,0,7,1,0,9,0,0,0,0,0,0,0,0,0,6,0,0,3,0,0,5,0,0,3,0,0,0,0,2,0,0,0,0,8,4,0,0,0,0,0,0,4,0,0,0,0,0,0,7,5,0,0,0,0,3,0,0,0,0,0,2,7,9,0
107	5	0.001498	false	6,8,2,0,0,3,0,5,0,9,3,4,0,0,7,0,2,0,7,1,5,9,0,0,0,0,0,0,0,0,0,6,0,0,3,0,0,5,0,0,3,0,0,0,0,2,0,0,0,0,8,4,0,0,0,0,0,0,4,0,0,0,0,0,0,7,5,0,0,0,0,3,0,0,0,0,0,2,7,9,0
108	3	0.001505	false	6,8,2,0,0,3,0,5,0,9,3,5,0,0,7,0,2,0,7,0,0,9,0,0,0,0,0,0,0,0,0,6,0,0,3,0,0,5,0,0,3,0,0,0,0,2,0,0,0,0,8,4,0,0,0,0,0,0,4,0,0,0,0,0,0,7,5,0,0,0,0,3,0,0,0,0,0,2,7,9,0
109	4	0.001514	false	6,8,2,0,0,3,0,5,0,9,3,5,0,0,7,0,2,0,7,1,0,9,0,0,0,0,0,0,0,0,0,6,0,0,3,0,0,5,0,0,3,0,0,0,0,2,0,0,0,0,8,4,0,0,0,0,0,0,4,0,0,0,0,0,0,7,5,0,0,0,0,3,0,0,0,0,0,2,7,9,0
110	5	0.001523	false	6,8,2,0,0,3,0,5,0,9,3,5,0,0,7,0,2,0,7,1,4,9,0,0,0,0,0,0,0,0,0,6,0,0,3,0,0,5,0,0,3,0,0,0,0,2,0,0,0,0,8,4,0,0,0,0,0,0,4,0,0,0,0,0,0,7,5,0,0,0,0,3,0,0,0,0,0,2,7,9,0
111	4	0.001530	false	6,8,2,0,0,3,0,5,0,9,3,5,0,0,7,0,2,0,7,4,0,9,0,0,0,0,0,0,0,0,0,6,0,0,3,0,0,5,0,0,3,0,0,0,0,2,0,0,0,0,8,4,0,0,0,0,0,0,4,0,0,0,0,0,0,7,5,0,0,0,0,3,0,0,0,0,0,2,7,9,0
112	5	0.001539	false	6,8,2,0,0,3,0,5,0,9,3,5,0,0,7,0,2,0,7,4,1,9,0,0,0,0,0,0,0,0,0,6,0,0,3,0,0,5,0,0,3,0,0,0,0,2,0,0,0,0,8,4,0,0,0,0,0,0,4,0,0,0,0,0,0,7,5,0,0,0,0,3,0,0,0,0,0,2,7,9,0
113	1	0.001607	false	9,8,2,0,0,3,0,5,0,0,3,0,0,0,7,0,2,0,7,0,0,9,0,0,0,0,0,0,0,0,0,6,0,0,3,0,0,5,0,0,3,0,0,0,0,2,0,0,0,0,8,4,0,0,0,0,0,0,4,0,0,0,0,0,0,7,5,0,0,0,0,3,0,0,0,0,0,2,7,9,0
114	2	0.001618	false	9,8,2,0,0,3,0,5,0,1,3,0,0,0,7,0,2,0,7,0,0,9,0,0,0,0,0,0,0,0,0,6,0,0,3,0,0,5,0,0,3,0,0,0,0,2,0,0,0,0,8,4,0,0,0,0,0,0,4,0,0,0,0,0,0,7,5,0,0,0,0,3,0,0,0,0,0,2,7,9,0
115	3	0.001627	false	9,8,2,0,0,3,0,5,0,1,3,4,0,0,7,0,2,0,7,0,0,9,0,0,0,0,0,0,0,0,0,6,0,0,3,0,0,5,0,0,3,0,0,0,0,2,0,0,0,0,8,4,0,0,0,0,0,0,4,0,0,0,0,0,0,7,5,0,0,0,0,3,0,0,0,0,0,2,7,9,0
116	4	0.001636	false	9,8,2,0,0,3,0,5,0,1,3,4,0,0,7,0,2,0,7,6,0,9,0,0,0,0,0,0,0,0,0,6,0,0,3,0,0,5,0,0,3,0,0,0,0,2,0,0,0,0,8,4,0,0,0,0,0,0,4,0,0,0,0,0,0,7,5,0,0,0,0,3,0,0,0,0,0,2,7,9,0
117	5	0.001646	false	9,8,2,0,0,3,0,5,0,1,3,4,0,0,7,0,2,0,7,6,5,9,0,0,0,0,0,0,0,0,0,6,0,0,3,0,0,5,0,0,3,0,0,0,0,2,0,0,0,0,8,4,0,0,0,0,0,0,4,0,0,0,0,0,0,7,5,0,0,0,0,3,0,0,0,0,0,2,7,9,0
118	3	0.001654	false	9,8,2,0,0,3,0,5,0,1,3,5,0,0,7,0,2,0,7,0,0,9,0,0,0,0,0,0,0,0,0,6,0,0,3,0,0,5,0,0,3,0,0,0,0,2,0,0,0,0,8,4,0,0,0,0,0,0,4,0,0,0,0,0,0,7,5,0,0,0,0,3,0,0,0,0,0,2,7,9,0
119	4	0.001663	false	9,8,2,0,0,3,0,5,0,1,3,5,0,0,7,0,2,0,7,4,0,9,0,0,0,0,0,0,0,0,0,6,0,0,3,0,0,5,0,0,3,0,0,0,0,2,0,0,0,0,8,4,0,0,0,0,0,0,4,0,0,0,0,0,0,7,5,0,0,0,0,3,0,0,0,0,0,2,7,9,0
120	5	0.001672	false	9,8,2,0,0,3,0,5,0,1,3,5,0,0,7,0,2,0,7,4,6,9,0,0,0,0,0,0,0,0,0,6,0,0,3,0,0,5,0,0,3,0,0,0,0,2,0,0,0,0,8,4,0,0,0,0,0,0,4,0,0,0,0,0,0,7,5,0,0,0,0,3,0,0,0,0,0,2,7,9,0
121	4	0.001679	false	9,8,2,0,0,3,0,5,0,1,3,5,0,0,7,0,2,0,7,6,0,9,0,0,0,0,0,0,0,0,0,6,0,0,3,0,0,5,0,0,3,0,0,0,0,2,0,0,0,0,8,4,0,0,0,0,0,0,4,0,0,0,0,0,0,7,5,0,0,0,0,3,0,0,0,0,0,2,7,9,0
122	5	0.001689	false	9,8,2,0,0,3,0,5,0,1,3,5,0,0,7,0,2,0,7,6,4,9,0,0,0,0,0,0,0,0,0,6,0,0,3,0,0,5,0,0,3,0,0,0,0,2,0,0,0,0,8,4,0,0,0,0,0,0,4,0,0,0,0,0,0,7,5,0,0,0,0,3,0,0,0,0,0,2,7,9,0
123	3	0.001702	false	9,8,2,0,0,3,0,5,0,1,3,6,0,0,7,0,2,0,7,0,0,9,0,0,0,0,0,0,0,0,0,6,0,0,3,0,0,5,0,0,3,0,0,0,0,2,0,0,0,0,8,4,0,0,0,0,0,0,4,0,0,0,0,0,0,7,5,0,0,0,0,3,0,0,0,0,0,2,7,9,0
124	4	0.001712	false	9,8,2,0,0,3,0,5,0,1,3,6,0,0,7,0,2,0,7,4,0,9,0,0,0,0,0,0,0,0,0,6,0,0,3,0,0,5,0,0,3,0,0,0,0,2,0,0,0,0,8,4,0,0,0,0,0,0,4,0,0,0,0,0,0,7,5,0,0,0,0,3,0,0,0,0,0,2,7,9,0
125	5	0.001721	false	9,8,2,0,0,3,0,5,0,1,3,6,0,0,7,0,2,0,7,4,5,9,0,0,0,0,0,0,0,0,0,6,0,0,3,0,0,5,0,0,3,0,0,0,0,2,0,0,0,0,8,4,0,0,0,0,0,0,4,0,0,0,0,0,0,7,5,0,0,0,0,3,0,0,0,0,0,2,7,9,0
126	2	0.001730	false	9,8,2,0,0,3,0,5,0,4,3,0,0,0,7,0,2,0,7,0,0,9,0,0,0,0,0,0,0,0,0,6,0,0,3,0,0,5,0,0,3,0,0,0,0,2,0,0,0,0,8,4,0,0,0,0,0,0,4,0,0,0,0,0,0,7,5,0,0,0,0,3,0,0,0,0,0,2,7,9,0
127	3	0.001740	false	9,8,2,0,0,3,0,5,0,4,3,1,0,0,7,0,2,0,7,0,0,9,0,0,0,0,0,0,0,0,0,6,0,0,3,0,0,5,0,0,3,0,0,0,0,2,0,0,0,0,8,4,0,0,0,0,0,0,4,0,0,0,0,0,0,7,5,0,0,0,0,3,0,0,0,0,0,2,7,9,0
128	4	0.001750	false	9,8,2,0,0,3,0,5,0,4,3,1,0,0,7,0,2,0,7,6,0,9,0,0,0,0,0,0,0,0,0,6,0,0,3,0,0,5,0,0,3,0,0,0,0,2,0,0,0,0,8,4,0,0,0,0,0,0,4,0,0,0,0,0,0,7,5,0,0,0,0,3,0,0,0,0,0,2,7,9,0
129	5	0.001760	false	9,8,2,0,0,3,0,5,0,4,3,1,0,0,7,0,2,0,7,6,5,9,0,0,0,0,0,0,0,0,0,6,0,0,3,0,0,5,0,0,3,0,0,0,0,2,0,0,0,0,8,4,0,0,0,0,0,0,4,0,0,0,0,0,0,7,5,0,0,0,0,3,0,0,0,0,0,2,7,9,0
130	3	0.001768	false	9,8,2,0,0,3,0,5,0,4,3,5,0,0,7,0,2,0,7,0,0,9,0,0,0,0,0,0,0,0,0,6,0,0,3,0,0,5,0,0,3,0,0,0,0,2,0,0,0,0,8,4,0,0,0,0,0,0,4,0,0,0,0,0,0,7,5,0,0,0,0,3,0,0,0,0,0,2,7,9,0
131	4	0.001777	false	9,8,2,0,0,3,0,5,0,4,3,5,0,0,7,0,2,0,7,1,0,9,0,0,0,0,0,0,0,0,0,6,0,0,3,0,0,5,0,0,3,0,0,0,0,2,0,0,0,0,8,4,0,0,0,0,0,0,4,0,0,0,0,0,0,7,5,0,0,0,0,3,0,0,0,0,0,2,7,9,0
132	5	0.001786	false	9,8,2,0,0,3,0,5,0,4,3,5,0,0,7,0,2,0,7,1,6,9,0,0,0,0,0,0,0,0,0,6,0,0,3,0,0,5,0,0,3,0,0,0,0,2,0,0,0,0,8,4,0,0,0,0,0,0,4,0,0,0,0,0,0,7,5,0,0,0,0,3,0,0,0,0,0,2,7,9,0
133	4	0.001793	false	9,8,2,0,0,3,0,5,0,4,3,5,0,0,7,0,2,0,7,6,0,9,0,0,0,0,0,0,0,0,0,6,0,0,3,0,0,5,0,0,3,0,0,0,0,2,0,0,0,0,8,4,0,0,0,0,0,0,4,0,0,0,0,0,0,7,5,0,0,0,0,3,0,0,0,0,0,2,7,9,0
134	5	0.001802	false	9,8,2,0,0,3,0,5,0,4,3,5,0,0,7,0,2,0,7,6,1,9,0,0,0,0,0,0,0,0,0,6,0,0,3,0,0,5,0,0,3,0,0,0,0,2,0,0,0,0,8,4,0,0,0,0,0,0,4,0,0,0,0,0,0,7,5,0,0,0,0,3,0,0,0,0,0,2,7,9,0
135	3	0.001826	false	9,8,2,0,0,3,0,5,0,4,3,6,0,0,7,0,2,0,7,0,0,9,0,0,0,0,0,0,0,0,0,6,0,0,3,0,0,5,0,0,3,0,0,0,0,2,0,0,0,0,8,4,0,0,0,0,0,0,4,0,0,0,0,0,0,7,5,0,0,0,0,3,0,0,0,0,0,2,7,9,0
136	4	0.001836	false	9,8,2,0,0,3,0,5,0,4,3,6,0,0,7,0,2,0,7,1,0,9,0,0,0,0,0,0,0,0,0,6,0,0,3,0,0,5,0,0,3,0,0,0,0,2,0,0,0,0,8,4,0,0,0,0,0,0,4,0,0,0,0,0,0,7,5,0,0,0,0,3,0,0,0,0,0,2,7,9,0
137	5	0.001846	false	9,8,2,0,0,3,0,5,0,4,3,6,0,0,7,0,2,0,7,1,5,9,0,0,0,0,0,0,0,0,0,6,0,0,3,0,0,5,0,0,3,0,0,0,0,2,0,0,0,0,8,4,0,0,0,0,0,0,4,0,0,0,0,0,0,7,5,0,0,0,0,3,0,0,0,0,0,2,7,9,0
138	2	0.001854	false	9,8,2,0,0,3,0,5,0,5,3,0,0,0,7,0,2,0,7,0,0,9,0,0,0,0,0,0,0,0,0,6,0,0,3,0,0,5,0,0,3,0,0,0,0,2,0,0,0,0,8,4,0,0,0,0,0,0,4,0,0,0,0,0,0,7,5,0,0,0,0,3,0,0,0,0,0,2,7,9,0
139	3	0.001863	false	9,8,2,0,0,3,0,5,0,5,3,1,0,0,7,0,2,0,7,0,0,9,0,0,0,0,0,0,0,0,0,6,0,0,3,0,0,5,0,0,3,0,0,0,0,2,0,0,0,0,8,4,0,0,0,0,0,0,4,0,0,0,0,0,0,7,5,0,0,0,0,3,0,0,0,0,0,2,7,9,0
140	4	0.001872	false	9,8,2,0,0,3,0,5,0,5,3,1,0,0,7,0,2,0,7,4,0,9,0,0,0,0,0,0,0,0,0,6,0,0,3,0,0,5,0,0,3,0,0,0,0,2,0,0,0,0,8,4,0,0,0,0,0,0,4,0,0,0,0,0,0,7,5,0,0,0,0,3,0,0,0,0,0,2,7,9,0
141	5	0.001883	false	9,8,2,0,0,3,0,5,0,5,3,1,0,0,7,0,2,0,7,4,6,9,0,0,0,0,0,0,0,0,0,6,0,0,3,0,0,5,0,0,3,0,0,0,0,2,0,0,0,0,8,4,0,0,0,0,0,0,4,0,0,0,0,0,0,7,5,0,0,0,0,3,0,0,0,0,0,2,7,9,0
142	4	0.001891	false	9,8,2,0,0,3,0,5,0,5,3,1,0,0,7,0,2,0,7,6,0,9,0,0,0,0,0,0,0,0,0,6,0,0,3,0,0,5,0,0,3,0,0,0,0,2,0,0,0,0,8,4,0,0,0,0,0,0,4,0,0,0,0,0,0,7,5,0,0,0,0,3,0,0,0,0,0,2,7,9,0
143	5	0.001900	false	9,8,2,0,0,3,0,5,0,5,3,1,0,0,7,0,2,0,7,6,4,9,0,0,0,0,0,0,0,0,0,6,0,0,3,0,0,5,0,0,3,0,0,0,0,2,0,0,0,0,8,4,0,0,0,0,0,0,4,0,0,0,0,0,0,7,5,0,0,0,0,3,0,0,0,0,0,2,7,9,0
144	3	0.001908	false	9,8,2,0,0,3,0,5,0,5,3,4,0,0,7,0,2,0,7,0,0,9,0,0,0,0,0,0,0,0,0,6,0,0,3,0,0,5,0,0,3,0,0,0,0,2,0,0,0,0,8,4,0,0,0,0,0,0,4,0,0,0,0,0,0,7,5,0,0,0,0,3,0,0,0,0,0,2,7,9,0
145	4	0.001917	false	9,8,2,0,0,3,0,5,0,5,3,4,0,0,7,0,2,0,7,1,0,9,0,0,0,0,0,0,0,0,0,6,0,0,3,0,0,5,0,0,3,0,0,0,0,2,0,0,0,0,8,4,0,0,0,0,0,0,4,0,0,0,0,0,0,7,5,0,0,0,0,3,0,0,0,0,0,2,7,9,0
146	5	0.001926	false	9,8,2,0,0,3,0,5,0,5,3,4,0,0,7,0,2,0,7,1,6,9,0,0,0,0,0,0,0,0,0,6,0,0,3,0,0,5,0,0,3,0,0,0,0,2,0,0,0,0,8,4,0,0,0,0,0,0,4,0,0,0,0,0,0,7,5,0,0,0,0,3,0,0,0,0,0,2,7,9,0
147	4	0.001934	false	9,8,2,0,0,3,0,5,0,5,3,4,0,0,7,0,2,0,7,6,0,9,0,0,0,0,0,0,0,0,0,6,0,0,3,0,0,5,0,0,3,0,0,0,0,2,0,0,0,0,8,4,0,0,0,0,0,0,4,0,0,0,0,0,0,7,5,0,0,0,0,3,0,0,0,0,0,2,7,9,0
148	5	0.001942	false	9,8,2,0,0,3,0,5,0,5,3,4,0,0,7,0,2,0,7,6,1,9,0,0,0,0,0,0,0,0,0,6,0,0,3,0,0,5,0,0,3,0,0,0,0,2,0,0,0,0,8,4,0,0,0,0,0,0,4,0,0,0,0,0,0,7,5,0,0,0,0,3,0,0,0,0,0,2,7,9,0
149	3	0.001951	false	9,8,2,0,0,3,0,5,0,5,3,6,0,0,7,0,2,0,7,0,0,9,0,0,0,0,0,0,0,0,0,6,0,0,3,0,0,5,0,0,3,0,0,0,0,2,0,0,0,0,8,4,0,0,0,0,0,0,4,0,0,0,0,0,0,7,5,0,0,0,0,3,0,0,0,0,0,2,7,9,0
150	4	0.001959	false	9,8,2,0,0,3,0,5,0,5,3,6,0,0,7,0,2,0,7,1,0,9,0,0,0,0,0,0,0,0,0,6,0,0,3,0,0,5,0,0,3,0,0,0,0,2,0,0,0,0,8,4,0,0,0,0,0,0,4,0,0,0,0,0,0,7,5,0,0,0,0,3,0,0,0,0,0,2,7,9,0
151	5	0.001969	false	9,8,2,0,0,3,0,5,0,5,3,6,0,0,7,0,2,0,7,1,4,9,0,0,0,0,0,0,0,0,0,6,0,0,3,0,0,5,0,0,3,0,0,0,0,2,0,0,0,0,8,4,0,0,0,0,0,0,4,0,0,0,0,0,0,7,5,0,0,0,0,3,0,0,0,0,0,2,7,9,0
152	4	0.001976	false	9,8,2,0,0,3,0,5,0,5,3,6,0,0,7,0,2,0,7,4,0,9,0,0,0,0,0,0,0,0,0,6,0,0,3,0,0,5,0,0,3,0,0,0,0,2,0,0,0,0,8,4,0,0,0,0,0,0,4,0,0,0,0,0,0,7,5,0,0,0,0,3,0,0,0,0,0,2,7,9,0
153	5	0.001985	false	9,8,2,0,0,3,0,5,0,5,3,6,0,0,7,0,2,0,7,4,1,9,0,0,0,0,0,0,0,0,0,6,0,0,3,0,0,5,0,0,3,0,0,0,0,2,0,0,0,0,8,4,0,0,0,0,0,0,4,0,0,0,0,0,0,7,5,0,0,0,0,3,0,0,0,0,0,2,7,9,0
154	2	0.001994	false	9,8,2,0,0,3,0,5,0,6,3,0,0,0,7,0,2,0,7,0,0,9,0,0,0,0,0,0,0,0,0,6,0,0,3,0,0,5,0,0,3,0,0,0,0,2,0,0,0,0,8,4,0,0,0,0,0,0,4,0,0,0,0,0,0,7,5,0,0,0,0,3,0,0,0,0,0,2,7,9,0
155	3	0.002002	false	9,8,2,0,0,3,0,5,0,6,3,1,0,0,7,0,2,0,7,0,0,9,0,0,0,0,0,0,0,0,0,6,0,0,3,0,0,5,0,0,3,0,0,0,0,2,0,0,0,0,8,4,0,0,0,0,0,0,4,0,0,0,0,0,0,7,5,0,0,0,0,3,0,0,0,0,0,2,7,9,0
156	4	0.002014	false	9,8,2,0,0,3,0,5,0,6,3,1,0,0,7,0,2,0,7,4,0,9,0,0,0,0,0,0,0,0,0,6,0,0,3,0,0,5,0,0,3,0,0,0,0,2,0,0,0,0,8,4,0,0,0,0,0,0,4,0,0,0,0,0,0,7,5,0,0,0,0,3,0,0,0,0,0,2,7,9,0
157	5	0.002024	false	9,8,2,0,0,3,0,5,0,6,3,1,0,0,7,0,2,0,7,4,5,9,0,0,0,0,0,0,0,0,0,6,0,0,3,0,0,5,0,0,3,0,0,0,0,2,0,0,0,0,8,4,0,0,0,0,0,0,4,0,0,0,0,0,0,7,5,0,0,0,0,3,0,0,0,0,0,2,7,9,0
158	3	0.002047	false	9,8,2,0,0,3,0,5,0,6,3,4,0,0,7,0,2,0,7,0,0,9,0,0,0,0,0,0,0,0,0,6,0,0,3,0,0,5,0,0,3,0,0,0,0,2,0,0,0,0,8,4,0,0,0,0,0,0,4,0,0,0,0,0,0,7,5,0,0,0,0,3,0,0,0,0,0,2,7,9,0
159	4	0.002057	false	9,8,2,0,0,3,0,5,0,6,3,4,0,0,7,0,2,0,7,1,0,9,0,0,0,0,0,0,0,0,0,6,0,0,3,0,0,5,0,0,3,0,0,0,0,2,0,0,0,0,8,4,0,0,0,0,0,0,4,0,0,0,0,0,0,7,5,0,0,0,0,3,0,0,0,0,0,2,7,9,0
160	5	0.002066	false	9,8,2,0,0,3,0,5,0,6,3,4,0,0,7,0,2,0,7,1,5,9,0,0,0,0,0,0,0,0,0,6,0,0,3,0,0,5,0,0,3,0,0,0,0,2,0,0,0,0,8,4,0,0,0,0,0,0,4,0,0,0,0,0,0,7,5,0,0,0,0,3,0,0,0,0,0,2,7,9,0
161	3	0.002075	false	9,8,2,0,0,3,0,5,0,6,3,5,0,0,7,0,2,0,7,0,0,9,0,0,0,0,0,0,0,0,0,6,0,0,3,0,0,5,0,0,3,0,0,0,0,2,0,0,0,0,8,4,0,0,0,0,0,0,4,0,0,0,0,0,0,7,5,0,0,0,0,3,0,0,0,0,0,2,7,9,0
162	4	0.002084	false	9,8,2,0,0,3,0,5,0,6,3,5,0,0,7,0,2,0,7,1,0,9,0,0,0,0,0,0,0,0,0,6,0,0,3,0,0,5,0,0,3,0,0,0,0,2,0,0,0,0,8,4,0,0,0,0,0,0,4,0,0,0,0,0,0,7,5,0,0,0,0,3,0,0,0,0,0,2,7,9,0
163	5	0.002093	false	9,8,2,0,0,3,0,5,0,6,3,5,0,0,7,0,2,0,7,1,4,9,0,0,0,0,0,0,0,0,0,6,0,0,3,0,0,5,0,0,3,0,0,0,0,2,0,0,0,0,8,4,0,0,0,0,0,0,4,0,0,0,0,0,0,7,5,0,0,0,0,3,0,0,0,0,0,2,7,9,0
164	4	0.002100	false	9,8,2,0,0,3,0,5,0,6,3,5,0,0,7,0,2,0,7,4,0,9,0,0,0,0,0,0,0,0,0,6,0,0,3,0,0,5,0,0,3,0,0,0,0,2,0,0,0,0,8,4,0,0,0,0,0,0,4,0,0,0,0,0,0,7,5,0,0,0,0,3,0,0,0,0,0,2,7,9,0
165	5	0.002109	false	9,8,2,0,0,3,0,5,0,6,3,5,0,0,7,0,2,0,7,4,1,9,0,0,0,0,0,0,0,0,0,6,0,0,3,0,0,5,0,0,3,0,0,0,0,2,0,0,0,0,8,4,0,0,0,0,0,0,4,0,0,0,0,0,0,7,5,0,0,0,0,3,0,0,0,0,0,2,7,9,0
