1	0	3.170e-05	false	1,0,3,0,5,0,0,0,0,0,0,0,0,0,3,0,3,0,0,0,7,5,0,8,0,0,4,0,0,0,0,0,0,0,0,0,6,0,2,1,0,2,0,8,0,0,0,0,0,0,8,0,0,3,0,0,0,0,0,6,0,1,0,7
2	1	7.180e-05	false	1,0,3,0,5,0,0,0,0,0,0,0,0,0,3,0,3,0,0,0,7,5,1,8,0,0,4,0,0,0,0,0,0,0,0,0,6,0,2,1,0,2,0,8,0,0,0,0,0,0,8,0,0,3,0,0,0,0,0,6,0,1,0,7
3	2	8.060e-05	false	1,0,3,0,5,0,0,0,0,0,0,0,0,0,3,0,3,0,0,0,7,5,1,8,0,0,4,0,2,0,0,0,0,0,0,0,6,0,2,1,0,2,0,8,0,0,0,0,0,0,8,0,0,3,0,0,0,0,0,6,0,1,0,7
4	3	8.810e-05	false	1,0,3,0,5,0,0,0,0,0,0,0,0,0,3,0,3,0,0,0,7,5,1,8,0,0,4,0,2,6,0,0,0,0,0,0,6,0,2,1,0,2,0,8,0,0,0,0,0,0,8,0,0,3,0,0,0,0,0,6,0,1,0,7
5	2	9.970e-05	false	1,0,3,0,5,0,0,0,0,0,0,0,0,0,3,0,3,0,0,0,7,5,1,8,0,0,4,0,3,0,0,0,0,0,0,0,6,0,2,1,0,2,0,8,0,0,0,0,0,0,8,0,0,3,0,0,0,0,0,6,0,1,0,7
6	3	0.0001100	false	1,0,3,0,5,0,0,0,0,0,0,0,0,0,3,0,3,0,0,0,7,5,1,8,0,0,4,0,3,2,0,0,0,0,0,0,6,0,2,1,0,2,0,8,0,0,0,0,0,0,8,0,0,3,0,0,0,0,0,6,0,1,0,7
7	4	0.0001203	false	1,0,3,0,5,0,0,0,0,0,0,0,0,0,3,0,3,0,0,0,7,5,1,8,0,0,4,0,3,2,6,0,0,0,0,0,6,0,2,1,0,2,0,8,0,0,0,0,0,0,8,0,0,3,0,0,0,0,0,6,0,1,0,7
8	3	0.0001337	false	1,0,3,0,5,0,0,0,0,0,0,0,0,0,3,0,3,0,0,0,7,5,1,8,0,0,4,0,3,6,0,0,0,0,0,0,6,0,2,1,0,2,0,8,0,0,0,0,0,0,8,0,0,3,0,0,0,0,0,6,0,1,0,7
9	1	0.0001463	false	1,0,3,0,5,0,0,0,0,0,0,0,0,0,3,0,3,0,0,0,7,5,4,8,0,0,4,0,0,0,0,0,0,0,0,0,6,0,2,1,0,2,0,8,0,0,0,0,0,0,8,0,0,3,0,0,0,0,0,6,0,1,0,7
10	2	0.0001558	false	1,0,3,0,5,0,0,0,0,0,0,0,0,0,3,0,3,0,0,0,7,5,4,8,0,0,4,0,1,0,0,0,0,0,0,0,6,0,2,1,0,2,0,8,0,0,0,0,0,0,8,0,0,3,0,0,0,0,0,6,0,1,0,7
11	3	0.0001670	false	1,0,3,0,5,0,0,0,0,0,0,0,0,0,3,0,3,0,0,0,7,5,4,8,0,0,4,0,1,2,0,0,0,0,0,0,6,0,2,1,0,2,0,8,0,0,0,0,0,0,8,0,0,3,0,0,0,0,0,6,0,1,0,7
12	4	0.0001790	false	1,0,3,0,5,0,0,0,0,0,0,0,0,0,3,0,3,0,0,0,7,5,4,8,0,0,4,0,1,2,6,0,0,0,0,0,6,0,2,1,0,2,0,8,0,0,0,0,0,0,8,0,0,3,0,0,0,0,0,6,0,1,0,7
13	5	0.0001858	false	1,0,3,0,5,0,0,0,0,0,0,0,0,0,3,0,3,0,0,0,7,5,4,8,0,0,4,0,1,2,6,3,0,0,0,0,6,0,2,1,0,2,0,8,0,0,0,0,0,0,8,0,0,3,0,0,0,0,0,6,0,1,0,7
14	3	0.0001913	false	1,0,3,0,5,0,0,0,0,0,0,0,0,0,3,0,3,0,0,0,7,5,4,8,0,0,4,0,1,6,0,0,0,0,0,0,6,0,2,1,0,2,0,8,0,0,0,0,0,0,8,0,0,3,0,0,0,0,0,6,0,1,0,7
15	2	0.0001955	false	1,0,3,0,5,0,0,0,0,0,0,0,0,0,3,0,3,0,0,0,7,5,4,8,0,0,4,0,2,0,0,0,0,0,0,0,6,0,2,1,0,2,0,8,0,0,0,0,0,0,8,0,0,3,0,0,0,0,0,6,0,1,0,7
16	3	0.0001991	false	1,0,3,0,5,0,0,0,0,0,0,0,0,0,3,0,3,0,0,0,7,5,4,8,0,0,4,0,2,6,0,0,0,0,0,0,6,0,2,1,0,2,0,8,0,0,0,0,0,0,8,0,0,3,0,0,0,0,0,6,0,1,0,7
17	4	0.0002023	false	1,0,3,0,5,0,0,0,0,0,0,0,0,0,3,0,3,0,0,0,7,5,4,8,0,0,4,0,2,6,1,0,0,0,0,0,6,0,2,1,0,2,0,8,0,0,0,0,0,0,8,0,0,3,0,0,0,0,0,6,0,1,0,7
18	5	0.0002056	false	1,0,3,0,5,0,0,0,0,0,0,0,0,0,3,0,3,0,0,0,7,5,4,8,0,0,4,0,2,6,1,3,0,0,0,0,6,0,2,1,0,2,0,8,0,0,0,0,0,0,8,0,0,3,0,0,0,0,0,6,0,1,0,7
19	2	0.0002091	false	1,0,3,0,5,0,0,0,0,0,0,0,0,0,3,0,3,0,0,0,7,5,4,8,0,0,4,0,3,0,0,0,0,0,0,0,6,0,2,1,0,2,0,8,0,0,0,0,0,0,8,0,0,3,0,0,0,0,0,6,0,1,0,7
20	3	0.0002123	false	1,0,3,0,5,0,0,0,0,0,0,0,0,0,3,0,3,0,0,0,7,5,4,8,0,0,4,0,3,2,0,0,0,0,0,0,6,0,2,1,0,2,0,8,0,0,0,0,0,0,8,0,0,3,0,0,0,0,0,6,0,1,0,7
21	4	0.0002153	false	1,0,3,0,5,0,0,0,0,0,0,0,0,0,3,0,3,0,0,0,7,5,4,8,0,0,4,0,3,2,1,0,0,0,0,0,6,0,2,1,0,2,0,8,0,0,0,0,0,0,8,0,0,3,0,0,0,0,0,6,0,1,0,7
22	5	0.0002188	false	1,0,3,0,5,0,0,0,0,0,0,0,0,0,3,0,3,0,0,0,7,5,4,8,0,0,4,0,3,2,1,6,0,0,0,0,6,0,2,1,0,2,0,8,0,0,0,0,0,0,8,0,0,3,0,0,0,0,0,6,0,1,0,7
23	4	0.0002214	false	1,0,3,0,5,0,0,0,0,0,0,0,0,0,3,0,3,0,0,0,7,5,4,8,0,0,4,0,3,2,6,0,0,0,0,0,6,0,2,1,0,2,0,8,0,0,0,0,0,0,8,0,0,3,0,0,0,0,0,6,0,1,0,7
24	3	0.0002257	false	1,0,3,0,5,0,0,0,0,0,0,0,0,0,3,0,3,0,0,0,7,5,4,8,0,0,4,0,3,6,0,0,0,0,0,0,6,0,2,1,0,2,0,8,0,0,0,0,0,0,8,0,0,3,0,0,0,0,0,6,0,1,0,7
25	4	0.0002287	false	1,0,3,0,5,0,0,0,0,0,0,0,0,0,3,0,3,0,0,0,7,5,4,8,0,0,4,0,3,6,1,0,0,0,0,0,6,0,2,1,0,2,0,8,0,0,0,0,0,0,8,0,0,3,0,0,0,0,0,6,0,1,0,7
26	5	0.0002318	false	1,0,3,0,5,0,0,0,0,0,0,0,0,0,3,0,3,0,0,0,7,5,4,8,0,0,4,0,3,6,1,2,0,0,0,0,6,0,2,1,0,2,0,8,0,0,0,0,0,0,8,0,0,3,0,0,0,0,0,6,0,1,0,7
27	1	0.0002374	false	1,0,3,0,5,0,0,0,0,0,0,0,0,0,3,0,3,0,0,0,7,5,6,8,0,0,4,0,0,0,0,0,0,0,0,0,6,0,2,1,0,2,0,8,0,0,0,0,0,0,8,0,0,3,0,0,0,0,0,6,0,1,0,7
28	2	0.0002406	false	1,0,3,0,5,0,0,0,0,0,0,0,0,0,3,0,3,0,0,0,7,5,6,8,0,0,4,0,1,0,0,0,0,0,0,0,6,0,2,1,0,2,0,8,0,0,0,0,0,0,8,0,0,3,0,0,0,0,0,6,0,1,0,7
29	3	0.0003453	false	1,0,3,0,5,0,0,0,0,0,0,0,0,0,3,0,3,0,0,0,7,5,6,8,0,0,4,0,1,2,0,0,0,0,0,0,6,0,2,1,0,2,0,8,0,0,0,0,0,0,8,0,0,3,0,0,0,0,0,6,0,1,0,7
30	2	0.0003556	false	1,0,3,0,5,0,0,0,0,0,0,0,0,0,3,0,3,0,0,0,7,5,6,8,0,0,4,0,2,0,0,0,0,0,0,0,6,0,2,1,0,2,0,8,0,0,0,0,0,0,8,0,0,3,0,0,0,0,0,6,0,1,0,7
31	2	0.0003672	false	1,0,3,0,5,0,0,0,0,0,0,0,0,0,3,0,3,0,0,0,7,5,6,8,0,0,4,0,3,0,0,0,0,0,0,0,6,0,2,1,0,2,0,8,0,0,0,0,0,0,8,0,0,3,0,0,0,0,0,6,0,1,0,7
32	3	0.0003770	false	1,0,3,0,5,0,0,0,0,0,0,0,0,0,3,0,3,0,0,0,7,5,6,8,0,0,4,0,3,2,0,0,0,0,0,0,6,0,2,1,0,2,0,8,0,0,0,0,0,0,8,0,0,3,0,0,0,0,0,6,0,1,0,7
33	4	0.0003852	false	1,0,3,0,5,0,0,0,0,0,0,0,0,0,3,0,3,0,0,0,7,5,6,8,0,0,4,0,3,2,1,0,0,0,0,0,6,0,2,1,0,2,0,8,0,0,0,0,0,0,8,0,0,3,0,0,0,0,0,6,0,1,0,7
