1	0	0.0009407	false	1,0,3,0,5,0,0,0,0,0,0,0,0,0,3,0,3,0,0,0,7,5,4,8,0,0,4,0,2,6,1,3,0,0,0,0,6,0,2,1,0,2,0,8,0,0,0,0,0,0,8,0,0,3,0,0,0,0,0,6,0,1,0,7
2	0	0.0009706	false	1,0,3,0,5,0,0,0,0,0,0,0,1,0,3,0,3,0,0,0,7,5,4,8,0,0,4,0,2,6,1,3,0,0,0,0,6,0,2,1,0,2,0,8,0,0,0,0,0,0,8,0,0,3,0,0,0,0,0,6,0,1,0,7
3	0	0.0009836	false	1,0,3,0,5,0,0,0,0,0,0,0,1,0,3,0,3,0,0,0,7,5,4,8,0,0,4,0,2,6,1,3,0,0,0,0,6,0,2,1,0,2,0,8,3,0,0,0,0,0,8,0,0,3,0,0,0,0,0,6,0,1,0,7
4	0	0.0009899	false	1,0,3,0,5,0,0,0,0,0,0,0,1,0,3,0,3,0,0,0,7,5,4,8,0,0,4,0,2,6,1,3,0,0,0,0,6,0,2,1,0,2,0,8,3,0,0,0,0,0,8,0,4,3,0,0,0,0,0,6,0,1,0,7
5	0	0.0009994	false	1,0,3,0,5,0,0,0,0,0,0,0,1,0,3,0,3,0,0,0,7,5,4,8,0,0,4,0,2,6,1,3,0,0,0,0,6,0,2,1,0,2,0,8,3,0,0,0,0,0,8,0,4,3,0,0,0,0,0,6,8,1,0,7
6	0	0.001006	false	1,0,3,0,5,0,0,0,0,0,0,0,1,0,3,0,3,0,0,0,7,5,4,8,0,0,4,0,2,6,1,3,0,0,0,0,6,0,2,1,0,2,0,8,3,0,0,0,0,0,8,0,4,3,5,0,0,0,0,6,8,1,0,7
7	0	0.001012	false	1,0,3,0,5,0,0,0,0,0,0,0,1,0,3,0,3,0,0,0,7,5,4,8,0,0,4,0,2,6,1,3,0,0,0,0,6,0,2,1,0,2,0,8,3,0,0,0,0,0,8,0,4,3,5,2,0,0,0,6,8,1,0,7
8	0	0.001020	false	1,0,3,0,5,0,0,0,0,0,0,0,1,0,3,0,3,0,0,0,7,5,4,8,0,0,4,0,2,6,1,3,0,0,0,0,6,0,2,1,0,2,0,8,3,0,0,0,0,0,8,0,4,3,5,6,0,0,0,6,8,1,0,7
9	0	0.001027	false	1,0,3,0,5,0,0,0,0,0,0,0,1,0,3,0,3,0,0,0,7,5,4,8,0,0,4,0,2,6,1,3,0,0,0,0,6,0,2,1,0,2,0,8,3,0,0,0,0,0,8,0,4,3,6,0,0,0,0,6,8,1,0,7
10	0	0.001033	false	1,0,3,0,5,0,0,0,0,0,0,0,1,0,3,0,3,0,0,0,7,5,4,8,0,0,4,0,2,6,1,3,0,0,0,0,6,0,2,1,0,2,0,8,3,0,0,0,0,0,8,0,4,3,6,2,0,0,0,6,8,1,0,7
11	0	0.001040	false	1,0,3,0,5,0,0,0,0,0,0,0,1,0,3,0,3,0,0,0,7,5,4,8,0,0,4,0,2,6,1,3,0,0,0,0,6,0,2,1,0,2,0,8,3,0,0,0,0,0,8,0,4,3,6,2,0,0,0,6,8,1,5,7
12	0	0.001047	false	1,0,3,0,5,0,7,0,0,0,0,0,1,0,3,0,3,0,0,0,7,5,4,8,0,0,4,0,2,6,1,3,0,0,0,0,6,0,2,1,0,2,0,8,3,0,0,0,0,0,8,0,4,3,6,2,0,0,0,6,8,1,5,7
13	0	0.001054	false	1,0,3,0,5,0,8,0,0,0,0,0,1,0,3,0,3,0,0,0,7,5,4,8,0,0,4,0,2,6,1,3,0,0,0,0,6,0,2,1,0,2,0,8,3,0,0,0,0,0,8,0,4,3,6,2,0,0,0,6,8,1,5,7
14	0	0.001063	false	1,0,3,0,5,0,8,0,0,0,0,0,1,0,3,0,3,0,0,0,7,5,4,8,0,0,4,0,2,6,1,3,0,0,0,0,6,0,2,1,0,2,0,8,3,0,7,0,0,0,8,0,4,3,6,2,0,0,0,6,8,1,5,7
15	0	0.001070	false	1,0,3,0,5,0,8,4,0,0,0,0,1,0,3,0,3,0,0,0,7,5,4,8,0,0,4,0,2,6,1,3,0,0,0,0,6,0,2,1,0,2,0,8,3,0,7,0,0,0,8,0,4,3,6,2,0,0,0,6,8,1,5,7
16	0	0.001078	false	1,0,3,0,5,0,8,4,0,0,0,0,1,0,3,6,3,0,0,0,7,5,4,8,0,0,4,0,2,6,1,3,0,0,0,0,6,0,2,1,0,2,0,8,3,0,7,0,0,0,8,0,4,3,6,2,0,0,0,6,8,1,5,7
17	0	0.001084	false	1,0,3,0,5,0,8,4,0,0,0,0,1,0,3,6,3,0,0,0,7,5,4,8,0,0,4,0,2,6,1,3,0,0,0,0,6,0,2,1,0,2,0,8,3,0,7,5,0,0,8,0,4,3,6,2,0,0,0,6,8,1,5,7
18	0	0.001090	false	1,0,3,0,5,2,8,4,0,0,0,0,1,0,3,6,3,0,0,0,7,5,4,8,0,0,4,0,2,6,1,3,0,0,0,0,6,0,2,1,0,2,0,8,3,0,7,5,0,0,8,0,4,3,6,2,0,0,0,6,8,1,5,7
19	0	0.001097	false	1,0,3,0,5,2,8,4,0,0,0,0,1,7,3,6,3,0,0,0,7,5,4,8,0,0,4,0,2,6,1,3,0,0,0,0,6,0,2,1,0,2,0,8,3,0,7,5,0,0,8,0,4,3,6,2,0,0,0,6,8,1,5,7
20	0	0.001103	false	1,0,3,0,5,2,8,4,0,0,0,0,1,7,3,6,3,0,0,0,7,5,4,8,0,0,4,0,2,6,1,3,0,0,0,0,6,4,2,1,0,2,0,8,3,0,7,5,0,0,8,0,4,3,6,2,0,0,0,6,8,1,5,7
21	0	0.001111	false	1,0,3,0,5,2,8,4,0,0,0,0,1,7,3,6,3,0,0,0,7,5,4,8,0,0,4,0,2,6,1,3,0,0,0,0,6,8,2,1,0,2,0,8,3,0,7,5,0,0,8,0,4,3,6,2,0,0,0,6,8,1,5,7
22	0	0.001117	false	1,0,3,0,5,2,8,4,0,0,0,0,1,7,3,6,3,0,0,0,7,5,4,8,0,0,4,0,2,6,1,3,0,0,0,0,6,8,2,1,0,2,0,8,3,4,7,5,0,0,8,0,4,3,6,2,0,0,0,6,8,1,5,7
23	0	0.001123	false	1,0,3,0,5,2,8,4,0,0,2,0,1,7,3,6,3,0,0,0,7,5,4,8,0,0,4,0,2,6,1,3,0,0,0,0,6,8,2,1,0,2,0,8,3,4,7,5,0,0,8,0,4,3,6,2,0,0,0,6,8,1,5,7
24	0	0.001129	false	1,0,3,0,5,2,8,4,0,0,2,0,1,7,3,6,3,0,1,0,7,5,4,8,0,0,4,0,2,6,1,3,0,0,0,0,6,8,2,1,0,2,0,8,3,4,7,5,0,0,8,0,4,3,6,2,0,0,0,6,8,1,5,7
25	0	0.001135	false	1,0,3,0,5,2,8,4,0,0,2,0,1,7,3,6,3,0,1,0,7,5,4,8,0,0,4,0,2,6,1,3,0,0,5,0,6,8,2,1,0,2,0,8,3,4,7,5,0,0,8,0,4,3,6,2,0,0,0,6,8,1,5,7
26	0	0.001141	false	1,0,3,0,5,2,8,4,0,0,2,0,1,7,3,6,3,0,1,0,7,5,4,8,0,0,4,0,2,6,1,3,0,0,5,0,6,8,2,1,0,2,6,8,3,4,7,5,0,0,8,0,4,3,6,2,0,0,0,6,8,1,5,7
27	0	0.001149	false	1,0,3,0,5,2,8,4,0,0,2,0,1,7,3,6,3,0,1,0,7,5,4,8,0,0,4,0,2,6,1,3,0,0,7,0,6,8,2,1,0,2,0,8,3,4,7,5,0,0,8,0,4,3,6,2,0,0,0,6,8,1,5,7
28	0	0.001158	false	1,0,3,0,5,2,8,4,0,0,2,0,1,7,3,6,3,0,1,0,7,5,4,8,0,0,4,0,2,6,1,3,0,0,7,0,6,8,2,1,0,2,6,8,3,4,7,5,0,0,8,0,4,3,6,2,0,0,0,6,8,1,5,7
29	0	0.001258	false	1,0,3,0,5,2,8,4,0,0,2,0,1,7,3,6,3,0,6,0,7,5,4,8,0,0,4,0,2,6,1,3,0,0,0,0,6,8,2,1,0,2,0,8,3,4,7,5,0,0,8,0,4,3,6,2,0,0,0,6,8,1,5,7
30	0	0.001269	false	1,0,3,0,5,2,8,4,0,0,2,0,1,7,3,6,3,0,6,0,7,5,4,8,0,0,4,0,2,6,1,3,0,0,5,0,6,8,2,1,0,2,0,8,3,4,7,5,0,0,8,0,4,3,6,2,0,0,0,6,8,1,5,7
31	0	0.001275	false	1,0,3,0,5,2,8,4,0,0,2,0,1,7,3,6,3,0,6,0,7,5,4,8,0,0,4,0,2,6,1,3,0,0,5,0,6,8,2,1,0,2,1,8,3,4,7,5,0,0,8,0,4,3,6,2,0,0,0,6,8,1,5,7
32	0	0.001283	false	1,0,3,0,5,2,8,4,0,0,2,0,1,7,3,6,3,0,6,0,7,5,4,8,0,0,4,0,2,6,1,3,0,0,7,0,6,8,2,1,0,2,0,8,3,4,7,5,0,0,8,0,4,3,6,2,0,0,0,6,8,1,5,7
33	0	0.001288	false	1,0,3,0,5,2,8,4,0,0,2,0,1,7,3,6,3,0,6,0,7,5,4,8,0,0,4,0,2,6,1,3,0,0,7,0,6,8,2,1,0,2,1,8,3,4,7,5,0,0,8,0,4,3,6,2,0,0,0,6,8,1,5,7
34	0	0.001297	false	1,0,3,0,5,2,8,4,0,0,5,0,1,7,3,6,3,0,0,0,7,5,4,8,0,0,4,0,2,6,1,3,0,0,0,0,6,8,2,1,0,2,0,8,3,4,7,5,0,0,8,0,4,3,6,2,0,0,0,6,8,1,5,7
35	0	0.001303	false	1,0,3,0,5,2,8,4,0,0,5,0,1,7,3,6,3,0,1,0,7,5,4,8,0,0,4,0,2,6,1,3,0,0,0,0,6,8,2,1,0,2,0,8,3,4,7,5,0,0,8,0,4,3,6,2,0,0,0,6,8,1,5,7
36	0	0.001309	false	1,0,3,0,5,2,8,4,0,0,5,0,1,7,3,6,3,0,1,0,7,5,4,8,0,0,4,0,2,6,1,3,0,0,7,0,6,8,2,1,0,2,0,8,3,4,7,5,0,0,8,0,4,3,6,2,0,0,0,6,8,1,5,7
37	0	0.001315	false	1,0,3,0,5,2,8,4,0,0,5,0,1,7,3,6,3,0,1,0,7,5,4,8,0,0,4,0,2,6,1,3,0,0,7,0,6,8,2,1,0,2,6,8,3,4,7,5,0,0,8,0,4,3,6,2,0,0,0,6,8,1,5,7
38	0	0.001324	false	1,0,3,0,5,2,8,4,0,0,5,0,1,7,3,6,3,0,1,0,7,5,4,8,0,0,4,0,2,6,1,3,0,0,7,0,6,8,2,1,0,2,6,8,3,4,7,5,0,0,8,0,4,3,6,2,0,0,2,6,8,1,5,7
39	0	0.001342	false	1,0,3,0,5,2,8,4,0,0,5,0,1,7,3,6,3,0,1,0,7,5,4,8,0,0,4,0,2,6,1,3,4,0,7,0,6,8,2,1,0,2,6,8,3,4,7,5,0,0,8,0,4,3,6,2,0,0,2,6,8,1,5,7
40	0	0.001368	false	1,0,3,0,5,2,8,4,0,0,5,0,1,7,3,6,3,0,1,0,7,5,4,8,0,0,4,0,2,6,1,3,4,3,7,0,6,8,2,1,0,2,6,8,3,4,7,5,0,0,8,0,4,3,6,2,0,0,2,6,8,1,5,7
41	0	0.001374	false	1,0,3,0,5,2,8,4,0,0,5,0,1,7,3,6,3,0,1,0,7,5,4,8,0,0,4,0,2,6,1,3,4,3,7,5,6,8,2,1,0,2,6,8,3,4,7,5,0,0,8,0,4,3,6,2,0,0,2,6,8,1,5,7
42	0	0.001392	false	1,0,3,0,5,2,8,4,0,0,5,0,1,7,3,6,3,0,1,0,7,5,4,8,0,0,4,0,2,6,1,3,4,5,7,0,6,8,2,1,0,2,6,8,3,4,7,5,0,0,8,0,4,3,6,2,0,0,2,6,8,1,5,7
43	0	0.001398	false	1,0,3,0,5,2,8,4,0,0,5,0,1,7,3,6,3,0,1,0,7,5,4,8,0,0,4,0,2,6,1,3,4,5,7,3,6,8,2,1,0,2,6,8,3,4,7,5,0,0,8,0,4,3,6,2,0,0,2,6,8,1,5,7
44	0	0.001423	false	1,0,3,0,5,2,8,4,0,0,5,0,1,7,3,6,3,0,1,0,7,5,4,8,0,0,4,0,2,6,1,3,5,0,7,0,6,8,2,1,0,2,6,8,3,4,7,5,0,0,8,0,4,3,6,2,0,0,2,6,8,1,5,7
45	0	0.001447	false	1,0,3,0,5,2,8,4,0,0,5,0,1,7,3,6,3,0,1,0,7,5,4,8,0,0,4,0,2,6,1,3,5,3,7,0,6,8,2,1,0,2,6,8,3,4,7,5,0,0,8,0,4,3,6,2,0,0,2,6,8,1,5,7
46	0	0.001453	false	1,0,3,0,5,2,8,4,0,0,5,0,1,7,3,6,3,0,1,0,7,5,4,8,0,0,4,0,2,6,1,3,5,3,7,4,6,8,2,1,0,2,6,8,3,4,7,5,0,0,8,0,4,3,6,2,0,0,2,6,8,1,5,7
47	0	0.001467	false	1,0,3,0,5,2,8,4,0,0,5,0,1,7,3,6,3,0,1,0,7,5,4,8,0,0,4,0,2,6,1,3,5,4,7,0,6,8,2,1,0,2,6,8,3,4,7,5,0,0,8,0,4,3,6,2,0,0,2,6,8,1,5,7
48	0	0.001473	false	1,0,3,0,5,2,8,4,0,0,5,0,1,7,3,6,3,0,1,0,7,5,4,8,0,0,4,0,2,6,1,3,5,4,7,3,6,8,2,1,0,2,6,8,3,4,7,5,0,0,8,0,4,3,6,2,0,0,2,6,8,1,5,7
49	0	0.001499	false	1,0,3,0,5,2,8,4,0,0,5,0,1,7,3,6,3,0,2,0,7,5,4,8,0,0,4,0,2,6,1,3,0,0,0,0,6,8,2,1,0,2,0,8,3,4,7,5,0,0,8,0,4,3,6,2,0,0,0,6,8,1,5,7
50	0	0.001506	false	1,0,3,0,5,2,8,4,0,0,5,0,1,7,3,6,3,0,2,0,7,5,4,8,0,0,4,0,2,6,1,3,0,0,7,0,6,8,2,1,0,2,0,8,3,4,7,5,0,0,8,0,4,3,6,2,0,0,0,6,8,1,5,7
51	0	0.001513	false	1,0,3,0,5,2,8,4,0,0,5,0,1,7,3,6,3,0,2,0,7,5,4,8,0,0,4,0,2,6,1,3,0,0,7,0,6,8,2,1,0,2,1,8,3,4,7,5,0,0,8,0,4,3,6,2,0,0,0,6,8,1,5,7
52	0	0.001520	false	1,0,3,0,5,2,8,4,0,0,5,0,1,7,3,6,3,0,2,0,7,5,4,8,0,0,4,0,2,6,1,3,0,0,7,0,6,8,2,1,0,2,6,8,3,4,7,5,0,0,8,0,4,3,6,2,0,0,0,6,8,1,5,7
53	0	0.001528	false	1,0,3,0,5,2,8,4,0,0,5,0,1,7,3,6,3,0,6,0,7,5,4,8,0,0,4,0,2,6,1,3,0,0,0,0,6,8,2,1,0,2,0,8,3,4,7,5,0,0,8,0,4,3,6,2,0,0,0,6,8,1,5,7
54	0	0.001535	false	1,0,3,0,5,2,8,4,0,0,5,0,1,7,3,6,3,0,6,0,7,5,4,8,0,0,4,0,2,6,1,3,0,0,7,0,6,8,2,1,0,2,0,8,3,4,7,5,0,0,8,0,4,3,6,2,0,0,0,6,8,1,5,7
55	0	0.001540	false	1,0,3,0,5,2,8,4,0,0,5,0,1,7,3,6,3,0,6,0,7,5,4,8,0,0,4,0,2,6,1,3,0,0,7,0,6,8,2,1,0,2,1,8,3,4,7,5,0,0,8,0,4,3,6,2,0,0,0,6,8,1,5,7
56	0	0.001546	false	1,0,3,0,5,2,8,4,0,0,5,0,1,7,3,6,3,0,6,0,7,5,4,8,0,0,4,0,2,6,1,3,0,0,7,0,6,8,2,1,0,2,1,8,3,4,7,5,0,0,8,0,4,3,6,2,0,0,2,6,8,1,5,7
57	0	0.001668	false	1,0,3,0,5,2,8,4,0,0,5,0,1,7,3,6,3,0,6,0,7,5,4,8,0,0,4,0,2,6,1,3,4,0,7,0,6,8,2,1,0,2,1,8,3,4,7,5,0,0,8,0,4,3,6,2,0,0,2,6,8,1,5,7
58	0	0.001695	false	1,0,3,0,5,2,8,4,0,0,5,0,1,7,3,6,3,0,6,0,7,5,4,8,0,0,4,0,2,6,1,3,4,3,7,0,6,8,2,1,0,2,1,8,3,4,7,5,0,0,8,0,4,3,6,2,0,0,2,6,8,1,5,7
59	0	0.001704	false	1,0,3,0,5,2,8,4,0,0,5,0,1,7,3,6,3,0,6,0,7,5,4,8,0,0,4,0,2,6,1,3,4,3,7,5,6,8,2,1,0,2,1,8,3,4,7,5,0,0,8,0,4,3,6,2,0,0,2,6,8,1,5,7
60	0	0.001715	false	1,0,3,0,5,2,8,4,0,0,5,0,1,7,3,6,3,0,6,0,7,5,4,8,0,0,4,0,2,6,1,3,4,3,7,5,6,8,2,1,6,2,1,8,3,4,7,5,0,0,8,0,4,3,6,2,0,0,2,6,8,1,5,7
61	0	0.001723	false	1,0,3,7,5,2,8,4,0,0,5,0,1,7,3,6,3,0,6,0,7,5,4,8,0,0,4,0,2,6,1,3,4,3,7,5,6,8,2,1,6,2,1,8,3,4,7,5,0,0,8,0,4,3,6,2,0,0,2,6,8,1,5,7
62	0	0.001731	false	1,0,3,7,5,2,8,4,0,0,5,2,1,7,3,6,3,0,6,0,7,5,4,8,0,0,4,0,2,6,1,3,4,3,7,5,6,8,2,1,6,2,1,8,3,4,7,5,0,0,8,0,4,3,6,2,0,0,2,6,8,1,5,7
63	0	0.001740	false	1,0,3,7,5,2,8,4,0,0,5,2,1,7,3,6,3,0,6,1,7,5,4,8,0,0,4,0,2,6,1,3,4,3,7,5,6,8,2,1,6,2,1,8,3,4,7,5,0,0,8,0,4,3,6,2,0,0,2,6,8,1,5,7
64	0	0.001752	false	1,0,3,7,5,2,8,4,0,0,5,4,1,7,3,6,3,0,6,0,7,5,4,8,0,0,4,0,2,6,1,3,4,3,7,5,6,8,2,1,6,2,1,8,3,4,7,5,0,0,8,0,4,3,6,2,0,0,2,6,8,1,5,7
65	0	0.001760	false	1,0,3,7,5,2,8,4,0,0,5,4,1,7,3,6,3,0,6,1,7,5,4,8,0,0,4,0,2,6,1,3,4,3,7,5,6,8,2,1,6,2,1,8,3,4,7,5,0,0,8,0,4,3,6,2,0,0,2,6,8,1,5,7
66	0	0.001770	false	1,0,3,7,5,2,8,4,0,0,5,4,1,7,3,6,3,0,6,2,7,5,4,8,0,0,4,0,2,6,1,3,4,3,7,5,6,8,2,1,6,2,1,8,3,4,7,5,0,0,8,0,4,3,6,2,0,0,2,6,8,1,5,7
67	0	0.001793	false	1,0,3,0,5,2,8,4,0,0,5,0,1,7,3,6,3,0,6,0,7,5,4,8,0,0,4,0,2,6,1,3,4,5,7,0,6,8,2,1,0,2,1,8,3,4,7,5,0,0,8,0,4,3,6,2,0,0,2,6,8,1,5,7
68	0	0.001801	false	1,0,3,0,5,2,8,4,0,0,5,0,1,7,3,6,3,0,6,0,7,5,4,8,0,0,4,0,2,6,1,3,4,5,7,3,6,8,2,1,0,2,1,8,3,4,7,5,0,0,8,0,4,3,6,2,0,0,2,6,8,1,5,7
69	0	0.001807	false	1,0,3,0,5,2,8,4,0,0,5,0,1,7,3,6,3,0,6,0,7,5,4,8,0,0,4,0,2,6,1,3,4,5,7,3,6,8,2,1,6,2,1,8,3,4,7,5,0,0,8,0,4,3,6,2,0,0,2,6,8,1,5,7
70	0	0.001811	false	1,0,3,7,5,2,8,4,0,0,5,0,1,7,3,6,3,0,6,0,7,5,4,8,0,0,4,0,2,6,1,3,4,5,7,3,6,8,2,1,6,2,1,8,3,4,7,5,0,0,8,0,4,3,6,2,0,0,2,6,8,1,5,7
71	0	0.001814	false	1,0,3,7,5,2,8,4,0,0,5,2,1,7,3,6,3,0,6,0,7,5,4,8,0,0,4,0,2,6,1,3,4,5,7,3,6,8,2,1,6,2,1,8,3,4,7,5,0,0,8,0,4,3,6,2,0,0,2,6,8,1,5,7
72	0	0.001817	false	1,0,3,7,5,2,8,4,0,0,5,2,1,7,3,6,3,0,6,1,7,5,4,8,0,0,4,0,2,6,1,3,4,5,7,3,6,8,2,1,6,2,1,8,3,4,7,5,0,0,8,0,4,3,6,2,0,0,2,6,8,1,5,7
73	0	0.001820	false	1,0,3,7,5,2,8,4,0,0,5,2,1,7,3,6,3,0,6,1,7,5,4,8,0,0,4,5,2,6,1,3,4,5,7,3,6,8,2,1,6,2,1,8,3,4,7,5,0,0,8,0,4,3,6,2,0,0,2,6,8,1,5,7
74	0	0.001824	false	1,0,3,7,5,2,8,4,0,0,5,4,1,7,3,6,3,0,6,0,7,5,4,8,0,0,4,0,2,6,1,3,4,5,7,3,6,8,2,1,6,2,1,8,3,4,7,5,0,0,8,0,4,3,6,2,0,0,2,6,8,1,5,7
75	0	0.001827	false	1,0,3,7,5,2,8,4,0,0,5,4,1,7,3,6,3,0,6,1,7,5,4,8,0,0,4,0,2,6,1,3,4,5,7,3,6,8,2,1,6,2,1,8,3,4,7,5,0,0,8,0,4,3,6,2,0,0,2,6,8,1,5,7
76	0	0.001830	false	1,0,3,7,5,2,8,4,0,0,5,4,1,7,3,6,3,0,6,1,7,5,4,8,0,0,4,5,2,6,1,3,4,5,7,3,6,8,2,1,6,2,1,8,3,4,7,5,0,0,8,0,4,3,6,2,0,0,2,6,8,1,5,7
77	0	0.001836	false	1,0,3,7,5,2,8,4,0,0,5,4,1,7,3,6,3,0,6,2,7,5,4,8,0,0,4,0,2,6,1,3,4,5,7,3,6,8,2,1,6,2,1,8,3,4,7,5,0,0,8,0,4,3,6,2,0,0,2,6,8,1,5,7
78	0	0.001839	false	1,0,3,7,5,2,8,4,0,0,5,4,1,7,3,6,3,0,6,2,7,5,4,8,0,0,4,5,2,6,1,3,4,5,7,3,6,8,2,1,6,2,1,8,3,4,7,5,0,0,8,0,4,3,6,2,0,0,2,6,8,1,5,7
79	0	0.001845	false	1,0,3,7,5,2,8,4,0,0,5,4,1,7,3,6,3,0,6,2,7,5,4,8,0,0,4,5,2,6,1,3,4,5,7,3,6,8,2,1,6,2,1,8,3,4,7,5,0,0,8,1,4,3,6,2,0,0,2,6,8,1,5,7
80	0	0.001852	false	1,6,3,7,5,2,8,4,0,0,5,4,1,7,3,6,3,0,6,2,7,5,4,8,0,0,4,5,2,6,1,3,4,5,7,3,6,8,2,1,6,2,1,8,3,4,7,5,0,0,8,1,4,3,6,2,0,0,2,6,8,1,5,7
81	0	0.001855	false	1,6,3,7,5,2,8,4,2,0,5,4,1,7,3,6,3,0,6,2,7,5,4,8,0,0,4,5,2,6,1,3,4,5,7,3,6,8,2,1,6,2,1,8,3,4,7,5,0,0,8,1,4,3,6,2,0,0,2,6,8,1,5,7
82	0	0.001858	false	1,6,3,7,5,2,8,4,2,8,5,4,1,7,3,6,3,0,6,2,7,5,4,8,0,0,4,5,2,6,1,3,4,5,7,3,6,8,2,1,6,2,1,8,3,4,7,5,0,0,8,1,4,3,6,2,0,0,2,6,8,1,5,7
83	0	0.001862	false	1,6,3,7,5,2,8,4,2,8,5,4,1,7,3,6,3,1,6,2,7,5,4,8,0,0,4,5,2,6,1,3,4,5,7,3,6,8,2,1,6,2,1,8,3,4,7,5,0,0,8,1,4,3,6,2,0,0,2,6,8,1,5,7
84	0	0.001883	false	1,6,3,7,5,2,8,4,2,8,5,4,1,7,3,6,3,1,6,2,7,5,4,8,0,7,4,5,2,6,1,3,4,5,7,3,6,8,2,1,6,2,1,8,3,4,7,5,0,0,8,1,4,3,6,2,0,0,2,6,8,1,5,7
85	0	0.001894	false	1,6,3,7,5,2,8,4,8,0,5,4,1,7,3,6,3,0,6,2,7,5,4,8,0,0,4,5,2,6,1,3,4,5,7,3,6,8,2,1,6,2,1,8,3,4,7,5,0,0,8,1,4,3,6,2,0,0,2,6,8,1,5,7
86	0	0.001928	false	1,0,3,0,5,2,8,4,0,0,5,0,1,7,3,6,3,0,6,0,7,5,4,8,0,0,4,0,2,6,1,3,5,0,7,0,6,8,2,1,0,2,1,8,3,4,7,5,0,0,8,0,4,3,6,2,0,0,2,6,8,1,5,7
87	0	0.001962	false	1,0,3,0,5,2,8,4,0,0,5,0,1,7,3,6,3,0,6,0,7,5,4,8,0,0,4,0,2,6,1,3,5,3,7,0,6,8,2,1,0,2,1,8,3,4,7,5,0,0,8,0,4,3,6,2,0,0,2,6,8,1,5,7
88	0	0.001970	false	1,0,3,0,5,2,8,4,0,0,5,0,1,7,3,6,3,0,6,0,7,5,4,8,0,0,4,0,2,6,1,3,5,3,7,4,6,8,2,1,0,2,1,8,3,4,7,5,0,0,8,0,4,3,6,2,0,0,2,6,8,1,5,7
89	0	0.001976	false	1,0,3,0,5,2,8,4,0,0,5,0,1,7,3,6,3,0,6,0,7,5,4,8,0,0,4,0,2,6,1,3,5,3,7,4,6,8,2,1,6,2,1,8,3,4,7,5,0,0,8,0,4,3,6,2,0,0,2,6,8,1,5,7
90	0	0.001990	false	1,0,3,7,5,2,8,4,0,0,5,0,1,7,3,6,3,0,6,0,7,5,4,8,0,0,4,0,2,6,1,3,5,3,7,4,6,8,2,1,6,2,1,8,3,4,7,5,0,0,8,0,4,3,6,2,0,0,2,6,8,1,5,7
91	0	0.001998	false	1,0,3,7,5,2,8,4,0,0,5,2,1,7,3,6,3,0,6,0,7,5,4,8,0,0,4,0,2,6,1,3,5,3,7,4,6,8,2,1,6,2,1,8,3,4,7,5,0,0,8,0,4,3,6,2,0,0,2,6,8,1,5,7
92	0	0.002004	false	1,0,3,7,5,2,8,4,0,0,5,2,1,7,3,6,3,0,6,1,7,5,4,8,0,0,4,0,2,6,1,3,5,3,7,4,6,8,2,1,6,2,1,8,3,4,7,5,0,0,8,0,4,3,6,2,0,0,2,6,8,1,5,7
93	0	0.002010	false	1,0,3,7,5,2,8,4,0,0,5,2,1,7,3,6,3,0,6,1,7,5,4,8,0,0,4,5,2,6,1,3,5,3,7,4,6,8,2,1,6,2,1,8,3,4,7,5,0,0,8,0,4,3,6,2,0,0,2,6,8,1,5,7
94	0	0.002028	false	1,0,3,0,5,2,8,4,0,0,5,0,1,7,3,6,3,0,6,0,7,5,4,8,0,0,4,0,2,6,1,3,5,4,7,0,6,8,2,1,0,2,1,8,3,4,7,5,0,0,8,0,4,3,6,2,0,0,2,6,8,1,5,7
95	0	0.002034	false	1,0,3,0,5,2,8,4,0,0,5,0,1,7,3,6,3,0,6,0,7,5,4,8,0,0,4,0,2,6,1,3,5,4,7,3,6,8,2,1,0,2,1,8,3,4,7,5,0,0,8,0,4,3,6,2,0,0,2,6,8,1,5,7
96	0	0.002040	false	1,0,3,0,5,2,8,4,0,0,5,0,1,7,3,6,3,0,6,0,7,5,4,8,0,0,4,0,2,6,1,3,5,4,7,3,6,8,2,1,6,2,1,8,3,4,7,5,0,0,8,0,4,3,6,2,0,0,2,6,8,1,5,7
97	0	0.002047	false	1,0,3,7,5,2,8,4,0,0,5,0,1,7,3,6,3,0,6,0,7,5,4,8,0,0,4,0,2,6,1,3,5,4,7,3,6,8,2,1,6,2,1,8,3,4,7,5,0,0,8,0,4,3,6,2,0,0,2,6,8,1,5,7
98	0	0.002058	false	1,0,3,7,5,2,8,4,0,0,5,2,1,7,3,6,3,0,6,0,7,5,4,8,0,0,4,0,2,6,1,3,5,4,7,3,6,8,2,1,6,2,1,8,3,4,7,5,0,0,8,0,4,3,6,2,0,0,2,6,8,1,5,7
99	0	0.002076	false	1,0,3,7,5,2,8,4,0,0,5,2,1,7,3,6,3,0,6,1,7,5,4,8,0,0,4,0,2,6,1,3,5,4,7,3,6,8,2,1,6,2,1,8,3,4,7,5,0,0,8,0,4,3,6,2,0,0,2,6,8,1,5,7
100	0	0.002083	false	1,0,3,7,5,2,8,4,0,0,5,2,1,7,3,6,3,0,6,1,7,5,4,8,0,0,4,5,2,6,1,3,5,4,7,3,6,8,2,1,6,2,1,8,3,4,7,5,0,0,8,0,4,3,6,2,0,0,2,6,8,1,5,7
101	0	0.002091	false	1,0,3,7,5,2,8,4,0,0,5,4,1,7,3,6,3,0,6,0,7,5,4,8,0,0,4,0,2,6,1,3,5,4,7,3,6,8,2,1,6,2,1,8,3,4,7,5,0,0,8,0,4,3,6,2,0,0,2,6,8,1,5,7
102	0	0.002109	false	1,0,3,7,5,2,8,4,0,0,5,4,1,7,3,6,3,0,6,1,7,5,4,8,0,0,4,0,2,6,1,3,5,4,7,3,6,8,2,1,6,2,1,8,3,4,7,5,0,0,8,0,4,3,6,2,0,0,2,6,8,1,5,7
103	0	0.002118	false	1,0,3,7,5,2,8,4,0,0,5,4,1,7,3,6,3,0,6,1,7,5,4,8,0,0,4,5,2,6,1,3,5,4,7,3,6,8,2,1,6,2,1,8,3,4,7,5,0,0,8,0,4,3,6,2,0,0,2,6,8,1,5,7
104	0	0.002128	false	1,0,3,7,5,2,8,4,0,0,5,4,1,7,3,6,3,0,6,2,7,5,4,8,0,0,4,0,2,6,1,3,5,4,7,3,6,8,2,1,6,2,1,8,3,4,7,5,0,0,8,0,4,3,6,2,0,0,2,6,8,1,5,7
105	0	0.002137	false	1,0,3,7,5,2,8,4,0,0,5,4,1,7,3,6,3,0,6,2,7,5,4,8,0,0,4,5,2,6,1,3,5,4,7,3,6,8,2,1,6,2,1,8,3,4,7,5,0,0,8,0,4,3,6,2,0,0,2,6,8,1,5,7
106	0	0.002149	false	1,0,3,7,5,2,8,4,0,0,5,4,1,7,3,6,3,0,6,2,7,5,4,8,0,0,4,5,2,6,1,3,5,4,7,3,6,8,2,1,6,2,1,8,3,4,7,5,0,0,8,1,4,3,6,2,0,0,2,6,8,1,5,7
107	0	0.002164	false	1,6,3,7,5,2,8,4,0,0,5,4,1,7,3,6,3,0,6,2,7,5,4,8,0,0,4,5,2,6,1,3,5,4,7,3,6,8,2,1,6,2,1,8,3,4,7,5,0,0,8,1,4,3,6,2,0,0,2,6,8,1,5,7
108	0	0.002172	false	1,6,3,7,5,2,8,4,2,0,5,4,1,7,3,6,3,0,6,2,7,5,4,8,0,0,4,5,2,6,1,3,5,4,7,3,6,8,2,1,6,2,1,8,3,4,7,5,0,0,8,1,4,3,6,2,0,0,2,6,8,1,5,7
109	0	0.002178	false	1,6,3,7,5,2,8,4,2,8,5,4,1,7,3,6,3,0,6,2,7,5,4,8,0,0,4,5,2,6,1,3,5,4,7,3,6,8,2,1,6,2,1,8,3,4,7,5,0,0,8,1,4,3,6,2,0,0,2,6,8,1,5,7
110	0	0.002183	false	1,6,3,7,5,2,8,4,2,8,5,4,1,7,3,6,3,1,6,2,7,5,4,8,0,0,4,5,2,6,1,3,5,4,7,3,6,8,2,1,6,2,1,8,3,4,7,5,0,0,8,1,4,3,6,2,0,0,2,6,8,1,5,7
111	0	0.002214	false	1,6,3,7,5,2,8,4,2,8,5,4,1,7,3,6,3,1,6,2,7,5,4,8,7,0,4,5,2,6,1,3,5,4,7,3,6,8,2,1,6,2,1,8,3,4,7,5,0,0,8,1,4,3,6,2,0,0,2,6,8,1,5,7
112	0	0.002221	false	1,6,3,7,5,2,8,4,2,8,5,4,1,7,3,6,3,1,6,2,7,5,4,8,8,0,4,5,2,6,1,3,5,4,7,3,6,8,2,1,6,2,1,8,3,4,7,5,0,0,8,1,4,3,6,2,0,0,2,6,8,1,5,7
113	0	0.002229	false	1,6,3,7,5,2,8,4,2,8,5,4,1,7,3,6,3,1,6,2,7,5,4,8,8,7,4,5,2,6,1,3,5,4,7,3,6,8,2,1,6,2,1,8,3,4,7,5,0,0,8,1,4,3,6,2,0,0,2,6,8,1,5,7
114	0	0.002234	false	1,6,3,7,5,2,8,4,2,8,5,4,1,7,3,6,3,1,6,2,7,5,4,8,8,7,4,5,2,6,1,3,5,4,7,3,6,8,2,1,6,2,1,8,3,4,7,5,0,5,8,1,4,3,6,2,0,0,2,6,8,1,5,7
115	0	0.002242	false	1,6,3,7,5,2,8,4,2,8,5,4,1,7,3,6,3,1,6,2,7,5,4,8,8,7,4,5,2,6,1,3,5,4,7,3,6,8,2,1,6,2,1,8,3,4,7,5,0,5,8,1,4,3,6,2,0,3,2,6,8,1,5,7
116	0	0.002249	false	1,6,3,7,5,2,8,4,2,8,5,4,1,7,3,6,3,1,6,2,7,5,4,8,8,7,4,5,2,6,1,3,5,4,7,3,6,8,2,1,6,2,1,8,3,4,7,5,7,5,8,1,4,3,6,2,0,3,2,6,8,1,5,7
117	0	0.002259	true	1,6,3,7,5,2,8,4,2,8,5,4,1,7,3,6,3,1,6,2,7,5,4,8,8,7,4,5,2,6,1,3,5,4,7,3,6,8,2,1,6,2,1,8,3,4,7,5,7,5,8,1,4,3,6,2,4,3,2,6,8,1,5,7
