1	0	8.620e-05	false	1,0,3,0,5,0,0,0,0,0,0,0,0,0,3,0,3,0,0,0,7,5,0,8,0,0,4,0,0,0,0,0,0,0,0,0,6,0,2,1,0,2,0,8,0,0,0,0,0,0,8,0,0,3,0,0,0,0,0,6,0,1,0,7
2	1	0.0001666	false	1,0,3,0,5,0,0,0,0,0,0,0,0,0,3,0,3,0,1,0,7,5,0,8,0,0,4,0,0,0,0,0,0,0,0,0,6,0,2,1,0,2,0,8,0,0,0,0,0,0,8,0,0,3,0,0,0,0,0,6,0,1,0,7
3	2	0.0002001	false	1,0,3,0,5,0,0,0,0,0,0,0,0,0,3,0,3,0,1,2,7,5,0,8,0,0,4,0,0,0,0,0,0,0,0,0,6,0,2,1,0,2,0,8,0,0,0,0,0,0,8,0,0,3,0,0,0,0,0,6,0,1,0,7
4	3	0.0002268	false	1,0,3,0,5,0,0,0,0,0,0,0,0,0,3,0,3,6,1,2,7,5,0,8,0,0,4,0,0,0,0,0,0,0,0,0,6,0,2,1,0,2,0,8,0,0,0,0,0,0,8,0,0,3,0,0,0,0,0,6,0,1,0,7
5	4	0.0002548	false	1,0,3,0,5,0,0,0,0,0,0,0,0,0,3,0,3,6,1,2,7,5,4,8,0,0,4,0,0,0,0,0,0,0,0,0,6,0,2,1,0,2,0,8,0,0,0,0,0,0,8,0,0,3,0,0,0,0,0,6,0,1,0,7
6	5	0.0002887	false	1,0,3,0,5,0,0,0,0,0,0,0,0,0,3,0,3,6,1,2,7,5,4,8,0,0,4,5,0,0,0,0,0,0,0,0,6,0,2,1,0,2,0,8,0,0,0,0,0,0,8,0,0,3,0,0,0,0,0,6,0,1,0,7
7	5	0.0003041	false	1,0,3,0,5,0,0,0,0,0,0,0,0,0,3,0,3,6,1,2,7,5,4,8,0,0,4,7,0,0,0,0,0,0,0,0,6,0,2,1,0,2,0,8,0,0,0,0,0,0,8,0,0,3,0,0,0,0,0,6,0,1,0,7
8	1	0.0003175	false	1,0,3,0,5,0,0,0,0,0,0,0,0,0,3,0,3,0,2,0,7,5,0,8,0,0,4,0,0,0,0,0,0,0,0,0,6,0,2,1,0,2,0,8,0,0,0,0,0,0,8,0,0,3,0,0,0,0,0,6,0,1,0,7
9	2	0.0003401	false	1,0,3,0,5,0,0,0,0,0,0,0,0,0,3,0,3,0,2,1,7,5,0,8,0,0,4,0,0,0,0,0,0,0,0,0,6,0,2,1,0,2,0,8,0,0,0,0,0,0,8,0,0,3,0,0,0,0,0,6,0,1,0,7
10	3	0.0003637	false	1,0,3,0,5,0,0,0,0,0,0,0,0,0,3,0,3,6,2,1,7,5,0,8,0,0,4,0,0,0,0,0,0,0,0,0,6,0,2,1,0,2,0,8,0,0,0,0,0,0,8,0,0,3,0,0,0,0,0,6,0,1,0,7
11	4	0.0003932	false	1,0,3,0,5,0,0,0,0,0,0,0,0,0,3,0,3,6,2,1,7,5,4,8,0,0,4,0,0,0,0,0,0,0,0,0,6,0,2,1,0,2,0,8,0,0,0,0,0,0,8,0,0,3,0,0,0,0,0,6,0,1,0,7
12	5	0.0004187	false	1,0,3,0,5,0,0,0,0,0,0,0,0,0,3,0,3,6,2,1,7,5,4,8,0,0,4,5,0,0,0,0,0,0,0,0,6,0,2,1,0,2,0,8,0,0,0,0,0,0,8,0,0,3,0,0,0,0,0,6,0,1,0,7
13	5	0.0004309	false	1,0,3,0,5,0,0,0,0,0,0,0,0,0,3,0,3,6,2,1,7,5,4,8,0,0,4,7,0,0,0,0,0,0,0,0,6,0,2,1,0,2,0,8,0,0,0,0,0,0,8,0,0,3,0,0,0,0,0,6,0,1,0,7
14	1	0.0004463	false	1,0,3,0,5,0,0,0,0,0,0,0,0,0,3,0,3,0,6,0,7,5,0,8,0,0,4,0,0,0,0,0,0,0,0,0,6,0,2,1,0,2,0,8,0,0,0,0,0,0,8,0,0,3,0,0,0,0,0,6,0,1,0,7
15	2	0.0004732	false	1,0,3,0,5,0,0,0,0,0,0,0,0,0,3,0,3,0,6,1,7,5,0,8,0,0,4,0,0,0,0,0,0,0,0,0,6,0,2,1,0,2,0,8,0,0,0,0,0,0,8,0,0,3,0,0,0,0,0,6,0,1,0,7
16	2	0.0005013	false	1,0,3,0,5,0,0,0,0,0,0,0,0,0,3,0,3,0,6,2,7,5,0,8,0,0,4,0,0,0,0,0,0,0,0,0,6,0,2,1,0,2,0,8,0,0,0,0,0,0,8,0,0,3,0,0,0,0,0,6,0,1,0,7
17	3	0.0005268	false	1,0,3,0,5,0,0,0,0,0,0,0,0,0,3,0,3,1,6,2,7,5,0,8,0,0,4,0,0,0,0,0,0,0,0,0,6,0,2,1,0,2,0,8,0,0,0,0,0,0,8,0,0,3,0,0,0,0,0,6,0,1,0,7
18	4	0.0005500	false	1,0,3,0,5,0,0,0,0,0,0,0,0,0,3,0,3,1,6,2,7,5,4,8,0,0,4,0,0,0,0,0,0,0,0,0,6,0,2,1,0,2,0,8,0,0,0,0,0,0,8,0,0,3,0,0,0,0,0,6,0,1,0,7
19	5	0.0005752	false	1,0,3,0,5,0,0,0,0,0,0,0,0,0,3,0,3,1,6,2,7,5,4,8,0,0,4,5,0,0,0,0,0,0,0,0,6,0,2,1,0,2,0,8,0,0,0,0,0,0,8,0,0,3,0,0,0,0,0,6,0,1,0,7
20	5	0.0005872	false	1,0,3,0,5,0,0,0,0,0,0,0,0,0,3,0,3,1,6,2,7,5,4,8,0,0,4,7,0,0,0,0,0,0,0,0,6,0,2,1,0,2,0,8,0,0,0,0,0,0,8,0,0,3,0,0,0,0,0,6,0,1,0,7
