1	0	0.0007873	false	0,8,2,0,0,3,0,5,0,0,3,0,0,0,7,0,2,0,7,0,0,9,0,0,0,0,0,0,0,0,0,6,0,0,3,0,0,5,0,0,3,0,0,0,0,2,0,0,0,0,8,4,0,0,0,0,0,0,4,0,0,0,0,0,0,7,5,0,0,0,0,3,0,0,0,0,0,2,7,9,0
2	1	0.0008578	false	1,8,2,0,0,3,0,5,0,0,3,0,0,0,7,0,2,0,7,0,0,9,0,0,0,0,0,0,0,0,0,6,0,0,3,0,0,5,0,0,3,0,0,0,0,2,0,0,0,0,8,4,0,0,0,0,0,0,4,0,0,0,0,0,0,7,5,0,0,0,0,3,0,0,0,0,0,2,7,9,0
3	1	0.0008772	false	4,8,2,0,0,3,0,5,0,0,3,0,0,0,7,0,2,0,7,0,0,9,0,0,0,0,0,0,0,0,0,6,0,0,3,0,0,5,0,0,3,0,0,0,0,2,0,0,0,0,8,4,0,0,0,0,0,0,4,0,0,0,0,0,0,7,5,0,0,0,0,3,0,0,0,0,0,2,7,9,0
4	2	0.0008984	false	4,8,2,0,1,3,0,5,0,0,3,0,0,0,7,0,2,0,7,0,0,9,0,0,0,0,0,0,0,0,0,6,0,0,3,0,0,5,0,0,3,0,0,0,0,2,0,0,0,0,8,4,0,0,0,0,0,0,4,0,0,0,0,0,0,7,5,0,0,0,0,3,0,0,0,0,0,2,7,9,0
5	3	0.0009211	false	4,8,2,6,1,3,0,5,0,0,3,0,0,0,7,0,2,0,7,0,0,9,0,0,0,0,0,0,0,0,0,6,0,0,3,0,0,5,0,0,3,0,0,0,0,2,0,0,0,0,8,4,0,0,0,0,0,0,4,0,0,0,0,0,0,7,5,0,0,0,0,3,0,0,0,0,0,2,7,9,0
6	1	0.001175	false	6,8,2,0,0,3,0,5,0,0,3,0,0,0,7,0,2,0,7,0,0,9,0,0,0,0,0,0,0,0,0,6,0,0,3,0,0,5,0,0,3,0,0,0,0,2,0,0,0,0,8,4,0,0,0,0,0,0,4,0,0,0,0,0,0,7,5,0,0,0,0,3,0,0,0,0,0,2,7,9,0
7	2	0.001203	false	6,8,2,0,1,3,0,5,0,0,3,0,0,0,7,0,2,0,7,0,0,9,0,0,0,0,0,0,0,0,0,6,0,0,3,0,0,5,0,0,3,0,0,0,0,2,0,0,0,0,8,4,0,0,0,0,0,0,4,0,0,0,0,0,0,7,5,0,0,0,0,3,0,0,0,0,0,2,7,9,0
8	3	0.001223	false	6,8,2,4,1,3,0,5,0,0,3,0,0,0,7,0,2,0,7,0,0,9,0,0,0,0,0,0,0,0,0,6,0,0,3,0,0,5,0,0,3,0,0,0,0,2,0,0,0,0,8,4,0,0,0,0,0,0,4,0,0,0,0,0,0,7,5,0,0,0,0,3,0,0,0,0,0,2,7,9,0
9	4	0.001246	false	6,8,2,4,1,3,0,5,0,0,3,0,0,5,7,0,2,0,7,0,0,9,0,0,0,0,0,0,0,0,0,6,0,0,3,0,0,5,0,0,3,0,0,0,0,2,0,0,0,0,8,4,0,0,0,0,0,0,4,0,0,0,0,0,0,7,5,0,0,0,0,3,0,0,0,0,0,2,7,9,0
10	5	0.001269	false	6,8,2,4,1,3,0,5,0,0,3,0,6,5,7,0,2,0,7,0,0,9,0,0,0,0,0,0,0,0,0,6,0,0,3,0,0,5,0,0,3,0,0,0,0,2,0,0,0,0,8,4,0,0,0,0,0,0,4,0,0,0,0,0,0,7,5,0,0,0,0,3,0,0,0,0,0,2,7,9,0
11	6	0.001321	false	6,8,2,4,1,3,0,5,0,0,3,0,6,5,7,0,2,0,7,0,0,9,2,0,0,0,0,0,0,0,0,6,0,0,3,0,0,5,0,0,3,0,0,0,0,2,0,0,0,0,8,4,0,0,0,0,0,0,4,0,0,0,0,0,0,7,5,0,0,0,0,3,0,0,0,0,0,2,7,9,0
12	6	0.001340	false	6,8,2,4,1,3,0,5,0,0,3,0,6,5,7,0,2,0,7,0,0,9,8,0,0,0,0,0,0,0,0,6,0,0,3,0,0,5,0,0,3,0,0,0,0,2,0,0,0,0,8,4,0,0,0,0,0,0,4,0,0,0,0,0,0,7,5,0,0,0,0,3,0,0,0,0,0,2,7,9,0
13	5	0.001357	false	6,8,2,4,1,3,0,5,0,0,3,0,8,5,7,0,2,0,7,0,0,9,0,0,0,0,0,0,0,0,0,6,0,0,3,0,0,5,0,0,3,0,0,0,0,2,0,0,0,0,8,4,0,0,0,0,0,0,4,0,0,0,0,0,0,7,5,0,0,0,0,3,0,0,0,0,0,2,7,9,0
14	6	0.001374	false	6,8,2,4,1,3,0,5,0,0,3,0,8,5,7,0,2,0,7,0,0,9,2,0,0,0,0,0,0,0,0,6,0,0,3,0,0,5,0,0,3,0,0,0,0,2,0,0,0,0,8,4,0,0,0,0,0,0,4,0,0,0,0,0,0,7,5,0,0,0,0,3,0,0,0,0,0,2,7,9,0
15	7	0.001390	false	6,8,2,4,1,3,0,5,0,0,3,0,8,5,7,0,2,0,7,0,0,9,2,6,0,0,0,0,0,0,0,6,0,0,3,0,0,5,0,0,3,0,0,0,0,2,0,0,0,0,8,4,0,0,0,0,0,0,4,0,0,0,0,0,0,7,5,0,0,0,0,3,0,0,0,0,0,2,7,9,0
16	8	0.001450	false	6,8,2,4,1,3,0,5,0,1,3,0,8,5,7,0,2,0,7,0,0,9,2,6,0,0,0,0,0,0,0,6,0,0,3,0,0,5,0,0,3,0,0,0,0,2,0,0,0,0,8,4,0,0,0,0,0,0,4,0,0,0,0,0,0,7,5,0,0,0,0,3,0,0,0,0,0,2,7,9,0
17	9	0.001475	false	6,8,2,4,1,3,0,5,0,1,3,4,8,5,7,0,2,0,7,0,0,9,2,6,0,0,0,0,0,0,0,6,0,0,3,0,0,5,0,0,3,0,0,0,0,2,0,0,0,0,8,4,0,0,0,0,0,0,4,0,0,0,0,0,0,7,5,0,0,0,0,3,0,0,0,0,0,2,7,9,0
18	9	0.001494	false	6,8,2,4,1,3,0,5,0,1,3,9,8,5,7,0,2,0,7,0,0,9,2,6,0,0,0,0,0,0,0,6,0,0,3,0,0,5,0,0,3,0,0,0,0,2,0,0,0,0,8,4,0,0,0,0,0,0,4,0,0,0,0,0,0,7,5,0,0,0,0,3,0,0,0,0,0,2,7,9,0
19	10	0.001509	false	6,8,2,4,1,3,0,5,0,1,3,9,8,5,7,0,2,0,7,4,0,9,2,6,0,0,0,0,0,0,0,6,0,0,3,0,0,5,0,0,3,0,0,0,0,2,0,0,0,0,8,4,0,0,0,0,0,0,4,0,0,0,0,0,0,7,5,0,0,0,0,3,0,0,0,0,0,2,7,9,0
20	11	0.001525	false	6,8,2,4,1,3,0,5,0,1,3,9,8,5,7,0,2,0,7,4,5,9,2,6,0,0,0,0,0,0,0,6,0,0,3,0,0,5,0,0,3,0,0,0,0,2,0,0,0,0,8,4,0,0,0,0,0,0,4,0,0,0,0,0,0,7,5,0,0,0,0,3,0,0,0,0,0,2,7,9,0
21	12	0.001553	false	6,8,2,4,1,3,0,5,0,1,3,9,8,5,7,0,2,0,7,4,5,9,2,6,0,1,0,0,0,0,0,6,0,0,3,0,0,5,0,0,3,0,0,0,0,2,0,0,0,0,8,4,0,0,0,0,0,0,4,0,0,0,0,0,0,7,5,0,0,0,0,3,0,0,0,0,0,2,7,9,0
22	13	0.001572	false	6,8,2,4,1,3,9,5,0,1,3,9,8,5,7,0,2,0,7,4,5,9,2,6,0,1,0,0,0,0,0,6,0,0,3,0,0,5,0,0,3,0,0,0,0,2,0,0,0,0,8,4,0,0,0,0,0,0,4,0,0,0,0,0,0,7,5,0,0,0,0,3,0,0,0,0,0,2,7,9,0
23	14	0.001588	false	6,8,2,4,1,3,9,5,0,1,3,9,8,5,7,6,2,0,7,4,5,9,2,6,0,1,0,0,0,0,0,6,0,0,3,0,0,5,0,0,3,0,0,0,0,2,0,0,0,0,8,4,0,0,0,0,0,0,4,0,0,0,0,0,0,7,5,0,0,0,0,3,0,0,0,0,0,2,7,9,0
24	15	0.001708	false	6,8,2,4,1,3,9,5,0,1,3,9,8,5,7,6,2,0,7,4,5,9,2,6,3,1,0,0,0,0,0,6,0,0,3,0,0,5,0,0,3,0,0,0,0,2,0,0,0,0,8,4,0,0,0,0,0,0,4,0,0,0,0,0,0,7,5,0,0,0,0,3,0,0,0,0,0,2,7,9,0
25	16	0.001723	false	6,8,2,4,1,3,9,5,7,1,3,9,8,5,7,6,2,0,7,4,5,9,2,6,3,1,0,0,0,0,0,6,0,0,3,0,0,5,0,0,3,0,0,0,0,2,0,0,0,0,8,4,0,0,0,0,0,0,4,0,0,0,0,0,0,7,5,0,0,0,0,3,0,0,0,0,0,2,7,9,0
26	17	0.001748	false	6,8,2,4,1,3,9,5,7,1,3,9,8,5,7,6,2,4,7,4,5,9,2,6,3,1,0,0,0,0,0,6,0,0,3,0,0,5,0,0,3,0,0,0,0,2,0,0,0,0,8,4,0,0,0,0,0,0,4,0,0,0,0,0,0,7,5,0,0,0,0,3,0,0,0,0,0,2,7,9,0
27	18	0.001769	false	6,8,2,4,1,3,9,5,7,1,3,9,8,5,7,6,2,4,7,4,5,9,2,6,3,1,8,0,0,0,0,6,0,0,3,0,0,5,0,0,3,0,0,0,0,2,0,0,0,0,8,4,0,0,0,0,0,0,4,0,0,0,0,0,0,7,5,0,0,0,0,3,0,0,0,0,0,2,7,9,0
28	19	0.001988	false	6,8,2,4,1,3,9,5,7,1,3,9,8,5,7,6,2,4,7,4,5,9,2,6,3,1,8,0,0,0,0,6,0,0,3,0,0,5,0,0,3,0,0,0,0,2,0,0,0,7,8,4,0,0,0,0,0,0,4,0,0,0,0,0,0,7,5,0,0,0,0,3,0,0,0,0,0,2,7,9,0
29	20	0.002060	false	6,8,2,4,1,3,9,5,7,1,3,9,8,5,7,6,2,4,7,4,5,9,2,6,3,1,8,0,0,0,0,6,0,0,3,0,0,5,0,0,3,0,0,0,0,2,0,0,0,7,8,4,0,0,0,0,0,0,4,0,0,0,0,0,0,7,5,8,0,0,0,3,0,0,0,0,0,2,7,9,0
30	20	0.002175	false	6,8,2,4,1,3,9,5,7,1,3,9,8,5,7,6,2,4,7,4,5,9,2,6,3,1,8,0,0,0,0,6,0,0,3,0,0,5,0,0,3,0,0,0,0,2,0,0,0,7,8,4,0,0,0,0,0,0,4,0,0,0,0,0,0,7,5,9,0,0,0,3,0,0,0,0,0,2,7,9,0
31	21	0.002242	false	6,8,2,4,1,3,9,5,7,1,3,9,8,5,7,6,2,4,7,4,5,9,2,6,3,1,8,0,0,0,0,6,0,0,3,0,0,5,0,0,3,0,0,0,0,2,0,0,0,7,8,4,0,0,0,0,0,0,4,0,0,0,0,0,0,7,5,9,0,0,0,3,0,0,0,0,8,2,7,9,0
32	22	0.002279	false	6,8,2,4,1,3,9,5,7,1,3,9,8,5,7,6,2,4,7,4,5,9,2,6,3,1,8,0,0,0,0,6,0,0,3,0,0,5,0,0,3,0,0,0,0,2,0,0,0,7,8,4,0,0,0,0,0,0,4,0,0,0,0,0,0,7,5,9,1,0,0,3,0,0,0,0,8,2,7,9,0
33	23	0.002294	false	6,8,2,4,1,3,9,5,7,1,3,9,8,5,7,6,2,4,7,4,5,9,2,6,3,1,8,0,0,0,0,6,0,0,3,0,0,5,0,0,3,0,0,0,0,2,0,0,0,7,8,4,0,0,0,0,0,0,4,0,0,0,0,0,0,7,5,9,1,0,0,3,0,0,0,3,8,2,7,9,0
34	23	0.002311	false	6,8,2,4,1,3,9,5,7,1,3,9,8,5,7,6,2,4,7,4,5,9,2,6,3,1,8,0,0,0,0,6,0,0,3,0,0,5,0,0,3,0,0,0,0,2,0,0,0,7,8,4,0,0,0,0,0,0,4,0,0,0,0,0,0,7,5,9,1,0,0,3,0,0,0,6,8,2,7,9,0
35	19	0.002332	false	6,8,2,4,1,3,9,5,7,1,3,9,8,5,7,6,2,4,7,4,5,9,2,6,3,1,8,0,0,0,0,6,0,0,3,0,0,5,0,0,3,0,0,0,0,2,0,0,0,9,8,4,0,0,0,0,0,0,4,0,0,0,0,0,0,7,5,0,0,0,0,3,0,0,0,0,0,2,7,9,0
36	20	0.002359	false	6,8,2,4,1,3,9,5,7,1,3,9,8,5,7,6,2,4,7,4,5,9,2,6,3,1,8,0,0,0,0,6,0,0,3,0,0,5,0,0,3,0,0,0,0,2,0,0,0,9,8,4,0,0,0,0,0,0,4,0,0,0,0,0,0,7,5,8,0,0,0,3,0,0,0,0,0,2,7,9,0
37	15	0.002416	false	6,8,2,4,1,3,9,5,0,1,3,9,8,5,7,6,2,0,7,4,5,9,2,6,8,1,0,0,0,0,0,6,0,0,3,0,0,5,0,0,3,0,0,0,0,2,0,0,0,0,8,4,0,0,0,0,0,0,4,0,0,0,0,0,0,7,5,0,0,0,0,3,0,0,0,0,0,2,7,9,0
38	16	0.002432	false	6,8,2,4,1,3,9,5,7,1,3,9,8,5,7,6,2,0,7,4,5,9,2,6,8,1,0,0,0,0,0,6,0,0,3,0,0,5,0,0,3,0,0,0,0,2,0,0,0,0,8,4,0,0,0,0,0,0,4,0,0,0,0,0,0,7,5,0,0,0,0,3,0,0,0,0,0,2,7,9,0
39	17	0.002446	false	6,8,2,4,1,3,9,5,7,1,3,9,8,5,7,6,2,4,7,4,5,9,2,6,8,1,0,0,0,0,0,6,0,0,3,0,0,5,0,0,3,0,0,0,0,2,0,0,0,0,8,4,0,0,0,0,0,0,4,0,0,0,0,0,0,7,5,0,0,0,0,3,0,0,0,0,0,2,7,9,0
40	12	0.002464	false	6,8,2,4,1,3,0,5,0,1,3,9,8,5,7,0,2,0,7,4,5,9,2,6,0,8,0,0,0,0,0,6,0,0,3,0,0,5,0,0,3,0,0,0,0,2,0,0,0,0,8,4,0,0,0,0,0,0,4,0,0,0,0,0,0,7,5,0,0,0,0,3,0,0,0,0,0,2,7,9,0
41	13	0.002491	false	6,8,2,4,1,3,9,5,0,1,3,9,8,5,7,0,2,0,7,4,5,9,2,6,0,8,0,0,0,0,0,6,0,0,3,0,0,5,0,0,3,0,0,0,0,2,0,0,0,0,8,4,0,0,0,0,0,0,4,0,0,0,0,0,0,7,5,0,0,0,0,3,0,0,0,0,0,2,7,9,0
42	14	0.002508	false	6,8,2,4,1,3,9,5,0,1,3,9,8,5,7,6,2,0,7,4,5,9,2,6,0,8,0,0,0,0,0,6,0,0,3,0,0,5,0,0,3,0,0,0,0,2,0,0,0,0,8,4,0,0,0,0,0,0,4,0,0,0,0,0,0,7,5,0,0,0,0,3,0,0,0,0,0,2,7,9,0
43	15	0.002523	false	6,8,2,4,1,3,9,5,0,1,3,9,8,5,7,6,2,0,7,4,5,9,2,6,1,8,0,0,0,0,0,6,0,0,3,0,0,5,0,0,3,0,0,0,0,2,0,0,0,0,8,4,0,0,0,0,0,0,4,0,0,0,0,0,0,7,5,0,0,0,0,3,0,0,0,0,0,2,7,9,0
44	16	0.002543	false	6,8,2,4,1,3,9,5,7,1,3,9,8,5,7,6,2,0,7,4,5,9,2,6,1,8,0,0,0,0,0,6,0,0,3,0,0,5,0,0,3,0,0,0,0,2,0,0,0,0,8,4,0,0,0,0,0,0,4,0,0,0,0,0,0,7,5,0,0,0,0,3,0,0,0,0,0,2,7,9,0
45	17	0.002559	false	6,8,2,4,1,3,9,5,7,1,3,9,8,5,7,6,2,4,7,4,5,9,2,6,1,8,0,0,0,0,0,6,0,0,3,0,0,5,0,0,3,0,0,0,0,2,0,0,0,0,8,4,0,0,0,0,0,0,4,0,0,0,0,0,0,7,5,0,0,0,0,3,0,0,0,0,0,2,7,9,0
46	15	0.002644	false	6,8,2,4,1,3,9,5,0,1,3,9,8,5,7,6,2,0,7,4,5,9,2,6,3,8,0,0,0,0,0,6,0,0,3,0,0,5,0,0,3,0,0,0,0,2,0,0,0,0,8,4,0,0,0,0,0,0,4,0,0,0,0,0,0,7,5,0,0,0,0,3,0,0,0,0,0,2,7,9,0
47	16	0.002663	false	6,8,2,4,1,3,9,5,7,1,3,9,8,5,7,6,2,0,7,4,5,9,2,6,3,8,0,0,0,0,0,6,0,0,3,0,0,5,0,0,3,0,0,0,0,2,0,0,0,0,8,4,0,0,0,0,0,0,4,0,0,0,0,0,0,7,5,0,0,0,0,3,0,0,0,0,0,2,7,9,0
48	17	0.002678	false	6,8,2,4,1,3,9,5,7,1,3,9,8,5,7,6,2,4,7,4,5,9,2,6,3,8,0,0,0,0,0,6,0,0,3,0,0,5,0,0,3,0,0,0,0,2,0,0,0,0,8,4,0,0,0,0,0,0,4,0,0,0,0,0,0,7,5,0,0,0,0,3,0,0,0,0,0,2,7,9,0
49	18	0.002694	false	6,8,2,4,1,3,9,5,7,1,3,9,8,5,7,6,2,4,7,4,5,9,2,6,3,8,1,0,0,0,0,6,0,0,3,0,0,5,0,0,3,0,0,0,0,2,0,0,0,0,8,4,0,0,0,0,0,0,4,0,0,0,0,0,0,7,5,0,0,0,0,3,0,0,0,0,0,2,7,9,0
50	19	0.002866	false	6,8,2,4,1,3,9,5,7,1,3,9,8,5,7,6,2,4,7,4,5,9,2,6,3,8,1,0,0,0,0,6,0,0,3,0,0,5,0,0,3,0,0,0,0,2,0,0,0,7,8,4,0,0,0,0,0,0,4,0,0,0,0,0,0,7,5,0,0,0,0,3,0,0,0,0,0,2,7,9,0
51	20	0.002896	false	6,8,2,4,1,3,9,5,7,1,3,9,8,5,7,6,2,4,7,4,5,9,2,6,3,8,1,0,0,0,0,6,0,0,3,0,0,5,0,0,3,0,0,0,0,2,0,0,0,7,8,4,0,0,0,0,0,0,4,0,0,0,0,0,0,7,5,8,0,0,0,3,0,0,0,0,0,2,7,9,0
52	20	0.002958	false	6,8,2,4,1,3,9,5,7,1,3,9,8,5,7,6,2,4,7,4,5,9,2,6,3,8,1,0,0,0,0,6,0,0,3,0,0,5,0,0,3,0,0,0,0,2,0,0,0,7,8,4,0,0,0,0,0,0,4,0,0,0,0,0,0,7,5,9,0,0,0,3,0,0,0,0,0,2,7,9,0
53	21	0.003017	false	6,8,2,4,1,3,9,5,7,1,3,9,8,5,7,6,2,4,7,4,5,9,2,6,3,8,1,0,0,0,0,6,0,0,3,0,0,5,0,0,3,0,0,0,0,2,0,0,0,7,8,4,0,0,0,0,0,0,4,0,0,0,0,0,0,7,5,9,0,0,0,3,0,0,0,0,8,2,7,9,0
54	22	0.003035	false	6,8,2,4,1,3,9,5,7,1,3,9,8,5,7,6,2,4,7,4,5,9,2,6,3,8,1,0,0,0,0,6,0,0,3,0,0,5,0,0,3,0,0,0,0,2,0,0,0,7,8,4,0,0,0,0,0,0,4,0,0,0,0,0,0,7,5,9,1,0,0,3,0,0,0,0,8,2,7,9,0
55	23	0.003058	false	6,8,2,4,1,3,9,5,7,1,3,9,8,5,7,6,2,4,7,4,5,9,2,6,3,8,1,0,0,0,0,6,0,0,3,0,0,5,0,0,3,0,0,0,0,2,0,0,0,7,8,4,0,0,0,0,0,0,4,0,0,0,0,0,0,7,5,9,1,0,0,3,0,0,0,3,8,2,7,9,0
56	23	0.003079	false	6,8,2,4,1,3,9,5,7,1,3,9,8,5,7,6,2,4,7,4,5,9,2,6,3,8,1,0,0,0,0,6,0,0,3,0,0,5,0,0,3,0,0,0,0,2,0,0,0,7,8,4,0,0,0,0,0,0,4,0,0,0,0,0,0,7,5,9,1,0,0,3,0,0,0,6,8,2,7,9,0
57	19	0.003105	false	6,8,2,4,1,3,9,5,7,1,3,9,8,5,7,6,2,4,7,4,5,9,2,6,3,8,1,0,0,0,0,6,0,0,3,0,0,5,0,0,3,0,0,0,0,2,0,0,0,9,8,4,0,0,0,0,0,0,4,0,0,0,0,0,0,7,5,0,0,0,0,3,0,0,0,0,0,2,7,9,0
58	20	0.003135	false	6,8,2,4,1,3,9,5,7,1,3,9,8,5,7,6,2,4,7,4,5,9,2,6,3,8,1,0,0,0,0,6,0,0,3,0,0,5,0,0,3,0,0,0,0,2,0,0,0,9,8,4,0,0,0,0,0,0,4,0,0,0,0,0,0,7,5,8,0,0,0,3,0,0,0,0,0,2,7,9,0
59	8	0.003197	false	6,8,2,4,1,3,0,5,0,4,3,0,8,5,7,0,2,0,7,0,0,9,2,6,0,0,0,0,0,0,0,6,0,0,3,0,0,5,0,0,3,0,0,0,0,2,0,0,0,0,8,4,0,0,0,0,0,0,4,0,0,0,0,0,0,7,5,0,0,0,0,3,0,0,0,0,0,2,7,9,0
60	9	0.003219	false	6,8,2,4,1,3,0,5,0,4,3,1,8,5,7,0,2,0,7,0,0,9,2,6,0,0,0,0,0,0,0,6,0,0,3,0,0,5,0,0,3,0,0,0,0,2,0,0,0,0,8,4,0,0,0,0,0,0,4,0,0,0,0,0,0,7,5,0,0,0,0,3,0,0,0,0,0,2,7,9,0
61	9	0.003257	false	6,8,2,4,1,3,0,5,0,4,3,9,8,5,7,0,2,0,7,0,0,9,2,6,0,0,0,0,0,0,0,6,0,0,3,0,0,5,0,0,3,0,0,0,0,2,0,0,0,0,8,4,0,0,0,0,0,0,4,0,0,0,0,0,0,7,5,0,0,0,0,3,0,0,0,0,0,2,7,9,0
62	10	0.003287	false	6,8,2,4,1,3,0,5,0,4,3,9,8,5,7,0,2,0,7,1,0,9,2,6,0,0,0,0,0,0,0,6,0,0,3,0,0,5,0,0,3,0,0,0,0,2,0,0,0,0,8,4,0,0,0,0,0,0,4,0,0,0,0,0,0,7,5,0,0,0,0,3,0,0,0,0,0,2,7,9,0
63	11	0.003305	false	6,8,2,4,1,3,0,5,0,4,3,9,8,5,7,0,2,0,7,1,5,9,2,6,0,0,0,0,0,0,0,6,0,0,3,0,0,5,0,0,3,0,0,0,0,2,0,0,0,0,8,4,0,0,0,0,0,0,4,0,0,0,0,0,0,7,5,0,0,0,0,3,0,0,0,0,0,2,7,9,0
64	12	0.003325	false	6,8,2,4,1,3,0,5,0,4,3,9,8,5,7,0,2,0,7,1,5,9,2,6,0,4,0,0,0,0,0,6,0,0,3,0,0,5,0,0,3,0,0,0,0,2,0,0,0,0,8,4,0,0,0,0,0,0,4,0,0,0,0,0,0,7,5,0,0,0,0,3,0,0,0,0,0,2,7,9,0
65	13	0.003342	false	6,8,2,4,1,3,9,5,0,4,3,9,8,5,7,0,2,0,7,1,5,9,2,6,0,4,0,0,0,0,0,6,0,0,3,0,0,5,0,0,3,0,0,0,0,2,0,0,0,0,8,4,0,0,0,0,0,0,4,0,0,0,0,0,0,7,5,0,0,0,0,3,0,0,0,0,0,2,7,9,0
66	14	0.003363	false	6,8,2,4,1,3,9,5,0,4,3,9,8,5,7,1,2,0,7,1,5,9,2,6,0,4,0,0,0,0,0,6,0,0,3,0,0,5,0,0,3,0,0,0,0,2,0,0,0,0,8,4,0,0,0,0,0,0,4,0,0,0,0,0,0,7,5,0,0,0,0,3,0,0,0,0,0,2,7,9,0
67	15	0.003380	false	6,8,2,4,1,3,9,5,0,4,3,9,8,5,7,1,2,0,7,1,5,9,2,6,3,4,0,0,0,0,0,6,0,0,3,0,0,5,0,0,3,0,0,0,0,2,0,0,0,0,8,4,0,0,0,0,0,0,4,0,0,0,0,0,0,7,5,0,0,0,0,3,0,0,0,0,0,2,7,9,0
68	16	0.003442	false	6,8,2,4,1,3,9,5,7,4,3,9,8,5,7,1,2,0,7,1,5,9,2,6,3,4,0,0,0,0,0,6,0,0,3,0,0,5,0,0,3,0,0,0,0,2,0,0,0,0,8,4,0,0,0,0,0,0,4,0,0,0,0,0,0,7,5,0,0,0,0,3,0,0,0,0,0,2,7,9,0
69	17	0.003458	false	6,8,2,4,1,3,9,5,7,4,3,9,8,5,7,1,2,6,7,1,5,9,2,6,3,4,0,0,0,0,0,6,0,0,3,0,0,5,0,0,3,0,0,0,0,2,0,0,0,0,8,4,0,0,0,0,0,0,4,0,0,0,0,0,0,7,5,0,0,0,0,3,0,0,0,0,0,2,7,9,0
70	18	0.003474	false	6,8,2,4,1,3,9,5,7,4,3,9,8,5,7,1,2,6,7,1,5,9,2,6,3,4,8,0,0,0,0,6,0,0,3,0,0,5,0,0,3,0,0,0,0,2,0,0,0,0,8,4,0,0,0,0,0,0,4,0,0,0,0,0,0,7,5,0,0,0,0,3,0,0,0,0,0,2,7,9,0
71	19	0.003670	false	6,8,2,4,1,3,9,5,7,4,3,9,8,5,7,1,2,6,7,1,5,9,2,6,3,4,8,0,0,0,0,6,0,0,3,0,0,5,0,0,3,0,0,0,0,2,0,0,0,7,8,4,0,0,0,0,0,0,4,0,0,0,0,0,0,7,5,0,0,0,0,3,0,0,0,0,0,2,7,9,0
72	20	0.003703	false	6,8,2,4,1,3,9,5,7,4,3,9,8,5,7,1,2,6,7,1,5,9,2,6,3,4,8,0,0,0,0,6,0,0,3,0,0,5,0,0,3,0,0,0,0,2,0,0,0,7,8,4,0,0,0,0,0,0,4,0,0,0,0,0,0,7,5,8,0,0,0,3,0,0,0,0,0,2,7,9,0
73	20	0.003761	false	6,8,2,4,1,3,9,5,7,4,3,9,8,5,7,1,2,6,7,1,5,9,2,6,3,4,8,0,0,0,0,6,0,0,3,0,0,5,0,0,3,0,0,0,0,2,0,0,0,7,8,4,0,0,0,0,0,0,4,0,0,0,0,0,0,7,5,9,0,0,0,3,0,0,0,0,0,2,7,9,0
74	21	0.003812	false	6,8,2,4,1,3,9,5,7,4,3,9,8,5,7,1,2,6,7,1,5,9,2,6,3,4,8,0,0,0,0,6,0,0,3,0,0,5,0,0,3,0,0,0,0,2,0,0,0,7,8,4,0,0,0,0,0,0,4,0,0,0,0,0,0,7,5,9,0,0,0,3,0,0,0,0,8,2,7,9,0
75	22	0.003826	false	6,8,2,4,1,3,9,5,7,4,3,9,8,5,7,1,2,6,7,1,5,9,2,6,3,4,8,0,0,0,0,6,0,0,3,0,0,5,0,0,3,0,0,0,0,2,0,0,0,7,8,4,0,0,0,0,0,0,4,0,0,0,0,0,0,7,5,9,1,0,0,3,0,0,0,0,8,2,7,9,0
76	23	0.003841	false	6,8,2,4,1,3,9,5,7,4,3,9,8,5,7,1,2,6,7,1,5,9,2,6,3,4,8,0,0,0,0,6,0,0,3,0,0,5,0,0,3,0,0,0,0,2,0,0,0,7,8,4,0,0,0,0,0,0,4,0,0,0,0,0,0,7,5,9,1,0,0,3,0,0,0,3,8,2,7,9,0
77	23	0.003862	false	6,8,2,4,1,3,9,5,7,4,3,9,8,5,7,1,2,6,7,1,5,9,2,6,3,4,8,0,0,0,0,6,0,0,3,0,0,5,0,0,3,0,0,0,0,2,0,0,0,7,8,4,0,0,0,0,0,0,4,0,0,0,0,0,0,7,5,9,1,0,0,3,0,0,0,6,8,2,7,9,0
78	19	0.003881	false	6,8,2,4,1,3,9,5,7,4,3,9,8,5,7,1,2,6,7,1,5,9,2,6,3,4,8,0,0,0,0,6,0,0,3,0,0,5,0,0,3,0,0,0,0,2,0,0,0,9,8,4,0,0,0,0,0,0,4,0,0,0,0,0,0,7,5,0,0,0,0,3,0,0,0,0,0,2,7,9,0
79	20	0.003906	false	6,8,2,4,1,3,9,5,7,4,3,9,8,5,7,1,2,6,7,1,5,9,2,6,3,4,8,0,0,0,0,6,0,0,3,0,0,5,0,0,3,0,0,0,0,2,0,0,0,9,8,4,0,0,0,0,0,0,4,0,0,0,0,0,0,7,5,8,0,0,0,3,0,0,0,0,0,2,7,9,0
80	15	0.003957	false	6,8,2,4,1,3,9,5,0,4,3,9,8,5,7,1,2,0,7,1,5,9,2,6,8,4,0,0,0,0,0,6,0,0,3,0,0,5,0,0,3,0,0,0,0,2,0,0,0,0,8,4,0,0,0,0,0,0,4,0,0,0,0,0,0,7,5,0,0,0,0,3,0,0,0,0,0,2,7,9,0
81	16	0.003973	false	6,8,2,4,1,3,9,5,7,4,3,9,8,5,7,1,2,0,7,1,5,9,2,6,8,4,0,0,0,0,0,6,0,0,3,0,0,5,0,0,3,0,0,0,0,2,0,0,0,0,8,4,0,0,0,0,0,0,4,0,0,0,0,0,0,7,5,0,0,0,0,3,0,0,0,0,0,2,7,9,0
82	17	0.003988	false	6,8,2,4,1,3,9,5,7,4,3,9,8,5,7,1,2,6,7,1,5,9,2,6,8,4,0,0,0,0,0,6,0,0,3,0,0,5,0,0,3,0,0,0,0,2,0,0,0,0,8,4,0,0,0,0,0,0,4,0,0,0,0,0,0,7,5,0,0,0,0,3,0,0,0,0,0,2,7,9,0
83	14	0.004006	false	6,8,2,4,1,3,9,5,0,4,3,9,8,5,7,6,2,0,7,1,5,9,2,6,0,4,0,0,0,0,0,6,0,0,3,0,0,5,0,0,3,0,0,0,0,2,0,0,0,0,8,4,0,0,0,0,0,0,4,0,0,0,0,0,0,7,5,0,0,0,0,3,0,0,0,0,0,2,7,9,0
84	15	0.004020	false	6,8,2,4,1,3,9,5,0,4,3,9,8,5,7,6,2,0,7,1,5,9,2,6,3,4,0,0,0,0,0,6,0,0,3,0,0,5,0,0,3,0,0,0,0,2,0,0,0,0,8,4,0,0,0,0,0,0,4,0,0,0,0,0,0,7,5,0,0,0,0,3,0,0,0,0,0,2,7,9,0
85	16	0.004034	false	6,8,2,4,1,3,9,5,7,4,3,9,8,5,7,6,2,0,7,1,5,9,2,6,3,4,0,0,0,0,0,6,0,0,3,0,0,5,0,0,3,0,0,0,0,2,0,0,0,0,8,4,0,0,0,0,0,0,4,0,0,0,0,0,0,7,5,0,0,0,0,3,0,0,0,0,0,2,7,9,0
86	17	0.004048	false	6,8,2,4,1,3,9,5,7,4,3,9,8,5,7,6,2,1,7,1,5,9,2,6,3,4,0,0,0,0,0,6,0,0,3,0,0,5,0,0,3,0,0,0,0,2,0,0,0,0,8,4,0,0,0,0,0,0,4,0,0,0,0,0,0,7,5,0,0,0,0,3,0,0,0,0,0,2,7,9,0
87	18	0.004064	false	6,8,2,4,1,3,9,5,7,4,3,9,8,5,7,6,2,1,7,1,5,9,2,6,3,4,8,0,0,0,0,6,0,0,3,0,0,5,0,0,3,0,0,0,0,2,0,0,0,0,8,4,0,0,0,0,0,0,4,0,0,0,0,0,0,7,5,0,0,0,0,3,0,0,0,0,0,2,7,9,0
88	19	0.004240	false	6,8,2,4,1,3,9,5,7,4,3,9,8,5,7,6,2,1,7,1,5,9,2,6,3,4,8,0,0,0,0,6,0,0,3,0,0,5,0,0,3,0,0,0,0,2,0,0,0,7,8,4,0,0,0,0,0,0,4,0,0,0,0,0,0,7,5,0,0,0,0,3,0,0,0,0,0,2,7,9,0
89	20	0.004265	false	6,8,2,4,1,3,9,5,7,4,3,9,8,5,7,6,2,1,7,1,5,9,2,6,3,4,8,0,0,0,0,6,0,0,3,0,0,5,0,0,3,0,0,0,0,2,0,0,0,7,8,4,0,0,0,0,0,0,4,0,0,0,0,0,0,7,5,8,0,0,0,3,0,0,0,0,0,2,7,9,0
90	20	0.004321	false	6,8,2,4,1,3,9,5,7,4,3,9,8,5,7,6,2,1,7,1,5,9,2,6,3,4,8,0,0,0,0,6,0,0,3,0,0,5,0,0,3,0,0,0,0,2,0,0,0,7,8,4,0,0,0,0,0,0,4,0,0,0,0,0,0,7,5,9,0,0,0,3,0,0,0,0,0,2,7,9,0
91	21	0.004390	false	6,8,2,4,1,3,9,5,7,4,3,9,8,5,7,6,2,1,7,1,5,9,2,6,3,4,8,0,0,0,0,6,0,0,3,0,0,5,0,0,3,0,0,0,0,2,0,0,0,7,8,4,0,0,0,0,0,0,4,0,0,0,0,0,0,7,5,9,0,0,0,3,0,0,0,0,8,2,7,9,0
92	22	0.004402	false	6,8,2,4,1,3,9,5,7,4,3,9,8,5,7,6,2,1,7,1,5,9,2,6,3,4,8,0,0,0,0,6,0,0,3,0,0,5,0,0,3,0,0,0,0,2,0,0,0,7,8,4,0,0,0,0,0,0,4,0,0,0,0,0,0,7,5,9,1,0,0,3,0,0,0,0,8,2,7,9,0
93	23	0.004415	false	6,8,2,4,1,3,9,5,7,4,3,9,8,5,7,6,2,1,7,1,5,9,2,6,3,4,8,0,0,0,0,6,0,0,3,0,0,5,0,0,3,0,0,0,0,2,0,0,0,7,8,4,0,0,0,0,0,0,4,0,0,0,0,0,0,7,5,9,1,0,0,3,0,0,0,3,8,2,7,9,0
94	23	0.004428	false	6,8,2,4,1,3,9,5,7,4,3,9,8,5,7,6,2,1,7,1,5,9,2,6,3,4,8,0,0,0,0,6,0,0,3,0,0,5,0,0,3,0,0,0,0,2,0,0,0,7,8,4,0,0,0,0,0,0,4,0,0,0,0,0,0,7,5,9,1,0,0,3,0,0,0,6,8,2,7,9,0
95	19	0.004449	false	6,8,2,4,1,3,9,5,7,4,3,9,8,5,7,6,2,1,7,1,5,9,2,6,3,4,8,0,0,0,0,6,0,0,3,0,0,5,0,0,3,0,0,0,0,2,0,0,0,9,8,4,0,0,0,0,0,0,4,0,0,0,0,0,0,7,5,0,0,0,0,3,0,0,0,0,0,2,7,9,0
96	20	0.004475	false	6,8,2,4,1,3,9,5,7,4,3,9,8,5,7,6,2,1,7,1,5,9,2,6,3,4,8,0,0,0,0,6,0,0,3,0,0,5,0,0,3,0,0,0,0,2,0,0,0,9,8,4,0,0,0,0,0,0,4,0,0,0,0,0,0,7,5,8,0,0,0,3,0,0,0,0,0,2,7,9,0
97	15	0.004530	false	6,8,2,4,1,3,9,5,0,4,3,9,8,5,7,6,2,0,7,1,5,9,2,6,8,4,0,0,0,0,0,6,0,0,3,0,0,5,0,0,3,0,0,0,0,2,0,0,0,0,8,4,0,0,0,0,0,0,4,0,0,0,0,0,0,7,5,0,0,0,0,3,0,0,0,0,0,2,7,9,0
98	16	0.004546	false	6,8,2,4,1,3,9,5,7,4,3,9,8,5,7,6,2,0,7,1,5,9,2,6,8,4,0,0,0,0,0,6,0,0,3,0,0,5,0,0,3,0,0,0,0,2,0,0,0,0,8,4,0,0,0,0,0,0,4,0,0,0,0,0,0,7,5,0,0,0,0,3,0,0,0,0,0,2,7,9,0
99	17	0.004558	false	6,8,2,4,1,3,9,5,7,4,3,9,8,5,7,6,2,1,7,1,5,9,2,6,8,4,0,0,0,0,0,6,0,0,3,0,0,5,0,0,3,0,0,0,0,2,0,0,0,0,8,4,0,0,0,0,0,0,4,0,0,0,0,0,0,7,5,0,0,0,0,3,0,0,0,0,0,2,7,9,0
100	12	0.004575	false	6,8,2,4,1,3,0,5,0,4,3,9,8,5,7,0,2,0,7,1,5,9,2,6,0,8,0,0,0,0,0,6,0,0,3,0,0,5,0,0,3,0,0,0,0,2,0,0,0,0,8,4,0,0,0,0,0,0,4,0,0,0,0,0,0,7,5,0,0,0,0,3,0,0,0,0,0,2,7,9,0
101	13	0.004592	false	6,8,2,4,1,3,9,5,0,4,3,9,8,5,7,0,2,0,7,1,5,9,2,6,0,8,0,0,0,0,0,6,0,0,3,0,0,5,0,0,3,0,0,0,0,2,0,0,0,0,8,4,0,0,0,0,0,0,4,0,0,0,0,0,0,7,5,0,0,0,0,3,0,0,0,0,0,2,7,9,0
102	14	0.004607	false	6,8,2,4,1,3,9,5,0,4,3,9,8,5,7,1,2,0,7,1,5,9,2,6,0,8,0,0,0,0,0,6,0,0,3,0,0,5,0,0,3,0,0,0,0,2,0,0,0,0,8,4,0,0,0,0,0,0,4,0,0,0,0,0,0,7,5,0,0,0,0,3,0,0,0,0,0,2,7,9,0
103	15	0.004621	false	6,8,2,4,1,3,9,5,0,4,3,9,8,5,7,1,2,0,7,1,5,9,2,6,3,8,0,0,0,0,0,6,0,0,3,0,0,5,0,0,3,0,0,0,0,2,0,0,0,0,8,4,0,0,0,0,0,0,4,0,0,0,0,0,0,7,5,0,0,0,0,3,0,0,0,0,0,2,7,9,0
104	16	0.004635	false	6,8,2,4,1,3,9,5,7,4,3,9,8,5,7,1,2,0,7,1,5,9,2,6,3,8,0,0,0,0,0,6,0,0,3,0,0,5,0,0,3,0,0,0,0,2,0,0,0,0,8,4,0,0,0,0,0,0,4,0,0,0,0,0,0,7,5,0,0,0,0,3,0,0,0,0,0,2,7,9,0
105	17	0.004648	false	6,8,2,4,1,3,9,5,7,4,3,9,8,5,7,1,2,6,7,1,5,9,2,6,3,8,0,0,0,0,0,6,0,0,3,0,0,5,0,0,3,0,0,0,0,2,0,0,0,0,8,4,0,0,0,0,0,0,4,0,0,0,0,0,0,7,5,0,0,0,0,3,0,0,0,0,0,2,7,9,0
106	18	0.004665	false	6,8,2,4,1,3,9,5,7,4,3,9,8,5,7,1,2,6,7,1,5,9,2,6,3,8,4,0,0,0,0,6,0,0,3,0,0,5,0,0,3,0,0,0,0,2,0,0,0,0,8,4,0,0,0,0,0,0,4,0,0,0,0,0,0,7,5,0,0,0,0,3,0,0,0,0,0,2,7,9,0
107	19	0.004843	false	6,8,2,4,1,3,9,5,7,4,3,9,8,5,7,1,2,6,7,1,5,9,2,6,3,8,4,0,0,0,0,6,0,0,3,0,0,5,0,0,3,0,0,0,0,2,0,0,0,7,8,4,0,0,0,0,0,0,4,0,0,0,0,0,0,7,5,0,0,0,0,3,0,0,0,0,0,2,7,9,0
108	20	0.004874	false	6,8,2,4,1,3,9,5,7,4,3,9,8,5,7,1,2,6,7,1,5,9,2,6,3,8,4,0,0,0,0,6,0,0,3,0,0,5,0,0,3,0,0,0,0,2,0,0,0,7,8,4,0,0,0,0,0,0,4,0,0,0,0,0,0,7,5,8,0,0,0,3,0,0,0,0,0,2,7,9,0
109	20	0.004930	false	6,8,2,4,1,3,9,5,7,4,3,9,8,5,7,1,2,6,7,1,5,9,2,6,3,8,4,0,0,0,0,6,0,0,3,0,0,5,0,0,3,0,0,0,0,2,0,0,0,7,8,4,0,0,0,0,0,0,4,0,0,0,0,0,0,7,5,9,0,0,0,3,0,0,0,0,0,2,7,9,0
110	21	0.004981	false	6,8,2,4,1,3,9,5,7,4,3,9,8,5,7,1,2,6,7,1,5,9,2,6,3,8,4,0,0,0,0,6,0,0,3,0,0,5,0,0,3,0,0,0,0,2,0,0,0,7,8,4,0,0,0,0,0,0,4,0,0,0,0,0,0,7,5,9,0,0,0,3,0,0,0,0,8,2,7,9,0
111	22	0.004995	false	6,8,2,4,1,3,9,5,7,4,3,9,8,5,7,1,2,6,7,1,5,9,2,6,3,8,4,0,0,0,0,6,0,0,3,0,0,5,0,0,3,0,0,0,0,2,0,0,0,7,8,4,0,0,0,0,0,0,4,0,0,0,0,0,0,7,5,9,1,0,0,3,0,0,0,0,8,2,7,9,0
112	23	0.005008	false	6,8,2,4,1,3,9,5,7,4,3,9,8,5,7,1,2,6,7,1,5,9,2,6,3,8,4,0,0,0,0,6,0,0,3,0,0,5,0,0,3,0,0,0,0,2,0,0,0,7,8,4,0,0,0,0,0,0,4,0,0,0,0,0,0,7,5,9,1,0,0,3,0,0,0,3,8,2,7,9,0
113	23	0.005078	false	6,8,2,4,1,3,9,5,7,4,3,9,8,5,7,1,2,6,7,1,5,9,2,6,3,8,4,0,0,0,0,6,0,0,3,0,0,5,0,0,3,0,0,0,0,2,0,0,0,7,8,4,0,0,0,0,0,0,4,0,0,0,0,0,0,7,5,9,1,0,0,3,0,0,0,6,8,2,7,9,0
114	19	0.005100	false	6,8,2,4,1,3,9,5,7,4,3,9,8,5,7,1,2,6,7,1,5,9,2,6,3,8,4,0,0,0,0,6,0,0,3,0,0,5,0,0,3,0,0,0,0,2,0,0,0,9,8,4,0,0,0,0,0,0,4,0,0,0,0,0,0,7,5,0,0,0,0,3,0,0,0,0,0,2,7,9,0
115	20	0.005153	false	6,8,2,4,1,3,9,5,7,4,3,9,8,5,7,1,2,6,7,1,5,9,2,6,3,8,4,0,0,0,0,6,0,0,3,0,0,5,0,0,3,0,0,0,0,2,0,0,0,9,8,4,0,0,0,0,0,0,4,0,0,0,0,0,0,7,5,8,0,0,0,3,0,0,0,0,0,2,7,9,0
116	14	0.005209	false	6,8,2,4,1,3,9,5,0,4,3,9,8,5,7,6,2,0,7,1,5,9,2,6,0,8,0,0,0,0,0,6,0,0,3,0,0,5,0,0,3,0,0,0,0,2,0,0,0,0,8,4,0,0,0,0,0,0,4,0,0,0,0,0,0,7,5,0,0,0,0,3,0,0,0,0,0,2,7,9,0
117	15	0.005223	false	6,8,2,4,1,3,9,5,0,4,3,9,8,5,7,6,2,0,7,1,5,9,2,6,3,8,0,0,0,0,0,6,0,0,3,0,0,5,0,0,3,0,0,0,0,2,0,0,0,0,8,4,0,0,0,0,0,0,4,0,0,0,0,0,0,7,5,0,0,0,0,3,0,0,0,0,0,2,7,9,0
118	16	0.005238	false	6,8,2,4,1,3,9,5,7,4,3,9,8,5,7,6,2,0,7,1,5,9,2,6,3,8,0,0,0,0,0,6,0,0,3,0,0,5,0,0,3,0,0,0,0,2,0,0,0,0,8,4,0,0,0,0,0,0,4,0,0,0,0,0,0,7,5,0,0,0,0,3,0,0,0,0,0,2,7,9,0
119	17	0.005251	false	6,8,2,4,1,3,9,5,7,4,3,9,8,5,7,6,2,1,7,1,5,9,2,6,3,8,0,0,0,0,0,6,0,0,3,0,0,5,0,0,3,0,0,0,0,2,0,0,0,0,8,4,0,0,0,0,0,0,4,0,0,0,0,0,0,7,5,0,0,0,0,3,0,0,0,0,0,2,7,9,0
120	18	0.005265	false	6,8,2,4,1,3,9,5,7,4,3,9,8,5,7,6,2,1,7,1,5,9,2,6,3,8,4,0,0,0,0,6,0,0,3,0,0,5,0,0,3,0,0,0,0,2,0,0,0,0,8,4,0,0,0,0,0,0,4,0,0,0,0,0,0,7,5,0,0,0,0,3,0,0,0,0,0,2,7,9,0
121	19	0.005455	false	6,8,2,4,1,3,9,5,7,4,3,9,8,5,7,6,2,1,7,1,5,9,2,6,3,8,4,0,0,0,0,6,0,0,3,0,0,5,0,0,3,0,0,0,0,2,0,0,0,7,8,4,0,0,0,0,0,0,4,0,0,0,0,0,0,7,5,0,0,0,0,3,0,0,0,0,0,2,7,9,0
122	20	0.005482	false	6,8,2,4,1,3,9,5,7,4,3,9,8,5,7,6,2,1,7,1,5,9,2,6,3,8,4,0,0,0,0,6,0,0,3,0,0,5,0,0,3,0,0,0,0,2,0,0,0,7,8,4,0,0,0,0,0,0,4,0,0,0,0,0,0,7,5,8,0,0,0,3,0,0,0,0,0,2,7,9,0
123	20	0.005544	false	6,8,2,4,1,3,9,5,7,4,3,9,8,5,7,6,2,1,7,1,5,9,2,6,3,8,4,0,0,0,0,6,0,0,3,0,0,5,0,0,3,0,0,0,0,2,0,0,0,7,8,4,0,0,0,0,0,0,4,0,0,0,0,0,0,7,5,9,0,0,0,3,0,0,0,0,0,2,7,9,0
124	21	0.005595	false	6,8,2,4,1,3,9,5,7,4,3,9,8,5,7,6,2,1,7,1,5,9,2,6,3,8,4,0,0,0,0,6,0,0,3,0,0,5,0,0,3,0,0,0,0,2,0,0,0,7,8,4,0,0,0,0,0,0,4,0,0,0,0,0,0,7,5,9,0,0,0,3,0,0,0,0,8,2,7,9,0
125	22	0.005610	false	6,8,2,4,1,3,9,5,7,4,3,9,8,5,7,6,2,1,7,1,5,9,2,6,3,8,4,0,0,0,0,6,0,0,3,0,0,5,0,0,3,0,0,0,0,2,0,0,0,7,8,4,0,0,0,0,0,0,4,0,0,0,0,0,0,7,5,9,1,0,0,3,0,0,0,0,8,2,7,9,0
126	23	0.005632	false	6,8,2,4,1,3,9,5,7,4,3,9,8,5,7,6,2,1,7,1,5,9,2,6,3,8,4,0,0,0,0,6,0,0,3,0,0,5,0,0,3,0,0,0,0,2,0,0,0,7,8,4,0,0,0,0,0,0,4,0,0,0,0,0,0,7,5,9,1,0,0,3,0,0,0,3,8,2,7,9,0
127	23	0.005646	false	6,8,2,4,1,3,9,5,7,4,3,9,8,5,7,6,2,1,7,1,5,9,2,6,3,8,4,0,0,0,0,6,0,0,3,0,0,5,0,0,3,0,0,0,0,2,0,0,0,7,8,4,0,0,0,0,0,0,4,0,0,0,0,0,0,7,5,9,1,0,0,3,0,0,0,6,8,2,7,9,0
128	19	0.005666	false	6,8,2,4,1,3,9,5,7,4,3,9,8,5,7,6,2,1,7,1,5,9,2,6,3,8,4,0,0,0,0,6,0,0,3,0,0,5,0,0,3,0,0,0,0,2,0,0,0,9,8,4,0,0,0,0,0,0,4,0,0,0,0,0,0,7,5,0,0,0,0,3,0,0,0,0,0,2,7,9,0
129	20	0.005692	false	6,8,2,4,1,3,9,5,7,4,3,9,8,5,7,6,2,1,7,1,5,9,2,6,3,8,4,0,0,0,0,6,0,0,3,0,0,5,0,0,3,0,0,0,0,2,0,0,0,9,8,4,0,0,0,0,0,0,4,0,0,0,0,0,0,7,5,8,0,0,0,3,0,0,0,0,0,2,7,9,0
130	8	0.005749	false	6,8,2,4,1,3,0,5,0,9,3,0,8,5,7,0,2,0,7,0,0,9,2,6,0,0,0,0,0,0,0,6,0,0,3,0,0,5,0,0,3,0,0,0,0,2,0,0,0,0,8,4,0,0,0,0,0,0,4,0,0,0,0,0,0,7,5,0,0,0,0,3,0,0,0,0,0,2,7,9,0
131	9	0.005767	false	6,8,2,4,1,3,0,5,0,9,3,1,8,5,7,0,2,0,7,0,0,9,2,6,0,0,0,0,0,0,0,6,0,0,3,0,0,5,0,0,3,0,0,0,0,2,0,0,0,0,8,4,0,0,0,0,0,0,4,0,0,0,0,0,0,7,5,0,0,0,0,3,0,0,0,0,0,2,7,9,0
132	10	0.005783	false	6,8,2,4,1,3,0,5,0,9,3,1,8,5,7,0,2,0,7,4,0,9,2,6,0,0,0,0,0,0,0,6,0,0,3,0,0,5,0,0,3,0,0,0,0,2,0,0,0,0,8,4,0,0,0,0,0,0,4,0,0,0,0,0,0,7,5,0,0,0,0,3,0,0,0,0,0,2,7,9,0
133	11	0.005801	false	6,8,2,4,1,3,0,5,0,9,3,1,8,5,7,0,2,0,7,4,5,9,2,6,0,0,0,0,0,0,0,6,0,0,3,0,0,5,0,0,3,0,0,0,0,2,0,0,0,0,8,4,0,0,0,0,0,0,4,0,0,0,0,0,0,7,5,0,0,0,0,3,0,0,0,0,0,2,7,9,0
134	12	0.005815	false	6,8,2,4,1,3,0,5,0,9,3,1,8,5,7,0,2,0,7,4,5,9,2,6,0,1,0,0,0,0,0,6,0,0,3,0,0,5,0,0,3,0,0,0,0,2,0,0,0,0,8,4,0,0,0,0,0,0,4,0,0,0,0,0,0,7,5,0,0,0,0,3,0,0,0,0,0,2,7,9,0
135	13	0.005853	false	6,8,2,4,1,3,9,5,0,9,3,1,8,5,7,0,2,0,7,4,5,9,2,6,0,1,0,0,0,0,0,6,0,0,3,0,0,5,0,0,3,0,0,0,0,2,0,0,0,0,8,4,0,0,0,0,0,0,4,0,0,0,0,0,0,7,5,0,0,0,0,3,0,0,0,0,0,2,7,9,0
136	14	0.005872	false	6,8,2,4,1,3,9,5,0,9,3,1,8,5,7,6,2,0,7,4,5,9,2,6,0,1,0,0,0,0,0,6,0,0,3,0,0,5,0,0,3,0,0,0,0,2,0,0,0,0,8,4,0,0,0,0,0,0,4,0,0,0,0,0,0,7,5,0,0,0,0,3,0,0,0,0,0,2,7,9,0
137	15	0.005889	false	6,8,2,4,1,3,9,5,0,9,3,1,8,5,7,6,2,0,7,4,5,9,2,6,3,1,0,0,0,0,0,6,0,0,3,0,0,5,0,0,3,0,0,0,0,2,0,0,0,0,8,4,0,0,0,0,0,0,4,0,0,0,0,0,0,7,5,0,0,0,0,3,0,0,0,0,0,2,7,9,0
138	16	0.005903	false	6,8,2,4,1,3,9,5,7,9,3,1,8,5,7,6,2,0,7,4,5,9,2,6,3,1,0,0,0,0,0,6,0,0,3,0,0,5,0,0,3,0,0,0,0,2,0,0,0,0,8,4,0,0,0,0,0,0,4,0,0,0,0,0,0,7,5,0,0,0,0,3,0,0,0,0,0,2,7,9,0
139	17	0.005917	false	6,8,2,4,1,3,9,5,7,9,3,1,8,5,7,6,2,4,7,4,5,9,2,6,3,1,0,0,0,0,0,6,0,0,3,0,0,5,0,0,3,0,0,0,0,2,0,0,0,0,8,4,0,0,0,0,0,0,4,0,0,0,0,0,0,7,5,0,0,0,0,3,0,0,0,0,0,2,7,9,0
140	18	0.005931	false	6,8,2,4,1,3,9,5,7,9,3,1,8,5,7,6,2,4,7,4,5,9,2,6,3,1,8,0,0,0,0,6,0,0,3,0,0,5,0,0,3,0,0,0,0,2,0,0,0,0,8,4,0,0,0,0,0,0,4,0,0,0,0,0,0,7,5,0,0,0,0,3,0,0,0,0,0,2,7,9,0
141	19	0.006101	false	6,8,2,4,1,3,9,5,7,9,3,1,8,5,7,6,2,4,7,4,5,9,2,6,3,1,8,0,0,0,0,6,0,0,3,0,0,5,0,0,3,0,0,0,0,2,0,0,0,7,8,4,0,0,0,0,0,0,4,0,0,0,0,0,0,7,5,0,0,0,0,3,0,0,0,0,0,2,7,9,0
142	20	0.006126	false	6,8,2,4,1,3,9,5,7,9,3,1,8,5,7,6,2,4,7,4,5,9,2,6,3,1,8,0,0,0,0,6,0,0,3,0,0,5,0,0,3,0,0,0,0,2,0,0,0,7,8,4,0,0,0,0,0,0,4,0,0,0,0,0,0,7,5,8,0,0,0,3,0,0,0,0,0,2,7,9,0
143	20	0.006200	false	6,8,2,4,1,3,9,5,7,9,3,1,8,5,7,6,2,4,7,4,5,9,2,6,3,1,8,0,0,0,0,6,0,0,3,0,0,5,0,0,3,0,0,0,0,2,0,0,0,7,8,4,0,0,0,0,0,0,4,0,0,0,0,0,0,7,5,9,0,0,0,3,0,0,0,0,0,2,7,9,0
144	21	0.006250	false	6,8,2,4,1,3,9,5,7,9,3,1,8,5,7,6,2,4,7,4,5,9,2,6,3,1,8,0,0,0,0,6,0,0,3,0,0,5,0,0,3,0,0,0,0,2,0,0,0,7,8,4,0,0,0,0,0,0,4,0,0,0,0,0,0,7,5,9,0,0,0,3,0,0,0,0,8,2,7,9,0
145	22	0.006262	false	6,8,2,4,1,3,9,5,7,9,3,1,8,5,7,6,2,4,7,4,5,9,2,6,3,1,8,0,0,0,0,6,0,0,3,0,0,5,0,0,3,0,0,0,0,2,0,0,0,7,8,4,0,0,0,0,0,0,4,0,0,0,0,0,0,7,5,9,1,0,0,3,0,0,0,0,8,2,7,9,0
146	23	0.006284	false	6,8,2,4,1,3,9,5,7,9,3,1,8,5,7,6,2,4,7,4,5,9,2,6,3,1,8,0,0,0,0,6,0,0,3,0,0,5,0,0,3,0,0,0,0,2,0,0,0,7,8,4,0,0,0,0,0,0,4,0,0,0,0,0,0,7,5,9,1,0,0,3,0,0,0,3,8,2,7,9,0
147	23	0.006299	false	6,8,2,4,1,3,9,5,7,9,3,1,8,5,7,6,2,4,7,4,5,9,2,6,3,1,8,0,0,0,0,6,0,0,3,0,0,5,0,0,3,0,0,0,0,2,0,0,0,7,8,4,0,0,0,0,0,0,4,0,0,0,0,0,0,7,5,9,1,0,0,3,0,0,0,6,8,2,7,9,0
148	19	0.006319	false	6,8,2,4,1,3,9,5,7,9,3,1,8,5,7,6,2,4,7,4,5,9,2,6,3,1,8,0,0,0,0,6,0,0,3,0,0,5,0,0,3,0,0,0,0,2,0,0,0,9,8,4,0,0,0,0,0,0,4,0,0,0,0,0,0,7,5,0,0,0,0,3,0,0,0,0,0,2,7,9,0
149	20	0.006343	false	6,8,2,4,1,3,9,5,7,9,3,1,8,5,7,6,2,4,7,4,5,9,2,6,3,1,8,0,0,0,0,6,0,0,3,0,0,5,0,0,3,0,0,0,0,2,0,0,0,9,8,4,0,0,0,0,0,0,4,0,0,0,0,0,0,7,5,8,0,0,0,3,0,0,0,0,0,2,7,9,0
150	15	0.006400	false	6,8,2,4,1,3,9,5,0,9,3,1,8,5,7,6,2,0,7,4,5,9,2,6,8,1,0,0,0,0,0,6,0,0,3,0,0,5,0,0,3,0,0,0,0,2,0,0,0,0,8,4,0,0,0,0,0,0,4,0,0,0,0,0,0,7,5,0,0,0,0,3,0,0,0,0,0,2,7,9,0
151	16	0.006416	false	6,8,2,4,1,3,9,5,7,9,3,1,8,5,7,6,2,0,7,4,5,9,2,6,8,1,0,0,0,0,0,6,0,0,3,0,0,5,0,0,3,0,0,0,0,2,0,0,0,0,8,4,0,0,0,0,0,0,4,0,0,0,0,0,0,7,5,0,0,0,0,3,0,0,0,0,0,2,7,9,0
152	17	0.006431	false	6,8,2,4,1,3,9,5,7,9,3,1,8,5,7,6,2,4,7,4,5,9,2,6,8,1,0,0,0,0,0,6,0,0,3,0,0,5,0,0,3,0,0,0,0,2,0,0,0,0,8,4,0,0,0,0,0,0,4,0,0,0,0,0,0,7,5,0,0,0,0,3,0,0,0,0,0,2,7,9,0
153	12	0.006449	false	6,8,2,4,1,3,0,5,0,9,3,1,8,5,7,0,2,0,7,4,5,9,2,6,0,8,0,0,0,0,0,6,0,0,3,0,0,5,0,0,3,0,0,0,0,2,0,0,0,0,8,4,0,0,0,0,0,0,4,0,0,0,0,0,0,7,5,0,0,0,0,3,0,0,0,0,0,2,7,9,0
154	13	0.006463	false	6,8,2,4,1,3,9,5,0,9,3,1,8,5,7,0,2,0,7,4,5,9,2,6,0,8,0,0,0,0,0,6,0,0,3,0,0,5,0,0,3,0,0,0,0,2,0,0,0,0,8,4,0,0,0,0,0,0,4,0,0,0,0,0,0,7,5,0,0,0,0,3,0,0,0,0,0,2,7,9,0
155	14	0.006477	false	6,8,2,4,1,3,9,5,0,9,3,1,8,5,7,6,2,0,7,4,5,9,2,6,0,8,0,0,0,0,0,6,0,0,3,0,0,5,0,0,3,0,0,0,0,2,0,0,0,0,8,4,0,0,0,0,0,0,4,0,0,0,0,0,0,7,5,0,0,0,0,3,0,0,0,0,0,2,7,9,0
156	15	0.006496	false	6,8,2,4,1,3,9,5,0,9,3,1,8,5,7,6,2,0,7,4,5,9,2,6,1,8,0,0,0,0,0,6,0,0,3,0,0,5,0,0,3,0,0,0,0,2,0,0,0,0,8,4,0,0,0,0,0,0,4,0,0,0,0,0,0,7,5,0,0,0,0,3,0,0,0,0,0,2,7,9,0
157	16	0.006523	false	6,8,2,4,1,3,9,5,7,9,3,1,8,5,7,6,2,0,7,4,5,9,2,6,1,8,0,0,0,0,0,6,0,0,3,0,0,5,0,0,3,0,0,0,0,2,0,0,0,0,8,4,0,0,0,0,0,0,4,0,0,0,0,0,0,7,5,0,0,0,0,3,0,0,0,0,0,2,7,9,0
158	17	0.006537	false	6,8,2,4,1,3,9,5,7,9,3,1,8,5,7,6,2,4,7,4,5,9,2,6,1,8,0,0,0,0,0,6,0,0,3,0,0,5,0,0,3,0,0,0,0,2,0,0,0,0,8,4,0,0,0,0,0,0,4,0,0,0,0,0,0,7,5,0,0,0,0,3,0,0,0,0,0,2,7,9,0
159	15	0.006552	false	6,8,2,4,1,3,9,5,0,9,3,1,8,5,7,6,2,0,7,4,5,9,2,6,3,8,0,0,0,0,0,6,0,0,3,0,0,5,0,0,3,0,0,0,0,2,0,0,0,0,8,4,0,0,0,0,0,0,4,0,0,0,0,0,0,7,5,0,0,0,0,3,0,0,0,0,0,2,7,9,0
160	16	0.006568	false	6,8,2,4,1,3,9,5,7,9,3,1,8,5,7,6,2,0,7,4,5,9,2,6,3,8,0,0,0,0,0,6,0,0,3,0,0,5,0,0,3,0,0,0,0,2,0,0,0,0,8,4,0,0,0,0,0,0,4,0,0,0,0,0,0,7,5,0,0,0,0,3,0,0,0,0,0,2,7,9,0
161	17	0.006583	false	6,8,2,4,1,3,9,5,7,9,3,1,8,5,7,6,2,4,7,4,5,9,2,6,3,8,0,0,0,0,0,6,0,0,3,0,0,5,0,0,3,0,0,0,0,2,0,0,0,0,8,4,0,0,0,0,0,0,4,0,0,0,0,0,0,7,5,0,0,0,0,3,0,0,0,0,0,2,7,9,0
162	18	0.006596	false	6,8,2,4,1,3,9,5,7,9,3,1,8,5,7,6,2,4,7,4,5,9,2,6,3,8,1,0,0,0,0,6,0,0,3,0,0,5,0,0,3,0,0,0,0,2,0,0,0,0,8,4,0,0,0,0,0,0,4,0,0,0,0,0,0,7,5,0,0,0,0,3,0,0,0,0,0,2,7,9,0
163	19	0.006769	false	6,8,2,4,1,3,9,5,7,9,3,1,8,5,7,6,2,4,7,4,5,9,2,6,3,8,1,0,0,0,0,6,0,0,3,0,0,5,0,0,3,0,0,0,0,2,0,0,0,7,8,4,0,0,0,0,0,0,4,0,0,0,0,0,0,7,5,0,0,0,0,3,0,0,0,0,0,2,7,9,0
164	20	0.006793	false	6,8,2,4,1,3,9,5,7,9,3,1,8,5,7,6,2,4,7,4,5,9,2,6,3,8,1,0,0,0,0,6,0,0,3,0,0,5,0,0,3,0,0,0,0,2,0,0,0,7,8,4,0,0,0,0,0,0,4,0,0,0,0,0,0,7,5,8,0,0,0,3,0,0,0,0,0,2,7,9,0
165	20	0.006859	false	6,8,2,4,1,3,9,5,7,9,3,1,8,5,7,6,2,4,7,4,5,9,2,6,3,8,1,0,0,0,0,6,0,0,3,0,0,5,0,0,3,0,0,0,0,2,0,0,0,7,8,4,0,0,0,0,0,0,4,0,0,0,0,0,0,7,5,9,0,0,0,3,0,0,0,0,0,2,7,9,0
166	19	0.006924	false	6,8,2,4,1,3,9,5,7,9,3,1,8,5,7,6,2,4,7,4,5,9,2,6,3,8,1,0,0,0,0,6,0,0,3,0,0,5,0,0,3,0,0,0,0,2,0,0,0,9,8,4,0,0,0,0,0,0,4,0,0,0,0,0,0,7,5,0,0,0,0,3,0,0,0,0,0,2,7,9,0
167	20	0.006958	false	6,8,2,4,1,3,9,5,7,9,3,1,8,5,7,6,2,4,7,4,5,9,2,6,3,8,1,0,0,0,0,6,0,0,3,0,0,5,0,0,3,0,0,0,0,2,0,0,0,9,8,4,0,0,0,0,0,0,4,0,0,0,0,0,0,7,5,8,0,0,0,3,0,0,0,0,0,2,7,9,0
168	9	0.007015	false	6,8,2,4,1,3,0,5,0,9,3,4,8,5,7,0,2,0,7,0,0,9,2,6,0,0,0,0,0,0,0,6,0,0,3,0,0,5,0,0,3,0,0,0,0,2,0,0,0,0,8,4,0,0,0,0,0,0,4,0,0,0,0,0,0,7,5,0,0,0,0,3,0,0,0,0,0,2,7,9,0
169	10	0.007030	false	6,8,2,4,1,3,0,5,0,9,3,4,8,5,7,0,2,0,7,1,0,9,2,6,0,0,0,0,0,0,0,6,0,0,3,0,0,5,0,0,3,0,0,0,0,2,0,0,0,0,8,4,0,0,0,0,0,0,4,0,0,0,0,0,0,7,5,0,0,0,0,3,0,0,0,0,0,2,7,9,0
170	11	0.007046	false	6,8,2,4,1,3,0,5,0,9,3,4,8,5,7,0,2,0,7,1,5,9,2,6,0,0,0,0,0,0,0,6,0,0,3,0,0,5,0,0,3,0,0,0,0,2,0,0,0,0,8,4,0,0,0,0,0,0,4,0,0,0,0,0,0,7,5,0,0,0,0,3,0,0,0,0,0,2,7,9,0
171	12	0.007065	false	6,8,2,4,1,3,0,5,0,9,3,4,8,5,7,0,2,0,7,1,5,9,2,6,0,8,0,0,0,0,0,6,0,0,3,0,0,5,0,0,3,0,0,0,0,2,0,0,0,0,8,4,0,0,0,0,0,0,4,0,0,0,0,0,0,7,5,0,0,0,0,3,0,0,0,0,0,2,7,9,0
172	13	0.007080	false	6,8,2,4,1,3,9,5,0,9,3,4,8,5,7,0,2,0,7,1,5,9,2,6,0,8,0,0,0,0,0,6,0,0,3,0,0,5,0,0,3,0,0,0,0,2,0,0,0,0,8,4,0,0,0,0,0,0,4,0,0,0,0,0,0,7,5,0,0,0,0,3,0,0,0,0,0,2,7,9,0
173	14	0.007094	false	6,8,2,4,1,3,9,5,0,9,3,4,8,5,7,1,2,0,7,1,5,9,2,6,0,8,0,0,0,0,0,6,0,0,3,0,0,5,0,0,3,0,0,0,0,2,0,0,0,0,8,4,0,0,0,0,0,0,4,0,0,0,0,0,0,7,5,0,0,0,0,3,0,0,0,0,0,2,7,9,0
174	15	0.007109	false	6,8,2,4,1,3,9,5,0,9,3,4,8,5,7,1,2,0,7,1,5,9,2,6,3,8,0,0,0,0,0,6,0,0,3,0,0,5,0,0,3,0,0,0,0,2,0,0,0,0,8,4,0,0,0,0,0,0,4,0,0,0,0,0,0,7,5,0,0,0,0,3,0,0,0,0,0,2,7,9,0
175	16	0.007123	false	6,8,2,4,1,3,9,5,7,9,3,4,8,5,7,1,2,0,7,1,5,9,2,6,3,8,0,0,0,0,0,6,0,0,3,0,0,5,0,0,3,0,0,0,0,2,0,0,0,0,8,4,0,0,0,0,0,0,4,0,0,0,0,0,0,7,5,0,0,0,0,3,0,0,0,0,0,2,7,9,0
176	17	0.007138	false	6,8,2,4,1,3,9,5,7,9,3,4,8,5,7,1,2,6,7,1,5,9,2,6,3,8,0,0,0,0,0,6,0,0,3,0,0,5,0,0,3,0,0,0,0,2,0,0,0,0,8,4,0,0,0,0,0,0,4,0,0,0,0,0,0,7,5,0,0,0,0,3,0,0,0,0,0,2,7,9,0
177	18	0.007151	false	6,8,2,4,1,3,9,5,7,9,3,4,8,5,7,1,2,6,7,1,5,9,2,6,3,8,4,0,0,0,0,6,0,0,3,0,0,5,0,0,3,0,0,0,0,2,0,0,0,0,8,4,0,0,0,0,0,0,4,0,0,0,0,0,0,7,5,0,0,0,0,3,0,0,0,0,0,2,7,9,0
178	19	0.007338	false	6,8,2,4,1,3,9,5,7,9,3,4,8,5,7,1,2,6,7,1,5,9,2,6,3,8,4,0,0,0,0,6,0,0,3,0,0,5,0,0,3,0,0,0,0,2,0,0,0,7,8,4,0,0,0,0,0,0,4,0,0,0,0,0,0,7,5,0,0,0,0,3,0,0,0,0,0,2,7,9,0
179	20	0.007379	false	6,8,2,4,1,3,9,5,7,9,3,4,8,5,7,1,2,6,7,1,5,9,2,6,3,8,4,0,0,0,0,6,0,0,3,0,0,5,0,0,3,0,0,0,0,2,0,0,0,7,8,4,0,0,0,0,0,0,4,0,0,0,0,0,0,7,5,8,0,0,0,3,0,0,0,0,0,2,7,9,0
180	20	0.007441	false	6,8,2,4,1,3,9,5,7,9,3,4,8,5,7,1,2,6,7,1,5,9,2,6,3,8,4,0,0,0,0,6,0,0,3,0,0,5,0,0,3,0,0,0,0,2,0,0,0,7,8,4,0,0,0,0,0,0,4,0,0,0,0,0,0,7,5,9,0,0,0,3,0,0,0,0,0,2,7,9,0
181	21	0.007496	false	6,8,2,4,1,3,9,5,7,9,3,4,8,5,7,1,2,6,7,1,5,9,2,6,3,8,4,0,0,0,0,6,0,0,3,0,0,5,0,0,3,0,0,0,0,2,0,0,0,7,8,4,0,0,0,0,0,0,4,0,0,0,0,0,0,7,5,9,0,0,0,3,0,0,0,0,8,2,7,9,0
182	22	0.007511	false	6,8,2,4,1,3,9,5,7,9,3,4,8,5,7,1,2,6,7,1,5,9,2,6,3,8,4,0,0,0,0,6,0,0,3,0,0,5,0,0,3,0,0,0,0,2,0,0,0,7,8,4,0,0,0,0,0,0,4,0,0,0,0,0,0,7,5,9,1,0,0,3,0,0,0,0,8,2,7,9,0
183	23	0.007523	false	6,8,2,4,1,3,9,5,7,9,3,4,8,5,7,1,2,6,7,1,5,9,2,6,3,8,4,0,0,0,0,6,0,0,3,0,0,5,0,0,3,0,0,0,0,2,0,0,0,7,8,4,0,0,0,0,0,0,4,0,0,0,0,0,0,7,5,9,1,0,0,3,0,0,0,3,8,2,7,9,0
184	23	0.007537	false	6,8,2,4,1,3,9,5,7,9,3,4,8,5,7,1,2,6,7,1,5,9,2,6,3,8,4,0,0,0,0,6,0,0,3,0,0,5,0,0,3,0,0,0,0,2,0,0,0,7,8,4,0,0,0,0,0,0,4,0,0,0,0,0,0,7,5,9,1,0,0,3,0,0,0,6,8,2,7,9,0
185	19	0.007558	false	6,8,2,4,1,3,9,5,7,9,3,4,8,5,7,1,2,6,7,1,5,9,2,6,3,8,4,0,0,0,0,6,0,0,3,0,0,5,0,0,3,0,0,0,0,2,0,0,0,9,8,4,0,0,0,0,0,0,4,0,0,0,0,0,0,7,5,0,0,0,0,3,0,0,0,0,0,2,7,9,0
186	20	0.007591	false	6,8,2,4,1,3,9,5,7,9,3,4,8,5,7,1,2,6,7,1,5,9,2,6,3,8,4,0,0,0,0,6,0,0,3,0,0,5,0,0,3,0,0,0,0,2,0,0,0,9,8,4,0,0,0,0,0,0,4,0,0,0,0,0,0,7,5,8,0,0,0,3,0,0,0,0,0,2,7,9,0
187	14	0.007651	false	6,8,2,4,1,3,9,5,0,9,3,4,8,5,7,6,2,0,7,1,5,9,2,6,0,8,0,0,0,0,0,6,0,0,3,0,0,5,0,0,3,0,0,0,0,2,0,0,0,0,8,4,0,0,0,0,0,0,4,0,0,0,0,0,0,7,5,0,0,0,0,3,0,0,0,0,0,2,7,9,0
188	15	0.007665	false	6,8,2,4,1,3,9,5,0,9,3,4,8,5,7,6,2,0,7,1,5,9,2,6,3,8,0,0,0,0,0,6,0,0,3,0,0,5,0,0,3,0,0,0,0,2,0,0,0,0,8,4,0,0,0,0,0,0,4,0,0,0,0,0,0,7,5,0,0,0,0,3,0,0,0,0,0,2,7,9,0
189	16	0.007680	false	6,8,2,4,1,3,9,5,7,9,3,4,8,5,7,6,2,0,7,1,5,9,2,6,3,8,0,0,0,0,0,6,0,0,3,0,0,5,0,0,3,0,0,0,0,2,0,0,0,0,8,4,0,0,0,0,0,0,4,0,0,0,0,0,0,7,5,0,0,0,0,3,0,0,0,0,0,2,7,9,0
190	17	0.007695	false	6,8,2,4,1,3,9,5,7,9,3,4,8,5,7,6,2,1,7,1,5,9,2,6,3,8,0,0,0,0,0,6,0,0,3,0,0,5,0,0,3,0,0,0,0,2,0,0,0,0,8,4,0,0,0,0,0,0,4,0,0,0,0,0,0,7,5,0,0,0,0,3,0,0,0,0,0,2,7,9,0
191	18	0.007711	false	6,8,2,4,1,3,9,5,7,9,3,4,8,5,7,6,2,1,7,1,5,9,2,6,3,8,4,0,0,0,0,6,0,0,3,0,0,5,0,0,3,0,0,0,0,2,0,0,0,0,8,4,0,0,0,0,0,0,4,0,0,0,0,0,0,7,5,0,0,0,0,3,0,0,0,0,0,2,7,9,0
192	19	0.007880	false	6,8,2,4,1,3,9,5,7,9,3,4,8,5,7,6,2,1,7,1,5,9,2,6,3,8,4,0,0,0,0,6,0,0,3,0,0,5,0,0,3,0,0,0,0,2,0,0,0,7,8,4,0,0,0,0,0,0,4,0,0,0,0,0,0,7,5,0,0,0,0,3,0,0,0,0,0,2,7,9,0
193	20	0.007906	false	6,8,2,4,1,3,9,5,7,9,3,4,8,5,7,6,2,1,7,1,5,9,2,6,3,8,4,0,0,0,0,6,0,0,3,0,0,5,0,0,3,0,0,0,0,2,0,0,0,7,8,4,0,0,0,0,0,0,4,0,0,0,0,0,0,7,5,8,0,0,0,3,0,0,0,0,0,2,7,9,0
194	20	0.007970	false	6,8,2,4,1,3,9,5,7,9,3,4,8,5,7,6,2,1,7,1,5,9,2,6,3,8,4,0,0,0,0,6,0,0,3,0,0,5,0,0,3,0,0,0,0,2,0,0,0,7,8,4,0,0,0,0,0,0,4,0,0,0,0,0,0,7,5,9,0,0,0,3,0,0,0,0,0,2,7,9,0
195	21	0.008024	false	6,8,2,4,1,3,9,5,7,9,3,4,8,5,7,6,2,1,7,1,5,9,2,6,3,8,4,0,0,0,0,6,0,0,3,0,0,5,0,0,3,0,0,0,0,2,0,0,0,7,8,4,0,0,0,0,0,0,4,0,0,0,0,0,0,7,5,9,0,0,0,3,0,0,0,0,8,2,7,9,0
196	22	0.008040	false	6,8,2,4,1,3,9,5,7,9,3,4,8,5,7,6,2,1,7,1,5,9,2,6,3,8,4,0,0,0,0,6,0,0,3,0,0,5,0,0,3,0,0,0,0,2,0,0,0,7,8,4,0,0,0,0,0,0,4,0,0,0,0,0,0,7,5,9,1,0,0,3,0,0,0,0,8,2,7,9,0
197	23	0.008052	false	6,8,2,4,1,3,9,5,7,9,3,4,8,5,7,6,2,1,7,1,5,9,2,6,3,8,4,0,0,0,0,6,0,0,3,0,0,5,0,0,3,0,0,0,0,2,0,0,0,7,8,4,0,0,0,0,0,0,4,0,0,0,0,0,0,7,5,9,1,0,0,3,0,0,0,3,8,2,7,9,0
198	23	0.008069	false	6,8,2,4,1,3,9,5,7,9,3,4,8,5,7,6,2,1,7,1,5,9,2,6,3,8,4,0,0,0,0,6,0,0,3,0,0,5,0,0,3,0,0,0,0,2,0,0,0,7,8,4,0,0,0,0,0,0,4,0,0,0,0,0,0,7,5,9,1,0,0,3,0,0,0,6,8,2,7,9,0
199	19	0.008090	false	6,8,2,4,1,3,9,5,7,9,3,4,8,5,7,6,2,1,7,1,5,9,2,6,3,8,4,0,0,0,0,6,0,0,3,0,0,5,0,0,3,0,0,0,0,2,0,0,0,9,8,4,0,0,0,0,0,0,4,0,0,0,0,0,0,7,5,0,0,0,0,3,0,0,0,0,0,2,7,9,0
200	20	0.008115	false	6,8,2,4,1,3,9,5,7,9,3,4,8,5,7,6,2,1,7,1,5,9,2,6,3,8,4,0,0,0,0,6,0,0,3,0,0,5,0,0,3,0,0,0,0,2,0,0,0,9,8,4,0,0,0,0,0,0,4,0,0,0,0,0,0,7,5,8,0,0,0,3,0,0,0,0,0,2,7,9,0
201	4	0.008250	false	6,8,2,4,1,3,0,5,0,0,3,0,0,8,7,0,2,0,7,0,0,9,0,0,0,0,0,0,0,0,0,6,0,0,3,0,0,5,0,0,3,0,0,0,0,2,0,0,0,0,8,4,0,0,0,0,0,0,4,0,0,0,0,0,0,7,5,0,0,0,0,3,0,0,0,0,0,2,7,9,0
202	5	0.008272	false	6,8,2,4,1,3,0,5,0,0,3,0,6,8,7,0,2,0,7,0,0,9,0,0,0,0,0,0,0,0,0,6,0,0,3,0,0,5,0,0,3,0,0,0,0,2,0,0,0,0,8,4,0,0,0,0,0,0,4,0,0,0,0,0,0,7,5,0,0,0,0,3,0,0,0,0,0,2,7,9,0
203	6	0.008288	false	6,8,2,4,1,3,0,5,0,0,3,0,6,8,7,0,2,0,7,0,0,9,2,0,0,0,0,0,0,0,0,6,0,0,3,0,0,5,0,0,3,0,0,0,0,2,0,0,0,0,8,4,0,0,0,0,0,0,4,0,0,0,0,0,0,7,5,0,0,0,0,3,0,0,0,0,0,2,7,9,0
204	7	0.008307	false	6,8,2,4,1,3,0,5,0,0,3,0,6,8,7,0,2,0,7,0,0,9,2,5,0,0,0,0,0,0,0,6,0,0,3,0,0,5,0,0,3,0,0,0,0,2,0,0,0,0,8,4,0,0,0,0,0,0,4,0,0,0,0,0,0,7,5,0,0,0,0,3,0,0,0,0,0,2,7,9,0
205	8	0.008322	false	6,8,2,4,1,3,0,5,0,1,3,0,6,8,7,0,2,0,7,0,0,9,2,5,0,0,0,0,0,0,0,6,0,0,3,0,0,5,0,0,3,0,0,0,0,2,0,0,0,0,8,4,0,0,0,0,0,0,4,0,0,0,0,0,0,7,5,0,0,0,0,3,0,0,0,0,0,2,7,9,0
206	9	0.008340	false	6,8,2,4,1,3,0,5,0,1,3,4,6,8,7,0,2,0,7,0,0,9,2,5,0,0,0,0,0,0,0,6,0,0,3,0,0,5,0,0,3,0,0,0,0,2,0,0,0,0,8,4,0,0,0,0,0,0,4,0,0,0,0,0,0,7,5,0,0,0,0,3,0,0,0,0,0,2,7,9,0
207	9	0.008356	false	6,8,2,4,1,3,0,5,0,1,3,5,6,8,7,0,2,0,7,0,0,9,2,5,0,0,0,0,0,0,0,6,0,0,3,0,0,5,0,0,3,0,0,0,0,2,0,0,0,0,8,4,0,0,0,0,0,0,4,0,0,0,0,0,0,7,5,0,0,0,0,3,0,0,0,0,0,2,7,9,0
208	10	0.008373	false	6,8,2,4,1,3,0,5,0,1,3,5,6,8,7,0,2,0,7,4,0,9,2,5,0,0,0,0,0,0,0,6,0,0,3,0,0,5,0,0,3,0,0,0,0,2,0,0,0,0,8,4,0,0,0,0,0,0,4,0,0,0,0,0,0,7,5,0,0,0,0,3,0,0,0,0,0,2,7,9,0
209	9	0.008389	false	6,8,2,4,1,3,0,5,0,1,3,9,6,8,7,0,2,0,7,0,0,9,2,5,0,0,0,0,0,0,0,6,0,0,3,0,0,5,0,0,3,0,0,0,0,2,0,0,0,0,8,4,0,0,0,0,0,0,4,0,0,0,0,0,0,7,5,0,0,0,0,3,0,0,0,0,0,2,7,9,0
210	10	0.008403	false	6,8,2,4,1,3,0,5,0,1,3,9,6,8,7,0,2,0,7,4,0,9,2,5,0,0,0,0,0,0,0,6,0,0,3,0,0,5,0,0,3,0,0,0,0,2,0,0,0,0,8,4,0,0,0,0,0,0,4,0,0,0,0,0,0,7,5,0,0,0,0,3,0,0,0,0,0,2,7,9,0
211	8	0.008426	false	6,8,2,4,1,3,0,5,0,4,3,0,6,8,7,0,2,0,7,0,0,9,2,5,0,0,0,0,0,0,0,6,0,0,3,0,0,5,0,0,3,0,0,0,0,2,0,0,0,0,8,4,0,0,0,0,0,0,4,0,0,0,0,0,0,7,5,0,0,0,0,3,0,0,0,0,0,2,7,9,0
212	9	0.008441	false	6,8,2,4,1,3,0,5,0,4,3,1,6,8,7,0,2,0,7,0,0,9,2,5,0,0,0,0,0,0,0,6,0,0,3,0,0,5,0,0,3,0,0,0,0,2,0,0,0,0,8,4,0,0,0,0,0,0,4,0,0,0,0,0,0,7,5,0,0,0,0,3,0,0,0,0,0,2,7,9,0
213	9	0.008457	false	6,8,2,4,1,3,0,5,0,4,3,5,6,8,7,0,2,0,7,0,0,9,2,5,0,0,0,0,0,0,0,6,0,0,3,0,0,5,0,0,3,0,0,0,0,2,0,0,0,0,8,4,0,0,0,0,0,0,4,0,0,0,0,0,0,7,5,0,0,0,0,3,0,0,0,0,0,2,7,9,0
214	10	0.008471	false	6,8,2,4,1,3,0,5,0,4,3,5,6,8,7,0,2,0,7,1,0,9,2,5,0,0,0,0,0,0,0,6,0,0,3,0,0,5,0,0,3,0,0,0,0,2,0,0,0,0,8,4,0,0,0,0,0,0,4,0,0,0,0,0,0,7,5,0,0,0,0,3,0,0,0,0,0,2,7,9,0
215	9	0.008490	false	6,8,2,4,1,3,0,5,0,4,3,9,6,8,7,0,2,0,7,0,0,9,2,5,0,0,0,0,0,0,0,6,0,0,3,0,0,5,0,0,3,0,0,0,0,2,0,0,0,0,8,4,0,0,0,0,0,0,4,0,0,0,0,0,0,7,5,0,0,0,0,3,0,0,0,0,0,2,7,9,0
216	10	0.008505	false	6,8,2,4,1,3,0,5,0,4,3,9,6,8,7,0,2,0,7,1,0,9,2,5,0,0,0,0,0,0,0,6,0,0,3,0,0,5,0,0,3,0,0,0,0,2,0,0,0,0,8,4,0,0,0,0,0,0,4,0,0,0,0,0,0,7,5,0,0,0,0,3,0,0,0,0,0,2,7,9,0
217	8	0.008522	false	6,8,2,4,1,3,0,5,0,5,3,0,6,8,7,0,2,0,7,0,0,9,2,5,0,0,0,0,0,0,0,6,0,0,3,0,0,5,0,0,3,0,0,0,0,2,0,0,0,0,8,4,0,0,0,0,0,0,4,0,0,0,0,0,0,7,5,0,0,0,0,3,0,0,0,0,0,2,7,9,0
218	9	0.008537	false	6,8,2,4,1,3,0,5,0,5,3,1,6,8,7,0,2,0,7,0,0,9,2,5,0,0,0,0,0,0,0,6,0,0,3,0,0,5,0,0,3,0,0,0,0,2,0,0,0,0,8,4,0,0,0,0,0,0,4,0,0,0,0,0,0,7,5,0,0,0,0,3,0,0,0,0,0,2,7,9,0
219	10	0.008553	false	6,8,2,4,1,3,0,5,0,5,3,1,6,8,7,0,2,0,7,4,0,9,2,5,0,0,0,0,0,0,0,6,0,0,3,0,0,5,0,0,3,0,0,0,0,2,0,0,0,0,8,4,0,0,0,0,0,0,4,0,0,0,0,0,0,7,5,0,0,0,0,3,0,0,0,0,0,2,7,9,0
220	9	0.008569	false	6,8,2,4,1,3,0,5,0,5,3,4,6,8,7,0,2,0,7,0,0,9,2,5,0,0,0,0,0,0,0,6,0,0,3,0,0,5,0,0,3,0,0,0,0,2,0,0,0,0,8,4,0,0,0,0,0,0,4,0,0,0,0,0,0,7,5,0,0,0,0,3,0,0,0,0,0,2,7,9,0
221	10	0.008620	false	6,8,2,4,1,3,0,5,0,5,3,4,6,8,7,0,2,0,7,1,0,9,2,5,0,0,0,0,0,0,0,6,0,0,3,0,0,5,0,0,3,0,0,0,0,2,0,0,0,0,8,4,0,0,0,0,0,0,4,0,0,0,0,0,0,7,5,0,0,0,0,3,0,0,0,0,0,2,7,9,0
222	9	0.008647	false	6,8,2,4,1,3,0,5,0,5,3,9,6,8,7,0,2,0,7,0,0,9,2,5,0,0,0,0,0,0,0,6,0,0,3,0,0,5,0,0,3,0,0,0,0,2,0,0,0,0,8,4,0,0,0,0,0,0,4,0,0,0,0,0,0,7,5,0,0,0,0,3,0,0,0,0,0,2,7,9,0
223	10	0.008664	false	6,8,2,4,1,3,0,5,0,5,3,9,6,8,7,0,2,0,7,1,0,9,2,5,0,0,0,0,0,0,0,6,0,0,3,0,0,5,0,0,3,0,0,0,0,2,0,0,0,0,8,4,0,0,0,0,0,0,4,0,0,0,0,0,0,7,5,0,0,0,0,3,0,0,0,0,0,2,7,9,0
224	11	0.008704	false	6,8,2,4,1,3,0,5,0,5,3,9,6,8,7,0,2,0,7,1,4,9,2,5,0,0,0,0,0,0,0,6,0,0,3,0,0,5,0,0,3,0,0,0,0,2,0,0,0,0,8,4,0,0,0,0,0,0,4,0,0,0,0,0,0,7,5,0,0,0,0,3,0,0,0,0,0,2,7,9,0
225	12	0.008721	false	6,8,2,4,1,3,0,5,0,5,3,9,6,8,7,0,2,0,7,1,4,9,2,5,0,6,0,0,0,0,0,6,0,0,3,0,0,5,0,0,3,0,0,0,0,2,0,0,0,0,8,4,0,0,0,0,0,0,4,0,0,0,0,0,0,7,5,0,0,0,0,3,0,0,0,0,0,2,7,9,0
226	13	0.008745	false	6,8,2,4,1,3,9,5,0,5,3,9,6,8,7,0,2,0,7,1,4,9,2,5,0,6,0,0,0,0,0,6,0,0,3,0,0,5,0,0,3,0,0,0,0,2,0,0,0,0,8,4,0,0,0,0,0,0,4,0,0,0,0,0,0,7,5,0,0,0,0,3,0,0,0,0,0,2,7,9,0
227	14	0.008762	false	6,8,2,4,1,3,9,5,0,5,3,9,6,8,7,1,2,0,7,1,4,9,2,5,0,6,0,0,0,0,0,6,0,0,3,0,0,5,0,0,3,0,0,0,0,2,0,0,0,0,8,4,0,0,0,0,0,0,4,0,0,0,0,0,0,7,5,0,0,0,0,3,0,0,0,0,0,2,7,9,0
228	15	0.008779	false	6,8,2,4,1,3,9,5,0,5,3,9,6,8,7,1,2,0,7,1,4,9,2,5,3,6,0,0,0,0,0,6,0,0,3,0,0,5,0,0,3,0,0,0,0,2,0,0,0,0,8,4,0,0,0,0,0,0,4,0,0,0,0,0,0,7,5,0,0,0,0,3,0,0,0,0,0,2,7,9,0
229	16	0.008793	false	6,8,2,4,1,3,9,5,7,5,3,9,6,8,7,1,2,0,7,1,4,9,2,5,3,6,0,0,0,0,0,6,0,0,3,0,0,5,0,0,3,0,0,0,0,2,0,0,0,0,8,4,0,0,0,0,0,0,4,0,0,0,0,0,0,7,5,0,0,0,0,3,0,0,0,0,0,2,7,9,0
230	17	0.008809	false	6,8,2,4,1,3,9,5,7,5,3,9,6,8,7,1,2,4,7,1,4,9,2,5,3,6,0,0,0,0,0,6,0,0,3,0,0,5,0,0,3,0,0,0,0,2,0,0,0,0,8,4,0,0,0,0,0,0,4,0,0,0,0,0,0,7,5,0,0,0,0,3,0,0,0,0,0,2,7,9,0
231	18	0.008829	false	6,8,2,4,1,3,9,5,7,5,3,9,6,8,7,1,2,4,7,1,4,9,2,5,3,6,8,0,0,0,0,6,0,0,3,0,0,5,0,0,3,0,0,0,0,2,0,0,0,0,8,4,0,0,0,0,0,0,4,0,0,0,0,0,0,7,5,0,0,0,0,3,0,0,0,0,0,2,7,9,0
232	19	0.009003	false	6,8,2,4,1,3,9,5,7,5,3,9,6,8,7,1,2,4,7,1,4,9,2,5,3,6,8,0,0,0,0,6,0,0,3,0,0,5,0,0,3,0,0,0,0,2,0,0,0,5,8,4,0,0,0,0,0,0,4,0,0,0,0,0,0,7,5,0,0,0,0,3,0,0,0,0,0,2,7,9,0
233	20	0.009030	false	6,8,2,4,1,3,9,5,7,5,3,9,6,8,7,1,2,4,7,1,4,9,2,5,3,6,8,0,0,0,0,6,0,0,3,0,0,5,0,0,3,0,0,0,0,2,0,0,0,5,8,4,0,0,0,0,0,0,4,0,0,0,0,0,0,7,5,9,0,0,0,3,0,0,0,0,0,2,7,9,0
234	19	0.009086	false	6,8,2,4,1,3,9,5,7,5,3,9,6,8,7,1,2,4,7,1,4,9,2,5,3,6,8,0,0,0,0,6,0,0,3,0,0,5,0,0,3,0,0,0,0,2,0,0,0,7,8,4,0,0,0,0,0,0,4,0,0,0,0,0,0,7,5,0,0,0,0,3,0,0,0,0,0,2,7,9,0
235	20	0.009112	false	6,8,2,4,1,3,9,5,7,5,3,9,6,8,7,1,2,4,7,1,4,9,2,5,3,6,8,0,0,0,0,6,0,0,3,0,0,5,0,0,3,0,0,0,0,2,0,0,0,7,8,4,0,0,0,0,0,0,4,0,0,0,0,0,0,7,5,9,0,0,0,3,0,0,0,0,0,2,7,9,0
236	19	0.009211	false	6,8,2,4,1,3,9,5,7,5,3,9,6,8,7,1,2,4,7,1,4,9,2,5,3,6,8,0,0,0,0,6,0,0,3,0,0,5,0,0,3,0,0,0,0,2,0,0,0,9,8,4,0,0,0,0,0,0,4,0,0,0,0,0,0,7,5,0,0,0,0,3,0,0,0,0,0,2,7,9,0
237	15	0.009231	false	6,8,2,4,1,3,9,5,0,5,3,9,6,8,7,1,2,0,7,1,4,9,2,5,8,6,0,0,0,0,0,6,0,0,3,0,0,5,0,0,3,0,0,0,0,2,0,0,0,0,8,4,0,0,0,0,0,0,4,0,0,0,0,0,0,7,5,0,0,0,0,3,0,0,0,0,0,2,7,9,0
238	16	0.009244	false	6,8,2,4,1,3,9,5,7,5,3,9,6,8,7,1,2,0,7,1,4,9,2,5,8,6,0,0,0,0,0,6,0,0,3,0,0,5,0,0,3,0,0,0,0,2,0,0,0,0,8,4,0,0,0,0,0,0,4,0,0,0,0,0,0,7,5,0,0,0,0,3,0,0,0,0,0,2,7,9,0
239	17	0.009256	false	6,8,2,4,1,3,9,5,7,5,3,9,6,8,7,1,2,4,7,1,4,9,2,5,8,6,0,0,0,0,0,6,0,0,3,0,0,5,0,0,3,0,0,0,0,2,0,0,0,0,8,4,0,0,0,0,0,0,4,0,0,0,0,0,0,7,5,0,0,0,0,3,0,0,0,0,0,2,7,9,0
240	12	0.009272	false	6,8,2,4,1,3,0,5,0,5,3,9,6,8,7,0,2,0,7,1,4,9,2,5,0,8,0,0,0,0,0,6,0,0,3,0,0,5,0,0,3,0,0,0,0,2,0,0,0,0,8,4,0,0,0,0,0,0,4,0,0,0,0,0,0,7,5,0,0,0,0,3,0,0,0,0,0,2,7,9,0
241	13	0.009290	false	6,8,2,4,1,3,9,5,0,5,3,9,6,8,7,0,2,0,7,1,4,9,2,5,0,8,0,0,0,0,0,6,0,0,3,0,0,5,0,0,3,0,0,0,0,2,0,0,0,0,8,4,0,0,0,0,0,0,4,0,0,0,0,0,0,7,5,0,0,0,0,3,0,0,0,0,0,2,7,9,0
242	14	0.009302	false	6,8,2,4,1,3,9,5,0,5,3,9,6,8,7,1,2,0,7,1,4,9,2,5,0,8,0,0,0,0,0,6,0,0,3,0,0,5,0,0,3,0,0,0,0,2,0,0,0,0,8,4,0,0,0,0,0,0,4,0,0,0,0,0,0,7,5,0,0,0,0,3,0,0,0,0,0,2,7,9,0
243	15	0.009316	false	6,8,2,4,1,3,9,5,0,5,3,9,6,8,7,1,2,0,7,1,4,9,2,5,3,8,0,0,0,0,0,6,0,0,3,0,0,5,0,0,3,0,0,0,0,2,0,0,0,0,8,4,0,0,0,0,0,0,4,0,0,0,0,0,0,7,5,0,0,0,0,3,0,0,0,0,0,2,7,9,0
244	16	0.009328	false	6,8,2,4,1,3,9,5,7,5,3,9,6,8,7,1,2,0,7,1,4,9,2,5,3,8,0,0,0,0,0,6,0,0,3,0,0,5,0,0,3,0,0,0,0,2,0,0,0,0,8,4,0,0,0,0,0,0,4,0,0,0,0,0,0,7,5,0,0,0,0,3,0,0,0,0,0,2,7,9,0
245	17	0.009342	false	6,8,2,4,1,3,9,5,7,5,3,9,6,8,7,1,2,4,7,1,4,9,2,5,3,8,0,0,0,0,0,6,0,0,3,0,0,5,0,0,3,0,0,0,0,2,0,0,0,0,8,4,0,0,0,0,0,0,4,0,0,0,0,0,0,7,5,0,0,0,0,3,0,0,0,0,0,2,7,9,0
246	18	0.009375	false	6,8,2,4,1,3,9,5,7,5,3,9,6,8,7,1,2,4,7,1,4,9,2,5,3,8,6,0,0,0,0,6,0,0,3,0,0,5,0,0,3,0,0,0,0,2,0,0,0,0,8,4,0,0,0,0,0,0,4,0,0,0,0,0,0,7,5,0,0,0,0,3,0,0,0,0,0,2,7,9,0
247	19	0.009624	false	6,8,2,4,1,3,9,5,7,5,3,9,6,8,7,1,2,4,7,1,4,9,2,5,3,8,6,0,0,0,0,6,0,0,3,0,0,5,0,0,3,0,0,0,0,2,0,0,0,5,8,4,0,0,0,0,0,0,4,0,0,0,0,0,0,7,5,0,0,0,0,3,0,0,0,0,0,2,7,9,0
248	20	0.009654	false	6,8,2,4,1,3,9,5,7,5,3,9,6,8,7,1,2,4,7,1,4,9,2,5,3,8,6,0,0,0,0,6,0,0,3,0,0,5,0,0,3,0,0,0,0,2,0,0,0,5,8,4,0,0,0,0,0,0,4,0,0,0,0,0,0,7,5,9,0,0,0,3,0,0,0,0,0,2,7,9,0
249	19	0.009719	false	6,8,2,4,1,3,9,5,7,5,3,9,6,8,7,1,2,4,7,1,4,9,2,5,3,8,6,0,0,0,0,6,0,0,3,0,0,5,0,0,3,0,0,0,0,2,0,0,0,7,8,4,0,0,0,0,0,0,4,0,0,0,0,0,0,7,5,0,0,0,0,3,0,0,0,0,0,2,7,9,0
250	20	0.009749	false	6,8,2,4,1,3,9,5,7,5,3,9,6,8,7,1,2,4,7,1,4,9,2,5,3,8,6,0,0,0,0,6,0,0,3,0,0,5,0,0,3,0,0,0,0,2,0,0,0,7,8,4,0,0,0,0,0,0,4,0,0,0,0,0,0,7,5,9,0,0,0,3,0,0,0,0,0,2,7,9,0
251	19	0.009809	false	6,8,2,4,1,3,9,5,7,5,3,9,6,8,7,1,2,4,7,1,4,9,2,5,3,8,6,0,0,0,0,6,0,0,3,0,0,5,0,0,3,0,0,0,0,2,0,0,0,9,8,4,0,0,0,0,0,0,4,0,0,0,0,0,0,7,5,0,0,0,0,3,0,0,0,0,0,2,7,9,0
252	15	0.009832	false	6,8,2,4,1,3,9,5,0,5,3,9,6,8,7,1,2,0,7,1,4,9,2,5,6,8,0,0,0,0,0,6,0,0,3,0,0,5,0,0,3,0,0,0,0,2,0,0,0,0,8,4,0,0,0,0,0,0,4,0,0,0,0,0,0,7,5,0,0,0,0,3,0,0,0,0,0,2,7,9,0
253	16	0.009853	false	6,8,2,4,1,3,9,5,7,5,3,9,6,8,7,1,2,0,7,1,4,9,2,5,6,8,0,0,0,0,0,6,0,0,3,0,0,5,0,0,3,0,0,0,0,2,0,0,0,0,8,4,0,0,0,0,0,0,4,0,0,0,0,0,0,7,5,0,0,0,0,3,0,0,0,0,0,2,7,9,0
254	17	0.009869	false	6,8,2,4,1,3,9,5,7,5,3,9,6,8,7,1,2,4,7,1,4,9,2,5,6,8,0,0,0,0,0,6,0,0,3,0,0,5,0,0,3,0,0,0,0,2,0,0,0,0,8,4,0,0,0,0,0,0,4,0,0,0,0,0,0,7,5,0,0,0,0,3,0,0,0,0,0,2,7,9,0
255	10	0.009888	false	6,8,2,4,1,3,0,5,0,5,3,9,6,8,7,0,2,0,7,4,0,9,2,5,0,0,0,0,0,0,0,6,0,0,3,0,0,5,0,0,3,0,0,0,0,2,0,0,0,0,8,4,0,0,0,0,0,0,4,0,0,0,0,0,0,7,5,0,0,0,0,3,0,0,0,0,0,2,7,9,0
256	8	0.009916	false	6,8,2,4,1,3,0,5,0,9,3,0,6,8,7,0,2,0,7,0,0,9,2,5,0,0,0,0,0,0,0,6,0,0,3,0,0,5,0,0,3,0,0,0,0,2,0,0,0,0,8,4,0,0,0,0,0,0,4,0,0,0,0,0,0,7,5,0,0,0,0,3,0,0,0,0,0,2,7,9,0
257	9	0.009934	false	6,8,2,4,1,3,0,5,0,9,3,1,6,8,7,0,2,0,7,0,0,9,2,5,0,0,0,0,0,0,0,6,0,0,3,0,0,5,0,0,3,0,0,0,0,2,0,0,0,0,8,4,0,0,0,0,0,0,4,0,0,0,0,0,0,7,5,0,0,0,0,3,0,0,0,0,0,2,7,9,0
258	10	0.009951	false	6,8,2,4,1,3,0,5,0,9,3,1,6,8,7,0,2,0,7,4,0,9,2,5,0,0,0,0,0,0,0,6,0,0,3,0,0,5,0,0,3,0,0,0,0,2,0,0,0,0,8,4,0,0,0,0,0,0,4,0,0,0,0,0,0,7,5,0,0,0,0,3,0,0,0,0,0,2,7,9,0
259	9	0.009968	false	6,8,2,4,1,3,0,5,0,9,3,4,6,8,7,0,2,0,7,0,0,9,2,5,0,0,0,0,0,0,0,6,0,0,3,0,0,5,0,0,3,0,0,0,0,2,0,0,0,0,8,4,0,0,0,0,0,0,4,0,0,0,0,0,0,7,5,0,0,0,0,3,0,0,0,0,0,2,7,9,0
260	10	0.009988	false	6,8,2,4,1,3,0,5,0,9,3,4,6,8,7,0,2,0,7,1,0,9,2,5,0,0,0,0,0,0,0,6,0,0,3,0,0,5,0,0,3,0,0,0,0,2,0,0,0,0,8,4,0,0,0,0,0,0,4,0,0,0,0,0,0,7,5,0,0,0,0,3,0,0,0,0,0,2,7,9,0
261	9	0.01001	false	6,8,2,4,1,3,0,5,0,9,3,5,6,8,7,0,2,0,7,0,0,9,2,5,0,0,0,0,0,0,0,6,0,0,3,0,0,5,0,0,3,0,0,0,0,2,0,0,0,0,8,4,0,0,0,0,0,0,4,0,0,0,0,0,0,7,5,0,0,0,0,3,0,0,0,0,0,2,7,9,0
262	10	0.01003	false	6,8,2,4,1,3,0,5,0,9,3,5,6,8,7,0,2,0,7,1,0,9,2,5,0,0,0,0,0,0,0,6,0,0,3,0,0,5,0,0,3,0,0,0,0,2,0,0,0,0,8,4,0,0,0,0,0,0,4,0,0,0,0,0,0,7,5,0,0,0,0,3,0,0,0,0,0,2,7,9,0
263	11	0.01005	false	6,8,2,4,1,3,0,5,0,9,3,5,6,8,7,0,2,0,7,1,4,9,2,5,0,0,0,0,0,0,0,6,0,0,3,0,0,5,0,0,3,0,0,0,0,2,0,0,0,0,8,4,0,0,0,0,0,0,4,0,0,0,0,0,0,7,5,0,0,0,0,3,0,0,0,0,0,2,7,9,0
264	12	0.01006	false	6,8,2,4,1,3,0,5,0,9,3,5,6,8,7,0,2,0,7,1,4,9,2,5,0,6,0,0,0,0,0,6,0,0,3,0,0,5,0,0,3,0,0,0,0,2,0,0,0,0,8,4,0,0,0,0,0,0,4,0,0,0,0,0,0,7,5,0,0,0,0,3,0,0,0,0,0,2,7,9,0
265	13	0.01007	false	6,8,2,4,1,3,9,5,0,9,3,5,6,8,7,0,2,0,7,1,4,9,2,5,0,6,0,0,0,0,0,6,0,0,3,0,0,5,0,0,3,0,0,0,0,2,0,0,0,0,8,4,0,0,0,0,0,0,4,0,0,0,0,0,0,7,5,0,0,0,0,3,0,0,0,0,0,2,7,9,0
266	14	0.01008	false	6,8,2,4,1,3,9,5,0,9,3,5,6,8,7,1,2,0,7,1,4,9,2,5,0,6,0,0,0,0,0,6,0,0,3,0,0,5,0,0,3,0,0,0,0,2,0,0,0,0,8,4,0,0,0,0,0,0,4,0,0,0,0,0,0,7,5,0,0,0,0,3,0,0,0,0,0,2,7,9,0
267	15	0.01009	false	6,8,2,4,1,3,9,5,0,9,3,5,6,8,7,1,2,0,7,1,4,9,2,5,3,6,0,0,0,0,0,6,0,0,3,0,0,5,0,0,3,0,0,0,0,2,0,0,0,0,8,4,0,0,0,0,0,0,4,0,0,0,0,0,0,7,5,0,0,0,0,3,0,0,0,0,0,2,7,9,0
268	16	0.01012	false	6,8,2,4,1,3,9,5,7,9,3,5,6,8,7,1,2,0,7,1,4,9,2,5,3,6,0,0,0,0,0,6,0,0,3,0,0,5,0,0,3,0,0,0,0,2,0,0,0,0,8,4,0,0,0,0,0,0,4,0,0,0,0,0,0,7,5,0,0,0,0,3,0,0,0,0,0,2,7,9,0
269	17	0.01013	false	6,8,2,4,1,3,9,5,7,9,3,5,6,8,7,1,2,4,7,1,4,9,2,5,3,6,0,0,0,0,0,6,0,0,3,0,0,5,0,0,3,0,0,0,0,2,0,0,0,0,8,4,0,0,0,0,0,0,4,0,0,0,0,0,0,7,5,0,0,0,0,3,0,0,0,0,0,2,7,9,0
270	18	0.01013	false	6,8,2,4,1,3,9,5,7,9,3,5,6,8,7,1,2,4,7,1,4,9,2,5,3,6,8,0,0,0,0,6,0,0,3,0,0,5,0,0,3,0,0,0,0,2,0,0,0,0,8,4,0,0,0,0,0,0,4,0,0,0,0,0,0,7,5,0,0,0,0,3,0,0,0,0,0,2,7,9,0
271	19	0.01032	false	6,8,2,4,1,3,9,5,7,9,3,5,6,8,7,1,2,4,7,1,4,9,2,5,3,6,8,0,0,0,0,6,0,0,3,0,0,5,0,0,3,0,0,0,0,2,0,0,0,5,8,4,0,0,0,0,0,0,4,0,0,0,0,0,0,7,5,0,0,0,0,3,0,0,0,0,0,2,7,9,0
272	20	0.01034	false	6,8,2,4,1,3,9,5,7,9,3,5,6,8,7,1,2,4,7,1,4,9,2,5,3,6,8,0,0,0,0,6,0,0,3,0,0,5,0,0,3,0,0,0,0,2,0,0,0,5,8,4,0,0,0,0,0,0,4,0,0,0,0,0,0,7,5,9,0,0,0,3,0,0,0,0,0,2,7,9,0
273	19	0.01039	false	6,8,2,4,1,3,9,5,7,9,3,5,6,8,7,1,2,4,7,1,4,9,2,5,3,6,8,0,0,0,0,6,0,0,3,0,0,5,0,0,3,0,0,0,0,2,0,0,0,7,8,4,0,0,0,0,0,0,4,0,0,0,0,0,0,7,5,0,0,0,0,3,0,0,0,0,0,2,7,9,0
274	20	0.01042	false	6,8,2,4,1,3,9,5,7,9,3,5,6,8,7,1,2,4,7,1,4,9,2,5,3,6,8,0,0,0,0,6,0,0,3,0,0,5,0,0,3,0,0,0,0,2,0,0,0,7,8,4,0,0,0,0,0,0,4,0,0,0,0,0,0,7,5,9,0,0,0,3,0,0,0,0,0,2,7,9,0
275	19	0.01048	false	6,8,2,4,1,3,9,5,7,9,3,5,6,8,7,1,2,4,7,1,4,9,2,5,3,6,8,0,0,0,0,6,0,0,3,0,0,5,0,0,3,0,0,0,0,2,0,0,0,9,8,4,0,0,0,0,0,0,4,0,0,0,0,0,0,7,5,0,0,0,0,3,0,0,0,0,0,2,7,9,0
276	15	0.01050	false	6,8,2,4,1,3,9,5,0,9,3,5,6,8,7,1,2,0,7,1,4,9,2,5,8,6,0,0,0,0,0,6,0,0,3,0,0,5,0,0,3,0,0,0,0,2,0,0,0,0,8,4,0,0,0,0,0,0,4,0,0,0,0,0,0,7,5,0,0,0,0,3,0,0,0,0,0,2,7,9,0
277	16	0.01051	false	6,8,2,4,1,3,9,5,7,9,3,5,6,8,7,1,2,0,7,1,4,9,2,5,8,6,0,0,0,0,0,6,0,0,3,0,0,5,0,0,3,0,0,0,0,2,0,0,0,0,8,4,0,0,0,0,0,0,4,0,0,0,0,0,0,7,5,0,0,0,0,3,0,0,0,0,0,2,7,9,0
278	17	0.01052	false	6,8,2,4,1,3,9,5,7,9,3,5,6,8,7,1,2,4,7,1,4,9,2,5,8,6,0,0,0,0,0,6,0,0,3,0,0,5,0,0,3,0,0,0,0,2,0,0,0,0,8,4,0,0,0,0,0,0,4,0,0,0,0,0,0,7,5,0,0,0,0,3,0,0,0,0,0,2,7,9,0
279	12	0.01054	false	6,8,2,4,1,3,0,5,0,9,3,5,6,8,7,0,2,0,7,1,4,9,2,5,0,8,0,0,0,0,0,6,0,0,3,0,0,5,0,0,3,0,0,0,0,2,0,0,0,0,8,4,0,0,0,0,0,0,4,0,0,0,0,0,0,7,5,0,0,0,0,3,0,0,0,0,0,2,7,9,0
280	13	0.01055	false	6,8,2,4,1,3,9,5,0,9,3,5,6,8,7,0,2,0,7,1,4,9,2,5,0,8,0,0,0,0,0,6,0,0,3,0,0,5,0,0,3,0,0,0,0,2,0,0,0,0,8,4,0,0,0,0,0,0,4,0,0,0,0,0,0,7,5,0,0,0,0,3,0,0,0,0,0,2,7,9,0
281	14	0.01057	false	6,8,2,4,1,3,9,5,0,9,3,5,6,8,7,1,2,0,7,1,4,9,2,5,0,8,0,0,0,0,0,6,0,0,3,0,0,5,0,0,3,0,0,0,0,2,0,0,0,0,8,4,0,0,0,0,0,0,4,0,0,0,0,0,0,7,5,0,0,0,0,3,0,0,0,0,0,2,7,9,0
282	15	0.01059	false	6,8,2,4,1,3,9,5,0,9,3,5,6,8,7,1,2,0,7,1,4,9,2,5,3,8,0,0,0,0,0,6,0,0,3,0,0,5,0,0,3,0,0,0,0,2,0,0,0,0,8,4,0,0,0,0,0,0,4,0,0,0,0,0,0,7,5,0,0,0,0,3,0,0,0,0,0,2,7,9,0
283	16	0.01060	false	6,8,2,4,1,3,9,5,7,9,3,5,6,8,7,1,2,0,7,1,4,9,2,5,3,8,0,0,0,0,0,6,0,0,3,0,0,5,0,0,3,0,0,0,0,2,0,0,0,0,8,4,0,0,0,0,0,0,4,0,0,0,0,0,0,7,5,0,0,0,0,3,0,0,0,0,0,2,7,9,0
284	17	0.01061	false	6,8,2,4,1,3,9,5,7,9,3,5,6,8,7,1,2,4,7,1,4,9,2,5,3,8,0,0,0,0,0,6,0,0,3,0,0,5,0,0,3,0,0,0,0,2,0,0,0,0,8,4,0,0,0,0,0,0,4,0,0,0,0,0,0,7,5,0,0,0,0,3,0,0,0,0,0,2,7,9,0
285	18	0.01062	false	6,8,2,4,1,3,9,5,7,9,3,5,6,8,7,1,2,4,7,1,4,9,2,5,3,8,6,0,0,0,0,6,0,0,3,0,0,5,0,0,3,0,0,0,0,2,0,0,0,0,8,4,0,0,0,0,0,0,4,0,0,0,0,0,0,7,5,0,0,0,0,3,0,0,0,0,0,2,7,9,0
286	19	0.01085	false	6,8,2,4,1,3,9,5,7,9,3,5,6,8,7,1,2,4,7,1,4,9,2,5,3,8,6,0,0,0,0,6,0,0,3,0,0,5,0,0,3,0,0,0,0,2,0,0,0,5,8,4,0,0,0,0,0,0,4,0,0,0,0,0,0,7,5,0,0,0,0,3,0,0,0,0,0,2,7,9,0
287	20	0.01090	false	6,8,2,4,1,3,9,5,7,9,3,5,6,8,7,1,2,4,7,1,4,9,2,5,3,8,6,0,0,0,0,6,0,0,3,0,0,5,0,0,3,0,0,0,0,2,0,0,0,5,8,4,0,0,0,0,0,0,4,0,0,0,0,0,0,7,5,9,0,0,0,3,0,0,0,0,0,2,7,9,0
288	19	0.01097	false	6,8,2,4,1,3,9,5,7,9,3,5,6,8,7,1,2,4,7,1,4,9,2,5,3,8,6,0,0,0,0,6,0,0,3,0,0,5,0,0,3,0,0,0,0,2,0,0,0,7,8,4,0,0,0,0,0,0,4,0,0,0,0,0,0,7,5,0,0,0,0,3,0,0,0,0,0,2,7,9,0
289	20	0.01100	false	6,8,2,4,1,3,9,5,7,9,3,5,6,8,7,1,2,4,7,1,4,9,2,5,3,8,6,0,0,0,0,6,0,0,3,0,0,5,0,0,3,0,0,0,0,2,0,0,0,7,8,4,0,0,0,0,0,0,4,0,0,0,0,0,0,7,5,9,0,0,0,3,0,0,0,0,0,2,7,9,0
290	19	0.01109	false	6,8,2,4,1,3,9,5,7,9,3,5,6,8,7,1,2,4,7,1,4,9,2,5,3,8,6,0,0,0,0,6,0,0,3,0,0,5,0,0,3,0,0,0,0,2,0,0,0,9,8,4,0,0,0,0,0,0,4,0,0,0,0,0,0,7,5,0,0,0,0,3,0,0,0,0,0,2,7,9,0
291	15	0.01113	false	6,8,2,4,1,3,9,5,0,9,3,5,6,8,7,1,2,0,7,1,4,9,2,5,6,8,0,0,0,0,0,6,0,0,3,0,0,5,0,0,3,0,0,0,0,2,0,0,0,0,8,4,0,0,0,0,0,0,4,0,0,0,0,0,0,7,5,0,0,0,0,3,0,0,0,0,0,2,7,9,0
292	16	0.01113	false	6,8,2,4,1,3,9,5,7,9,3,5,6,8,7,1,2,0,7,1,4,9,2,5,6,8,0,0,0,0,0,6,0,0,3,0,0,5,0,0,3,0,0,0,0,2,0,0,0,0,8,4,0,0,0,0,0,0,4,0,0,0,0,0,0,7,5,0,0,0,0,3,0,0,0,0,0,2,7,9,0
293	17	0.01114	false	6,8,2,4,1,3,9,5,7,9,3,5,6,8,7,1,2,4,7,1,4,9,2,5,6,8,0,0,0,0,0,6,0,0,3,0,0,5,0,0,3,0,0,0,0,2,0,0,0,0,8,4,0,0,0,0,0,0,4,0,0,0,0,0,0,7,5,0,0,0,0,3,0,0,0,0,0,2,7,9,0
294	10	0.01116	false	6,8,2,4,1,3,0,5,0,9,3,5,6,8,7,0,2,0,7,4,0,9,2,5,0,0,0,0,0,0,0,6,0,0,3,0,0,5,0,0,3,0,0,0,0,2,0,0,0,0,8,4,0,0,0,0,0,0,4,0,0,0,0,0,0,7,5,0,0,0,0,3,0,0,0,0,0,2,7,9,0
295	11	0.01116	false	6,8,2,4,1,3,0,5,0,9,3,5,6,8,7,0,2,0,7,4,1,9,2,5,0,0,0,0,0,0,0,6,0,0,3,0,0,5,0,0,3,0,0,0,0,2,0,0,0,0,8,4,0,0,0,0,0,0,4,0,0,0,0,0,0,7,5,0,0,0,0,3,0,0,0,0,0,2,7,9,0
296	12	0.01117	false	6,8,2,4,1,3,0,5,0,9,3,5,6,8,7,0,2,0,7,4,1,9,2,5,0,6,0,0,0,0,0,6,0,0,3,0,0,5,0,0,3,0,0,0,0,2,0,0,0,0,8,4,0,0,0,0,0,0,4,0,0,0,0,0,0,7,5,0,0,0,0,3,0,0,0,0,0,2,7,9,0
297	13	0.01118	false	6,8,2,4,1,3,9,5,0,9,3,5,6,8,7,0,2,0,7,4,1,9,2,5,0,6,0,0,0,0,0,6,0,0,3,0,0,5,0,0,3,0,0,0,0,2,0,0,0,0,8,4,0,0,0,0,0,0,4,0,0,0,0,0,0,7,5,0,0,0,0,3,0,0,0,0,0,2,7,9,0
298	14	0.01119	false	6,8,2,4,1,3,9,5,0,9,3,5,6,8,7,1,2,0,7,4,1,9,2,5,0,6,0,0,0,0,0,6,0,0,3,0,0,5,0,0,3,0,0,0,0,2,0,0,0,0,8,4,0,0,0,0,0,0,4,0,0,0,0,0,0,7,5,0,0,0,0,3,0,0,0,0,0,2,7,9,0
299	15	0.01120	false	6,8,2,4,1,3,9,5,0,9,3,5,6,8,7,1,2,0,7,4,1,9,2,5,3,6,0,0,0,0,0,6,0,0,3,0,0,5,0,0,3,0,0,0,0,2,0,0,0,0,8,4,0,0,0,0,0,0,4,0,0,0,0,0,0,7,5,0,0,0,0,3,0,0,0,0,0,2,7,9,0
300	16	0.01121	false	6,8,2,4,1,3,9,5,7,9,3,5,6,8,7,1,2,0,7,4,1,9,2,5,3,6,0,0,0,0,0,6,0,0,3,0,0,5,0,0,3,0,0,0,0,2,0,0,0,0,8,4,0,0,0,0,0,0,4,0,0,0,0,0,0,7,5,0,0,0,0,3,0,0,0,0,0,2,7,9,0
301	17	0.01122	false	6,8,2,4,1,3,9,5,7,9,3,5,6,8,7,1,2,4,7,4,1,9,2,5,3,6,0,0,0,0,0,6,0,0,3,0,0,5,0,0,3,0,0,0,0,2,0,0,0,0,8,4,0,0,0,0,0,0,4,0,0,0,0,0,0,7,5,0,0,0,0,3,0,0,0,0,0,2,7,9,0
302	18	0.01123	false	6,8,2,4,1,3,9,5,7,9,3,5,6,8,7,1,2,4,7,4,1,9,2,5,3,6,8,0,0,0,0,6,0,0,3,0,0,5,0,0,3,0,0,0,0,2,0,0,0,0,8,4,0,0,0,0,0,0,4,0,0,0,0,0,0,7,5,0,0,0,0,3,0,0,0,0,0,2,7,9,0
303	19	0.01141	false	6,8,2,4,1,3,9,5,7,9,3,5,6,8,7,1,2,4,7,4,1,9,2,5,3,6,8,0,0,0,0,6,0,0,3,0,0,5,0,0,3,0,0,0,0,2,0,0,0,5,8,4,0,0,0,0,0,0,4,0,0,0,0,0,0,7,5,0,0,0,0,3,0,0,0,0,0,2,7,9,0
304	20	0.01145	false	6,8,2,4,1,3,9,5,7,9,3,5,6,8,7,1,2,4,7,4,1,9,2,5,3,6,8,0,0,0,0,6,0,0,3,0,0,5,0,0,3,0,0,0,0,2,0,0,0,5,8,4,0,0,0,0,0,0,4,0,0,0,0,0,0,7,5,9,0,0,0,3,0,0,0,0,0,2,7,9,0
305	19	0.01150	false	6,8,2,4,1,3,9,5,7,9,3,5,6,8,7,1,2,4,7,4,1,9,2,5,3,6,8,0,0,0,0,6,0,0,3,0,0,5,0,0,3,0,0,0,0,2,0,0,0,7,8,4,0,0,0,0,0,0,4,0,0,0,0,0,0,7,5,0,0,0,0,3,0,0,0,0,0,2,7,9,0
306	20	0.01153	false	6,8,2,4,1,3,9,5,7,9,3,5,6,8,7,1,2,4,7,4,1,9,2,5,3,6,8,0,0,0,0,6,0,0,3,0,0,5,0,0,3,0,0,0,0,2,0,0,0,7,8,4,0,0,0,0,0,0,4,0,0,0,0,0,0,7,5,9,0,0,0,3,0,0,0,0,0,2,7,9,0
307	19	0.01159	false	6,8,2,4,1,3,9,5,7,9,3,5,6,8,7,1,2,4,7,4,1,9,2,5,3,6,8,0,0,0,0,6,0,0,3,0,0,5,0,0,3,0,0,0,0,2,0,0,0,9,8,4,0,0,0,0,0,0,4,0,0,0,0,0,0,7,5,0,0,0,0,3,0,0,0,0,0,2,7,9,0
308	15	0.01160	false	6,8,2,4,1,3,9,5,0,9,3,5,6,8,7,1,2,0,7,4,1,9,2,5,8,6,0,0,0,0,0,6,0,0,3,0,0,5,0,0,3,0,0,0,0,2,0,0,0,0,8,4,0,0,0,0,0,0,4,0,0,0,0,0,0,7,5,0,0,0,0,3,0,0,0,0,0,2,7,9,0
309	16	0.01164	false	6,8,2,4,1,3,9,5,7,9,3,5,6,8,7,1,2,0,7,4,1,9,2,5,8,6,0,0,0,0,0,6,0,0,3,0,0,5,0,0,3,0,0,0,0,2,0,0,0,0,8,4,0,0,0,0,0,0,4,0,0,0,0,0,0,7,5,0,0,0,0,3,0,0,0,0,0,2,7,9,0
310	17	0.01165	false	6,8,2,4,1,3,9,5,7,9,3,5,6,8,7,1,2,4,7,4,1,9,2,5,8,6,0,0,0,0,0,6,0,0,3,0,0,5,0,0,3,0,0,0,0,2,0,0,0,0,8,4,0,0,0,0,0,0,4,0,0,0,0,0,0,7,5,0,0,0,0,3,0,0,0,0,0,2,7,9,0
311	12	0.01166	false	6,8,2,4,1,3,0,5,0,9,3,5,6,8,7,0,2,0,7,4,1,9,2,5,0,8,0,0,0,0,0,6,0,0,3,0,0,5,0,0,3,0,0,0,0,2,0,0,0,0,8,4,0,0,0,0,0,0,4,0,0,0,0,0,0,7,5,0,0,0,0,3,0,0,0,0,0,2,7,9,0
312	13	0.01167	false	6,8,2,4,1,3,9,5,0,9,3,5,6,8,7,0,2,0,7,4,1,9,2,5,0,8,0,0,0,0,0,6,0,0,3,0,0,5,0,0,3,0,0,0,0,2,0,0,0,0,8,4,0,0,0,0,0,0,4,0,0,0,0,0,0,7,5,0,0,0,0,3,0,0,0,0,0,2,7,9,0
313	14	0.01170	false	6,8,2,4,1,3,9,5,0,9,3,5,6,8,7,1,2,0,7,4,1,9,2,5,0,8,0,0,0,0,0,6,0,0,3,0,0,5,0,0,3,0,0,0,0,2,0,0,0,0,8,4,0,0,0,0,0,0,4,0,0,0,0,0,0,7,5,0,0,0,0,3,0,0,0,0,0,2,7,9,0
314	15	0.01170	false	6,8,2,4,1,3,9,5,0,9,3,5,6,8,7,1,2,0,7,4,1,9,2,5,3,8,0,0,0,0,0,6,0,0,3,0,0,5,0,0,3,0,0,0,0,2,0,0,0,0,8,4,0,0,0,0,0,0,4,0,0,0,0,0,0,7,5,0,0,0,0,3,0,0,0,0,0,2,7,9,0
315	16	0.01172	false	6,8,2,4,1,3,9,5,7,9,3,5,6,8,7,1,2,0,7,4,1,9,2,5,3,8,0,0,0,0,0,6,0,0,3,0,0,5,0,0,3,0,0,0,0,2,0,0,0,0,8,4,0,0,0,0,0,0,4,0,0,0,0,0,0,7,5,0,0,0,0,3,0,0,0,0,0,2,7,9,0
316	17	0.01173	false	6,8,2,4,1,3,9,5,7,9,3,5,6,8,7,1,2,4,7,4,1,9,2,5,3,8,0,0,0,0,0,6,0,0,3,0,0,5,0,0,3,0,0,0,0,2,0,0,0,0,8,4,0,0,0,0,0,0,4,0,0,0,0,0,0,7,5,0,0,0,0,3,0,0,0,0,0,2,7,9,0
317	18	0.01174	false	6,8,2,4,1,3,9,5,7,9,3,5,6,8,7,1,2,4,7,4,1,9,2,5,3,8,6,0,0,0,0,6,0,0,3,0,0,5,0,0,3,0,0,0,0,2,0,0,0,0,8,4,0,0,0,0,0,0,4,0,0,0,0,0,0,7,5,0,0,0,0,3,0,0,0,0,0,2,7,9,0
318	19	0.01193	false	6,8,2,4,1,3,9,5,7,9,3,5,6,8,7,1,2,4,7,4,1,9,2,5,3,8,6,0,0,0,0,6,0,0,3,0,0,5,0,0,3,0,0,0,0,2,0,0,0,5,8,4,0,0,0,0,0,0,4,0,0,0,0,0,0,7,5,0,0,0,0,3,0,0,0,0,0,2,7,9,0
319	20	0.01195	false	6,8,2,4,1,3,9,5,7,9,3,5,6,8,7,1,2,4,7,4,1,9,2,5,3,8,6,0,0,0,0,6,0,0,3,0,0,5,0,0,3,0,0,0,0,2,0,0,0,5,8,4,0,0,0,0,0,0,4,0,0,0,0,0,0,7,5,9,0,0,0,3,0,0,0,0,0,2,7,9,0
320	19	0.01200	false	6,8,2,4,1,3,9,5,7,9,3,5,6,8,7,1,2,4,7,4,1,9,2,5,3,8,6,0,0,0,0,6,0,0,3,0,0,5,0,0,3,0,0,0,0,2,0,0,0,7,8,4,0,0,0,0,0,0,4,0,0,0,0,0,0,7,5,0,0,0,0,3,0,0,0,0,0,2,7,9,0
321	20	0.01204	false	6,8,2,4,1,3,9,5,7,9,3,5,6,8,7,1,2,4,7,4,1,9,2,5,3,8,6,0,0,0,0,6,0,0,3,0,0,5,0,0,3,0,0,0,0,2,0,0,0,7,8,4,0,0,0,0,0,0,4,0,0,0,0,0,0,7,5,9,0,0,0,3,0,0,0,0,0,2,7,9,0
322	19	0.01214	false	6,8,2,4,1,3,9,5,7,9,3,5,6,8,7,1,2,4,7,4,1,9,2,5,3,8,6,0,0,0,0,6,0,0,3,0,0,5,0,0,3,0,0,0,0,2,0,0,0,9,8,4,0,0,0,0,0,0,4,0,0,0,0,0,0,7,5,0,0,0,0,3,0,0,0,0,0,2,7,9,0
323	15	0.01218	false	6,8,2,4,1,3,9,5,0,9,3,5,6,8,7,1,2,0,7,4,1,9,2,5,6,8,0,0,0,0,0,6,0,0,3,0,0,5,0,0,3,0,0,0,0,2,0,0,0,0,8,4,0,0,0,0,0,0,4,0,0,0,0,0,0,7,5,0,0,0,0,3,0,0,0,0,0,2,7,9,0
324	16	0.01221	false	6,8,2,4,1,3,9,5,7,9,3,5,6,8,7,1,2,0,7,4,1,9,2,5,6,8,0,0,0,0,0,6,0,0,3,0,0,5,0,0,3,0,0,0,0,2,0,0,0,0,8,4,0,0,0,0,0,0,4,0,0,0,0,0,0,7,5,0,0,0,0,3,0,0,0,0,0,2,7,9,0
325	17	0.01222	false	6,8,2,4,1,3,9,5,7,9,3,5,6,8,7,1,2,4,7,4,1,9,2,5,6,8,0,0,0,0,0,6,0,0,3,0,0,5,0,0,3,0,0,0,0,2,0,0,0,0,8,4,0,0,0,0,0,0,4,0,0,0,0,0,0,7,5,0,0,0,0,3,0,0,0,0,0,2,7,9,0
326	6	0.01228	false	6,8,2,4,1,3,0,5,0,0,3,0,6,8,7,0,2,0,7,0,0,9,5,0,0,0,0,0,0,0,0,6,0,0,3,0,0,5,0,0,3,0,0,0,0,2,0,0,0,0,8,4,0,0,0,0,0,0,4,0,0,0,0,0,0,7,5,0,0,0,0,3,0,0,0,0,0,2,7,9,0
327	1	0.01232	false	9,8,2,0,0,3,0,5,0,0,3,0,0,0,7,0,2,0,7,0,0,9,0,0,0,0,0,0,0,0,0,6,0,0,3,0,0,5,0,0,3,0,0,0,0,2,0,0,0,0,8,4,0,0,0,0,0,0,4,0,0,0,0,0,0,7,5,0,0,0,0,3,0,0,0,0,0,2,7,9,0
328	2	0.01234	false	9,8,2,0,1,3,0,5,0,0,3,0,0,0,7,0,2,0,7,0,0,9,0,0,0,0,0,0,0,0,0,6,0,0,3,0,0,5,0,0,3,0,0,0,0,2,0,0,0,0,8,4,0,0,0,0,0,0,4,0,0,0,0,0,0,7,5,0,0,0,0,3,0,0,0,0,0,2,7,9,0
329	3	0.01235	false	9,8,2,4,1,3,0,5,0,0,3,0,0,0,7,0,2,0,7,0,0,9,0,0,0,0,0,0,0,0,0,6,0,0,3,0,0,5,0,0,3,0,0,0,0,2,0,0,0,0,8,4,0,0,0,0,0,0,4,0,0,0,0,0,0,7,5,0,0,0,0,3,0,0,0,0,0,2,7,9,0
330	4	0.01238	false	9,8,2,4,1,3,0,5,0,0,3,0,0,5,7,0,2,0,7,0,0,9,0,0,0,0,0,0,0,0,0,6,0,0,3,0,0,5,0,0,3,0,0,0,0,2,0,0,0,0,8,4,0,0,0,0,0,0,4,0,0,0,0,0,0,7,5,0,0,0,0,3,0,0,0,0,0,2,7,9,0
331	5	0.01240	false	9,8,2,4,1,3,0,5,0,0,3,0,6,5,7,0,2,0,7,0,0,9,0,0,0,0,0,0,0,0,0,6,0,0,3,0,0,5,0,0,3,0,0,0,0,2,0,0,0,0,8,4,0,0,0,0,0,0,4,0,0,0,0,0,0,7,5,0,0,0,0,3,0,0,0,0,0,2,7,9,0
332	6	0.01242	false	9,8,2,4,1,3,0,5,0,0,3,0,6,5,7,0,2,0,7,0,0,9,2,0,0,0,0,0,0,0,0,6,0,0,3,0,0,5,0,0,3,0,0,0,0,2,0,0,0,0,8,4,0,0,0,0,0,0,4,0,0,0,0,0,0,7,5,0,0,0,0,3,0,0,0,0,0,2,7,9,0
333	6	0.01243	false	9,8,2,4,1,3,0,5,0,0,3,0,6,5,7,0,2,0,7,0,0,9,8,0,0,0,0,0,0,0,0,6,0,0,3,0,0,5,0,0,3,0,0,0,0,2,0,0,0,0,8,4,0,0,0,0,0,0,4,0,0,0,0,0,0,7,5,0,0,0,0,3,0,0,0,0,0,2,7,9,0
334	5	0.01245	false	9,8,2,4,1,3,0,5,0,0,3,0,8,5,7,0,2,0,7,0,0,9,0,0,0,0,0,0,0,0,0,6,0,0,3,0,0,5,0,0,3,0,0,0,0,2,0,0,0,0,8,4,0,0,0,0,0,0,4,0,0,0,0,0,0,7,5,0,0,0,0,3,0,0,0,0,0,2,7,9,0
335	6	0.01250	false	9,8,2,4,1,3,0,5,0,0,3,0,8,5,7,0,2,0,7,0,0,9,2,0,0,0,0,0,0,0,0,6,0,0,3,0,0,5,0,0,3,0,0,0,0,2,0,0,0,0,8,4,0,0,0,0,0,0,4,0,0,0,0,0,0,7,5,0,0,0,0,3,0,0,0,0,0,2,7,9,0
336	7	0.01251	false	9,8,2,4,1,3,0,5,0,0,3,0,8,5,7,0,2,0,7,0,0,9,2,6,0,0,0,0,0,0,0,6,0,0,3,0,0,5,0,0,3,0,0,0,0,2,0,0,0,0,8,4,0,0,0,0,0,0,4,0,0,0,0,0,0,7,5,0,0,0,0,3,0,0,0,0,0,2,7,9,0
337	8	0.01252	false	9,8,2,4,1,3,0,5,0,1,3,0,8,5,7,0,2,0,7,0,0,9,2,6,0,0,0,0,0,0,0,6,0,0,3,0,0,5,0,0,3,0,0,0,0,2,0,0,0,0,8,4,0,0,0,0,0,0,4,0,0,0,0,0,0,7,5,0,0,0,0,3,0,0,0,0,0,2,7,9,0
338	9	0.01255	false	9,8,2,4,1,3,0,5,0,1,3,4,8,5,7,0,2,0,7,0,0,9,2,6,0,0,0,0,0,0,0,6,0,0,3,0,0,5,0,0,3,0,0,0,0,2,0,0,0,0,8,4,0,0,0,0,0,0,4,0,0,0,0,0,0,7,5,0,0,0,0,3,0,0,0,0,0,2,7,9,0
339	9	0.01257	false	9,8,2,4,1,3,0,5,0,1,3,6,8,5,7,0,2,0,7,0,0,9,2,6,0,0,0,0,0,0,0,6,0,0,3,0,0,5,0,0,3,0,0,0,0,2,0,0,0,0,8,4,0,0,0,0,0,0,4,0,0,0,0,0,0,7,5,0,0,0,0,3,0,0,0,0,0,2,7,9,0
340	10	0.01259	false	9,8,2,4,1,3,0,5,0,1,3,6,8,5,7,0,2,0,7,4,0,9,2,6,0,0,0,0,0,0,0,6,0,0,3,0,0,5,0,0,3,0,0,0,0,2,0,0,0,0,8,4,0,0,0,0,0,0,4,0,0,0,0,0,0,7,5,0,0,0,0,3,0,0,0,0,0,2,7,9,0
341	11	0.01261	false	9,8,2,4,1,3,0,5,0,1,3,6,8,5,7,0,2,0,7,4,5,9,2,6,0,0,0,0,0,0,0,6,0,0,3,0,0,5,0,0,3,0,0,0,0,2,0,0,0,0,8,4,0,0,0,0,0,0,4,0,0,0,0,0,0,7,5,0,0,0,0,3,0,0,0,0,0,2,7,9,0
342	12	0.01262	false	9,8,2,4,1,3,0,5,0,1,3,6,8,5,7,0,2,0,7,4,5,9,2,6,0,1,0,0,0,0,0,6,0,0,3,0,0,5,0,0,3,0,0,0,0,2,0,0,0,0,8,4,0,0,0,0,0,0,4,0,0,0,0,0,0,7,5,0,0,0,0,3,0,0,0,0,0,2,7,9,0
343	13	0.01263	false	9,8,2,4,1,3,6,5,0,1,3,6,8,5,7,0,2,0,7,4,5,9,2,6,0,1,0,0,0,0,0,6,0,0,3,0,0,5,0,0,3,0,0,0,0,2,0,0,0,0,8,4,0,0,0,0,0,0,4,0,0,0,0,0,0,7,5,0,0,0,0,3,0,0,0,0,0,2,7,9,0
344	14	0.01263	false	9,8,2,4,1,3,6,5,0,1,3,6,8,5,7,9,2,0,7,4,5,9,2,6,0,1,0,0,0,0,0,6,0,0,3,0,0,5,0,0,3,0,0,0,0,2,0,0,0,0,8,4,0,0,0,0,0,0,4,0,0,0,0,0,0,7,5,0,0,0,0,3,0,0,0,0,0,2,7,9,0
345	15	0.01265	false	9,8,2,4,1,3,6,5,0,1,3,6,8,5,7,9,2,0,7,4,5,9,2,6,3,1,0,0,0,0,0,6,0,0,3,0,0,5,0,0,3,0,0,0,0,2,0,0,0,0,8,4,0,0,0,0,0,0,4,0,0,0,0,0,0,7,5,0,0,0,0,3,0,0,0,0,0,2,7,9,0
346	16	0.01266	false	9,8,2,4,1,3,6,5,7,1,3,6,8,5,7,9,2,0,7,4,5,9,2,6,3,1,0,0,0,0,0,6,0,0,3,0,0,5,0,0,3,0,0,0,0,2,0,0,0,0,8,4,0,0,0,0,0,0,4,0,0,0,0,0,0,7,5,0,0,0,0,3,0,0,0,0,0,2,7,9,0
347	17	0.01267	false	9,8,2,4,1,3,6,5,7,1,3,6,8,5,7,9,2,4,7,4,5,9,2,6,3,1,0,0,0,0,0,6,0,0,3,0,0,5,0,0,3,0,0,0,0,2,0,0,0,0,8,4,0,0,0,0,0,0,4,0,0,0,0,0,0,7,5,0,0,0,0,3,0,0,0,0,0,2,7,9,0
348	18	0.01268	false	9,8,2,4,1,3,6,5,7,1,3,6,8,5,7,9,2,4,7,4,5,9,2,6,3,1,8,0,0,0,0,6,0,0,3,0,0,5,0,0,3,0,0,0,0,2,0,0,0,0,8,4,0,0,0,0,0,0,4,0,0,0,0,0,0,7,5,0,0,0,0,3,0,0,0,0,0,2,7,9,0
349	19	0.01297	false	9,8,2,4,1,3,6,5,7,1,3,6,8,5,7,9,2,4,7,4,5,9,2,6,3,1,8,0,0,0,0,6,0,0,3,0,0,5,0,0,3,0,0,0,0,2,0,0,0,7,8,4,0,0,0,0,0,0,4,0,0,0,0,0,0,7,5,0,0,0,0,3,0,0,0,0,0,2,7,9,0
350	20	0.01299	false	9,8,2,4,1,3,6,5,7,1,3,6,8,5,7,9,2,4,7,4,5,9,2,6,3,1,8,0,0,0,0,6,0,0,3,0,0,5,0,0,3,0,0,0,0,2,0,0,0,7,8,4,0,0,0,0,0,0,4,0,0,0,0,0,0,7,5,8,0,0,0,3,0,0,0,0,0,2,7,9,0
351	20	0.01306	false	9,8,2,4,1,3,6,5,7,1,3,6,8,5,7,9,2,4,7,4,5,9,2,6,3,1,8,0,0,0,0,6,0,0,3,0,0,5,0,0,3,0,0,0,0,2,0,0,0,7,8,4,0,0,0,0,0,0,4,0,0,0,0,0,0,7,5,9,0,0,0,3,0,0,0,0,0,2,7,9,0
352	21	0.01314	false	9,8,2,4,1,3,6,5,7,1,3,6,8,5,7,9,2,4,7,4,5,9,2,6,3,1,8,0,0,0,0,6,0,0,3,0,0,5,0,0,3,0,0,0,0,2,0,0,0,7,8,4,0,0,0,0,0,0,4,0,0,0,0,0,0,7,5,9,0,0,0,3,0,0,0,0,8,2,7,9,0
353	22	0.01314	false	9,8,2,4,1,3,6,5,7,1,3,6,8,5,7,9,2,4,7,4,5,9,2,6,3,1,8,0,0,0,0,6,0,0,3,0,0,5,0,0,3,0,0,0,0,2,0,0,0,7,8,4,0,0,0,0,0,0,4,0,0,0,0,0,0,7,5,9,1,0,0,3,0,0,0,0,8,2,7,9,0
354	23	0.01315	false	9,8,2,4,1,3,6,5,7,1,3,6,8,5,7,9,2,4,7,4,5,9,2,6,3,1,8,0,0,0,0,6,0,0,3,0,0,5,0,0,3,0,0,0,0,2,0,0,0,7,8,4,0,0,0,0,0,0,4,0,0,0,0,0,0,7,5,9,1,0,0,3,0,0,0,3,8,2,7,9,0
355	23	0.01316	false	9,8,2,4,1,3,6,5,7,1,3,6,8,5,7,9,2,4,7,4,5,9,2,6,3,1,8,0,0,0,0,6,0,0,3,0,0,5,0,0,3,0,0,0,0,2,0,0,0,7,8,4,0,0,0,0,0,0,4,0,0,0,0,0,0,7,5,9,1,0,0,3,0,0,0,6,8,2,7,9,0
356	19	0.01317	false	9,8,2,4,1,3,6,5,7,1,3,6,8,5,7,9,2,4,7,4,5,9,2,6,3,1,8,0,0,0,0,6,0,0,3,0,0,5,0,0,3,0,0,0,0,2,0,0,0,9,8,4,0,0,0,0,0,0,4,0,0,0,0,0,0,7,5,0,0,0,0,3,0,0,0,0,0,2,7,9,0
357	20	0.01322	false	9,8,2,4,1,3,6,5,7,1,3,6,8,5,7,9,2,4,7,4,5,9,2,6,3,1,8,0,0,0,0,6,0,0,3,0,0,5,0,0,3,0,0,0,0,2,0,0,0,9,8,4,0,0,0,0,0,0,4,0,0,0,0,0,0,7,5,8,0,0,0,3,0,0,0,0,0,2,7,9,0
358	15	0.01328	false	9,8,2,4,1,3,6,5,0,1,3,6,8,5,7,9,2,0,7,4,5,9,2,6,8,1,0,0,0,0,0,6,0,0,3,0,0,5,0,0,3,0,0,0,0,2,0,0,0,0,8,4,0,0,0,0,0,0,4,0,0,0,0,0,0,7,5,0,0,0,0,3,0,0,0,0,0,2,7,9,0
359	16	0.01330	false	9,8,2,4,1,3,6,5,7,1,3,6,8,5,7,9,2,0,7,4,5,9,2,6,8,1,0,0,0,0,0,6,0,0,3,0,0,5,0,0,3,0,0,0,0,2,0,0,0,0,8,4,0,0,0,0,0,0,4,0,0,0,0,0,0,7,5,0,0,0,0,3,0,0,0,0,0,2,7,9,0
360	17	0.01332	false	9,8,2,4,1,3,6,5,7,1,3,6,8,5,7,9,2,4,7,4,5,9,2,6,8,1,0,0,0,0,0,6,0,0,3,0,0,5,0,0,3,0,0,0,0,2,0,0,0,0,8,4,0,0,0,0,0,0,4,0,0,0,0,0,0,7,5,0,0,0,0,3,0,0,0,0,0,2,7,9,0
361	12	0.01333	false	9,8,2,4,1,3,0,5,0,1,3,6,8,5,7,0,2,0,7,4,5,9,2,6,0,8,0,0,0,0,0,6,0,0,3,0,0,5,0,0,3,0,0,0,0,2,0,0,0,0,8,4,0,0,0,0,0,0,4,0,0,0,0,0,0,7,5,0,0,0,0,3,0,0,0,0,0,2,7,9,0
362	13	0.01334	false	9,8,2,4,1,3,6,5,0,1,3,6,8,5,7,0,2,0,7,4,5,9,2,6,0,8,0,0,0,0,0,6,0,0,3,0,0,5,0,0,3,0,0,0,0,2,0,0,0,0,8,4,0,0,0,0,0,0,4,0,0,0,0,0,0,7,5,0,0,0,0,3,0,0,0,0,0,2,7,9,0
363	14	0.01335	false	9,8,2,4,1,3,6,5,0,1,3,6,8,5,7,9,2,0,7,4,5,9,2,6,0,8,0,0,0,0,0,6,0,0,3,0,0,5,0,0,3,0,0,0,0,2,0,0,0,0,8,4,0,0,0,0,0,0,4,0,0,0,0,0,0,7,5,0,0,0,0,3,0,0,0,0,0,2,7,9,0
364	15	0.01336	false	9,8,2,4,1,3,6,5,0,1,3,6,8,5,7,9,2,0,7,4,5,9,2,6,1,8,0,0,0,0,0,6,0,0,3,0,0,5,0,0,3,0,0,0,0,2,0,0,0,0,8,4,0,0,0,0,0,0,4,0,0,0,0,0,0,7,5,0,0,0,0,3,0,0,0,0,0,2,7,9,0
365	16	0.01336	false	9,8,2,4,1,3,6,5,7,1,3,6,8,5,7,9,2,0,7,4,5,9,2,6,1,8,0,0,0,0,0,6,0,0,3,0,0,5,0,0,3,0,0,0,0,2,0,0,0,0,8,4,0,0,0,0,0,0,4,0,0,0,0,0,0,7,5,0,0,0,0,3,0,0,0,0,0,2,7,9,0
366	17	0.01337	false	9,8,2,4,1,3,6,5,7,1,3,6,8,5,7,9,2,4,7,4,5,9,2,6,1,8,0,0,0,0,0,6,0,0,3,0,0,5,0,0,3,0,0,0,0,2,0,0,0,0,8,4,0,0,0,0,0,0,4,0,0,0,0,0,0,7,5,0,0,0,0,3,0,0,0,0,0,2,7,9,0
367	15	0.01338	false	9,8,2,4,1,3,6,5,0,1,3,6,8,5,7,9,2,0,7,4,5,9,2,6,3,8,0,0,0,0,0,6,0,0,3,0,0,5,0,0,3,0,0,0,0,2,0,0,0,0,8,4,0,0,0,0,0,0,4,0,0,0,0,0,0,7,5,0,0,0,0,3,0,0,0,0,0,2,7,9,0
368	16	0.01339	false	9,8,2,4,1,3,6,5,7,1,3,6,8,5,7,9,2,0,7,4,5,9,2,6,3,8,0,0,0,0,0,6,0,0,3,0,0,5,0,0,3,0,0,0,0,2,0,0,0,0,8,4,0,0,0,0,0,0,4,0,0,0,0,0,0,7,5,0,0,0,0,3,0,0,0,0,0,2,7,9,0
369	17	0.01340	false	9,8,2,4,1,3,6,5,7,1,3,6,8,5,7,9,2,4,7,4,5,9,2,6,3,8,0,0,0,0,0,6,0,0,3,0,0,5,0,0,3,0,0,0,0,2,0,0,0,0,8,4,0,0,0,0,0,0,4,0,0,0,0,0,0,7,5,0,0,0,0,3,0,0,0,0,0,2,7,9,0
370	18	0.01341	false	9,8,2,4,1,3,6,5,7,1,3,6,8,5,7,9,2,4,7,4,5,9,2,6,3,8,1,0,0,0,0,6,0,0,3,0,0,5,0,0,3,0,0,0,0,2,0,0,0,0,8,4,0,0,0,0,0,0,4,0,0,0,0,0,0,7,5,0,0,0,0,3,0,0,0,0,0,2,7,9,0
371	19	0.01359	false	9,8,2,4,1,3,6,5,7,1,3,6,8,5,7,9,2,4,7,4,5,9,2,6,3,8,1,0,0,0,0,6,0,0,3,0,0,5,0,0,3,0,0,0,0,2,0,0,0,7,8,4,0,0,0,0,0,0,4,0,0,0,0,0,0,7,5,0,0,0,0,3,0,0,0,0,0,2,7,9,0
372	20	0.01364	false	9,8,2,4,1,3,6,5,7,1,3,6,8,5,7,9,2,4,7,4,5,9,2,6,3,8,1,0,0,0,0,6,0,0,3,0,0,5,0,0,3,0,0,0,0,2,0,0,0,7,8,4,0,0,0,0,0,0,4,0,0,0,0,0,0,7,5,8,0,0,0,3,0,0,0,0,0,2,7,9,0
373	20	0.01372	false	9,8,2,4,1,3,6,5,7,1,3,6,8,5,7,9,2,4,7,4,5,9,2,6,3,8,1,0,0,0,0,6,0,0,3,0,0,5,0,0,3,0,0,0,0,2,0,0,0,7,8,4,0,0,0,0,0,0,4,0,0,0,0,0,0,7,5,9,0,0,0,3,0,0,0,0,0,2,7,9,0
374	21	0.01377	false	9,8,2,4,1,3,6,5,7,1,3,6,8,5,7,9,2,4,7,4,5,9,2,6,3,8,1,0,0,0,0,6,0,0,3,0,0,5,0,0,3,0,0,0,0,2,0,0,0,7,8,4,0,0,0,0,0,0,4,0,0,0,0,0,0,7,5,9,0,0,0,3,0,0,0,0,8,2,7,9,0
375	22	0.01378	false	9,8,2,4,1,3,6,5,7,1,3,6,8,5,7,9,2,4,7,4,5,9,2,6,3,8,1,0,0,0,0,6,0,0,3,0,0,5,0,0,3,0,0,0,0,2,0,0,0,7,8,4,0,0,0,0,0,0,4,0,0,0,0,0,0,7,5,9,1,0,0,3,0,0,0,0,8,2,7,9,0
376	23	0.01379	false	9,8,2,4,1,3,6,5,7,1,3,6,8,5,7,9,2,4,7,4,5,9,2,6,3,8,1,0,0,0,0,6,0,0,3,0,0,5,0,0,3,0,0,0,0,2,0,0,0,7,8,4,0,0,0,0,0,0,4,0,0,0,0,0,0,7,5,9,1,0,0,3,0,0,0,3,8,2,7,9,0
377	23	0.01380	false	9,8,2,4,1,3,6,5,7,1,3,6,8,5,7,9,2,4,7,4,5,9,2,6,3,8,1,0,0,0,0,6,0,0,3,0,0,5,0,0,3,0,0,0,0,2,0,0,0,7,8,4,0,0,0,0,0,0,4,0,0,0,0,0,0,7,5,9,1,0,0,3,0,0,0,6,8,2,7,9,0
378	19	0.01381	false	9,8,2,4,1,3,6,5,7,1,3,6,8,5,7,9,2,4,7,4,5,9,2,6,3,8,1,0,0,0,0,6,0,0,3,0,0,5,0,0,3,0,0,0,0,2,0,0,0,9,8,4,0,0,0,0,0,0,4,0,0,0,0,0,0,7,5,0,0,0,0,3,0,0,0,0,0,2,7,9,0
379	20	0.01397	false	9,8,2,4,1,3,6,5,7,1,3,6,8,5,7,9,2,4,7,4,5,9,2,6,3,8,1,0,0,0,0,6,0,0,3,0,0,5,0,0,3,0,0,0,0,2,0,0,0,9,8,4,0,0,0,0,0,0,4,0,0,0,0,0,0,7,5,8,0,0,0,3,0,0,0,0,0,2,7,9,0
380	8	0.01402	false	9,8,2,4,1,3,0,5,0,4,3,0,8,5,7,0,2,0,7,0,0,9,2,6,0,0,0,0,0,0,0,6,0,0,3,0,0,5,0,0,3,0,0,0,0,2,0,0,0,0,8,4,0,0,0,0,0,0,4,0,0,0,0,0,0,7,5,0,0,0,0,3,0,0,0,0,0,2,7,9,0
381	9	0.01403	false	9,8,2,4,1,3,0,5,0,4,3,1,8,5,7,0,2,0,7,0,0,9,2,6,0,0,0,0,0,0,0,6,0,0,3,0,0,5,0,0,3,0,0,0,0,2,0,0,0,0,8,4,0,0,0,0,0,0,4,0,0,0,0,0,0,7,5,0,0,0,0,3,0,0,0,0,0,2,7,9,0
382	9	0.01404	false	9,8,2,4,1,3,0,5,0,4,3,6,8,5,7,0,2,0,7,0,0,9,2,6,0,0,0,0,0,0,0,6,0,0,3,0,0,5,0,0,3,0,0,0,0,2,0,0,0,0,8,4,0,0,0,0,0,0,4,0,0,0,0,0,0,7,5,0,0,0,0,3,0,0,0,0,0,2,7,9,0
383	10	0.01405	false	9,8,2,4,1,3,0,5,0,4,3,6,8,5,7,0,2,0,7,1,0,9,2,6,0,0,0,0,0,0,0,6,0,0,3,0,0,5,0,0,3,0,0,0,0,2,0,0,0,0,8,4,0,0,0,0,0,0,4,0,0,0,0,0,0,7,5,0,0,0,0,3,0,0,0,0,0,2,7,9,0
384	11	0.01406	false	9,8,2,4,1,3,0,5,0,4,3,6,8,5,7,0,2,0,7,1,5,9,2,6,0,0,0,0,0,0,0,6,0,0,3,0,0,5,0,0,3,0,0,0,0,2,0,0,0,0,8,4,0,0,0,0,0,0,4,0,0,0,0,0,0,7,5,0,0,0,0,3,0,0,0,0,0,2,7,9,0
385	12	0.01406	false	9,8,2,4,1,3,0,5,0,4,3,6,8,5,7,0,2,0,7,1,5,9,2,6,0,4,0,0,0,0,0,6,0,0,3,0,0,5,0,0,3,0,0,0,0,2,0,0,0,0,8,4,0,0,0,0,0,0,4,0,0,0,0,0,0,7,5,0,0,0,0,3,0,0,0,0,0,2,7,9,0
386	13	0.01407	false	9,8,2,4,1,3,6,5,0,4,3,6,8,5,7,0,2,0,7,1,5,9,2,6,0,4,0,0,0,0,0,6,0,0,3,0,0,5,0,0,3,0,0,0,0,2,0,0,0,0,8,4,0,0,0,0,0,0,4,0,0,0,0,0,0,7,5,0,0,0,0,3,0,0,0,0,0,2,7,9,0
387	14	0.01408	false	9,8,2,4,1,3,6,5,0,4,3,6,8,5,7,1,2,0,7,1,5,9,2,6,0,4,0,0,0,0,0,6,0,0,3,0,0,5,0,0,3,0,0,0,0,2,0,0,0,0,8,4,0,0,0,0,0,0,4,0,0,0,0,0,0,7,5,0,0,0,0,3,0,0,0,0,0,2,7,9,0
388	15	0.01409	false	9,8,2,4,1,3,6,5,0,4,3,6,8,5,7,1,2,0,7,1,5,9,2,6,3,4,0,0,0,0,0,6,0,0,3,0,0,5,0,0,3,0,0,0,0,2,0,0,0,0,8,4,0,0,0,0,0,0,4,0,0,0,0,0,0,7,5,0,0,0,0,3,0,0,0,0,0,2,7,9,0
389	16	0.01410	false	9,8,2,4,1,3,6,5,7,4,3,6,8,5,7,1,2,0,7,1,5,9,2,6,3,4,0,0,0,0,0,6,0,0,3,0,0,5,0,0,3,0,0,0,0,2,0,0,0,0,8,4,0,0,0,0,0,0,4,0,0,0,0,0,0,7,5,0,0,0,0,3,0,0,0,0,0,2,7,9,0
390	17	0.01411	false	9,8,2,4,1,3,6,5,7,4,3,6,8,5,7,1,2,9,7,1,5,9,2,6,3,4,0,0,0,0,0,6,0,0,3,0,0,5,0,0,3,0,0,0,0,2,0,0,0,0,8,4,0,0,0,0,0,0,4,0,0,0,0,0,0,7,5,0,0,0,0,3,0,0,0,0,0,2,7,9,0
391	18	0.01412	false	9,8,2,4,1,3,6,5,7,4,3,6,8,5,7,1,2,9,7,1,5,9,2,6,3,4,8,0,0,0,0,6,0,0,3,0,0,5,0,0,3,0,0,0,0,2,0,0,0,0,8,4,0,0,0,0,0,0,4,0,0,0,0,0,0,7,5,0,0,0,0,3,0,0,0,0,0,2,7,9,0
392	19	0.01429	false	9,8,2,4,1,3,6,5,7,4,3,6,8,5,7,1,2,9,7,1,5,9,2,6,3,4,8,0,0,0,0,6,0,0,3,0,0,5,0,0,3,0,0,0,0,2,0,0,0,7,8,4,0,0,0,0,0,0,4,0,0,0,0,0,0,7,5,0,0,0,0,3,0,0,0,0,0,2,7,9,0
393	20	0.01431	false	9,8,2,4,1,3,6,5,7,4,3,6,8,5,7,1,2,9,7,1,5,9,2,6,3,4,8,0,0,0,0,6,0,0,3,0,0,5,0,0,3,0,0,0,0,2,0,0,0,7,8,4,0,0,0,0,0,0,4,0,0,0,0,0,0,7,5,8,0,0,0,3,0,0,0,0,0,2,7,9,0
394	20	0.01436	false	9,8,2,4,1,3,6,5,7,4,3,6,8,5,7,1,2,9,7,1,5,9,2,6,3,4,8,0,0,0,0,6,0,0,3,0,0,5,0,0,3,0,0,0,0,2,0,0,0,7,8,4,0,0,0,0,0,0,4,0,0,0,0,0,0,7,5,9,0,0,0,3,0,0,0,0,0,2,7,9,0
395	21	0.01440	false	9,8,2,4,1,3,6,5,7,4,3,6,8,5,7,1,2,9,7,1,5,9,2,6,3,4,8,0,0,0,0,6,0,0,3,0,0,5,0,0,3,0,0,0,0,2,0,0,0,7,8,4,0,0,0,0,0,0,4,0,0,0,0,0,0,7,5,9,0,0,0,3,0,0,0,0,8,2,7,9,0
396	22	0.01441	false	9,8,2,4,1,3,6,5,7,4,3,6,8,5,7,1,2,9,7,1,5,9,2,6,3,4,8,0,0,0,0,6,0,0,3,0,0,5,0,0,3,0,0,0,0,2,0,0,0,7,8,4,0,0,0,0,0,0,4,0,0,0,0,0,0,7,5,9,1,0,0,3,0,0,0,0,8,2,7,9,0
397	23	0.01442	false	9,8,2,4,1,3,6,5,7,4,3,6,8,5,7,1,2,9,7,1,5,9,2,6,3,4,8,0,0,0,0,6,0,0,3,0,0,5,0,0,3,0,0,0,0,2,0,0,0,7,8,4,0,0,0,0,0,0,4,0,0,0,0,0,0,7,5,9,1,0,0,3,0,0,0,3,8,2,7,9,0
398	23	0.01443	false	9,8,2,4,1,3,6,5,7,4,3,6,8,5,7,1,2,9,7,1,5,9,2,6,3,4,8,0,0,0,0,6,0,0,3,0,0,5,0,0,3,0,0,0,0,2,0,0,0,7,8,4,0,0,0,0,0,0,4,0,0,0,0,0,0,7,5,9,1,0,0,3,0,0,0,6,8,2,7,9,0
399	19	0.01444	false	9,8,2,4,1,3,6,5,7,4,3,6,8,5,7,1,2,9,7,1,5,9,2,6,3,4,8,0,0,0,0,6,0,0,3,0,0,5,0,0,3,0,0,0,0,2,0,0,0,9,8,4,0,0,0,0,0,0,4,0,0,0,0,0,0,7,5,0,0,0,0,3,0,0,0,0,0,2,7,9,0
400	20	0.01446	false	9,8,2,4,1,3,6,5,7,4,3,6,8,5,7,1,2,9,7,1,5,9,2,6,3,4,8,0,0,0,0,6,0,0,3,0,0,5,0,0,3,0,0,0,0,2,0,0,0,9,8,4,0,0,0,0,0,0,4,0,0,0,0,0,0,7,5,8,0,0,0,3,0,0,0,0,0,2,7,9,0
401	15	0.01450	false	9,8,2,4,1,3,6,5,0,4,3,6,8,5,7,1,2,0,7,1,5,9,2,6,8,4,0,0,0,0,0,6,0,0,3,0,0,5,0,0,3,0,0,0,0,2,0,0,0,0,8,4,0,0,0,0,0,0,4,0,0,0,0,0,0,7,5,0,0,0,0,3,0,0,0,0,0,2,7,9,0
402	16	0.01452	false	9,8,2,4,1,3,6,5,7,4,3,6,8,5,7,1,2,0,7,1,5,9,2,6,8,4,0,0,0,0,0,6,0,0,3,0,0,5,0,0,3,0,0,0,0,2,0,0,0,0,8,4,0,0,0,0,0,0,4,0,0,0,0,0,0,7,5,0,0,0,0,3,0,0,0,0,0,2,7,9,0
403	17	0.01453	false	9,8,2,4,1,3,6,5,7,4,3,6,8,5,7,1,2,9,7,1,5,9,2,6,8,4,0,0,0,0,0,6,0,0,3,0,0,5,0,0,3,0,0,0,0,2,0,0,0,0,8,4,0,0,0,0,0,0,4,0,0,0,0,0,0,7,5,0,0,0,0,3,0,0,0,0,0,2,7,9,0
404	14	0.01454	false	9,8,2,4,1,3,6,5,0,4,3,6,8,5,7,9,2,0,7,1,5,9,2,6,0,4,0,0,0,0,0,6,0,0,3,0,0,5,0,0,3,0,0,0,0,2,0,0,0,0,8,4,0,0,0,0,0,0,4,0,0,0,0,0,0,7,5,0,0,0,0,3,0,0,0,0,0,2,7,9,0
405	15	0.01455	false	9,8,2,4,1,3,6,5,0,4,3,6,8,5,7,9,2,0,7,1,5,9,2,6,3,4,0,0,0,0,0,6,0,0,3,0,0,5,0,0,3,0,0,0,0,2,0,0,0,0,8,4,0,0,0,0,0,0,4,0,0,0,0,0,0,7,5,0,0,0,0,3,0,0,0,0,0,2,7,9,0
406	16	0.01456	false	9,8,2,4,1,3,6,5,7,4,3,6,8,5,7,9,2,0,7,1,5,9,2,6,3,4,0,0,0,0,0,6,0,0,3,0,0,5,0,0,3,0,0,0,0,2,0,0,0,0,8,4,0,0,0,0,0,0,4,0,0,0,0,0,0,7,5,0,0,0,0,3,0,0,0,0,0,2,7,9,0
407	17	0.01457	false	9,8,2,4,1,3,6,5,7,4,3,6,8,5,7,9,2,1,7,1,5,9,2,6,3,4,0,0,0,0,0,6,0,0,3,0,0,5,0,0,3,0,0,0,0,2,0,0,0,0,8,4,0,0,0,0,0,0,4,0,0,0,0,0,0,7,5,0,0,0,0,3,0,0,0,0,0,2,7,9,0
408	18	0.01458	false	9,8,2,4,1,3,6,5,7,4,3,6,8,5,7,9,2,1,7,1,5,9,2,6,3,4,8,0,0,0,0,6,0,0,3,0,0,5,0,0,3,0,0,0,0,2,0,0,0,0,8,4,0,0,0,0,0,0,4,0,0,0,0,0,0,7,5,0,0,0,0,3,0,0,0,0,0,2,7,9,0
409	19	0.01475	false	9,8,2,4,1,3,6,5,7,4,3,6,8,5,7,9,2,1,7,1,5,9,2,6,3,4,8,0,0,0,0,6,0,0,3,0,0,5,0,0,3,0,0,0,0,2,0,0,0,7,8,4,0,0,0,0,0,0,4,0,0,0,0,0,0,7,5,0,0,0,0,3,0,0,0,0,0,2,7,9,0
410	20	0.01478	false	9,8,2,4,1,3,6,5,7,4,3,6,8,5,7,9,2,1,7,1,5,9,2,6,3,4,8,0,0,0,0,6,0,0,3,0,0,5,0,0,3,0,0,0,0,2,0,0,0,7,8,4,0,0,0,0,0,0,4,0,0,0,0,0,0,7,5,8,0,0,0,3,0,0,0,0,0,2,7,9,0
411	20	0.01484	false	9,8,2,4,1,3,6,5,7,4,3,6,8,5,7,9,2,1,7,1,5,9,2,6,3,4,8,0,0,0,0,6,0,0,3,0,0,5,0,0,3,0,0,0,0,2,0,0,0,7,8,4,0,0,0,0,0,0,4,0,0,0,0,0,0,7,5,9,0,0,0,3,0,0,0,0,0,2,7,9,0
412	21	0.01489	false	9,8,2,4,1,3,6,5,7,4,3,6,8,5,7,9,2,1,7,1,5,9,2,6,3,4,8,0,0,0,0,6,0,0,3,0,0,5,0,0,3,0,0,0,0,2,0,0,0,7,8,4,0,0,0,0,0,0,4,0,0,0,0,0,0,7,5,9,0,0,0,3,0,0,0,0,8,2,7,9,0
413	22	0.01490	false	9,8,2,4,1,3,6,5,7,4,3,6,8,5,7,9,2,1,7,1,5,9,2,6,3,4,8,0,0,0,0,6,0,0,3,0,0,5,0,0,3,0,0,0,0,2,0,0,0,7,8,4,0,0,0,0,0,0,4,0,0,0,0,0,0,7,5,9,1,0,0,3,0,0,0,0,8,2,7,9,0
414	23	0.01491	false	9,8,2,4,1,3,6,5,7,4,3,6,8,5,7,9,2,1,7,1,5,9,2,6,3,4,8,0,0,0,0,6,0,0,3,0,0,5,0,0,3,0,0,0,0,2,0,0,0,7,8,4,0,0,0,0,0,0,4,0,0,0,0,0,0,7,5,9,1,0,0,3,0,0,0,3,8,2,7,9,0
415	23	0.01492	false	9,8,2,4,1,3,6,5,7,4,3,6,8,5,7,9,2,1,7,1,5,9,2,6,3,4,8,0,0,0,0,6,0,0,3,0,0,5,0,0,3,0,0,0,0,2,0,0,0,7,8,4,0,0,0,0,0,0,4,0,0,0,0,0,0,7,5,9,1,0,0,3,0,0,0,6,8,2,7,9,0
416	19	0.01493	false	9,8,2,4,1,3,6,5,7,4,3,6,8,5,7,9,2,1,7,1,5,9,2,6,3,4,8,0,0,0,0,6,0,0,3,0,0,5,0,0,3,0,0,0,0,2,0,0,0,9,8,4,0,0,0,0,0,0,4,0,0,0,0,0,0,7,5,0,0,0,0,3,0,0,0,0,0,2,7,9,0
417	20	0.01495	false	9,8,2,4,1,3,6,5,7,4,3,6,8,5,7,9,2,1,7,1,5,9,2,6,3,4,8,0,0,0,0,6,0,0,3,0,0,5,0,0,3,0,0,0,0,2,0,0,0,9,8,4,0,0,0,0,0,0,4,0,0,0,0,0,0,7,5,8,0,0,0,3,0,0,0,0,0,2,7,9,0
418	15	0.01500	false	9,8,2,4,1,3,6,5,0,4,3,6,8,5,7,9,2,0,7,1,5,9,2,6,8,4,0,0,0,0,0,6,0,0,3,0,0,5,0,0,3,0,0,0,0,2,0,0,0,0,8,4,0,0,0,0,0,0,4,0,0,0,0,0,0,7,5,0,0,0,0,3,0,0,0,0,0,2,7,9,0
419	16	0.01501	false	9,8,2,4,1,3,6,5,7,4,3,6,8,5,7,9,2,0,7,1,5,9,2,6,8,4,0,0,0,0,0,6,0,0,3,0,0,5,0,0,3,0,0,0,0,2,0,0,0,0,8,4,0,0,0,0,0,0,4,0,0,0,0,0,0,7,5,0,0,0,0,3,0,0,0,0,0,2,7,9,0
420	17	0.01501	false	9,8,2,4,1,3,6,5,7,4,3,6,8,5,7,9,2,1,7,1,5,9,2,6,8,4,0,0,0,0,0,6,0,0,3,0,0,5,0,0,3,0,0,0,0,2,0,0,0,0,8,4,0,0,0,0,0,0,4,0,0,0,0,0,0,7,5,0,0,0,0,3,0,0,0,0,0,2,7,9,0
421	12	0.01502	false	9,8,2,4,1,3,0,5,0,4,3,6,8,5,7,0,2,0,7,1,5,9,2,6,0,8,0,0,0,0,0,6,0,0,3,0,0,5,0,0,3,0,0,0,0,2,0,0,0,0,8,4,0,0,0,0,0,0,4,0,0,0,0,0,0,7,5,0,0,0,0,3,0,0,0,0,0,2,7,9,0
422	13	0.01503	false	9,8,2,4,1,3,6,5,0,4,3,6,8,5,7,0,2,0,7,1,5,9,2,6,0,8,0,0,0,0,0,6,0,0,3,0,0,5,0,0,3,0,0,0,0,2,0,0,0,0,8,4,0,0,0,0,0,0,4,0,0,0,0,0,0,7,5,0,0,0,0,3,0,0,0,0,0,2,7,9,0
423	14	0.01504	false	9,8,2,4,1,3,6,5,0,4,3,6,8,5,7,1,2,0,7,1,5,9,2,6,0,8,0,0,0,0,0,6,0,0,3,0,0,5,0,0,3,0,0,0,0,2,0,0,0,0,8,4,0,0,0,0,0,0,4,0,0,0,0,0,0,7,5,0,0,0,0,3,0,0,0,0,0,2,7,9,0
424	15	0.01507	false	9,8,2,4,1,3,6,5,0,4,3,6,8,5,7,1,2,0,7,1,5,9,2,6,3,8,0,0,0,0,0,6,0,0,3,0,0,5,0,0,3,0,0,0,0,2,0,0,0,0,8,4,0,0,0,0,0,0,4,0,0,0,0,0,0,7,5,0,0,0,0,3,0,0,0,0,0,2,7,9,0
425	16	0.01507	false	9,8,2,4,1,3,6,5,7,4,3,6,8,5,7,1,2,0,7,1,5,9,2,6,3,8,0,0,0,0,0,6,0,0,3,0,0,5,0,0,3,0,0,0,0,2,0,0,0,0,8,4,0,0,0,0,0,0,4,0,0,0,0,0,0,7,5,0,0,0,0,3,0,0,0,0,0,2,7,9,0
426	17	0.01509	false	9,8,2,4,1,3,6,5,7,4,3,6,8,5,7,1,2,9,7,1,5,9,2,6,3,8,0,0,0,0,0,6,0,0,3,0,0,5,0,0,3,0,0,0,0,2,0,0,0,0,8,4,0,0,0,0,0,0,4,0,0,0,0,0,0,7,5,0,0,0,0,3,0,0,0,0,0,2,7,9,0
427	18	0.01510	false	9,8,2,4,1,3,6,5,7,4,3,6,8,5,7,1,2,9,7,1,5,9,2,6,3,8,4,0,0,0,0,6,0,0,3,0,0,5,0,0,3,0,0,0,0,2,0,0,0,0,8,4,0,0,0,0,0,0,4,0,0,0,0,0,0,7,5,0,0,0,0,3,0,0,0,0,0,2,7,9,0
428	19	0.01524	false	9,8,2,4,1,3,6,5,7,4,3,6,8,5,7,1,2,9,7,1,5,9,2,6,3,8,4,0,0,0,0,6,0,0,3,0,0,5,0,0,3,0,0,0,0,2,0,0,0,7,8,4,0,0,0,0,0,0,4,0,0,0,0,0,0,7,5,0,0,0,0,3,0,0,0,0,0,2,7,9,0
429	20	0.01526	false	9,8,2,4,1,3,6,5,7,4,3,6,8,5,7,1,2,9,7,1,5,9,2,6,3,8,4,0,0,0,0,6,0,0,3,0,0,5,0,0,3,0,0,0,0,2,0,0,0,7,8,4,0,0,0,0,0,0,4,0,0,0,0,0,0,7,5,8,0,0,0,3,0,0,0,0,0,2,7,9,0
430	20	0.01531	false	9,8,2,4,1,3,6,5,7,4,3,6,8,5,7,1,2,9,7,1,5,9,2,6,3,8,4,0,0,0,0,6,0,0,3,0,0,5,0,0,3,0,0,0,0,2,0,0,0,7,8,4,0,0,0,0,0,0,4,0,0,0,0,0,0,7,5,9,0,0,0,3,0,0,0,0,0,2,7,9,0
431	21	0.01536	false	9,8,2,4,1,3,6,5,7,4,3,6,8,5,7,1,2,9,7,1,5,9,2,6,3,8,4,0,0,0,0,6,0,0,3,0,0,5,0,0,3,0,0,0,0,2,0,0,0,7,8,4,0,0,0,0,0,0,4,0,0,0,0,0,0,7,5,9,0,0,0,3,0,0,0,0,8,2,7,9,0
432	22	0.01537	false	9,8,2,4,1,3,6,5,7,4,3,6,8,5,7,1,2,9,7,1,5,9,2,6,3,8,4,0,0,0,0,6,0,0,3,0,0,5,0,0,3,0,0,0,0,2,0,0,0,7,8,4,0,0,0,0,0,0,4,0,0,0,0,0,0,7,5,9,1,0,0,3,0,0,0,0,8,2,7,9,0
433	23	0.01538	false	9,8,2,4,1,3,6,5,7,4,3,6,8,5,7,1,2,9,7,1,5,9,2,6,3,8,4,0,0,0,0,6,0,0,3,0,0,5,0,0,3,0,0,0,0,2,0,0,0,7,8,4,0,0,0,0,0,0,4,0,0,0,0,0,0,7,5,9,1,0,0,3,0,0,0,3,8,2,7,9,0
434	23	0.01539	false	9,8,2,4,1,3,6,5,7,4,3,6,8,5,7,1,2,9,7,1,5,9,2,6,3,8,4,0,0,0,0,6,0,0,3,0,0,5,0,0,3,0,0,0,0,2,0,0,0,7,8,4,0,0,0,0,0,0,4,0,0,0,0,0,0,7,5,9,1,0,0,3,0,0,0,6,8,2,7,9,0
435	19	0.01541	false	9,8,2,4,1,3,6,5,7,4,3,6,8,5,7,1,2,9,7,1,5,9,2,6,3,8,4,0,0,0,0,6,0,0,3,0,0,5,0,0,3,0,0,0,0,2,0,0,0,9,8,4,0,0,0,0,0,0,4,0,0,0,0,0,0,7,5,0,0,0,0,3,0,0,0,0,0,2,7,9,0
436	20	0.01543	false	9,8,2,4,1,3,6,5,7,4,3,6,8,5,7,1,2,9,7,1,5,9,2,6,3,8,4,0,0,0,0,6,0,0,3,0,0,5,0,0,3,0,0,0,0,2,0,0,0,9,8,4,0,0,0,0,0,0,4,0,0,0,0,0,0,7,5,8,0,0,0,3,0,0,0,0,0,2,7,9,0
437	14	0.01548	false	9,8,2,4,1,3,6,5,0,4,3,6,8,5,7,9,2,0,7,1,5,9,2,6,0,8,0,0,0,0,0,6,0,0,3,0,0,5,0,0,3,0,0,0,0,2,0,0,0,0,8,4,0,0,0,0,0,0,4,0,0,0,0,0,0,7,5,0,0,0,0,3,0,0,0,0,0,2,7,9,0
438	15	0.01549	false	9,8,2,4,1,3,6,5,0,4,3,6,8,5,7,9,2,0,7,1,5,9,2,6,3,8,0,0,0,0,0,6,0,0,3,0,0,5,0,0,3,0,0,0,0,2,0,0,0,0,8,4,0,0,0,0,0,0,4,0,0,0,0,0,0,7,5,0,0,0,0,3,0,0,0,0,0,2,7,9,0
439	16	0.01549	false	9,8,2,4,1,3,6,5,7,4,3,6,8,5,7,9,2,0,7,1,5,9,2,6,3,8,0,0,0,0,0,6,0,0,3,0,0,5,0,0,3,0,0,0,0,2,0,0,0,0,8,4,0,0,0,0,0,0,4,0,0,0,0,0,0,7,5,0,0,0,0,3,0,0,0,0,0,2,7,9,0
440	17	0.01550	false	9,8,2,4,1,3,6,5,7,4,3,6,8,5,7,9,2,1,7,1,5,9,2,6,3,8,0,0,0,0,0,6,0,0,3,0,0,5,0,0,3,0,0,0,0,2,0,0,0,0,8,4,0,0,0,0,0,0,4,0,0,0,0,0,0,7,5,0,0,0,0,3,0,0,0,0,0,2,7,9,0
441	18	0.01551	false	9,8,2,4,1,3,6,5,7,4,3,6,8,5,7,9,2,1,7,1,5,9,2,6,3,8,4,0,0,0,0,6,0,0,3,0,0,5,0,0,3,0,0,0,0,2,0,0,0,0,8,4,0,0,0,0,0,0,4,0,0,0,0,0,0,7,5,0,0,0,0,3,0,0,0,0,0,2,7,9,0
442	19	0.01566	false	9,8,2,4,1,3,6,5,7,4,3,6,8,5,7,9,2,1,7,1,5,9,2,6,3,8,4,0,0,0,0,6,0,0,3,0,0,5,0,0,3,0,0,0,0,2,0,0,0,7,8,4,0,0,0,0,0,0,4,0,0,0,0,0,0,7,5,0,0,0,0,3,0,0,0,0,0,2,7,9,0
443	20	0.01568	false	9,8,2,4,1,3,6,5,7,4,3,6,8,5,7,9,2,1,7,1,5,9,2,6,3,8,4,0,0,0,0,6,0,0,3,0,0,5,0,0,3,0,0,0,0,2,0,0,0,7,8,4,0,0,0,0,0,0,4,0,0,0,0,0,0,7,5,8,0,0,0,3,0,0,0,0,0,2,7,9,0
444	20	0.01573	false	9,8,2,4,1,3,6,5,7,4,3,6,8,5,7,9,2,1,7,1,5,9,2,6,3,8,4,0,0,0,0,6,0,0,3,0,0,5,0,0,3,0,0,0,0,2,0,0,0,7,8,4,0,0,0,0,0,0,4,0,0,0,0,0,0,7,5,9,0,0,0,3,0,0,0,0,0,2,7,9,0
445	21	0.01578	false	9,8,2,4,1,3,6,5,7,4,3,6,8,5,7,9,2,1,7,1,5,9,2,6,3,8,4,0,0,0,0,6,0,0,3,0,0,5,0,0,3,0,0,0,0,2,0,0,0,7,8,4,0,0,0,0,0,0,4,0,0,0,0,0,0,7,5,9,0,0,0,3,0,0,0,0,8,2,7,9,0
446	22	0.01580	false	9,8,2,4,1,3,6,5,7,4,3,6,8,5,7,9,2,1,7,1,5,9,2,6,3,8,4,0,0,0,0,6,0,0,3,0,0,5,0,0,3,0,0,0,0,2,0,0,0,7,8,4,0,0,0,0,0,0,4,0,0,0,0,0,0,7,5,9,1,0,0,3,0,0,0,0,8,2,7,9,0
447	23	0.01580	false	9,8,2,4,1,3,6,5,7,4,3,6,8,5,7,9,2,1,7,1,5,9,2,6,3,8,4,0,0,0,0,6,0,0,3,0,0,5,0,0,3,0,0,0,0,2,0,0,0,7,8,4,0,0,0,0,0,0,4,0,0,0,0,0,0,7,5,9,1,0,0,3,0,0,0,3,8,2,7,9,0
448	23	0.01581	false	9,8,2,4,1,3,6,5,7,4,3,6,8,5,7,9,2,1,7,1,5,9,2,6,3,8,4,0,0,0,0,6,0,0,3,0,0,5,0,0,3,0,0,0,0,2,0,0,0,7,8,4,0,0,0,0,0,0,4,0,0,0,0,0,0,7,5,9,1,0,0,3,0,0,0,6,8,2,7,9,0
449	19	0.01582	false	9,8,2,4,1,3,6,5,7,4,3,6,8,5,7,9,2,1,7,1,5,9,2,6,3,8,4,0,0,0,0,6,0,0,3,0,0,5,0,0,3,0,0,0,0,2,0,0,0,9,8,4,0,0,0,0,0,0,4,0,0,0,0,0,0,7,5,0,0,0,0,3,0,0,0,0,0,2,7,9,0
450	20	0.01584	false	9,8,2,4,1,3,6,5,7,4,3,6,8,5,7,9,2,1,7,1,5,9,2,6,3,8,4,0,0,0,0,6,0,0,3,0,0,5,0,0,3,0,0,0,0,2,0,0,0,9,8,4,0,0,0,0,0,0,4,0,0,0,0,0,0,7,5,8,0,0,0,3,0,0,0,0,0,2,7,9,0
451	8	0.01589	false	9,8,2,4,1,3,0,5,0,6,3,0,8,5,7,0,2,0,7,0,0,9,2,6,0,0,0,0,0,0,0,6,0,0,3,0,0,5,0,0,3,0,0,0,0,2,0,0,0,0,8,4,0,0,0,0,0,0,4,0,0,0,0,0,0,7,5,0,0,0,0,3,0,0,0,0,0,2,7,9,0
452	9	0.01590	false	9,8,2,4,1,3,0,5,0,6,3,1,8,5,7,0,2,0,7,0,0,9,2,6,0,0,0,0,0,0,0,6,0,0,3,0,0,5,0,0,3,0,0,0,0,2,0,0,0,0,8,4,0,0,0,0,0,0,4,0,0,0,0,0,0,7,5,0,0,0,0,3,0,0,0,0,0,2,7,9,0
453	10	0.01591	false	9,8,2,4,1,3,0,5,0,6,3,1,8,5,7,0,2,0,7,4,0,9,2,6,0,0,0,0,0,0,0,6,0,0,3,0,0,5,0,0,3,0,0,0,0,2,0,0,0,0,8,4,0,0,0,0,0,0,4,0,0,0,0,0,0,7,5,0,0,0,0,3,0,0,0,0,0,2,7,9,0
454	11	0.01592	false	9,8,2,4,1,3,0,5,0,6,3,1,8,5,7,0,2,0,7,4,5,9,2,6,0,0,0,0,0,0,0,6,0,0,3,0,0,5,0,0,3,0,0,0,0,2,0,0,0,0,8,4,0,0,0,0,0,0,4,0,0,0,0,0,0,7,5,0,0,0,0,3,0,0,0,0,0,2,7,9,0
455	12	0.01593	false	9,8,2,4,1,3,0,5,0,6,3,1,8,5,7,0,2,0,7,4,5,9,2,6,0,1,0,0,0,0,0,6,0,0,3,0,0,5,0,0,3,0,0,0,0,2,0,0,0,0,8,4,0,0,0,0,0,0,4,0,0,0,0,0,0,7,5,0,0,0,0,3,0,0,0,0,0,2,7,9,0
456	13	0.01594	false	9,8,2,4,1,3,6,5,0,6,3,1,8,5,7,0,2,0,7,4,5,9,2,6,0,1,0,0,0,0,0,6,0,0,3,0,0,5,0,0,3,0,0,0,0,2,0,0,0,0,8,4,0,0,0,0,0,0,4,0,0,0,0,0,0,7,5,0,0,0,0,3,0,0,0,0,0,2,7,9,0
457	14	0.01595	false	9,8,2,4,1,3,6,5,0,6,3,1,8,5,7,9,2,0,7,4,5,9,2,6,0,1,0,0,0,0,0,6,0,0,3,0,0,5,0,0,3,0,0,0,0,2,0,0,0,0,8,4,0,0,0,0,0,0,4,0,0,0,0,0,0,7,5,0,0,0,0,3,0,0,0,0,0,2,7,9,0
458	15	0.01596	false	9,8,2,4,1,3,6,5,0,6,3,1,8,5,7,9,2,0,7,4,5,9,2,6,3,1,0,0,0,0,0,6,0,0,3,0,0,5,0,0,3,0,0,0,0,2,0,0,0,0,8,4,0,0,0,0,0,0,4,0,0,0,0,0,0,7,5,0,0,0,0,3,0,0,0,0,0,2,7,9,0
459	16	0.01596	false	9,8,2,4,1,3,6,5,7,6,3,1,8,5,7,9,2,0,7,4,5,9,2,6,3,1,0,0,0,0,0,6,0,0,3,0,0,5,0,0,3,0,0,0,0,2,0,0,0,0,8,4,0,0,0,0,0,0,4,0,0,0,0,0,0,7,5,0,0,0,0,3,0,0,0,0,0,2,7,9,0
460	17	0.01597	false	9,8,2,4,1,3,6,5,7,6,3,1,8,5,7,9,2,4,7,4,5,9,2,6,3,1,0,0,0,0,0,6,0,0,3,0,0,5,0,0,3,0,0,0,0,2,0,0,0,0,8,4,0,0,0,0,0,0,4,0,0,0,0,0,0,7,5,0,0,0,0,3,0,0,0,0,0,2,7,9,0
461	18	0.01598	false	9,8,2,4,1,3,6,5,7,6,3,1,8,5,7,9,2,4,7,4,5,9,2,6,3,1,8,0,0,0,0,6,0,0,3,0,0,5,0,0,3,0,0,0,0,2,0,0,0,0,8,4,0,0,0,0,0,0,4,0,0,0,0,0,0,7,5,0,0,0,0,3,0,0,0,0,0,2,7,9,0
462	19	0.01612	false	9,8,2,4,1,3,6,5,7,6,3,1,8,5,7,9,2,4,7,4,5,9,2,6,3,1,8,0,0,0,0,6,0,0,3,0,0,5,0,0,3,0,0,0,0,2,0,0,0,7,8,4,0,0,0,0,0,0,4,0,0,0,0,0,0,7,5,0,0,0,0,3,0,0,0,0,0,2,7,9,0
463	20	0.01614	false	9,8,2,4,1,3,6,5,7,6,3,1,8,5,7,9,2,4,7,4,5,9,2,6,3,1,8,0,0,0,0,6,0,0,3,0,0,5,0,0,3,0,0,0,0,2,0,0,0,7,8,4,0,0,0,0,0,0,4,0,0,0,0,0,0,7,5,8,0,0,0,3,0,0,0,0,0,2,7,9,0
464	20	0.01618	false	9,8,2,4,1,3,6,5,7,6,3,1,8,5,7,9,2,4,7,4,5,9,2,6,3,1,8,0,0,0,0,6,0,0,3,0,0,5,0,0,3,0,0,0,0,2,0,0,0,7,8,4,0,0,0,0,0,0,4,0,0,0,0,0,0,7,5,9,0,0,0,3,0,0,0,0,0,2,7,9,0
465	21	0.01622	false	9,8,2,4,1,3,6,5,7,6,3,1,8,5,7,9,2,4,7,4,5,9,2,6,3,1,8,0,0,0,0,6,0,0,3,0,0,5,0,0,3,0,0,0,0,2,0,0,0,7,8,4,0,0,0,0,0,0,4,0,0,0,0,0,0,7,5,9,0,0,0,3,0,0,0,0,8,2,7,9,0
466	22	0.01623	false	9,8,2,4,1,3,6,5,7,6,3,1,8,5,7,9,2,4,7,4,5,9,2,6,3,1,8,0,0,0,0,6,0,0,3,0,0,5,0,0,3,0,0,0,0,2,0,0,0,7,8,4,0,0,0,0,0,0,4,0,0,0,0,0,0,7,5,9,1,0,0,3,0,0,0,0,8,2,7,9,0
467	23	0.01624	false	9,8,2,4,1,3,6,5,7,6,3,1,8,5,7,9,2,4,7,4,5,9,2,6,3,1,8,0,0,0,0,6,0,0,3,0,0,5,0,0,3,0,0,0,0,2,0,0,0,7,8,4,0,0,0,0,0,0,4,0,0,0,0,0,0,7,5,9,1,0,0,3,0,0,0,3,8,2,7,9,0
468	23	0.01626	false	9,8,2,4,1,3,6,5,7,6,3,1,8,5,7,9,2,4,7,4,5,9,2,6,3,1,8,0,0,0,0,6,0,0,3,0,0,5,0,0,3,0,0,0,0,2,0,0,0,7,8,4,0,0,0,0,0,0,4,0,0,0,0,0,0,7,5,9,1,0,0,3,0,0,0,6,8,2,7,9,0
469	19	0.01628	false	9,8,2,4,1,3,6,5,7,6,3,1,8,5,7,9,2,4,7,4,5,9,2,6,3,1,8,0,0,0,0,6,0,0,3,0,0,5,0,0,3,0,0,0,0,2,0,0,0,9,8,4,0,0,0,0,0,0,4,0,0,0,0,0,0,7,5,0,0,0,0,3,0,0,0,0,0,2,7,9,0
470	20	0.01631	false	9,8,2,4,1,3,6,5,7,6,3,1,8,5,7,9,2,4,7,4,5,9,2,6,3,1,8,0,0,0,0,6,0,0,3,0,0,5,0,0,3,0,0,0,0,2,0,0,0,9,8,4,0,0,0,0,0,0,4,0,0,0,0,0,0,7,5,8,0,0,0,3,0,0,0,0,0,2,7,9,0
471	15	0.01637	false	9,8,2,4,1,3,6,5,0,6,3,1,8,5,7,9,2,0,7,4,5,9,2,6,8,1,0,0,0,0,0,6,0,0,3,0,0,5,0,0,3,0,0,0,0,2,0,0,0,0,8,4,0,0,0,0,0,0,4,0,0,0,0,0,0,7,5,0,0,0,0,3,0,0,0,0,0,2,7,9,0
472	16	0.01639	false	9,8,2,4,1,3,6,5,7,6,3,1,8,5,7,9,2,0,7,4,5,9,2,6,8,1,0,0,0,0,0,6,0,0,3,0,0,5,0,0,3,0,0,0,0,2,0,0,0,0,8,4,0,0,0,0,0,0,4,0,0,0,0,0,0,7,5,0,0,0,0,3,0,0,0,0,0,2,7,9,0
473	17	0.01640	false	9,8,2,4,1,3,6,5,7,6,3,1,8,5,7,9,2,4,7,4,5,9,2,6,8,1,0,0,0,0,0,6,0,0,3,0,0,5,0,0,3,0,0,0,0,2,0,0,0,0,8,4,0,0,0,0,0,0,4,0,0,0,0,0,0,7,5,0,0,0,0,3,0,0,0,0,0,2,7,9,0
474	12	0.01642	false	9,8,2,4,1,3,0,5,0,6,3,1,8,5,7,0,2,0,7,4,5,9,2,6,0,8,0,0,0,0,0,6,0,0,3,0,0,5,0,0,3,0,0,0,0,2,0,0,0,0,8,4,0,0,0,0,0,0,4,0,0,0,0,0,0,7,5,0,0,0,0,3,0,0,0,0,0,2,7,9,0
475	13	0.01644	false	9,8,2,4,1,3,6,5,0,6,3,1,8,5,7,0,2,0,7,4,5,9,2,6,0,8,0,0,0,0,0,6,0,0,3,0,0,5,0,0,3,0,0,0,0,2,0,0,0,0,8,4,0,0,0,0,0,0,4,0,0,0,0,0,0,7,5,0,0,0,0,3,0,0,0,0,0,2,7,9,0
476	14	0.01646	false	9,8,2,4,1,3,6,5,0,6,3,1,8,5,7,9,2,0,7,4,5,9,2,6,0,8,0,0,0,0,0,6,0,0,3,0,0,5,0,0,3,0,0,0,0,2,0,0,0,0,8,4,0,0,0,0,0,0,4,0,0,0,0,0,0,7,5,0,0,0,0,3,0,0,0,0,0,2,7,9,0
477	15	0.01648	false	9,8,2,4,1,3,6,5,0,6,3,1,8,5,7,9,2,0,7,4,5,9,2,6,1,8,0,0,0,0,0,6,0,0,3,0,0,5,0,0,3,0,0,0,0,2,0,0,0,0,8,4,0,0,0,0,0,0,4,0,0,0,0,0,0,7,5,0,0,0,0,3,0,0,0,0,0,2,7,9,0
478	16	0.01649	false	9,8,2,4,1,3,6,5,7,6,3,1,8,5,7,9,2,0,7,4,5,9,2,6,1,8,0,0,0,0,0,6,0,0,3,0,0,5,0,0,3,0,0,0,0,2,0,0,0,0,8,4,0,0,0,0,0,0,4,0,0,0,0,0,0,7,5,0,0,0,0,3,0,0,0,0,0,2,7,9,0
479	17	0.01652	false	9,8,2,4,1,3,6,5,7,6,3,1,8,5,7,9,2,4,7,4,5,9,2,6,1,8,0,0,0,0,0,6,0,0,3,0,0,5,0,0,3,0,0,0,0,2,0,0,0,0,8,4,0,0,0,0,0,0,4,0,0,0,0,0,0,7,5,0,0,0,0,3,0,0,0,0,0,2,7,9,0
480	15	0.01653	false	9,8,2,4,1,3,6,5,0,6,3,1,8,5,7,9,2,0,7,4,5,9,2,6,3,8,0,0,0,0,0,6,0,0,3,0,0,5,0,0,3,0,0,0,0,2,0,0,0,0,8,4,0,0,0,0,0,0,4,0,0,0,0,0,0,7,5,0,0,0,0,3,0,0,0,0,0,2,7,9,0
481	16	0.01655	false	9,8,2,4,1,3,6,5,7,6,3,1,8,5,7,9,2,0,7,4,5,9,2,6,3,8,0,0,0,0,0,6,0,0,3,0,0,5,0,0,3,0,0,0,0,2,0,0,0,0,8,4,0,0,0,0,0,0,4,0,0,0,0,0,0,7,5,0,0,0,0,3,0,0,0,0,0,2,7,9,0
482	17	0.01657	false	9,8,2,4,1,3,6,5,7,6,3,1,8,5,7,9,2,4,7,4,5,9,2,6,3,8,0,0,0,0,0,6,0,0,3,0,0,5,0,0,3,0,0,0,0,2,0,0,0,0,8,4,0,0,0,0,0,0,4,0,0,0,0,0,0,7,5,0,0,0,0,3,0,0,0,0,0,2,7,9,0
483	18	0.01658	false	9,8,2,4,1,3,6,5,7,6,3,1,8,5,7,9,2,4,7,4,5,9,2,6,3,8,1,0,0,0,0,6,0,0,3,0,0,5,0,0,3,0,0,0,0,2,0,0,0,0,8,4,0,0,0,0,0,0,4,0,0,0,0,0,0,7,5,0,0,0,0,3,0,0,0,0,0,2,7,9,0
484	19	0.01678	false	9,8,2,4,1,3,6,5,7,6,3,1,8,5,7,9,2,4,7,4,5,9,2,6,3,8,1,0,0,0,0,6,0,0,3,0,0,5,0,0,3,0,0,0,0,2,0,0,0,7,8,4,0,0,0,0,0,0,4,0,0,0,0,0,0,7,5,0,0,0,0,3,0,0,0,0,0,2,7,9,0
485	20	0.01680	false	9,8,2,4,1,3,6,5,7,6,3,1,8,5,7,9,2,4,7,4,5,9,2,6,3,8,1,0,0,0,0,6,0,0,3,0,0,5,0,0,3,0,0,0,0,2,0,0,0,7,8,4,0,0,0,0,0,0,4,0,0,0,0,0,0,7,5,8,0,0,0,3,0,0,0,0,0,2,7,9,0
486	20	0.01687	false	9,8,2,4,1,3,6,5,7,6,3,1,8,5,7,9,2,4,7,4,5,9,2,6,3,8,1,0,0,0,0,6,0,0,3,0,0,5,0,0,3,0,0,0,0,2,0,0,0,7,8,4,0,0,0,0,0,0,4,0,0,0,0,0,0,7,5,9,0,0,0,3,0,0,0,0,0,2,7,9,0
487	21	0.01692	false	9,8,2,4,1,3,6,5,7,6,3,1,8,5,7,9,2,4,7,4,5,9,2,6,3,8,1,0,0,0,0,6,0,0,3,0,0,5,0,0,3,0,0,0,0,2,0,0,0,7,8,4,0,0,0,0,0,0,4,0,0,0,0,0,0,7,5,9,0,0,0,3,0,0,0,0,8,2,7,9,0
488	22	0.01693	false	9,8,2,4,1,3,6,5,7,6,3,1,8,5,7,9,2,4,7,4,5,9,2,6,3,8,1,0,0,0,0,6,0,0,3,0,0,5,0,0,3,0,0,0,0,2,0,0,0,7,8,4,0,0,0,0,0,0,4,0,0,0,0,0,0,7,5,9,1,0,0,3,0,0,0,0,8,2,7,9,0
489	23	0.01695	false	9,8,2,4,1,3,6,5,7,6,3,1,8,5,7,9,2,4,7,4,5,9,2,6,3,8,1,0,0,0,0,6,0,0,3,0,0,5,0,0,3,0,0,0,0,2,0,0,0,7,8,4,0,0,0,0,0,0,4,0,0,0,0,0,0,7,5,9,1,0,0,3,0,0,0,3,8,2,7,9,0
490	23	0.01697	false	9,8,2,4,1,3,6,5,7,6,3,1,8,5,7,9,2,4,7,4,5,9,2,6,3,8,1,0,0,0,0,6,0,0,3,0,0,5,0,0,3,0,0,0,0,2,0,0,0,7,8,4,0,0,0,0,0,0,4,0,0,0,0,0,0,7,5,9,1,0,0,3,0,0,0,6,8,2,7,9,0
491	19	0.01701	false	9,8,2,4,1,3,6,5,7,6,3,1,8,5,7,9,2,4,7,4,5,9,2,6,3,8,1,0,0,0,0,6,0,0,3,0,0,5,0,0,3,0,0,0,0,2,0,0,0,9,8,4,0,0,0,0,0,0,4,0,0,0,0,0,0,7,5,0,0,0,0,3,0,0,0,0,0,2,7,9,0
492	20	0.01704	false	9,8,2,4,1,3,6,5,7,6,3,1,8,5,7,9,2,4,7,4,5,9,2,6,3,8,1,0,0,0,0,6,0,0,3,0,0,5,0,0,3,0,0,0,0,2,0,0,0,9,8,4,0,0,0,0,0,0,4,0,0,0,0,0,0,7,5,8,0,0,0,3,0,0,0,0,0,2,7,9,0
493	9	0.01711	false	9,8,2,4,1,3,0,5,0,6,3,4,8,5,7,0,2,0,7,0,0,9,2,6,0,0,0,0,0,0,0,6,0,0,3,0,0,5,0,0,3,0,0,0,0,2,0,0,0,0,8,4,0,0,0,0,0,0,4,0,0,0,0,0,0,7,5,0,0,0,0,3,0,0,0,0,0,2,7,9,0
494	10	0.01713	false	9,8,2,4,1,3,0,5,0,6,3,4,8,5,7,0,2,0,7,1,0,9,2,6,0,0,0,0,0,0,0,6,0,0,3,0,0,5,0,0,3,0,0,0,0,2,0,0,0,0,8,4,0,0,0,0,0,0,4,0,0,0,0,0,0,7,5,0,0,0,0,3,0,0,0,0,0,2,7,9,0
495	11	0.01715	false	9,8,2,4,1,3,0,5,0,6,3,4,8,5,7,0,2,0,7,1,5,9,2,6,0,0,0,0,0,0,0,6,0,0,3,0,0,5,0,0,3,0,0,0,0,2,0,0,0,0,8,4,0,0,0,0,0,0,4,0,0,0,0,0,0,7,5,0,0,0,0,3,0,0,0,0,0,2,7,9,0
496	12	0.01717	false	9,8,2,4,1,3,0,5,0,6,3,4,8,5,7,0,2,0,7,1,5,9,2,6,0,4,0,0,0,0,0,6,0,0,3,0,0,5,0,0,3,0,0,0,0,2,0,0,0,0,8,4,0,0,0,0,0,0,4,0,0,0,0,0,0,7,5,0,0,0,0,3,0,0,0,0,0,2,7,9,0
497	13	0.01720	false	9,8,2,4,1,3,6,5,0,6,3,4,8,5,7,0,2,0,7,1,5,9,2,6,0,4,0,0,0,0,0,6,0,0,3,0,0,5,0,0,3,0,0,0,0,2,0,0,0,0,8,4,0,0,0,0,0,0,4,0,0,0,0,0,0,7,5,0,0,0,0,3,0,0,0,0,0,2,7,9,0
498	14	0.01722	false	9,8,2,4,1,3,6,5,0,6,3,4,8,5,7,1,2,0,7,1,5,9,2,6,0,4,0,0,0,0,0,6,0,0,3,0,0,5,0,0,3,0,0,0,0,2,0,0,0,0,8,4,0,0,0,0,0,0,4,0,0,0,0,0,0,7,5,0,0,0,0,3,0,0,0,0,0,2,7,9,0
499	15	0.01724	false	9,8,2,4,1,3,6,5,0,6,3,4,8,5,7,1,2,0,7,1,5,9,2,6,3,4,0,0,0,0,0,6,0,0,3,0,0,5,0,0,3,0,0,0,0,2,0,0,0,0,8,4,0,0,0,0,0,0,4,0,0,0,0,0,0,7,5,0,0,0,0,3,0,0,0,0,0,2,7,9,0
500	16	0.01726	false	9,8,2,4,1,3,6,5,7,6,3,4,8,5,7,1,2,0,7,1,5,9,2,6,3,4,0,0,0,0,0,6,0,0,3,0,0,5,0,0,3,0,0,0,0,2,0,0,0,0,8,4,0,0,0,0,0,0,4,0,0,0,0,0,0,7,5,0,0,0,0,3,0,0,0,0,0,2,7,9,0
501	17	0.01728	false	9,8,2,4,1,3,6,5,7,6,3,4,8,5,7,1,2,9,7,1,5,9,2,6,3,4,0,0,0,0,0,6,0,0,3,0,0,5,0,0,3,0,0,0,0,2,0,0,0,0,8,4,0,0,0,0,0,0,4,0,0,0,0,0,0,7,5,0,0,0,0,3,0,0,0,0,0,2,7,9,0
502	18	0.01730	false	9,8,2,4,1,3,6,5,7,6,3,4,8,5,7,1,2,9,7,1,5,9,2,6,3,4,8,0,0,0,0,6,0,0,3,0,0,5,0,0,3,0,0,0,0,2,0,0,0,0,8,4,0,0,0,0,0,0,4,0,0,0,0,0,0,7,5,0,0,0,0,3,0,0,0,0,0,2,7,9,0
503	19	0.01745	false	9,8,2,4,1,3,6,5,7,6,3,4,8,5,7,1,2,9,7,1,5,9,2,6,3,4,8,0,0,0,0,6,0,0,3,0,0,5,0,0,3,0,0,0,0,2,0,0,0,7,8,4,0,0,0,0,0,0,4,0,0,0,0,0,0,7,5,0,0,0,0,3,0,0,0,0,0,2,7,9,0
504	20	0.01748	false	9,8,2,4,1,3,6,5,7,6,3,4,8,5,7,1,2,9,7,1,5,9,2,6,3,4,8,0,0,0,0,6,0,0,3,0,0,5,0,0,3,0,0,0,0,2,0,0,0,7,8,4,0,0,0,0,0,0,4,0,0,0,0,0,0,7,5,8,0,0,0,3,0,0,0,0,0,2,7,9,0
505	20	0.01753	false	9,8,2,4,1,3,6,5,7,6,3,4,8,5,7,1,2,9,7,1,5,9,2,6,3,4,8,0,0,0,0,6,0,0,3,0,0,5,0,0,3,0,0,0,0,2,0,0,0,7,8,4,0,0,0,0,0,0,4,0,0,0,0,0,0,7,5,9,0,0,0,3,0,0,0,0,0,2,7,9,0
